ts,ul_kBps,dl_kBps
1658072947.3042488,1.72, 5.33
1658072948.3060634,2.48, 2.28
1658072949.3078334,5.57, 25.44
1658072950.3094823,49.57, 715.38
1658072951.3111818,56.26, 496.49
1658072952.313021,13.67, 35.01
1658072953.314645,132.27, 3289.79
1658072954.3161047,397.20, 12076.99
1658072955.3176692,1.42, 58.01
1658072956.3193636,0.17, 0.15
1658072957.3210063,2.59, 1.04
1658072959.3236728,41.40, 70.72
1658072960.3252203,63.63, 90.93
1658072961.3265076,30.52, 135.66
1658072962.3283634,81.44, 1114.98
1658072963.3309872,137.27, 2923.88
1658072964.3327742,250.05, 5836.29
1658072965.3343344,224.73, 8409.63
1658072966.3359678,0.51, 1.15
1658072967.3374913,134.66, 5516.35
1658072968.3383117,0.12, 1.06
1658072969.3400223,1.75, 0.18
1658072970.3416157,4.85, 8.41
1658072971.342144,332.78, 9423.53
1658072972.3429873,36.49, 75.53
1658072973.344675,7.54, 27.48
1658072974.346324,4.49, 0.88
1658072975.3481054,6.74, 13.08
1658072976.3498378,3.91, 0.88
1658072977.3515508,6.04, 1.38
1658072978.3533158,6.17, 13.03
1658072979.3542295,3.16, 0.91
1658072980.3558547,3.10, 1.32
1658072981.3576589,8.41, 13.47
1658072982.3593917,3.48, 1.86
1658072983.3611429,3.38, 1.17
1658072984.3624232,5.66, 13.00
1658072985.3641682,3.27, 0.88
1658072986.365958,2.84, 1.00
1658072987.3676796,5.29, 13.22
1658072988.3693624,2.71, 0.78
1658072989.37028,5.52, 1.39
1658072990.371575,3.55, 12.73
1658072991.373358,3.64, 1.13
1658072992.3744376,8.07, 1.56
1658072993.3762555,4.06, 13.72
1658072994.378057,3.13, 0.95
1658072995.3798301,5.11, 1.33
1658072996.381579,4.14, 12.98
1658072997.3834026,3.41, 1.09
1658072998.385125,5.54, 1.21
1658072999.3862896,3.65, 13.29
1658073000.3878813,3.01, 0.96
1658073001.3894582,4.96, 1.20
1658073002.3903394,6.50, 12.95
1658073003.3916404,3.68, 2.15
1658073005.3943393,6.18, 12.95
1658073006.3960805,5.77, 1.42
1658073007.3977947,3.29, 0.97
1658073008.3995697,6.46, 13.27
1658073009.4011705,3.19, 1.04
1658073010.4021869,2.56, 1.21
1658073011.4028919,4.14, 12.66
1658073012.4044127,65.95, 1448.23
1658073013.4061778,325.88, 11047.96
1658073014.4078858,12.36, 21.57
1658073015.4092035,7.79, 49.35
1658073016.4104345,3.72, 5.76
1658073017.4122694,10.59, 47.43
1658073018.4140089,32.13, 859.85
1658073019.415708,24.39, 408.64
1658073020.4175107,73.90, 2510.54
1658073021.4183013,6.02, 89.74
1658073022.4201565,36.64, 2807.32
1658073023.4221096,141.54, 17858.18
1658073024.4239101,159.94, 20476.40
1658073025.4255264,65.38, 7745.46
1658073026.4263525,10.69, 157.43
1658073027.4281173,7.20, 157.81
1658073028.4299116,1.43, 1.16
1658073029.4317627,6.46, 18.74
1658073030.4335296,7.59, 11.96
1658073031.4343035,7.42, 8.28
1658073032.4360864,1.71, 12.54
1658073033.4378839,1.26, 0.52
1658073034.4395125,17.22, 3.82
1658073035.441153,4.05, 14.86
1658073036.442249,3.89, 2.74
1658073037.4438381,5.83, 2.43
1658073038.4449282,7.42, 28.35
1658073039.446486,16.35, 259.73
1658073040.4482455,260.47, 8585.42
1658073041.4499195,3.28, 16.56
1658073042.4516585,2.32, 2.40
1658073043.4532542,11.41, 3.75
1658073044.4541848,2.92, 15.37
1658073045.4558146,2.72, 2.74
1658073046.4575467,4.59, 18.75
1658073047.4592588,2.61, 3.75
1658073048.4611154,2.38, 3.77
1658073050.463968,4.69, 16.05
1658073051.465712,2.62, 3.70
1658073052.4675145,6.02, 4.77
1658073053.4693325,5.33, 12.88
1658073054.4703147,1.70, 1.23
1658073055.4720328,1.54, 0.90
1658073056.473298,4.21, 13.03
1658073057.4743338,1.61, 1.06
1658073058.4761305,1.77, 0.98
1658073059.477905,3.83, 12.72
1658073060.4795682,1.83, 1.14
1658073061.4813032,1.72, 0.92
1658073062.482289,7.54, 14.22
1658073063.4838521,1.60, 0.93
1658073064.485314,1.89, 1.15
1658073065.4864128,4.51, 13.65
1658073066.4883096,5.14, 4.45
1658073067.4899776,2.84, 3.88
1658073068.4916549,4.06, 13.33
1658073069.4934797,3.65, 6.48
1658073070.4941752,2.96, 4.14
1658073071.4958096,4.87, 15.43
1658073072.4967535,5.61, 4.69
1658073073.498314,2.34, 3.38
1658073074.5000992,4.23, 15.26
1658073075.5019872,2.65, 3.61
1658073076.503738,4.85, 3.45
1658073077.5054848,2.47, 13.98
1658073078.5073142,1.84, 2.09
1658073079.5090916,4.36, 2.83
1658073080.5105336,2.11, 13.72
1658073081.5124514,1.90, 2.18
1658073082.5143104,7.22, 3.16
1658073083.5161655,6.85, 44.31
1658073084.5179608,2.77, 3.49
1658073085.5196686,6.60, 8.78
1658073086.5214195,2.41, 12.97
1658073087.523107,1.99, 0.97
1658073088.5242934,6.45, 2.04
1658073089.5261483,2.38, 12.98
1658073090.5278418,7.60, 3.20
1658073091.529102,3.97, 8.80
1658073092.5302908,7.07, 6.97
1658073093.532044,1.75, 0.99
1658073094.5337248,4.03, 12.71
1658073096.5372295,1.69, 2.68
1658073097.5383472,2.51, 2.73
1658073098.5400815,4.77, 15.18
1658073099.5417902,2.07, 2.72
1658073100.5431392,2.69, 2.44
1658073101.5443256,5.08, 14.31
1658073102.545468,2.09, 2.74
1658073103.5463822,5.45, 2.52
1658073104.5482366,4.64, 15.78
1658073105.5500267,3.48, 6.74
1658073106.5518548,5.03, 2.00
1658073107.5536103,7.30, 16.46
1658073108.5552948,3.19, 6.83
1658073109.5567687,4.11, 5.71
1658073110.5581617,10.54, 27.86
1658073111.5598462,2.87, 4.41
1658073112.5612514,2.53, 5.90
1658073113.562354,1.89, 1.01
1658073114.563968,9.68, 20.42
1658073115.5656507,3.15, 6.84
1658073116.5673304,2.47, 4.21
1658073117.5691116,6.09, 19.65
1658073118.5703087,2.46, 4.18
1658073119.5720518,4.92, 4.67
1658073120.5737545,2.89, 15.79
1658073121.5758042,2.50, 4.58
1658073122.5775936,5.64, 7.83
1658073123.5787363,3.01, 16.95
1658073124.58047,5.45, 4.25
1658073125.5823424,4.95, 5.44
1658073126.584098,2.83, 16.05
1658073127.5857882,2.57, 4.09
1658073128.5875263,5.04, 6.14
1658073129.5892031,3.67, 15.94
1658073130.5902805,7.41, 5.38
1658073131.5919702,158.36, 4827.61
1658073132.5938156,417.06, 12985.53
1658073133.5955782,61.93, 1793.68
1658073134.5963173,6.66, 102.39
1658073135.598204,11.68, 186.47
1658073136.600011,2.76, 5.02
1658073137.6016884,23.12, 293.91
1658073138.6035757,4.71, 11.07
1658073139.6054122,3.46, 7.73
1658073142.6099918,5.24, 6.49
1658073143.6117456,2.77, 4.71
1658073144.6134427,5.82, 19.37
1658073145.6142938,4.21, 9.00
1658073146.6160107,4.48, 9.45
1658073147.6177063,6.95, 22.16
1658073148.6194088,2.90, 6.49
1658073149.6209948,4.75, 12.84
1658073150.6221738,7.37, 23.55
1658073151.6238527,7.27, 10.12
1658073152.625537,3.99, 9.05
1658073153.6263196,5.85, 19.43
1658073154.6280975,4.36, 10.67
1658073155.6298282,4.17, 8.43
