ts,ul_kBps,dl_kBps
1658228803.2317905,3.69, 12.64
1658228804.2667093,14.84, 717.69
1658228805.3027873,33.57, 440.60
1658228806.360173,9.19, 16.69
1658228807.394553,29.01, 5827.52
1658228808.4188132,34.26, 8280.56
1658228809.4490917,1.09, 35.46
1658228810.4797487,21.74, 49.57
1658228811.5037358,68.14, 39.30
1658228812.5230033,36.80, 10221.33
1658228813.5448048,21.10, 8603.37
1658228816.6101882,21.68, 7.37
1658228817.6226964,9.16, 20.68
1658228818.643587,105.83, 17774.19
1658228819.6649387,157.17, 24118.25
1658228820.692686,98.83, 14590.34
1658228821.7119663,15.88, 1.59
1658228822.734398,3.28, 1.89
1658228823.7516797,3.33, 0.96
1658228824.778528,3.75, 1.27
1658228825.7949471,3.63, 1.08
1658228826.8124905,7.60, 12.55
1658228827.841999,9.16, 2.10
1658228828.8592958,3.74, 1.15
1658228829.8926501,4.26, 1.26
1658228830.9261012,6.49, 2.08
1658228839.0945754,2.75, 1.13
1658228840.1110477,2.89, 0.96
1658228841.1311185,5.80, 2.02
1658228842.1547582,5.87, 2.23
1658228843.1762314,3.18, 1.14
1658228844.19037,3.04, 1.19
1658228845.2098358,6.00, 1.49
1658228846.2329934,2.74, 1.16
1658228847.253064,2.74, 1.16
1658228849.2920737,3.07, 1.96
1658228850.3211625,3.37, 1.27
1658228851.348934,2.79, 1.07
1658228852.3634167,11.34, 3.88
1658228853.3907797,5.96, 2.15
1658228854.411009,3.04, 1.09
1658228855.4341784,3.06, 0.97
1658228856.4595864,3.51, 1.23
1658228858.4986463,3.00, 1.09
1658228859.512986,9.39, 11.29
1658228860.5313053,11.99, 19.77
1658228861.5507684,3.05, 0.90
1658228862.5707753,3.00, 1.09
1658228863.5964248,11.21, 160.92
1658228864.6232028,13.36, 9.99
1658228865.650639,5.67, 4.21
1658228866.6741197,23.69, 8771.55
1658228867.6874235,11.15, 12.63
1658228868.7157521,6.28, 4.89
1658228869.7383256,11.51, 5.89
1658228870.7666886,7.35, 3.87
1658228871.7969818,5.84, 3.39
1658228872.8174982,27.83, 6526.11
1658228873.8436337,18.54, 10.49
1658228874.8642342,6.05, 4.45
1658228877.9308019,5.75, 6.19
1658228878.9589317,4.28, 5.84
1658228879.9828231,7.17, 6.06
1658228880.997342,4.26, 6.55
1658228882.0195062,4.28, 5.34
1658228883.0464897,3.99, 5.56
1658228885.0971775,6.24, 6.36
1658228886.130299,7.51, 12.14
1658228887.1532972,9.06, 7.23
1658228888.182341,6.01, 6.28
1658228892.2774692,6.96, 6.63
1658228894.324343,6.30, 6.46
1658228895.344761,6.74, 6.82
1658228896.3706062,6.09, 6.29
1658228897.4011126,6.28, 6.36
1658228898.4229252,6.51, 6.75
1658228899.4449239,6.27, 6.49
1658228900.470661,6.09, 6.69
1658228901.4926958,11.88, 8.55
1658228902.522757,6.74, 6.57
1658228903.5475845,7.36, 46.16
1658228904.5776024,6.03, 6.26
1658228905.6120872,6.25, 6.74
1658228907.6719754,7.99, 7.52
1658228908.6935992,6.50, 6.64
1658228909.713246,4.54, 5.96
1658228910.7458508,5.48, 6.11
1658228911.7687476,9.59, 7.58
1658228914.8286223,12.17, 7.51
1658228915.85385,6.85, 6.97
1658228917.9038973,6.90, 8.63
1658228920.9704182,6.77, 8.35
1658228921.999372,11.28, 10.21
1658228923.0325835,7.32, 10.43
1658228924.0584924,7.26, 9.13
1658228925.0781665,8.14, 16.47
1658228926.107746,6.94, 9.34
1658228927.1382966,6.93, 10.50
1658228928.1615708,10.51, 12.14
1658228929.1869051,8.33, 10.25
1658228930.2055347,7.13, 10.57
1658228931.234769,6.76, 9.21
1658228932.2578444,9.75, 9.59
1658228933.2818594,7.47, 12.11
1658228934.3046386,7.22, 10.30
1658228935.3277426,7.09, 11.23
1658228936.354647,7.32, 10.36
1658228938.407167,10.27, 12.38
1658228940.4589095,7.64, 11.83
1658228942.501436,7.36, 11.57
1658228943.5296338,7.47, 11.64
1658228944.5565486,7.57, 11.56
1658228945.5741634,10.31, 12.55
1658228946.6017852,13.10, 28.70
1658228947.619935,8.16, 11.57
1658228948.6477149,10.80, 10.82
1658228949.7323184,7.26, 11.33
1658228950.7904205,19.26, 5080.53
1658228951.8084133,7.04, 9.71
1658228952.8429904,7.09, 9.96
1658228953.8714082,6.81, 10.21
1658228954.892459,9.50, 37.22
1658228955.9149086,6.93, 9.82
1658228956.9415333,7.00, 9.98
1658228957.9624135,7.20, 9.34
1658228958.9924805,12.35, 15.36
1658228960.018062,6.45, 10.45
1658228961.0337687,4.99, 8.89
1658228962.0626378,5.15, 10.75
1658228963.0783355,9.43, 12.87
1658228964.1120782,7.22, 11.76
1658228966.157875,11.16, 14.37
1658228967.18643,7.67, 13.16
1658228968.2150998,8.41, 19.50
1658228969.2394526,7.66, 13.78
1658228970.2683444,12.53, 14.64
1658228971.3062694,9.39, 16.40
1658228972.3385298,8.45, 17.61
1658228973.3701777,8.27, 17.03
1658228974.392892,7.79, 14.34
1658228975.4286797,8.46, 17.27
1658228976.4540353,8.70, 17.11
1658228977.4716673,7.13, 15.24
1658228978.5014617,8.10, 15.84
1658228979.5248456,8.18, 16.13
1658228980.549986,12.25, 29.49
1658228981.5748901,8.10, 15.96
1658228986.7074687,7.29, 15.21
1658228987.7510126,7.14, 14.45
1658228988.7783406,8.50, 14.57
1658228989.8088543,7.69, 14.71
1658228990.8400955,9.92, 15.87
1658228991.8768244,11.73, 18.22
1658228992.9099221,8.40, 17.25
1658228997.0099242,7.85, 46.96
1658228998.0356817,8.24, 17.61
1658228999.0698798,8.59, 17.36
1658229000.0970933,11.50, 20.48
1658229001.1269145,9.36, 18.14
1658229002.1582115,11.32, 17.24
1658229003.1874447,7.55, 18.46
1658229004.2156396,8.65, 17.57
1658229005.2352517,8.30, 17.20
1658229006.2720892,8.14, 17.00
1658229007.3109999,7.97, 17.78
1658229008.333454,8.46, 17.60
1658229015.5353773,13.59, 19.24
1658229016.5626328,8.10, 17.64
1658229017.591579,12.27, 173.54
1658229018.633984,13.87, 21.35
1658229019.6524587,8.17, 20.35
1658229020.6763618,12.01, 26.64
1658229021.7089493,10.05, 21.23
1658229022.7290242,8.74, 20.22
1658229023.7507756,7.68, 17.36
1658229024.7784557,9.01, 19.56
1658229025.8094342,9.30, 22.11
1658229026.8305454,14.40, 40.45
1658229027.863064,11.01, 20.21
1658229031.976913,8.22, 22.38
1658229033.000656,9.32, 21.64
1658229038.1402295,13.92, 25.51
1658229039.1612506,12.45, 21.76
1658229040.1829066,8.88, 22.09
1658229041.2105682,9.60, 22.59
1658229042.2444065,8.54, 21.28
1658229043.2608116,9.11, 23.53
1658229045.3234558,9.21, 22.35
1658229046.351233,8.18, 21.86
1658229047.3812773,12.44, 28.89
1658229048.4080937,9.35, 23.30
1658229049.4483488,10.67, 26.71
1658229050.4764185,13.03, 29.44
1658229051.502127,10.72, 27.07
1658229054.5852296,8.62, 23.33
1658229055.6095996,13.49, 25.99
1658229058.6965642,8.00, 19.23
1658229059.7193375,7.25, 20.52
1658229060.7513175,10.69, 22.30
1658229061.7723038,8.08, 22.86
1658229062.8031442,8.38, 22.89
1658229063.832736,8.78, 22.73
1658229068.955284,9.26, 22.96
1658229069.988632,10.13, 23.32
1658229071.0094283,12.39, 24.68
1658229072.0345361,9.13, 23.36
1658229073.0543802,8.86, 23.28
1658229074.0856216,9.91, 23.49
1658229075.1184857,8.74, 23.74
1658229080.250517,9.33, 22.47
1658229081.268682,12.71, 24.39
1658229088.471392,9.81, 25.36
1658229089.4965155,8.58, 22.88
1658229092.595565,9.11, 33.36
1658229093.6249082,8.49, 43.37
1658229094.6461842,8.67, 67.61
1658229095.6724167,9.30, 114.24
1658229096.697245,10.21, 206.50
1658229097.7242646,10.61, 386.52
1658229098.7563665,9.81, 107.99
1658229099.787264,7.97, 21.64
1658229100.805762,12.62, 26.05
1658229101.8302076,11.52, 23.43
1658229102.8456113,9.43, 24.33
1658229103.8645072,8.01, 23.21
1658229104.8978317,12.38, 25.08
1658229105.9230866,8.76, 22.11
1658229106.9435282,9.45, 22.63
1658229114.1438427,8.89, 22.83
1658229115.1642127,8.73, 22.02
1658229123.3886812,10.48, 24.02
1658229125.4472437,8.45, 23.13
1658229127.4974372,12.41, 33.36
1658229129.5587895,8.99, 22.61
1658229130.5871542,8.52, 23.36
1658229132.6718423,10.68, 23.02
