ts,ul_kBps,dl_kBps
1656860764.2524297,3.07, 7.94
1656860765.2534394,145.39, 2500.24
1656860766.2549934,699.88, 16103.94
1656860767.2565234,516.53, 15302.77
1656860768.2573915,186.16, 4977.95
1656860769.2584138,137.09, 3410.71
1656860770.2599604,323.48, 11977.45
1656860771.261439,315.88, 13894.62
1656860772.2629547,244.27, 8485.49
1656860773.2642565,272.82, 8804.08
1656860774.2654388,276.58, 8843.97
1656860775.2670128,254.15, 8963.20
1656860776.268586,250.58, 8343.87
1656860777.2694163,261.96, 8663.96
1656860778.270729,310.73, 8725.41
1656860779.2722273,276.59, 9861.42
1656860780.2735157,247.41, 8209.43
1656860781.275165,262.80, 8289.89
1656860782.2767482,247.55, 8336.31
1656860784.2789814,259.04, 8008.59
1656860785.2804275,258.05, 7999.78
1656860786.2818751,254.00, 7970.52
1656860787.2835505,250.96, 7718.06
1656860788.2851422,250.39, 7292.71
1656860789.286925,245.49, 7615.78
1656860790.2886493,259.22, 8242.66
1656860791.28946,233.28, 7368.24
1656860792.2910032,237.03, 7480.36
1656860793.2919796,255.73, 8100.84
1656860794.2934318,289.55, 9240.60
1656860795.2952108,256.08, 8184.56
1656860796.2966347,237.21, 7424.45
1656860797.2986107,206.75, 6843.24
1656860798.3003297,227.60, 6872.03
1656860799.3014498,228.37, 7261.94
1656860800.3029583,302.57, 9634.09
1656860801.3046796,479.06, 15251.44
1656860802.3054128,455.60, 14501.15
1656860803.3066766,472.02, 15081.55
1656860804.3081872,454.27, 14207.50
1656860805.3094041,423.34, 12292.16
1656860806.310963,610.23, 15718.34
1656860807.312679,544.29, 16079.01
1656860808.3134308,516.30, 16116.32
1656860809.3156843,488.58, 15601.65
1656860810.3165991,427.86, 15646.79
1656860811.3174343,313.05, 16885.12
1656860812.3189535,249.34, 16279.97
1656860813.3204942,236.47, 16378.72
1656860814.3218722,234.90, 16688.53
1656860815.323397,216.81, 15626.09
1656860816.3250108,210.78, 15370.25
1656860817.326636,213.86, 15927.13
1656860818.327967,277.71, 16833.59
1656860819.3295324,326.78, 16000.84
1656860820.3304346,397.13, 17052.73
1656860821.3316262,430.88, 16335.23
1656860822.3325744,457.55, 16712.99
1656860823.3350368,477.07, 16847.58
1656860824.336506,487.32, 14421.02
1656860825.3381994,576.83, 15566.81
1656860826.3397791,459.71, 14477.71
1656860827.3413913,505.78, 14469.53
1656860828.342925,525.94, 15992.49
1656860830.3454773,456.64, 14193.41
1656860831.3470318,495.51, 15246.75
1656860832.34879,483.94, 15841.60
1656860833.3508224,275.50, 9293.95
1656860834.3524818,165.11, 3570.88
1656860835.3533995,321.27, 9499.44
1656860836.3546705,323.67, 9057.48
1656860837.355466,334.11, 9345.73
1656860838.3569884,333.04, 9694.99
1656860839.3593924,320.87, 9117.99
1656860840.3608649,324.16, 9391.49
1656860841.362023,325.13, 9406.85
1656860842.3636742,315.37, 9281.48
1656860843.3653228,320.54, 9420.66
1656860844.3669357,330.72, 9341.45
1656860845.369056,333.59, 9554.20
1656860846.370631,324.23, 9074.21
1656860847.3726165,335.79, 9711.75
1656860848.3734534,340.33, 9464.26
1656860849.375032,329.41, 9340.06
1656860850.3763735,334.57, 9523.43
1656860851.377981,274.99, 7914.90
1656860852.3794863,59.89, 1290.65
1656860853.3803244,52.18, 1279.51
1656860854.381449,46.12, 1097.40
1656860855.383179,61.81, 1253.14
1656860856.3855658,82.95, 1823.57
1656860857.3871667,304.64, 8188.45
1656860858.388758,349.92, 9856.12
1656860859.3898733,340.47, 9618.67
1656860860.3912692,320.74, 9304.43
1656860861.3926368,312.07, 9064.78
1656860862.3933792,338.54, 9608.93
1656860863.3944962,335.31, 9700.10
1656860864.3961928,337.78, 9453.41
1656860865.3974771,334.85, 9430.33
1656860866.398938,348.89, 9527.06
1656860867.4002922,344.06, 9509.86
1656860868.4035802,325.26, 9082.66
1656860869.4049995,347.67, 9555.68
1656860870.406581,340.17, 9483.86
1656860871.4072716,332.54, 9486.73
1656860872.4090238,322.56, 9593.13
1656860873.4105468,334.99, 9754.07
1656860875.4148595,332.98, 9501.67
1656860876.4166927,308.10, 8845.91
1656860877.419054,340.79, 9268.56
1656860878.4207723,343.91, 9537.46
1656860879.4214242,337.85, 9490.78
1656860880.423522,342.54, 9491.75
1656860881.4253333,339.23, 9631.12
1656860882.4302108,338.53, 9594.37
1656860883.4319038,351.73, 9547.82
1656860884.4336674,326.56, 9027.32
1656860885.4387963,375.01, 9602.19
1656860886.4403796,372.18, 9622.40
1656860887.4415488,402.33, 9779.11
1656860888.444314,381.33, 9449.53
1656860889.4463775,395.42, 9488.17
1656860890.448832,389.45, 9562.27
1656860891.4497805,362.20, 9029.11
1656860892.4525135,389.21, 9782.73
1656860893.4536357,374.87, 9327.66
1656860894.4552488,387.59, 9601.95
1656860895.4565244,374.31, 9460.44
1656860896.4574378,372.83, 9698.16
1656860897.4615605,350.43, 9447.70
1656860898.463257,342.79, 9189.33
1656860899.4654412,365.25, 9657.78
1656860900.467027,331.69, 8858.44
1656860901.4693923,362.43, 9519.87
1656860902.4709442,360.55, 9451.55
1656860903.4725018,368.71, 9767.52
1656860904.4736543,382.20, 9446.69
1656860905.476869,375.83, 9515.78
1656860906.4799247,367.73, 9226.92
1656860907.4819062,365.41, 9561.20
1656860908.4833925,361.03, 9566.28
1656860909.4841914,378.25, 9539.62
1656860910.4854183,393.67, 9626.57
1656860911.4870672,399.52, 9803.77
1656860912.4886985,374.64, 9289.86
1656860913.4898243,293.46, 8220.38
1656860914.4931366,344.91, 9411.55
1656860915.4951243,367.65, 9595.22
1656860916.4969847,383.40, 9484.24
1656860917.499494,383.90, 9854.13
1656860918.5011837,379.06, 9661.27
1656860919.5024416,382.13, 9528.05
1656860920.5031939,356.61, 8683.88
1656860922.5065494,386.29, 9498.07
1656860923.508266,390.37, 9518.67
1656860924.5102806,398.17, 9786.92
1656860925.5118477,396.26, 9441.43
1656860926.513445,388.05, 9604.56
1656860927.5151982,403.74, 9652.44
1656860928.5165458,362.63, 9382.35
1656860929.5181708,322.54, 9391.12
1656860930.5197904,374.32, 9484.51
1656860931.5213978,399.22, 9562.78
1656860932.523022,407.87, 9743.12
1656860933.5240657,398.45, 9522.45
1656860934.5257647,397.36, 9466.16
1656860935.5273602,396.16, 9565.58
1656860936.5289154,320.43, 9177.63
1656860937.5298812,319.99, 9342.25
1656860938.5332894,366.37, 9973.98
1656860939.5350158,348.24, 9574.83
1656860940.5358956,360.98, 9349.65
1656860941.5374248,389.69, 9495.05
1656860942.5386174,406.62, 9604.47
1656860943.5399442,340.54, 9105.74
1656860944.5415502,340.33, 9390.22
1656860945.543271,386.91, 9461.91
1656860946.5448415,401.54, 9772.39
1656860947.5453365,395.83, 9716.73
1656860948.5474842,381.48, 9738.78
1656860949.549374,383.58, 9477.87
1656860950.5511389,432.28, 11182.33
1656860951.5522687,551.61, 17819.37
1656860952.5540757,568.19, 17609.14
1656860953.5557706,583.90, 17934.07
1656860954.5577257,590.56, 18051.35
1656860955.5592053,542.25, 17426.65
1656860956.5609133,489.40, 17449.68
1656860957.5619204,438.72, 16381.26
1656860958.5634365,223.53, 8866.99
1656860959.5649927,256.71, 9393.37
1656860960.5665061,282.18, 9571.37
1656860961.5679893,295.68, 9486.05
1656860962.5694926,321.54, 9266.98
1656860963.5710955,335.52, 9560.16
1656860964.5726678,333.12, 9482.43
1656860965.5733933,312.31, 8886.62
1656860968.5773857,336.10, 9582.18
1656860969.5791914,335.19, 9352.40
1656860970.5825074,345.56, 9593.01
1656860971.5832672,338.57, 9844.34
1656860972.5847237,359.95, 9596.79
1656860973.5855358,323.28, 8674.47
1656860974.587281,348.33, 9501.42
1656860975.5888557,381.33, 9362.78
1656860976.5898106,392.44, 9689.83
1656860977.5913706,393.02, 9566.26
1656860978.5931797,394.11, 9650.65
1656860979.594576,394.97, 9782.90
1656860980.5975094,364.84, 9304.52
1656860981.599312,321.71, 9301.35
1656860982.6010683,355.76, 9858.72
1656860983.6026511,352.21, 9508.95
1656860984.603872,344.89, 9318.46
1656860985.6055195,339.95, 9534.93
1656860986.608424,354.92, 9359.06
1656860987.609496,350.69, 9444.99
1656860988.610854,341.33, 9102.17
1656860989.6151793,366.90, 9503.76
1656860990.616948,382.73, 9687.00
1656860991.618468,373.39, 9526.93
1656860992.6201982,347.58, 9443.79
1656860993.621969,378.31, 9756.91
1656860994.623588,374.54, 9431.96
1656860995.625182,344.92, 8696.61
1656860996.6274,377.40, 9501.09
1656860997.628936,396.96, 9536.93
1656860998.630664,374.99, 9581.74
1656860999.634512,358.29, 9569.62
1656861000.6361613,344.57, 9764.13
1656861001.637491,372.44, 9566.84
1656861002.6387677,332.40, 9064.99
1656861003.640115,331.30, 9483.51
1656861004.641808,388.65, 9609.80
1656861005.6435044,377.87, 9371.43
1656861006.6452916,368.54, 9232.02
1656861007.6469016,393.33, 9693.93
1656861008.6482644,384.35, 9523.99
1656861009.6495607,375.20, 9127.48
1656861010.6524785,354.12, 9734.40
1656861011.653434,381.66, 9483.16
1656861013.6569839,363.66, 10097.32
1656861014.6594272,337.33, 9551.03
1656861015.6640344,365.40, 9658.63
1656861016.66558,369.93, 9678.63
1656861017.6665688,384.21, 9753.99
1656861018.6680667,311.65, 8882.93
1656861019.6700373,338.27, 9351.88
1656861020.671128,352.05, 9201.05
1656861021.6727195,341.18, 8712.04
1656861022.6748369,367.64, 9352.03
1656861023.676253,377.55, 9624.54
1656861024.6775374,369.24, 9566.18
1656861025.6783962,327.61, 9098.11
1656861026.6813605,327.90, 9509.41
1656861027.6821284,353.25, 9580.26
1656861028.683735,304.91, 9355.82
1656861029.6855185,272.63, 9257.72
1656861030.687219,272.18, 9462.26
1656861031.6879513,271.25, 9464.37
1656861032.6894255,297.55, 8925.26
1656861033.6909711,334.42, 9351.50
1656861034.6923478,341.43, 9440.52
1656861035.6937323,332.86, 9775.83
1656861036.6948874,340.28, 9481.05
1656861037.6964452,366.79, 9607.52
1656861038.6974125,361.31, 9613.66
1656861039.6991105,330.18, 8849.23
1656861040.7007127,333.46, 9746.72
1656861041.7025418,347.58, 9434.59
1656861042.7057118,365.20, 9717.34
1656861043.7070065,350.23, 9482.39
1656861044.7089264,353.77, 9403.64
1656861045.7100449,355.79, 9855.10
1656861046.7129517,352.84, 9596.32
1656861047.7144825,309.61, 8934.60
1656861048.715568,333.51, 9422.02
1656861049.7165153,375.23, 9642.33
1656861050.7174697,354.93, 9195.34
1656861051.7198882,357.37, 9149.79
1656861052.723959,362.49, 9303.89
1656861053.7268286,377.65, 9816.53
1656861054.729953,305.51, 8723.93
1656861055.7315145,361.34, 9824.54
1656861056.7331274,366.72, 9567.54
1656861057.7368715,340.14, 9390.07
1656861058.7405393,325.56, 9432.66
1656861060.7435782,313.72, 9228.24
1656861061.7444963,316.11, 9481.03
1656861062.7454162,290.14, 9162.84
1656861063.746985,303.69, 9365.44
1656861064.7480023,298.33, 9417.93
1656861065.750117,303.16, 9425.37
1656861066.7511199,292.43, 9416.43
1656861067.7547061,303.82, 9384.39
1656861068.7565708,318.24, 9611.41
1656861069.7574193,323.64, 9684.87
1656861070.759903,307.08, 8918.54
1656861071.7614536,302.32, 9346.51
1656861072.7631981,319.01, 9597.14
1656861073.7647736,318.09, 9403.29
1656861074.7654724,334.23, 9359.02
1656861075.7667317,387.36, 9481.85
1656861076.7676141,349.80, 9471.59
1656861077.7715187,313.30, 9019.51
1656861078.7741368,316.32, 9459.71
1656861079.7765136,338.73, 9657.18
1656861080.7782707,330.39, 9487.02
1656861081.7799788,336.07, 9396.99
1656861082.7814305,339.46, 9472.64
1656861083.7824497,340.03, 9625.01
1656861084.783663,327.18, 9073.51
1656861085.7884986,326.31, 9361.00
1656861086.7895088,357.32, 9885.36
1656861087.790705,329.46, 9345.71
1656861088.792408,335.36, 9537.27
1656861089.7934167,358.08, 9701.54
1656861090.7949233,349.92, 9389.48
1656861091.7970757,334.41, 9243.81
1656861092.7986038,341.39, 9472.75
1656861093.802782,329.89, 9321.35
1656861094.8053167,387.76, 9431.05
1656861095.8073912,401.25, 9674.69
1656861096.8090546,328.40, 9652.90
1656861097.810765,333.23, 9686.10
1656861098.812498,293.17, 9422.29
1656861099.813586,315.34, 8938.71
1656861100.8147674,347.57, 9734.70
1656861101.8163922,348.35, 9353.48
1656861102.8215454,358.16, 9566.04
1656861103.8232694,369.93, 9622.59
1656861104.825393,350.86, 9568.07
1656861106.8286097,359.06, 9758.12
1656861107.8294759,338.95, 9245.11
1656861108.8310652,338.65, 9432.32
1656861109.8322296,356.20, 9871.82
1656861110.8333828,380.07, 9957.58
1656861111.8341289,353.18, 9440.11
1656861112.8357594,346.92, 9379.24
1656861113.8373015,319.07, 9180.38
1656861114.8387737,300.30, 8942.59
1656861115.8402877,341.67, 9605.90
1656861116.8414154,349.90, 10109.85
1656861117.842663,328.63, 9651.27
1656861118.8442366,315.07, 10270.14
1656861119.8471463,301.02, 9364.93
1656861120.8490121,281.17, 9648.48
1656861121.8507214,92.62, 5203.88
1656861122.851844,92.20, 928.35
1656861123.853347,101.44, 1068.84
1656861124.8549244,260.90, 5374.73
1656861125.856761,119.71, 1093.80
1656861126.8603668,319.36, 7897.82
1656861127.8614755,177.87, 3595.16
1656861128.8630762,135.07, 2616.99
1656861129.8646355,85.08, 1037.75
1656861130.8666866,97.76, 969.44
1656861131.867824,95.88, 942.28
1656861132.8688166,104.67, 938.52
1656861133.8696485,106.26, 1035.54
1656861134.8714855,128.91, 1912.54
1656861135.8730495,456.10, 13701.67
1656861136.874564,279.47, 6982.67
1656861137.8757036,95.38, 822.38
1656861138.877297,158.47, 3381.43
1656861139.8783064,108.46, 5065.63
1656861140.8798563,194.84, 4591.03
1656861141.8844242,179.89, 3183.39
1656861142.8862073,114.12, 1333.60
1656861143.8875587,92.53, 1034.00
1656861144.8888412,119.53, 2824.09
1656861145.8905473,133.23, 3086.17
1656861146.8921454,179.31, 6062.63
1656861147.8935578,187.11, 4702.92
1656861148.8953779,298.39, 7596.75
1656861149.8971076,179.31, 4210.42
1656861150.898296,173.63, 3954.25
1656861152.9013388,145.36, 1561.47
1656861153.9070442,156.27, 4225.52
1656861154.9105937,116.07, 946.33
1656861155.9114168,146.82, 2601.71
1656861156.9130907,122.53, 1412.18
1656861157.9146469,129.21, 1328.90
1656861158.9156444,115.93, 1098.94
1656861159.917191,95.78, 1159.12
1656861161.921187,227.09, 2024.28
1656861162.9231665,290.18, 8142.34
1656861163.9264493,239.66, 5154.21
1656861164.9280965,374.54, 9277.89
1656861165.930035,406.10, 9357.22
1656861166.9320068,392.64, 8941.19
1656861167.9342196,378.91, 9326.75
1656861168.9360402,102.18, 1397.69
1656861169.937655,160.18, 3367.49
1656861170.9392288,124.38, 3982.68
1656861171.9433887,113.87, 951.96
1656861172.9450207,115.37, 1126.26
1656861173.9471464,102.92, 1034.51
1656861174.9483902,186.99, 3957.83
1656861175.9501173,106.39, 938.11
1656861176.9517453,128.79, 1075.70
1656861177.9534755,112.62, 1011.42
1656861178.954971,165.80, 4073.72
1656861179.9574249,143.88, 1383.29
1656861180.9587002,128.47, 1078.26
1656861181.9628472,122.68, 1031.72
1656861182.966757,99.05, 879.23
1656861183.9677997,131.93, 1006.27
1656861184.9694023,132.91, 1154.11
1656861185.9709086,124.88, 1043.45
1656861186.9746437,129.33, 1140.69
1656861187.9764097,137.40, 1102.96
1656861188.9775398,138.67, 1124.41
1656861189.979083,143.05, 1161.65
1656861190.983684,141.27, 1202.55
1656861191.9855173,118.78, 1042.84
1656861192.9879975,127.02, 1037.54
1656861194.0101414,119.42, 1057.29
1656861195.0146246,135.40, 1072.28
1656861196.0174022,135.40, 1217.75
1656861197.0191784,151.91, 1234.41
1656861198.0225685,122.12, 1165.15
1656861200.026522,145.10, 1237.97
1656861201.0284739,140.71, 1272.73
1656861202.029521,141.66, 1311.98
1656861203.0330079,136.82, 1310.57
1656861204.0344121,145.64, 1375.97
1656861205.0412736,136.63, 1251.38
1656861206.0467818,140.53, 1314.56
1656861207.0506046,116.90, 1120.80
1656861208.0532424,135.72, 1301.61
1656861209.0540082,125.33, 1110.02
1656861210.055525,152.20, 1345.69
1656861211.0580766,121.68, 1208.42
1656861212.0609581,149.80, 1331.78
1656861213.0623064,134.56, 1291.03
1656861214.0640986,135.18, 1403.66
1656861215.065452,132.58, 1332.11
1656861216.0670664,135.91, 1254.80
1656861217.0686994,136.57, 1195.06
1656861218.070715,141.78, 1302.26
1656861219.0723827,139.55, 1202.49
1656861220.0734222,161.49, 1355.22
1656861221.0750458,138.25, 1290.70
1656861222.0766432,147.66, 1358.82
1656861223.0774302,148.99, 1291.41
1656861224.078739,137.56, 1218.85
1656861225.080277,107.24, 938.11
1656861226.0819023,114.00, 1041.43
1656861227.0827317,139.58, 1219.90
1656861228.0843093,148.83, 1212.06
1656861229.0857334,148.20, 1236.35
1656861230.0867057,142.32, 1264.28
1656861231.087696,140.66, 1424.95
1656861232.0886736,130.69, 1274.74
1656861233.0894597,143.59, 1318.79
1656861234.0911186,153.31, 1537.13
1656861235.092345,123.25, 1195.51
1656861236.0934935,130.77, 1149.15
1656861237.0944233,145.30, 1137.17
1656861238.095743,135.93, 1144.27
1656861239.0972059,146.44, 1107.76
1656861240.0987077,151.48, 1210.06
1656861241.1003392,154.79, 1284.30
1656861242.1014633,138.37, 1297.92
1656861243.1030686,146.35, 1288.00
1656861244.1046746,151.91, 1318.08
