ts,ul_kBps,dl_kBps
1657292475.6849883,14.80, 76.45
1657292476.749105,63.59, 528.11
1657292477.796441,338.17, 25652.61
1657292479.1209514,158.74, 9643.45
1657292480.238426,116.62, 1708.37
1657292481.3848908,274.32, 15572.96
1657292482.4117184,140.80, 30955.42
1657292483.4381003,159.84, 31111.27
1657292484.4649222,132.02, 31451.80
1657292485.4813635,74.04, 31546.77
1657292486.501451,85.21, 31904.12
1657292487.531797,51.72, 30867.47
1657292488.5448678,53.96, 30635.87
1657292489.5613294,54.34, 32118.60
1657292490.586549,86.58, 36709.54
1657292491.6052387,81.97, 37110.08
1657292492.6232862,58.29, 33040.63
1657292493.6370344,61.16, 37297.55
1657292494.6580894,69.27, 37447.25
1657292495.6838014,58.45, 25768.93
1657292496.709683,96.25, 25784.17
1657292497.7320316,96.60, 11699.31
1657292498.7613194,106.44, 11743.23
1657292499.7804182,239.99, 14321.79
1657292500.8188055,329.71, 22441.19
1657292501.8857467,304.06, 25257.99
1657292502.926718,232.29, 24192.95
1657292503.9733028,286.29, 32891.77
1657292505.005272,240.45, 27981.75
1657292506.0832727,146.94, 18593.10
1657292507.1060772,189.36, 26002.81
1657292508.1320815,165.05, 22366.77
1657292509.149074,263.27, 25154.42
1657292510.1670773,169.66, 17655.99
1657292511.1868865,112.45, 19653.50
1657292512.216875,140.53, 19853.13
1657292513.2378726,274.03, 22993.33
1657292514.256874,196.05, 21606.49
1657292515.2828732,170.72, 20030.38
1657292516.3088722,140.16, 21706.71
1657292517.323877,101.32, 18065.12
1657292518.3454611,240.09, 22854.34
1657292519.369462,284.85, 23600.71
1657292520.3934612,252.69, 24179.58
1657292521.415461,240.82, 22656.42
1657292522.4284694,245.74, 23662.37
1657292523.4658442,149.76, 16622.60
1657292524.519841,191.78, 22943.71
1657292525.5450397,223.65, 23176.34
1657292526.5670395,197.60, 22578.07
1657292527.599041,197.69, 23659.37
1657292528.6280398,283.15, 22593.37
1657292529.6480393,229.35, 22601.53
1657292530.6697574,204.21, 22785.06
1657292531.6937525,201.15, 24449.55
1657292532.7107553,197.64, 22783.72
1657292533.7397642,217.79, 20275.63
1657292534.7687528,257.90, 20937.73
1657292535.8247566,328.14, 25336.29
1657292536.849756,298.52, 26437.09
1657292537.8787522,290.69, 27791.62
1657292538.9027638,267.47, 26661.35
1657292539.9367573,276.84, 25854.98
1657292540.9640074,330.98, 26260.07
1657292541.9996378,342.07, 26300.11
1657292543.045643,295.55, 29353.39
1657292544.0696423,327.55, 23269.31
1657292545.0964587,332.33, 28902.40
1657292546.1234605,328.00, 28256.03
1657292547.1644597,374.02, 29094.50
1657292548.205474,370.03, 28378.23
1657292549.2644641,406.93, 28386.90
1657292550.3244607,387.37, 29153.25
1657292551.3454556,381.12, 27673.18
1657292552.378463,327.31, 28436.92
1657292553.4405322,307.35, 24907.07
1657292554.46675,353.49, 28767.50
1657292555.5107448,334.40, 28113.23
1657292556.5757499,295.13, 28030.29
1657292557.6197462,339.68, 28970.35
1657292558.6677518,307.37, 25372.32
1657292559.7847471,344.30, 25439.43
1657292560.837747,312.55, 26702.56
1657292561.8697455,304.56, 28858.60
1657292562.9167511,318.51, 28923.49
1657292563.9477458,335.05, 29019.08
1657292564.9977553,287.72, 28085.69
1657292566.0237503,311.20, 29495.84
1657292567.0487542,263.71, 23961.62
1657292568.0847502,291.27, 25493.95
1657292569.1107466,291.39, 28493.01
1657292570.1637475,263.67, 28861.46
1657292571.216752,244.17, 28729.94
1657292572.2447488,317.23, 28465.30
1657292573.278747,320.57, 28572.73
1657292574.3007483,361.30, 27408.72
1657292575.3297446,330.17, 23968.15
1657292576.3587518,361.19, 24503.54
1657292577.3947515,346.33, 27050.96
1657292578.4306607,404.08, 27460.24
1657292579.4656608,374.58, 27191.67
1657292580.4943228,322.90, 22268.99
1657292581.5263214,383.32, 27787.41
1657292582.5568511,381.16, 28303.93
1657292583.586853,303.36, 19829.64
1657292584.6258528,339.60, 21890.68
1657292585.6488552,380.33, 27359.25
1657292586.6978483,368.57, 27145.31
1657292587.7338521,375.04, 29056.75
1657292588.773864,352.32, 27692.30
1657292589.811859,333.01, 29933.88
1657292590.8648496,344.75, 27401.96
1657292591.909855,274.48, 29673.00
1657292592.9688506,311.61, 29211.51
1657292594.0028532,298.67, 29242.44
1657292595.085862,274.62, 27423.41
1657292596.81985,256.40, 25944.38
1657292597.9658492,233.74, 24307.31
1657292599.05685,217.12, 26085.15
1657292600.0958512,215.93, 25138.49
1657292601.2030363,216.26, 13597.96
1657292602.246037,181.31, 12316.99
1657292603.3420362,164.45, 8662.37
1657292604.3990355,127.84, 4668.05
1657292605.578035,136.40, 5021.65
1657292606.6484504,141.44, 6054.12
1657292607.7894526,113.88, 7126.95
1657292608.8994508,121.01, 4233.19
1657292610.059453,111.77, 2309.70
1657292612.8114474,93.18, 6064.62
1657292614.2294493,72.94, 5718.73
1657292615.511447,125.23, 9058.32
1657292616.5244462,82.02, 950.94
1657292617.542458,103.50, 3219.08
1657292618.5584471,77.40, 5639.06
1657292619.571448,84.40, 982.61
1657292620.5884488,107.35, 1346.25
1657292621.841452,86.44, 1131.44
1657292622.974977,121.96, 1608.21
1657292623.9980092,126.90, 7378.35
1657292625.2699783,124.56, 2204.20
1657292626.6579783,91.15, 1361.81
1657292627.7149923,136.52, 7983.66
1657292628.7819815,139.23, 9690.02
1657292629.7969778,161.89, 7191.70
1657292631.1299765,131.21, 6863.31
1657292632.5619805,171.92, 7556.11
1657292633.614979,201.72, 7875.04
1657292634.77317,156.28, 7313.44
1657292636.4061983,112.82, 4681.36
1657292637.479215,160.20, 7119.38
1657292638.6112149,177.51, 7619.07
1657292639.6932127,159.56, 7129.45
1657292640.7812817,176.93, 7397.87
1657292642.4012718,119.54, 6656.75
1657292643.6723316,175.95, 8525.74
1657292644.8323426,198.70, 9882.41
1657292646.4144187,172.54, 6351.58
1657292647.8754213,158.31, 4471.66
1657292649.302426,163.38, 4804.20
1657292650.3614178,191.44, 4858.99
1657292651.7444193,178.72, 4716.30
1657292653.6454232,124.54, 3470.26
1657292654.657451,163.09, 4597.02
1657292656.005418,123.63, 1538.00
1657292657.308416,108.17, 1324.90
1657292658.3224232,126.85, 1524.32
1657292659.3404212,136.23, 1478.55
1657292660.5424242,104.34, 1370.36
1657292661.5544243,152.47, 1671.71
1657292662.5684185,133.09, 1692.80
1657292663.8444207,128.68, 1489.36
1657292664.8684165,140.81, 1597.43
1657292666.2634244,136.10, 1639.55
1657292667.2844245,173.47, 1728.76
1657292668.3074179,144.11, 1941.63
1657292669.4884188,108.00, 1290.54
1657292670.5304348,123.16, 1462.41
1657292671.810441,95.49, 1145.36
1657292672.8264396,128.59, 1447.64
1657292674.1265256,137.51, 1654.74
1657292675.3615193,159.31, 1759.65
1657292676.923419,99.21, 1428.91
1657292678.1894443,132.39, 1391.77
1657292679.7194514,92.31, 1094.27
1657292681.7464204,66.54, 783.45
1657292682.7974174,163.48, 1731.51
1657292684.3634224,162.69, 1958.34
1657292685.9834247,103.42, 1170.74
1657292687.3074172,107.84, 1222.28
1657292688.6324255,128.05, 1496.70
1657292689.647538,152.37, 1682.12
1657292690.8644233,143.54, 1684.13
1657292691.9824243,151.80, 1656.36
1657292693.1475203,125.15, 1471.02
1657292694.5094244,143.45, 1614.00
1657292695.9664176,97.54, 1131.87
1657292697.67454,115.93, 1415.36
1657292699.7024248,84.42, 1031.73
1657292701.4654245,89.05, 1052.55
1657292703.0824225,111.87, 1371.14
1657292704.4354208,120.07, 1411.73
1657292705.761419,101.50, 1192.01
1657292707.1584215,126.06, 1471.62
1657292708.6714222,130.71, 1562.88
1657292709.6964514,155.55, 1799.34
1657292710.7174199,153.73, 1757.70
1657292711.9575293,119.59, 1436.29
1657292713.7624269,91.87, 1136.37
1657292714.8424242,135.12, 1567.86
1657292715.9394166,146.76, 1711.11
1657292717.2084172,125.70, 1431.49
1657292718.484424,150.99, 1772.36
1657292719.5094216,150.77, 1746.93
1657292720.863422,110.42, 1263.62
1657292721.8854208,143.26, 1586.39
1657292722.9044192,133.74, 1646.72
1657292723.92542,149.63, 1737.41
1657292724.9454205,147.25, 1724.24
1657292725.9594507,146.68, 1710.65
1657292727.4104173,144.33, 1699.40
1657292728.5754666,126.42, 1495.55
1657292729.6204183,142.66, 1636.26
1657292730.8844218,131.89, 1489.97
1657292732.0024245,138.28, 1588.73
1657292733.1634207,129.51, 1498.36
1657292734.6954215,101.36, 1206.60
1657292735.9034204,138.27, 1630.47
1657292737.1514182,153.23, 1802.19
1657292738.1654217,142.61, 1698.31
1657292739.2054188,141.05, 1592.75
1657292740.433423,121.64, 1450.00
1657292741.6714509,122.08, 1453.30
1657292742.6944528,147.04, 1665.19
1657292744.0394301,107.22, 1217.90
1657292745.7914171,90.28, 1062.10
1657292747.1954236,115.85, 1349.43
1657292749.0224202,123.08, 1415.43
1657292750.267457,113.63, 1352.19
1657292751.5704181,116.26, 1369.53
1657292752.9904184,140.89, 1643.96
1657292754.2394238,122.64, 1481.68
1657292755.6414201,124.79, 1484.71
1657292756.6574469,144.71, 1694.49
1657292757.677419,142.96, 1573.42
1657292758.6954172,139.91, 1633.43
1657292759.7264206,140.61, 1650.31
1657292760.9574203,105.24, 1229.61
1657292762.080418,123.93, 1426.60
1657292763.3634257,138.79, 1592.65
1657292764.3754168,135.85, 1553.06
1657292765.7764337,142.10, 1641.29
1657292766.8154533,150.53, 1724.27
1657292768.189471,143.15, 1620.76
1657292769.3414173,141.89, 1689.28
1657292771.2324233,107.73, 1250.44
1657292772.2514515,141.31, 1656.32
1657292773.275421,154.31, 1710.29
1657292774.294421,134.99, 1646.34
1657292775.6145315,106.25, 1273.25
1657292776.6720827,125.76, 1564.98
1657292777.7700875,132.39, 1530.86
1657292779.2742128,106.30, 1243.73
1657292780.2972167,140.94, 1618.79
1657292781.3151824,146.43, 1719.64
1657292782.8431854,117.11, 1143.15
