ts,ul_kBps,dl_kBps
1657375492.616345,9.04, 37.89
1657375493.6338172,44.12, 388.19
1657375494.651636,98.97, 8326.59
1657375495.6823924,82.11, 8539.49
1657375496.7101865,35.69, 2459.66
1657375497.7270732,44.41, 8755.22
1657375498.748661,50.62, 8260.18
1657375499.769357,60.92, 10659.88
1657375500.7878797,36.91, 7762.77
1657375501.8070633,40.62, 7584.41
1657375502.820246,37.92, 7951.43
1657375503.84109,37.75, 8318.77
1657375504.860993,33.16, 7340.02
1657375505.8811986,30.01, 6141.77
1657375506.9018562,40.84, 6504.62
1657375507.9222436,37.45, 7373.51
1657375508.9450035,39.79, 6693.71
1657375509.9637158,41.54, 6569.74
1657375510.9819841,56.77, 6630.19
1657375512.005733,58.69, 5352.00
1657375513.0233467,59.98, 5032.64
1657375514.0470016,68.49, 6384.53
1657375515.0720806,60.85, 5515.46
1657375516.0972152,72.34, 6211.49
1657375517.1221511,64.29, 5828.46
1657375518.1461957,75.91, 6723.16
1657375519.1695468,63.20, 5279.67
1657375520.189643,52.28, 5030.49
1657375521.200746,60.75, 5006.80
1657375522.2220352,71.60, 5875.40
1657375523.2465627,52.93, 5094.89
1657375524.2700248,44.76, 4318.17
1657375525.2918746,43.21, 4524.22
1657375526.3090398,47.00, 4813.79
1657375527.3295138,49.71, 4957.95
1657375528.349727,53.26, 4513.80
1657375529.373294,52.13, 4994.90
1657375530.3954494,65.68, 6250.58
1657375531.4199986,69.53, 6603.85
1657375532.442185,65.01, 5901.04
1657375533.4647944,55.10, 4969.63
1657375534.4844148,53.31, 5377.33
1657375535.5067294,53.60, 4978.54
1657375536.5264978,50.87, 4896.62
1657375537.534583,43.97, 4444.17
1657375538.5540621,65.80, 5549.44
1657375539.5738888,79.84, 7368.93
1657375540.5941966,64.84, 6173.95
1657375541.6181388,122.44, 10407.68
1657375542.6368983,130.50, 11055.87
1657375543.662496,132.47, 10771.68
1657375544.682367,109.36, 10009.76
1657375545.7068079,100.84, 9437.30
1657375546.724981,156.30, 9507.28
1657375547.746744,105.12, 7967.46
1657375548.762848,105.42, 8549.48
1657375549.7794511,125.73, 10861.08
1657375550.7950807,130.95, 11645.73
1657375551.8133314,108.04, 11105.40
1657375552.8267293,138.10, 11766.56
1657375553.8474035,113.31, 11554.31
1657375554.8648448,89.66, 10268.87
1657375555.8820133,77.96, 9824.52
1657375556.892974,119.34, 11050.31
1657375557.9047406,110.83, 9498.46
1657375558.9171803,56.62, 8340.37
1657375559.928545,57.48, 7785.11
1657375560.9383862,47.30, 6049.23
1657375561.9480867,88.75, 7833.94
1657375562.963727,60.33, 6198.29
1657375563.9739816,66.87, 8742.71
1657375564.9853013,40.21, 6143.79
1657375566.0015054,49.39, 8668.78
1657375567.0112152,92.32, 8679.80
1657375568.0256152,76.77, 9751.02
1657375569.0385964,67.48, 8716.78
1657375570.053165,65.44, 7999.13
1657375571.0630581,69.31, 8886.19
1657375572.078518,65.16, 9425.04
1657375573.0972538,63.17, 9477.15
1657375574.1086254,67.21, 8704.47
1657375575.1257236,48.65, 8703.09
1657375576.134992,88.09, 9600.87
1657375577.1462607,48.23, 9668.88
1657375578.1641436,61.16, 9675.72
1657375579.1755757,47.67, 7591.73
1657375580.189426,74.96, 9872.52
1657375581.2083044,54.87, 9354.57
1657375582.2265675,55.33, 9350.70
1657375583.246579,60.52, 9988.53
1657375584.2635112,50.31, 9922.36
1657375585.2853265,49.17, 9486.72
1657375586.301602,44.22, 9296.60
1657375587.311095,49.46, 9794.44
1657375588.3293717,45.72, 9034.37
1657375589.347531,69.02, 10715.50
1657375590.3579273,73.10, 11129.00
1657375591.3714812,66.65, 9219.03
1657375592.3823278,54.72, 11137.88
1657375593.4134605,55.61, 7766.94
1657375594.450864,26.38, 2506.27
1657375595.4645452,36.83, 542.41
1657375596.478865,24.84, 885.51
1657375597.4947982,18.78, 87.81
1657375598.50744,38.57, 2458.78
1657375599.5281496,51.57, 776.63
1657375600.540527,79.67, 6107.37
1657375601.5545769,86.41, 7427.34
1657375602.5727386,94.24, 4926.60
1657375603.5927424,96.26, 6799.32
1657375604.6131916,64.92, 3044.88
1657375605.6248174,50.53, 174.93
1657375606.6364996,51.99, 972.35
1657375607.6487463,56.24, 303.88
1657375608.6738486,48.03, 266.03
1657375609.69662,47.00, 163.12
1657375610.7200212,58.24, 322.64
1657375611.73067,41.07, 155.24
1657375612.752212,52.07, 541.81
1657375613.7616017,41.70, 161.05
1657375614.7837095,45.45, 168.00
1657375615.7956848,51.35, 171.42
1657375616.806748,42.78, 166.29
1657375617.8180032,60.50, 2618.13
1657375618.8407516,45.78, 171.84
1657375619.850207,44.30, 163.10
1657375620.8596275,48.61, 176.67
1657375621.8707173,42.37, 162.84
1657375622.887964,41.56, 158.54
1657375623.9001625,46.48, 169.14
1657375624.9101372,48.11, 179.66
1657375625.9186764,50.81, 188.25
1657375626.9278047,49.54, 183.31
1657375627.936062,47.32, 180.70
1657375628.9581707,53.85, 218.89
1657375629.9689429,61.56, 338.75
1657375630.992927,69.40, 1002.67
1657375632.0027897,53.15, 194.47
1657375633.0126588,50.17, 182.42
1657375634.0237408,57.13, 326.78
1657375635.0432553,58.93, 204.35
1657375636.0609155,56.46, 232.13
1657375637.068315,51.55, 196.98
1657375638.0776699,53.15, 196.36
1657375639.1009939,49.98, 187.08
1657375640.1129189,56.09, 200.41
1657375641.1340234,54.37, 199.08
1657375642.1427033,52.99, 200.25
1657375643.157539,59.02, 582.43
1657375644.1676195,49.91, 184.20
1657375645.1766398,60.05, 308.66
1657375646.197723,50.57, 192.97
1657375647.2047632,59.68, 2132.20
1657375648.2285218,58.21, 699.25
1657375649.251247,48.42, 182.73
1657375650.2727046,56.99, 195.01
1657375651.2949839,49.36, 189.02
1657375652.3053365,43.78, 172.19
1657375653.324784,44.00, 165.93
1657375654.3350506,46.70, 171.82
1657375655.3463104,53.67, 198.46
1657375656.3660502,49.22, 181.45
1657375657.3755844,47.75, 180.86
1657375658.385989,48.27, 177.18
1657375659.3942108,51.54, 190.30
1657375660.405898,46.78, 190.24
1657375661.4152396,38.88, 144.25
1657375662.4374678,50.33, 184.89
1657375663.457438,52.69, 187.50
1657375664.4703598,50.13, 188.87
1657375665.4792666,43.57, 173.47
1657375666.4890382,48.02, 176.93
1657375667.510405,46.30, 180.31
1657375668.523446,46.82, 174.11
1657375669.535642,43.09, 163.12
1657375670.5459406,49.23, 185.31
1657375671.5568306,48.21, 182.81
1657375672.569421,43.24, 170.67
1657375673.5784645,45.11, 171.89
1657375674.5868957,51.19, 182.59
1657375675.607999,51.25, 193.83
1657375676.6169918,49.35, 177.28
1657375677.6273036,46.97, 178.16
1657375678.6387491,46.32, 176.34
1657375679.6490238,44.54, 170.08
1657375680.662236,44.22, 168.04
1657375681.6720564,44.32, 155.66
1657375682.695777,41.09, 160.51
1657375683.7184308,40.94, 158.12
1657375684.7294161,45.12, 167.39
1657375685.7528875,51.59, 185.25
1657375686.7656648,46.92, 175.03
1657375687.7862697,43.92, 173.31
1657375688.7948124,48.31, 174.05
1657375689.8082023,45.68, 176.67
1657375690.8319094,51.36, 188.26
1657375691.8529303,46.84, 178.09
1657375692.8658373,46.64, 174.61
1657375693.8783174,46.03, 166.86
1657375694.8903308,48.30, 183.36
1657375695.9007616,50.80, 187.74
1657375696.9143314,46.18, 182.73
1657375697.9257812,49.26, 181.12
1657375698.949147,49.10, 186.92
1657375699.9606283,46.50, 178.85
1657375700.9745798,49.20, 185.61
1657375701.9838023,46.26, 176.89
1657375702.9978187,46.33, 173.05
1657375704.007914,45.62, 171.80
1657375705.023075,46.57, 178.16
1657375706.0341363,46.48, 179.40
1657375707.0444307,46.71, 175.61
1657375708.058308,48.94, 182.32
1657375709.0707996,49.15, 185.15
1657375710.095714,47.48, 179.33
1657375711.1054413,47.64, 181.99
1657375712.1186786,47.18, 174.60
1657375713.1289263,47.79, 182.38
1657375714.1431582,49.12, 178.70
1657375715.1545055,48.24, 180.99
1657375716.1649768,49.56, 186.70
1657375717.1788511,48.14, 178.95
1657375718.2030578,44.91, 174.70
1657375719.213084,43.76, 165.92
1657375720.2361042,47.80, 171.68
1657375721.2545142,50.12, 190.59
1657375722.2651815,48.39, 182.65
1657375723.286249,46.67, 172.19
1657375724.3014648,46.23, 175.25
1657375725.3117514,46.18, 175.68
1657375726.3243048,45.20, 172.78
1657375727.3396044,45.04, 172.85
1657375728.3637207,44.00, 166.20
1657375729.3760118,44.70, 169.42
1657375730.3946855,45.21, 168.64
1657375731.403648,43.43, 169.44
1657375732.4167912,43.29, 163.72
1657375733.4273398,48.40, 176.53
1657375734.4357536,49.35, 174.82
1657375735.4576433,50.24, 185.84
1657375736.4688785,52.82, 190.16
1657375737.4790614,46.00, 175.26
1657375738.4915287,42.62, 170.16
1657375739.5146055,49.62, 179.06
1657375740.525396,43.69, 168.46
1657375741.5449462,46.66, 175.07
1657375742.5563583,44.90, 176.86
1657375743.5671587,46.26, 172.40
1657375744.5793035,48.19, 177.79
1657375745.6036692,46.17, 179.21
1657375746.6257703,48.36, 176.56
1657375747.6341004,45.55, 183.77
1657375748.6500435,43.72, 165.99
1657375749.659717,44.43, 169.95
1657375750.669866,49.90, 180.65
1657375751.6935258,51.56, 186.67
1657375752.7034843,47.30, 182.85
1657375753.7178743,41.69, 166.06
1657375754.7312021,43.72, 165.25
1657375755.7431355,45.47, 173.09
1657375756.7572217,41.20, 161.63
1657375757.7668433,42.70, 162.67
1657375758.7846725,44.84, 169.30
1657375759.7956946,47.54, 176.71
1657375760.8170245,46.65, 178.73
1657375761.8274236,47.54, 169.56
1657375762.846536,46.43, 183.92
1657375763.8681076,47.46, 181.68
1657375764.888684,52.10, 184.09
1657375765.8972445,46.84, 178.81
1657375766.9080272,49.41, 186.39
1657375767.916761,47.15, 176.42
1657375768.9281209,46.17, 177.13
1657375769.9378047,47.18, 174.97
1657375770.9493198,48.62, 188.83
1657375771.960375,46.59, 171.20
1657375772.9821265,44.48, 169.74
1657375773.9908605,44.17, 167.21
1657375775.0036805,47.13, 175.39
1657375776.01637,47.18, 179.26
1657375777.029828,43.66, 164.91
1657375778.0420096,45.23, 165.44
1657375779.0548792,44.71, 172.27
1657375780.0758724,44.37, 166.17
1657375781.0915425,47.91, 181.84
1657375782.1031094,46.23, 178.62
1657375783.1123714,46.46, 170.62
1657375784.1228445,45.57, 170.36
1657375785.1330907,49.86, 183.50
1657375786.1438835,50.22, 188.92
1657375787.1574473,47.48, 178.28
1657375788.1808178,45.05, 166.74
1657375789.1906822,47.06, 177.70
1657375790.206034,49.70, 180.32
1657375791.215844,47.99, 188.51
1657375792.2237315,46.60, 175.88
1657375793.2393136,46.64, 173.57
1657375794.2533839,46.82, 178.14
1657375795.2757862,48.79, 180.80
1657375796.2968938,47.49, 182.06
1657375797.319798,44.83, 173.96
1657375798.337545,52.05, 202.68
1657375799.3472652,46.38, 173.38
1657375800.360777,52.52, 185.44
1657375801.376391,48.05, 192.98
1657375802.3887534,51.61, 188.31
1657375803.399172,51.46, 187.42
1657375804.4220717,50.92, 196.32
1657375805.433105,49.91, 176.74
1657375806.4448373,49.66, 191.37
1657375807.4679801,48.62, 182.37
1657375808.4897966,47.36, 176.37
1657375809.502046,46.58, 176.17
1657375810.5259476,46.26, 169.45
1657375811.5353515,46.54, 178.82
1657375812.5466795,48.76, 178.55
1657375813.557788,41.82, 162.16
1657375814.572054,42.53, 169.06
1657375815.585777,48.66, 173.16
1657375816.5962958,47.45, 185.65
