ts,ul_kBps,dl_kBps
1657291088.748033,0.20, 0.62
1657291089.7849386,10.85, 20.40
1657291090.8185086,16.73, 229.55
1657291091.8585553,3.66, 132.74
1657291092.8918238,15.93, 1796.22
1657291093.9169195,25.09, 168.05
1657291094.9315505,22.12, 1732.93
1657291095.9571397,6.99, 997.84
1657291096.9800816,28.16, 12591.40
1657291098.0051105,9.82, 6278.88
1657291099.0253463,29.10, 12658.23
1657291100.0491648,28.67, 15576.39
1657291101.0674713,21.59, 12638.28
1657291102.0837884,25.85, 14051.19
1657291103.1060214,291.49, 11019.83
1657291104.131016,28.09, 15699.15
1657291105.150525,41.37, 18340.61
1657291106.1717951,21.60, 10125.04
1657291107.1878378,11.19, 6174.32
1657291108.210104,1.62, 252.23
1657291109.2365324,0.29, 1.83
1657291110.248805,4.30, 21.89
1657291111.322643,49.85, 5420.57
1657291112.3562193,35.64, 5633.05
1657291113.371267,31.52, 3063.10
1657291114.3985362,27.91, 2978.06
1657291115.4255686,33.33, 2899.56
1657291116.4479978,32.53, 2758.13
1657291117.4666975,30.55, 2683.35
1657291118.4999335,31.94, 2773.17
1657291119.529484,31.30, 2993.72
1657291120.5668714,30.92, 2883.73
1657291121.6013417,33.84, 3057.66
1657291122.6368217,32.69, 3074.58
1657291123.6778166,30.40, 2831.39
1657291124.7060158,31.61, 2860.63
1657291125.7349641,39.69, 2856.76
1657291126.7762072,41.44, 3024.80
1657291127.8174577,23.27, 1804.10
1657291128.8576753,10.39, 12.51
1657291129.8928714,11.41, 14.08
1657291130.9287007,12.61, 13.50
1657291131.9609168,9.41, 29.75
1657291133.0007029,11.17, 1001.98
1657291134.0270414,18.07, 948.76
1657291135.054753,10.36, 268.99
1657291136.0828974,13.07, 1592.61
1657291137.116801,9.04, 33.80
1657291138.1480901,10.21, 32.80
1657291139.1720972,11.86, 33.77
1657291140.1958418,10.91, 34.01
1657291141.221121,12.67, 38.53
1657291142.2529626,11.62, 37.48
1657291143.2802975,11.82, 38.16
1657291144.3023114,11.79, 39.56
1657291145.3308604,11.82, 53.10
1657291146.367354,12.26, 51.02
1657291147.393713,11.63, 51.13
1657291148.4295015,13.18, 165.81
1657291149.4533947,24.85, 1239.98
1657291150.4967854,20.53, 4479.60
1657291151.5185945,16.39, 67.61
1657291152.5458233,11.85, 63.13
1657291153.5857594,15.52, 75.05
1657291154.608602,10.01, 64.92
1657291155.6466117,14.53, 71.41
1657291156.6832194,14.81, 65.10
1657291157.7159214,13.10, 61.74
1657291158.7513719,27.18, 6715.99
1657291159.7752426,13.26, 57.25
1657291160.8142319,13.44, 65.21
1657291161.8548257,15.35, 71.87
1657291162.8886285,14.68, 74.75
1657291163.9287033,16.13, 76.51
1657291164.9611814,13.97, 72.52
1657291165.994747,18.62, 79.49
1657291167.0306942,13.72, 82.75
1657291168.0596278,13.72, 83.45
1657291169.0961947,15.12, 76.70
1657291170.1295848,15.07, 85.77
1657291171.1668499,16.03, 85.25
1657291172.1984107,25.52, 5404.50
1657291173.2281144,15.28, 86.03
1657291174.2585442,15.15, 88.16
1657291175.2854292,15.08, 83.86
1657291176.3158364,16.86, 87.20
1657291177.338805,15.72, 87.58
1657291178.3800051,14.58, 84.47
1657291179.4111004,15.11, 84.51
1657291180.43623,12.78, 85.87
1657291181.4657345,12.93, 84.24
1657291182.4960525,11.96, 79.63
1657291183.523767,12.47, 81.98
1657291184.5588284,11.69, 83.30
1657291185.5964353,12.87, 122.30
1657291186.627623,12.01, 80.36
1657291187.6532185,12.26, 80.06
1657291188.6853974,12.68, 76.69
1657291189.7125986,14.40, 75.72
1657291190.7519321,12.41, 75.23
1657291191.7866938,13.58, 74.09
1657291192.8233414,13.56, 74.81
1657291193.8636193,12.32, 77.67
1657291194.8977385,12.74, 88.76
1657291195.9278111,13.65, 86.26
1657291196.965154,14.38, 88.53
1657291198.0093517,13.38, 87.00
1657291199.045394,13.80, 80.65
1657291200.0798185,12.61, 79.00
1657291201.1251843,15.08, 80.62
1657291202.158443,14.50, 85.25
1657291203.186209,14.55, 104.53
1657291204.2253428,15.25, 76.51
1657291205.2625813,15.64, 76.39
1657291206.294137,16.09, 80.22
1657291207.325559,16.77, 72.81
1657291208.353391,15.44, 73.61
1657291209.3957696,25.42, 81.74
1657291210.42853,17.10, 71.49
1657291211.4757473,16.12, 91.33
1657291212.5081754,13.56, 75.23
1657291213.5440323,13.08, 68.52
1657291214.577882,13.32, 70.48
1657291215.6207974,15.25, 69.28
1657291216.6510417,14.52, 74.11
1657291217.685811,13.93, 71.03
1657291218.7222626,13.04, 72.75
1657291219.760292,11.46, 75.06
1657291220.7862787,10.93, 70.51
1657291221.8128743,14.36, 72.37
1657291222.8488948,15.37, 69.00
1657291223.8882318,13.85, 71.46
1657291224.9198556,14.35, 85.82
1657291225.9516387,13.32, 70.79
1657291226.9885948,17.22, 80.05
1657291228.0162039,13.41, 70.83
1657291229.0540833,15.21, 72.60
1657291230.0929718,10.95, 69.58
1657291231.1271942,14.10, 70.70
1657291232.1664758,13.04, 74.59
1657291233.1868155,11.82, 69.89
1657291234.2220428,10.48, 74.02
1657291235.2561944,11.85, 74.20
1657291236.2828755,12.86, 68.57
1657291237.317727,12.91, 80.87
1657291238.3491235,12.30, 69.22
1657291239.4018285,12.33, 75.98
1657291240.447328,16.57, 78.77
1657291241.4831705,19.34, 86.18
1657291242.5265694,16.48, 91.59
1657291243.5585802,14.81, 75.93
1657291244.594155,12.17, 71.47
1657291245.6355443,17.54, 75.35
1657291246.6669655,14.36, 79.63
1657291247.706915,12.49, 76.23
1657291248.7451794,15.59, 74.12
1657291249.7820547,13.04, 76.50
1657291250.8174393,14.61, 77.63
1657291251.849217,14.08, 75.68
1657291252.8935523,13.14, 75.36
1657291253.9295852,13.71, 77.13
1657291254.9672923,13.40, 75.88
1657291256.0090964,14.76, 78.82
1657291257.045774,14.21, 77.54
1657291258.0871887,14.32, 76.57
1657291259.125434,13.57, 68.02
1657291260.1597154,13.06, 74.21
1657291261.1897376,13.57, 77.55
1657291262.2297354,13.99, 70.57
1657291263.2572386,12.68, 71.78
1657291264.2913585,13.60, 69.37
1657291265.315918,13.45, 77.75
1657291266.355708,14.01, 73.65
1657291267.3884943,14.00, 77.14
1657291268.4107437,12.82, 75.71
1657291269.4466896,13.20, 75.23
1657291270.48737,22.37, 86.96
1657291271.520083,13.50, 76.88
1657291272.5546048,12.88, 74.19
1657291273.5911489,12.84, 77.83
1657291274.623142,13.49, 70.73
1657291275.6578085,13.15, 77.94
1657291276.705593,14.09, 74.81
1657291277.7417846,13.16, 73.09
1657291278.7772732,12.77, 75.66
1657291279.812055,12.91, 76.48
1657291280.8527658,13.55, 79.32
1657291281.8876126,11.22, 80.22
1657291282.921186,10.55, 73.97
1657291283.9619293,13.11, 73.09
1657291284.9921567,15.76, 81.30
1657291286.0217924,13.07, 72.90
1657291287.047109,13.60, 73.64
1657291288.0866253,16.21, 75.47
1657291289.1179175,13.66, 75.05
1657291290.159025,12.58, 73.68
1657291291.1932108,14.27, 78.48
1657291292.2192302,13.60, 76.82
1657291293.2607143,12.09, 76.18
1657291294.2958434,12.20, 77.79
1657291295.3327289,11.36, 76.52
1657291296.3662295,13.78, 77.64
1657291297.4052074,14.20, 77.97
1657291298.4295251,12.56, 77.15
1657291299.4605043,10.74, 73.61
1657291300.4911323,13.07, 79.67
1657291301.5200176,13.67, 70.22
1657291302.5483627,12.38, 67.12
1657291303.5783825,12.05, 69.39
1657291304.6091492,12.85, 79.01
1657291305.6385255,12.60, 77.36
1657291306.676347,14.83, 83.30
1657291307.7173038,13.09, 76.41
1657291308.760732,16.06, 76.45
1657291309.8026204,12.03, 77.68
1657291310.83552,12.68, 72.99
1657291311.8695326,13.90, 75.36
1657291312.904705,11.61, 73.56
1657291313.940064,11.48, 74.88
1657291314.9689567,10.61, 84.48
1657291316.0073712,11.78, 73.36
1657291317.0475783,13.96, 76.20
1657291318.089114,11.77, 77.41
1657291319.1225226,18.61, 233.85
1657291320.1617098,12.47, 77.31
1657291321.203588,13.39, 78.92
1657291322.23354,13.95, 77.25
1657291323.2630835,14.80, 74.54
1657291324.3056948,12.94, 72.54
1657291325.3374748,19.05, 76.86
1657291326.370501,13.65, 73.23
1657291327.4047108,13.84, 78.75
1657291328.4451864,15.55, 81.36
1657291329.4888227,12.39, 77.25
1657291330.5267217,12.49, 74.48
1657291331.5518348,21.73, 79.25
1657291332.5829182,17.39, 73.19
1657291333.627502,13.84, 75.92
1657291334.6599863,12.87, 69.59
1657291335.69033,20.69, 86.70
1657291336.7327712,15.28, 75.98
1657291337.7686057,12.51, 73.31
1657291338.8030288,13.29, 77.02
1657291339.8421662,13.45, 69.36
1657291340.8689804,14.45, 465.92
1657291341.9108558,13.89, 71.79
1657291342.939847,12.65, 75.72
1657291343.977854,12.33, 72.34
1657291345.0168788,14.28, 73.38
1657291346.0603757,13.09, 71.97
1657291347.094061,13.76, 74.00
1657291348.139438,16.19, 78.37
1657291349.1794534,13.12, 73.85
1657291350.2075746,14.19, 74.79
1657291351.2367141,13.76, 79.97
1657291352.2726412,15.90, 76.49
1657291353.3007138,13.08, 68.25
1657291354.3359044,13.90, 75.94
1657291355.3787344,13.89, 70.93
1657291356.4187338,12.25, 71.36
1657291357.4515839,16.95, 106.32
1657291358.4839063,14.49, 72.82
1657291359.5253549,15.63, 74.93
1657291360.5530753,14.38, 67.06
1657291361.585104,16.38, 78.64
1657291362.6247685,15.37, 71.26
1657291363.662847,13.84, 73.88
1657291364.6921754,14.72, 75.26
1657291365.7295933,13.98, 74.74
1657291366.7709131,14.27, 74.83
1657291367.8063588,11.82, 75.66
1657291368.8352864,13.41, 70.42
1657291369.8628912,14.07, 73.43
1657291370.8923979,13.28, 69.35
1657291371.931405,15.89, 74.93
1657291372.9675555,15.09, 71.77
1657291374.0045116,20.68, 92.47
1657291375.0410213,14.51, 69.38
1657291376.0782766,14.70, 67.25
1657291377.1182916,16.82, 71.34
1657291378.1553764,13.94, 72.36
1657291379.1982067,16.74, 83.77
1657291380.2355018,14.57, 74.75
1657291381.2626479,15.19, 71.76
1657291382.3083823,15.78, 80.49
1657291383.3505664,16.68, 81.83
1657291384.3801653,12.28, 77.16
1657291385.4135687,15.55, 80.44
1657291386.4567733,15.31, 85.03
1657291387.489727,16.14, 85.71
1657291388.524045,13.55, 81.26
1657291389.5496354,15.72, 79.17
1657291390.590079,15.15, 80.30
1657291391.6276774,18.35, 85.25
1657291392.6613626,19.24, 85.04
1657291393.7062218,13.65, 81.98
1657291394.7432308,13.69, 74.36
1657291395.777259,16.23, 87.64
1657291396.813174,16.57, 89.32
1657291397.8546984,14.79, 86.53
1657291398.886518,14.81, 86.84
1657291399.9163663,12.66, 81.83
1657291400.949152,14.58, 78.27
1657291401.9846058,15.42, 82.39
1657291403.0234368,13.54, 84.86
1657291404.05191,16.00, 224.28
1657291405.0890374,39.82, 141.82
1657291406.1274557,19.59, 94.65
1657291407.1639822,15.43, 85.22
1657291408.20129,17.13, 82.79
1657291409.2432508,15.59, 82.39
1657291410.289729,15.28, 80.79
1657291411.3321474,14.98, 81.73
1657291412.3715408,15.82, 80.31
1657291413.4064376,18.81, 91.81
1657291414.438146,14.20, 87.65
1657291415.474244,16.71, 85.69
1657291416.5155978,13.76, 81.13
1657291417.5541759,14.99, 84.73
1657291418.5996132,14.38, 84.95
1657291419.635839,15.73, 83.08
1657291420.6692624,15.46, 82.46
1657291421.7111065,18.62, 84.41
1657291422.7444632,15.69, 82.67
1657291423.7879727,14.81, 78.76
1657291424.8162441,15.83, 84.69
1657291425.852536,18.04, 90.68
1657291426.8797545,16.06, 82.12
1657291427.910195,13.03, 85.86
1657291428.947137,13.25, 87.00
1657291429.9815717,14.93, 80.06
1657291431.0256846,13.48, 83.27
1657291432.0617483,16.24, 82.55
1657291433.096334,14.12, 90.92
1657291434.1354942,16.64, 889.61
1657291435.170027,14.18, 85.04
1657291436.2051876,10.70, 88.23
1657291437.253035,14.43, 88.37
1657291438.3121467,18.90, 94.91
1657291439.360732,15.41, 84.53
1657291440.3962474,16.25, 88.17
1657291441.421112,15.82, 82.49
1657291442.4605086,16.51, 84.83
1657291443.4971383,16.05, 85.40
1657291444.5254855,13.70, 19.80
1657291445.557494,13.13, 1.85
1657291446.5916564,12.81, 1.49
1657291447.618348,14.76, 1.72
1657291448.6437554,16.47, 1.76
1657291449.6745646,13.73, 1.59
1657291450.710892,13.51, 1.70
1657291451.7335432,12.99, 1.45
1657291452.7686367,12.90, 1.85
1657291453.7997472,16.37, 4.79
1657291454.8247137,13.07, 2.05
