ts,ul_kBps,dl_kBps
1656860765.053668,0.34, 0.19
1656860766.0896401,4.01, 24.04
1656860767.110597,27.70, 2275.84
1656860768.1232917,10.83, 663.40
1656860769.179514,17.41, 2435.33
1656860770.2143855,3.99, 28.84
1656860771.232464,12.71, 3932.86
1656860772.2553356,14.64, 5975.15
1656860773.2748506,20.09, 6501.57
1656860774.2971148,14.74, 6230.87
1656860775.3334804,14.70, 6661.99
1656860776.3568337,14.68, 6260.00
1656860777.3777173,15.15, 6433.90
1656860778.4127116,12.77, 4818.16
1656860779.4454453,15.10, 6511.56
1656860780.4729433,16.56, 6736.85
1656860781.4950945,14.18, 5903.35
1656860782.517485,18.36, 6776.31
1656860783.5474415,36.51, 6516.06
1656860784.5746982,46.92, 6599.52
1656860785.605147,54.42, 6678.77
1656860786.6281445,55.22, 6840.27
1656860787.6431558,54.45, 6848.99
1656860788.6641839,49.42, 6320.12
1656860789.6940064,53.67, 6567.67
1656860790.7258885,50.98, 6434.50
1656860791.7434409,51.85, 6873.44
1656860792.760187,56.00, 6613.19
1656860793.7860005,9.27, 3566.64
1656860794.8012102,18.28, 5704.47
1656860795.822642,25.42, 6290.48
1656860796.857873,15.76, 6718.99
1656860797.8835247,15.54, 6250.18
1656860798.9171124,14.93, 6491.77
1656860799.938167,3.44, 985.80
1656860800.9659297,0.52, 2.92
1656860801.98394,0.41, 0.24
1656860803.0056336,5.83, 17.65
1656860804.0358255,22.75, 3042.90
1656860805.0725956,13.92, 22.03
1656860806.0969727,11.23, 1.60
1656860807.1268542,12.02, 1.59
1656860808.1608093,10.99, 1.34
1656860809.1890702,11.70, 1.62
1656860810.2180398,11.26, 1.74
1656860811.2506454,11.24, 1.46
1656860812.279242,11.06, 1.80
1656860813.3120477,11.37, 1.51
1656860814.341516,10.99, 2.08
1656860815.3669875,11.18, 1.39
1656860816.4015036,11.03, 1.47
1656860817.437183,10.99, 1.62
1656860818.4689398,11.32, 1.40
1656860819.5037603,12.09, 7.76
1656860820.5287333,11.28, 1.41
1656860821.5573184,11.04, 1.74
1656860822.5871341,10.08, 1.56
1656860823.6172848,11.38, 1.61
1656860824.6454053,10.70, 1.72
1656860825.6866257,17.53, 14.87
1656860826.7106175,10.56, 1.60
1656860827.7426639,9.48, 1.52
1656860828.7707324,12.02, 1.69
1656860829.7991872,11.97, 4.24
1656860830.8325632,11.76, 1.20
1656860831.8675141,12.71, 1.19
1656860832.895516,12.16, 0.74
1656860833.9346464,17.42, 4.94
1656860834.9583077,22.08, 3.74
1656860835.9829433,11.06, 2.91
1656860837.0048108,14.47, 2.15
1656860838.0295997,21.28, 12.64
1656860839.0521064,15.38, 2.33
1656860840.077304,13.41, 9.65
1656860841.1096325,11.25, 1.55
1656860842.1337705,12.28, 4.47
1656860843.1659005,13.21, 2.68
1656860844.199002,12.70, 17.96
1656860845.237877,12.14, 71.28
1656860846.2650242,12.69, 57.94
1656860847.3010647,11.06, 1.72
1656860848.329663,10.83, 1.71
1656860849.3582237,10.86, 2.24
1656860850.389499,16.77, 9.70
1656860851.4204907,10.68, 1.64
1656860852.4425044,10.93, 1.62
1656860853.4640684,11.55, 1.55
1656860854.4919388,10.31, 1.67
1656860855.528903,10.68, 1.52
1656860856.5551255,10.49, 1.49
1656860857.5826814,10.51, 1.60
1656860858.608583,11.91, 1.71
1656860859.6379874,10.21, 1.58
1656860860.673075,11.01, 1.64
1656860861.7008617,10.69, 1.55
1656860862.7247424,10.14, 1.64
1656860863.7605195,11.36, 1.54
1656860864.7901483,10.99, 1.80
1656860865.8237379,11.63, 1.76
1656860866.852909,12.11, 2.29
1656860867.8867488,13.83, 7.96
1656860868.9182222,11.32, 1.47
1656860869.944676,11.19, 1.79
1656860870.9812236,8.28, 1.29
1656860872.0113006,10.27, 1.68
1656860873.048203,15.45, 18.63
1656860874.0799463,11.94, 1.65
1656860875.1066048,11.79, 291.08
1656860876.1260536,11.57, 212.80
1656860877.1638365,14.83, 755.59
1656860878.2052069,18.96, 1501.00
1656860879.2448852,26.00, 2808.72
1656860880.27009,14.94, 768.03
1656860881.3069253,10.50, 1.57
1656860882.337876,11.01, 1.65
1656860883.3757467,11.18, 1.61
1656860884.4153144,14.54, 4.91
1656860885.4486227,10.28, 1.77
1656860886.480222,13.15, 2.04
1656860887.5125673,11.22, 1.70
1656860888.5391128,10.98, 1.47
1656860889.5688355,9.96, 1.38
1656860890.6030967,11.90, 1.53
1656860891.6296072,10.84, 1.44
1656860892.661051,11.01, 1.64
1656860893.6899219,10.84, 1.25
1656860894.7226312,11.39, 1.39
1656860895.7517188,11.26, 1.61
1656860896.7917082,10.76, 1.46
1656860897.8272593,11.12, 1.44
1656860898.858067,11.41, 1.55
1656860899.883392,10.37, 1.51
1656860900.9177022,8.18, 1.45
1656860901.9505205,8.55, 1.24
1656860902.9807215,10.35, 1.47
1656860904.018476,11.70, 1.42
1656860905.0613596,10.69, 1.68
1656860906.092742,11.63, 1.74
1656860907.1220045,10.57, 1.63
1656860908.1528587,11.97, 1.55
1656860909.1763177,10.67, 1.56
1656860910.2074337,10.62, 1.50
1656860911.242657,10.56, 1.70
1656860912.2728517,11.02, 1.58
1656860913.2988052,11.43, 1.48
1656860914.3272161,10.54, 1.48
1656860915.3594093,10.71, 1.60
1656860916.3968408,10.30, 1.52
1656860917.430305,12.85, 0.69
1656860918.4621038,11.26, 1.89
1656860919.499068,10.83, 1.55
1656860920.5302484,11.10, 1.90
1656860921.5606763,10.06, 1.65
1656860922.5842032,10.27, 1.36
1656860923.6163566,12.02, 1.64
1656860924.6439173,11.70, 1.04
1656860925.6771722,13.49, 2.43
1656860926.7004573,10.46, 3.35
1656860927.7278852,10.34, 1.35
1656860928.7585428,11.01, 1.64
1656860929.7938666,11.02, 1.59
1656860930.8251636,11.64, 2.32
1656860931.8510268,12.62, 8.05
1656860932.8864148,10.35, 1.55
1656860933.9089255,11.09, 1.64
1656860934.9399786,9.61, 1.60
1656860935.970873,10.69, 1.60
1656860937.00126,10.19, 1.54
1656860938.0330114,10.98, 1.65
1656860939.060397,10.84, 1.54
1656860940.087773,10.95, 1.54
1656860941.1225827,10.83, 1.88
1656860942.1647747,10.14, 1.49
1656860943.1996083,11.38, 1.51
1656860944.2355433,10.18, 1.60
1656860945.270674,10.58, 1.70
1656860946.2952714,10.69, 1.66
1656860947.3308482,10.08, 1.68
1656860948.367002,10.96, 1.64
1656860949.4001384,10.40, 1.42
1656860950.4331515,10.95, 1.81
1656860951.464969,10.34, 1.80
1656860952.489702,9.80, 1.20
1656860953.519558,10.58, 1.48
1656860954.5561082,10.30, 1.34
1656860955.5916662,11.74, 1.61
1656860956.6224291,10.63, 1.65
1656860957.6573482,10.27, 1.51
1656860958.691166,11.73, 1.62
1656860959.7238822,10.85, 1.55
1656860960.755459,11.21, 1.65
1656860961.788334,11.33, 1.50
1656860962.8141558,11.01, 1.57
1656860963.846235,11.94, 1.76
1656860964.875974,10.09, 1.59
1656860965.9059362,10.78, 1.69
1656860966.9400654,10.95, 2.17
1656860967.9739482,13.51, 7.77
1656860969.0040336,13.63, 1.87
1656860970.0362382,12.35, 0.91
1656860971.070215,13.39, 2.85
1656860972.1059043,10.33, 1.45
1656860973.15266,11.00, 1.41
1656860974.1859999,11.22, 1.50
1656860975.2152627,10.72, 1.51
1656860976.2514448,10.45, 1.52
1656860977.2905195,10.62, 1.44
1656860978.3275127,11.41, 1.49
1656860979.3699286,9.86, 1.51
1656860980.3994336,10.25, 1.53
1656860981.4334114,10.40, 1.60
1656860982.4589396,10.20, 1.41
1656860983.4949892,11.09, 1.50
1656860984.5247698,12.05, 0.60
1656860985.555328,11.25, 2.27
1656860986.5908344,13.05, 1.70
1656860987.6241772,10.57, 1.78
1656860988.6495492,10.76, 1.61
1656860989.6814814,10.56, 1.35
1656860990.7169726,10.62, 1.52
1656860991.7534566,12.04, 1.18
1656860992.783021,13.37, 1.74
1656860993.813898,11.41, 1.58
1656860994.8433704,10.88, 1.35
1656860995.8793495,10.33, 1.55
1656860996.9164326,9.98, 1.31
1656860997.9468975,9.91, 1.45
1656860998.98381,11.74, 1.36
1656861000.029049,12.47, 1.41
1656861001.0638099,10.93, 1.70
1656861002.0822275,10.37, 1.56
1656861003.1106763,10.53, 1.63
1656861004.1452706,11.12, 1.62
1656861005.1802907,10.66, 1.54
1656861006.2178311,10.99, 1.80
1656861007.2499657,11.14, 1.76
1656861008.2848802,13.35, 6.47
1656861009.3191621,10.36, 1.70
1656861010.3533883,11.43, 2.95
1656861011.3824208,10.21, 1.65
1656861012.4236996,10.42, 1.61
1656861013.4628863,11.34, 1.62
1656861014.4962125,10.31, 1.60
1656861015.5226316,9.63, 1.65
1656861016.5509312,9.56, 1.53
1656861017.5852895,10.20, 1.45
1656861018.6174827,11.67, 1.74
1656861019.6562645,11.21, 1.50
1656861020.6914024,10.36, 1.49
1656861021.726479,11.57, 1.56
1656861022.7642062,10.77, 1.42
1656861023.7972348,11.84, 1.69
1656861024.8254359,11.31, 7.73
1656861025.8613133,14.62, 5.22
1656861026.8956609,10.73, 1.66
1656861027.9311192,10.57, 1.63
1656861028.9701326,12.20, 1.64
1656861030.011832,10.59, 1.59
1656861031.033473,10.49, 1.74
1656861032.0635018,11.48, 1.60
1656861033.0969532,10.35, 1.55
1656861034.1277447,11.15, 1.79
1656861035.161737,10.95, 1.48
1656861036.1950884,10.47, 1.65
1656861037.249952,10.57, 1.52
1656861038.2803962,9.75, 1.32
1656861039.3141308,10.85, 1.65
1656861040.356075,11.13, 1.76
1656861041.3900661,10.87, 1.75
1656861042.434068,10.38, 1.55
1656861043.4749424,11.40, 1.64
1656861044.5117762,9.57, 1.50
1656861045.5439684,11.08, 1.68
1656861046.5819883,11.06, 1.70
1656861047.6167006,10.30, 1.55
1656861048.653247,11.17, 1.70
1656861049.6964345,13.39, 2.57
1656861050.734683,9.94, 1.59
1656861051.76185,9.95, 1.54
1656861052.7904823,10.23, 1.39
1656861053.824344,12.19, 2.09
1656861054.8726792,10.48, 1.51
1656861055.922541,10.38, 1.80
1656861056.9545238,10.42, 1.63
1656861057.99124,10.55, 1.53
1656861059.0257032,13.91, 0.81
1656861060.0605066,12.07, 1.76
1656861061.0975208,9.36, 1.42
1656861062.1338882,10.93, 1.71
1656861063.1689408,10.45, 1.61
1656861064.205185,11.77, 1.77
1656861065.2393024,11.67, 1.61
1656861066.2793405,10.59, 1.64
1656861067.3163052,10.72, 1.52
1656861068.3570218,11.29, 1.59
1656861069.3931355,12.01, 3.05
1656861070.4335794,10.96, 1.72
1656861071.4612584,12.89, 11.83
1656861072.485705,10.80, 2.58
1656861073.5190544,19.15, 16.65
1656861074.5562282,17.01, 101.39
1656861075.5946434,23.78, 2098.56
1656861076.6187103,7.84, 9.85
1656861077.6478639,10.93, 9.46
1656861078.680386,11.87, 14.29
1656861079.7175207,12.11, 13.74
1656861080.7505229,12.18, 11.72
1656861081.77692,11.98, 10.61
1656861082.8139791,11.59, 10.88
1656861083.842452,12.51, 12.11
1656861084.8757665,11.25, 11.40
1656861085.8987236,11.52, 10.41
1656861086.9324846,10.98, 12.42
1656861087.964411,11.44, 11.46
1656861089.0148487,12.38, 17.89
1656861090.0363522,12.24, 20.17
1656861091.0630646,11.17, 19.96
1656861092.100447,11.09, 19.31
1656861093.131231,11.82, 14.33
1656861094.1614478,14.98, 626.78
1656861095.1926875,16.16, 1205.15
1656861096.2129366,11.02, 16.22
1656861097.2402384,11.29, 18.90
1656861098.2729578,10.99, 14.50
1656861099.3023765,11.49, 17.94
1656861100.3363607,11.68, 17.63
1656861101.377566,11.75, 25.20
1656861102.4159577,15.82, 1003.05
1656861103.4520338,25.02, 2455.44
1656861104.483279,9.54, 22.81
1656861105.5150077,12.13, 23.62
1656861106.5470755,11.51, 19.00
1656861107.5932999,14.47, 22.47
1656861108.6314433,11.76, 30.24
1656861109.6638236,13.49, 35.91
1656861110.7037804,12.39, 30.07
1656861111.741323,12.62, 41.49
1656861112.7741175,17.25, 56.05
1656861113.818936,12.91, 35.17
1656861114.847942,12.72, 39.63
1656861115.8837636,12.47, 32.33
1656861116.92759,11.83, 27.76
1656861117.963468,11.48, 22.08
1656861118.9958162,17.17, 33.99
1656861120.0261707,11.65, 35.39
1656861121.0683787,12.34, 23.20
1656861122.095594,11.53, 33.55
1656861123.1325922,12.20, 38.68
1656861124.1731195,13.28, 47.35
1656861125.2112758,19.73, 1529.56
1656861126.2461405,10.87, 186.40
1656861127.2722607,12.10, 47.41
1656861128.3034322,10.79, 37.09
1656861129.3401415,12.08, 40.08
1656861130.3814175,12.95, 55.17
1656861131.4130802,13.20, 55.15
1656861132.4391599,15.61, 61.70
1656861133.4788852,16.31, 63.07
1656861134.5214982,31.54, 3175.26
1656861135.5788527,7.52, 54.47
1656861136.6012678,12.36, 47.30
1656861137.6243894,11.95, 58.75
1656861138.6647768,11.76, 37.37
1656861139.7080042,11.31, 32.21
1656861140.7522101,12.37, 46.56
1656861141.7892344,12.39, 54.31
1656861142.8276253,12.31, 46.79
1656861143.860404,12.81, 47.25
1656861144.8970985,14.29, 52.60
1656861145.9348419,12.76, 52.97
1656861146.961338,12.36, 52.87
1656861147.986301,12.44, 50.59
1656861149.024078,17.71, 57.24
1656861150.0631402,13.19, 51.78
1656861151.0910048,12.76, 51.02
1656861152.1234486,12.01, 58.26
1656861153.1581404,12.08, 56.04
1656861154.1912963,14.36, 52.44
1656861155.2323499,13.55, 51.79
1656861156.2617688,12.71, 62.17
1656861157.2870731,12.47, 54.11
1656861158.3163602,12.89, 53.70
1656861159.3463435,12.41, 68.57
1656861160.3763871,12.63, 54.28
1656861161.4127061,13.15, 71.54
1656861162.4509656,16.93, 760.87
1656861163.5141788,26.21, 2229.45
1656861164.5506213,12.96, 60.63
1656861165.582934,11.27, 52.43
1656861166.6125903,12.45, 58.14
1656861167.655377,11.54, 49.96
1656861168.6836321,11.42, 36.05
1656861169.7165816,12.36, 44.64
1656861170.758111,12.44, 47.36
1656861171.7938693,13.61, 62.10
1656861172.8236265,12.41, 56.56
1656861173.8541934,12.18, 49.30
1656861174.883907,12.63, 51.22
1656861175.911664,13.11, 54.25
1656861176.9438536,12.31, 49.72
1656861177.9754124,13.75, 56.84
1656861179.0068727,14.17, 64.29
1656861180.0462308,12.62, 57.53
1656861181.0831828,12.86, 56.05
1656861182.1147592,12.05, 47.28
1656861183.1533957,12.49, 51.89
1656861184.1813579,14.40, 60.39
1656861185.2147744,12.32, 56.03
1656861186.248396,16.60, 61.20
1656861187.2791936,12.67, 58.42
1656861188.309235,12.57, 58.80
1656861189.3461447,13.93, 65.02
1656861190.3736506,13.09, 63.90
1656861191.4127948,12.95, 58.41
1656861192.451139,12.72, 55.03
1656861193.4898143,12.18, 56.98
1656861194.5247264,13.48, 57.67
1656861195.549326,13.43, 67.80
1656861196.5905728,12.70, 67.49
1656861197.636194,12.26, 64.05
1656861198.661422,13.38, 68.29
1656861199.6978807,14.86, 69.03
1656861200.7289689,19.18, 72.19
1656861201.759926,15.04, 73.21
1656861202.7916772,13.96, 75.90
1656861203.8373091,13.10, 67.78
1656861204.8657362,14.46, 72.50
1656861205.893431,12.96, 61.08
1656861206.9237504,16.84, 72.41
1656861207.9633193,13.42, 64.47
1656861209.004607,14.18, 72.77
1656861210.0415995,13.22, 65.07
1656861211.074859,14.46, 74.38
1656861212.1062021,13.59, 72.59
1656861213.1419246,13.99, 72.08
1656861214.178299,14.96, 72.08
1656861215.2186227,13.28, 66.68
1656861216.2491643,13.48, 70.65
1656861217.2815173,13.14, 72.46
1656861218.3199158,13.21, 66.11
1656861219.357971,15.07, 72.57
1656861220.3978372,13.37, 66.85
1656861221.4353986,13.59, 68.31
1656861222.4741063,13.73, 73.71
1656861223.5179121,13.60, 65.57
1656861224.5453136,14.36, 55.41
1656861225.5813072,13.09, 58.58
1656861226.6173606,13.43, 58.21
1656861227.6444256,14.67, 71.70
1656861228.681338,14.27, 67.23
1656861229.707012,15.09, 76.22
1656861230.7460213,15.52, 77.38
1656861231.769098,15.95, 75.19
1656861232.8034313,13.11, 66.36
1656861233.8370857,14.08, 71.65
1656861234.8668718,13.20, 64.92
1656861235.9041595,13.25, 65.29
1656861236.9383025,13.40, 62.17
1656861237.9749281,12.91, 67.00
1656861239.01775,13.67, 64.30
1656861240.0630188,13.77, 68.67
1656861241.1108859,13.24, 73.55
1656861242.143014,14.55, 73.57
1656861243.1869714,13.62, 77.58
1656861244.216698,14.28, 75.92
1656861245.2517803,13.40, 74.19
1656861246.2855804,11.47, 36.08
1656861247.3206987,11.03, 40.36
