ts,ul_kBps,dl_kBps
1657521559.9462545,0.20, 0.13
1657521560.9911175,2.88, 8.18
1657521562.0503128,17.25, 1977.06
1657521563.1214,6.20, 86.00
1657521564.1590245,4.23, 590.63
1657521565.2063644,9.54, 2039.18
1657521566.2627778,6.29, 46.29
1657521567.3239093,11.15, 3050.40
1657521568.3737862,19.91, 8592.89
1657521569.4129257,21.73, 7033.42
1657521570.4639504,24.53, 6994.73
1657521571.4946404,24.46, 7115.68
1657521572.565037,20.28, 7083.94
1657521573.6912432,24.24, 5572.29
1657521574.7379305,4.25, 625.13
1657521575.7683432,2.37, 255.77
1657521576.7860193,3.57, 8.01
1657521577.8051686,0.56, 3.38
1657521578.823658,2.54, 39.88
1657521579.851499,1.36, 2.72
1657521580.8810167,1.13, 6.18
1657521581.918865,1.68, 1.72
1657521582.9723167,2.04, 58.55
1657521584.0291514,4.57, 180.22
1657521585.0879953,5.32, 95.35
1657521586.1825843,5.35, 877.88
1657521587.273262,8.90, 2566.47
1657521588.3282003,12.30, 3759.90
1657521589.380607,7.43, 2667.73
1657521590.430848,8.45, 7.83
1657521591.4909215,4.10, 8.01
1657521592.539306,1.71, 5.46
1657521593.5943193,3.78, 323.06
1657521594.6557047,15.22, 4008.18
1657521595.7132556,14.61, 3661.74
1657521596.7671342,14.38, 3786.53
1657521597.791515,4.27, 722.90
1657521598.8292475,2.78, 32.26
1657521599.8874426,2.08, 3.62
1657521600.9528167,1.45, 5.12
1657521602.0219002,1.02, 7.78
1657521603.0959997,1.48, 8.26
1657521604.18292,2.14, 21.43
1657521605.2713292,2.15, 7.85
1657521606.3502822,1.11, 8.75
1657521607.4379003,1.07, 6.06
1657521608.5159817,1.17, 9.67
1657521609.588802,1.72, 20.52
1657521610.6567,1.76, 1.67
1657521611.7396507,11.52, 34.22
1657521612.8110392,0.64, 3.81
1657521613.8825347,1.81, 18.80
1657521614.9589136,4.96, 3.30
1657521616.005869,1.07, 1.68
1657521617.0604584,0.78, 6.66
1657521618.1276662,1.22, 5.99
1657521619.2134464,1.71, 25.32
1657521620.2906878,1.58, 8.03
1657521621.3553739,1.26, 2.09
1657521622.4214916,0.62, 3.33
1657521623.5033245,0.96, 2.75
1657521624.57891,1.38, 17.01
1657521625.6406264,8.21, 8.64
1657521626.6924813,1.82, 6.52
1657521627.7351646,2.39, 6.96
1657521628.7829425,1.51, 3.82
1657521629.8233352,2.50, 18.40
1657521630.8692224,3.49, 451.17
1657521631.9152675,1.55, 31.31
1657521632.9699426,1.12, 33.94
1657521634.0210798,2.16, 21.86
1657521635.067508,2.68, 8.96
1657521636.1066787,23.92, 1985.33
1657521637.172061,51.68, 7852.46
1657521638.2268128,48.57, 7523.30
1657521639.2826705,54.25, 8078.43
1657521640.3467696,57.54, 8598.97
1657521641.4114866,53.84, 8220.39
1657521642.4685583,19.31, 2610.17
1657521643.5038667,1.67, 27.39
1657521644.5486295,11.62, 1394.71
1657521645.588875,8.80, 1705.32
1657521646.644241,2.66, 159.67
1657521647.7140646,3.29, 259.17
1657521648.7816727,4.14, 1030.51
1657521649.8623707,5.11, 844.51
1657521650.9340024,9.46, 3305.11
1657521652.0107524,1.63, 15.83
1657521653.0774782,1.86, 13.71
1657521654.1492553,2.13, 38.56
1657521655.2344537,6.75, 27.22
1657521656.310577,1.56, 21.88
1657521657.3839884,1.61, 14.17
1657521658.4332514,1.47, 12.65
1657521659.4831214,2.75, 50.89
1657521660.5428247,2.37, 31.73
1657521661.6098924,1.59, 14.99
1657521662.692531,1.17, 6.85
1657521663.7646687,0.86, 11.36
1657521664.8385653,1.60, 21.64
1657521665.9102335,1.62, 3.05
1657521666.9822721,1.22, 1.86
1657521668.064565,0.66, 2.32
1657521669.1355264,1.55, 18.87
1657521670.205707,4.71, 4.43
1657521671.2773328,1.06, 8.62
1657521672.3550196,1.00, 1.97
1657521673.4400783,0.81, 2.50
1657521674.514271,1.69, 26.69
1657521675.591717,1.71, 10.55
1657521676.6758175,0.81, 6.78
1657521677.7492442,1.25, 10.87
1657521678.8337255,1.11, 5.76
1657521679.9245927,0.96, 2.18
1657521681.0051467,1.23, 2.67
1657521682.08733,1.27, 2.38
1657521683.1614861,0.96, 6.03
1657521684.2448776,5.71, 165.44
1657521685.3050308,1.57, 7.27
1657521686.361815,0.80, 2.19
1657521687.4044352,1.21, 1.60
1657521688.4590924,0.79, 3.95
1657521689.5113277,14.17, 3183.06
1657521690.5814207,6.16, 1752.41
1657521691.6610284,1.16, 6.48
1657521692.7372916,1.14, 6.63
1657521693.8104813,0.64, 1.57
1657521694.869786,3.54, 20.61
1657521695.9570868,1.91, 5.83
1657521697.0299242,0.98, 14.44
1657521698.112691,0.97, 2.43
1657521699.197881,1.58, 20.74
1657521700.277675,2.38, 8.32
1657521701.3584023,0.94, 2.29
1657521702.413575,1.16, 2.21
1657521703.4809952,0.85, 2.11
1657521704.565814,2.97, 24.23
1657521705.6476119,1.92, 8.80
1657521706.7276752,0.80, 3.46
1657521707.8091507,1.01, 8.49
1657521708.8890562,1.39, 26.69
1657521709.9751449,0.92, 5.85
1657521711.0626001,1.62, 12.51
1657521712.1355715,1.02, 14.29
1657521713.2189772,0.95, 9.01
1657521714.2944193,2.48, 32.73
1657521715.3712676,2.10, 18.89
1657521716.4491894,1.40, 14.07
1657521717.5204535,1.98, 45.92
1657521718.610921,7.90, 30.08
1657521719.6948643,2.49, 34.85
1657521720.7701464,2.22, 14.47
1657521721.8580327,1.06, 8.61
1657521722.9329872,1.64, 21.38
1657521723.9805532,4.96, 39.65
1657521725.0321121,1.85, 21.17
1657521726.091841,0.81, 8.60
1657521727.145588,12.61, 34.02
1657521728.2229745,6.83, 58.19
1657521729.3098443,1.93, 26.47
1657521730.3891537,2.47, 13.43
1657521731.4659638,1.94, 11.84
1657521732.552869,2.35, 51.31
1657521733.6301389,1.33, 14.79
1657521734.70748,4.16, 29.16
1657521735.7806194,2.04, 13.22
1657521736.8358512,2.33, 18.08
1657521737.8935554,0.99, 10.66
1657521738.9533982,1.51, 22.56
1657521740.0267203,0.82, 14.39
1657521741.1009095,1.82, 14.70
1657521742.1809874,1.27, 2.73
1657521743.2626429,1.44, 8.67
1657521744.3471017,1.80, 22.14
1657521745.4064174,1.98, 11.30
1657521746.4649456,1.24, 16.11
1657521747.5397348,1.67, 9.93
1657521748.6118422,2.11, 10.24
1657521749.6809244,1.93, 27.70
1657521750.7517102,2.42, 16.51
1657521751.8241978,1.42, 5.76
1657521752.90337,1.08, 9.31
1657521753.9748688,1.42, 24.37
1657521755.054358,1.96, 10.75
1657521756.1406622,1.59, 3.73
1657521757.217551,0.85, 15.39
1657521758.2900796,1.08, 6.93
1657521759.37275,3.30, 27.04
1657521760.4513843,1.80, 17.10
1657521761.5375638,0.82, 9.31
1657521762.6151767,1.32, 10.94
1657521763.6915913,1.77, 15.54
1657521764.772998,2.84, 34.13
1657521765.833271,3.18, 12.85
1657521766.8946633,2.69, 11.60
1657521767.9586298,1.41, 9.13
1657521769.0113766,1.65, 30.80
1657521770.0855422,3.76, 9.27
1657521771.1630442,1.92, 3.83
1657521772.2350802,0.70, 2.00
1657521773.3166883,1.18, 7.78
1657521774.3956444,2.16, 37.96
1657521775.4732068,1.84, 13.20
1657521776.5447617,1.16, 8.31
1657521777.6268847,0.89, 2.05
1657521778.7030976,0.90, 2.33
1657521779.7821417,1.89, 20.55
1657521780.8492062,1.98, 3.18
1657521781.9178722,1.58, 30.76
1657521782.9790993,0.98, 7.94
1657521784.0537992,0.80, 3.60
1657521785.1857636,1.80, 17.81
1657521786.26178,2.50, 3.43
1657521787.3247662,0.92, 1.96
1657521788.3820398,1.19, 10.32
1657521789.4563878,2.40, 28.42
1657521790.5353315,2.70, 21.27
1657521791.605244,1.58, 8.49
1657521792.6790352,1.60, 10.68
1657521793.7549493,1.50, 7.82
1657521794.8237922,2.08, 27.21
1657521795.8953378,2.32, 7.03
1657521796.9704394,1.25, 6.93
1657521798.0422301,1.23, 5.45
1657521799.1228805,1.93, 21.31
1657521800.1784325,0.81, 5.48
1657521801.2448845,2.20, 5.79
1657521802.3157632,1.22, 3.18
1657521803.4008965,1.32, 6.65
1657521804.485212,1.76, 32.24
1657521805.5628839,2.36, 24.72
1657521806.6417525,1.81, 20.40
1657521807.721885,0.87, 10.15
1657521808.8039422,1.50, 11.54
1657521809.882093,1.78, 26.33
1657521810.9634717,1.82, 3.79
1657521812.0337145,1.07, 3.59
1657521813.1079662,1.71, 6.13
1657521814.1815486,1.70, 23.23
1657521815.2543747,1.25, 16.80
1657521816.336023,1.13, 13.65
1657521817.419218,7.45, 18.93
1657521818.4981353,0.94, 2.50
1657521819.5687733,1.40, 19.21
1657521820.640755,1.92, 4.31
1657521821.7054238,2.67, 2.92
1657521822.7816694,0.83, 1.87
1657521823.8664021,1.10, 2.62
1657521824.939857,1.67, 20.54
1657521826.0202243,3.61, 146.44
1657521827.1069026,1.12, 4.67
1657521828.1798625,1.17, 5.08
1657521829.2632735,1.78, 24.06
1657521830.3394718,6.64, 10.78
1657521831.4144485,1.46, 5.41
1657521832.4873765,4.64, 100.45
1657521833.565931,9.71, 3114.02
1657521834.6411777,15.95, 3554.10
1657521835.7188475,13.39, 3724.97
1657521836.7756634,6.52, 1750.01
1657521837.8074489,1.39, 9.49
1657521838.8627684,2.43, 18.85
1657521839.9524841,12.29, 62.28
1657521841.0191767,2.52, 16.67
1657521842.0999286,1.34, 7.12
1657521843.1622689,2.67, 7.94
1657521844.2362988,1.80, 18.36
1657521845.3054125,0.77, 7.65
1657521846.377699,1.70, 1.51
1657521847.4514613,1.17, 2.10
1657521848.518964,0.93, 12.31
1657521849.5709283,1.73, 31.56
1657521850.6254878,1.73, 13.51
1657521851.6781769,1.13, 15.86
1657521852.7223904,0.68, 10.18
1657521853.7607343,0.87, 6.60
1657521854.8201697,1.72, 22.57
1657521855.9034183,2.03, 12.63
1657521856.9860115,2.79, 782.18
1657521858.066917,0.73, 8.01
1657521859.154996,1.81, 28.67
1657521860.207902,1.23, 13.78
1657521861.2744174,3.50, 10.32
1657521862.3597465,1.28, 6.89
1657521863.4326313,0.65, 9.08
1657521864.494185,1.79, 24.81
1657521865.565737,2.10, 11.79
1657521866.650789,1.04, 2.27
1657521867.7240705,1.43, 10.14
1657521868.7995653,2.61, 5.28
1657521869.880024,1.64, 22.95
1657521870.9556317,1.74, 2.01
1657521872.031804,7.63, 17.38
1657521873.110889,2.41, 17.31
1657521874.1790807,1.50, 22.20
1657521875.2508614,0.94, 6.81
1657521876.3321335,1.99, 32.21
1657521877.412196,1.17, 9.62
1657521878.4880354,39.03, 623.47
1657521879.5602608,2.21, 36.39
1657521880.6336024,1.67, 16.18
1657521881.7299423,1.06, 16.06
1657521882.8042166,2.66, 15.71
1657521883.879935,0.68, 14.67
1657521884.9575331,2.17, 32.76
1657521886.040384,2.65, 11.44
1657521887.125385,1.21, 16.82
1657521888.2012262,0.88, 10.38
1657521889.2687201,1.90, 24.69
1657521890.3388193,1.37, 45.19
1657521891.411105,4.64, 18.36
1657521892.4801226,1.75, 16.12
1657521893.5688689,0.82, 7.63
1657521894.649701,1.95, 20.31
1657521895.7264016,1.81, 13.38
1657521896.8133605,1.18, 13.95
1657521897.9008803,2.89, 16.67
1657521898.979794,4.29, 19.04
1657521900.0843701,2.94, 31.06
1657521901.1608844,1.52, 11.14
1657521902.2308378,1.05, 16.43
1657521903.3079538,1.34, 16.31
1657521904.391401,2.76, 155.99
1657521905.460658,0.74, 19.37
1657521906.5373123,0.81, 16.59
1657521907.6089065,1.24, 20.49
1657521908.6827638,2.82, 11.01
1657521909.76615,2.21, 30.19
1657521910.8218286,2.16, 23.82
1657521911.8730817,1.26, 23.22
1657521912.9319956,1.14, 8.06
1657521913.9941194,0.85, 11.06
1657521915.0681574,1.90, 33.00
1657521916.1464725,2.04, 17.55
1657521917.2213745,1.61, 26.27
1657521918.272222,1.84, 29.28
1657521919.338595,2.24, 43.07
1657521920.4068193,2.19, 36.94
1657521921.4770916,2.67, 31.23
1657521922.543175,2.06, 33.30
1657521923.6169102,1.72, 23.96
1657521924.6876652,2.60, 40.30
1657521925.7630408,6.72, 941.12
1657521926.8324254,5.16, 797.51
1657521927.8922262,1.76, 25.42
1657521928.965898,1.77, 23.96
1657521930.0351033,2.44, 41.55
1657521931.1174593,2.26, 23.98
1657521932.1922128,1.55, 34.17
1657521933.2778034,1.64, 28.48
1657521934.3535767,1.86, 32.37
1657521935.43904,2.86, 126.40
1657521936.519558,2.39, 33.91
1657521937.588535,1.78, 33.43
1657521938.66157,1.66, 34.82
1657521939.743738,5.36, 44.79
1657521940.8239324,2.66, 32.53
1657521941.9028704,1.47, 38.05
1657521942.9751139,2.15, 25.56
1657521944.0463378,1.31, 23.58
1657521945.1207104,2.23, 41.15
1657521946.1856205,2.58, 19.81
1657521947.251512,1.53, 10.40
1657521948.324866,1.65, 11.45
1657521949.4022748,2.02, 49.32
1657521950.4781222,1.83, 30.75
1657521951.5545185,2.43, 16.15
1657521952.628013,1.68, 26.62
1657521953.7055757,4.17, 25.71
1657521954.7732258,2.37, 49.58
1657521955.851003,2.55, 33.12
1657521956.9265547,1.57, 31.90
1657521957.9812818,6.69, 42.61
1657521959.0453575,1.42, 19.60
1657521960.1386695,2.34, 46.28
1657521961.2310872,2.54, 19.94
1657521962.3053257,1.70, 12.38
1657521963.3826957,2.71, 16.03
1657521964.4525359,2.12, 33.47
1657521965.528629,1.70, 24.72
1657521966.59559,2.42, 27.54
1657521967.676477,1.93, 55.86
1657521968.7569702,1.50, 18.47
1657521969.845605,2.45, 72.37
1657521970.9267018,5.83, 53.02
1657521972.0038326,1.54, 23.56
1657521973.0895758,1.80, 24.88
1657521974.185126,2.24, 73.67
1657521975.260233,1.64, 29.66
1657521976.3306525,2.18, 20.91
1657521977.4107392,1.51, 22.81
1657521978.4878254,1.79, 20.09
1657521979.5723763,1.97, 27.13
1657521980.641132,1.58, 17.42
1657521981.710756,2.53, 23.53
1657521982.7784188,1.43, 24.51
1657521983.8653173,1.48, 22.37
1657521984.9438944,2.25, 49.98
1657521986.024961,2.77, 28.14
1657521987.1027243,1.91, 17.42
1657521988.166121,2.31, 26.12
1657521989.2338512,2.39, 47.03
1657521990.3000987,1.83, 29.54
1657521991.3659587,2.48, 14.74
1657521992.4288738,1.42, 25.53
1657521993.5018454,1.97, 23.64
1657521994.57733,2.26, 72.30
1657521995.647755,1.77, 41.69
1657521996.7120733,2.48, 16.84
1657521997.7799509,2.44, 26.18
1657521998.8441553,2.09, 21.81
1657521999.9146478,2.22, 43.14
1657522000.9875968,2.78, 19.33
1657522002.0562391,1.39, 14.88
1657522003.1359916,1.94, 33.30
1657522004.2176783,7.54, 46.21
1657522005.2873318,4.15, 22.75
1657522006.3544471,5.24, 20.56
1657522007.4280472,1.40, 18.23
1657522008.498767,2.01, 13.55
1657522009.5767941,2.13, 46.92
1657522010.6466308,1.57, 25.48
1657522011.7229059,2.58, 12.66
1657522012.8020556,1.36, 20.34
1657522013.8929195,1.88, 31.27
1657522014.9705005,2.47, 32.09
1657522016.0525327,2.37, 30.79
1657522017.1327674,1.70, 26.53
1657522018.2120507,1.69, 24.75
1657522019.2951703,2.17, 40.85
1657522020.3569524,1.29, 33.43
1657522021.4185371,2.60, 30.39
1657522022.4832604,1.73, 34.44
1657522023.5565715,2.00, 65.60
1657522024.6488085,2.41, 79.45
1657522025.7123566,1.79, 39.72
1657522026.775611,2.56, 41.19
1657522027.843149,1.61, 25.20
1657522028.883131,2.44, 147.19
1657522029.941526,3.35, 67.77
1657522030.9988356,2.83, 43.59
1657522032.0720599,1.75, 39.11
1657522033.151955,1.49, 43.54
1657522034.2079866,1.73, 38.81
1657522035.2811968,2.69, 72.86
1657522036.343693,2.89, 44.29
1657522037.405647,1.75, 44.27
1657522038.4776008,1.52, 32.78
1657522039.5561328,1.64, 33.47
1657522040.6073925,2.31, 57.89
1657522041.6633246,3.17, 31.12
1657522042.717426,1.79, 36.93
1657522043.7839286,1.94, 36.36
1657522044.863607,2.35, 51.19
1657522045.9388113,2.23, 32.67
1657522047.0038047,1.81, 34.50
1657522048.0741634,1.20, 20.74
1657522049.1354785,1.17, 19.21
1657522050.187825,1.46, 33.43
1657522051.2483242,1.87, 15.46
1657522052.3171039,0.84, 18.52
1657522053.3842852,0.74, 24.29
1657522054.45085,1.12, 22.39
1657522055.5143027,1.71, 30.30
1657522056.5866477,1.95, 16.29
1657522057.660409,0.90, 11.62
1657522058.7241886,1.27, 25.22
1657522059.780069,2.49, 37.54
1657522060.8600843,1.18, 25.67
1657522061.924238,1.95, 17.72
1657522062.9966414,1.31, 13.95
1657522064.0585692,0.92, 13.46
1657522065.1314797,1.77, 32.30
1657522066.2182882,1.79, 17.78
1657522067.2957907,1.19, 11.50
1657522068.3710587,0.82, 21.41
1657522069.4444919,1.07, 20.15
1657522070.5049536,1.82, 33.90
1657522071.5816007,1.94, 12.10
1657522072.6508665,0.92, 21.08
1657522073.716691,1.24, 14.11
1657522074.7837842,1.93, 34.83
1657522075.8485596,0.79, 17.38
1657522076.9158468,2.10, 13.29
1657522077.9845054,0.61, 8.46
1657522079.0570898,1.07, 12.99
1657522080.154998,2.73, 25.06
1657522081.2335036,1.83, 11.83
1657522082.3115768,1.07, 11.78
1657522083.3837867,4.23, 12.76
1657522084.464545,0.97, 18.74
1657522085.5359056,1.72, 41.07
1657522086.6160595,1.93, 22.12
1657522087.6985233,0.88, 21.15
1657522088.7603378,3.46, 22.13
1657522089.8174906,2.05, 39.25
1657522090.8871605,1.13, 21.01
1657522091.9588854,1.74, 21.52
1657522093.031493,1.46, 19.38
1657522094.1122665,0.88, 17.41
1657522095.1916301,1.78, 35.42
1657522096.268356,1.71, 14.72
1657522097.3465068,1.28, 21.54
1657522098.4235346,0.77, 22.57
1657522099.5017838,1.32, 16.05
1657522100.5770295,1.40, 36.72
1657522101.6533194,4.47, 23.01
1657522102.723854,1.01, 17.79
1657522103.7999163,0.83, 21.73
1657522104.8787098,2.00, 30.57
1657522105.9547954,0.83, 17.95
1657522107.038108,2.17, 20.30
1657522108.1237926,1.33, 9.92
1657522109.195837,1.48, 9.82
1657522110.2704923,1.67, 26.66
1657522111.3389184,1.64, 15.56
1657522112.4151964,1.29, 10.86
1657522113.48878,0.83, 16.43
1657522114.5679772,1.09, 22.53
1657522115.6509478,1.87, 33.79
1657522116.7331822,1.73, 22.42
1657522117.8092039,0.80, 14.30
1657522118.879602,0.89, 22.55
1657522119.9569008,1.68, 38.11
1657522121.033542,0.90, 14.98
1657522122.1008744,1.24, 16.17
1657522123.1690595,3.80, 6.32
1657522124.2357974,0.70, 7.51
1657522125.3133569,1.52, 23.99
1657522126.3876457,1.61, 7.93
1657522127.4585278,1.32, 12.85
1657522128.5318635,1.05, 9.60
1657522129.602286,3.32, 17.05
1657522130.6746056,1.65, 39.00
1657522131.7523658,1.83, 21.98
1657522132.833331,3.69, 23.35
1657522133.9146967,0.69, 16.81
1657522134.9884162,2.08, 40.95
1657522136.0610871,0.77, 16.50
1657522137.1231458,1.25, 23.62
1657522138.1983805,1.08, 24.32
1657522139.2743812,1.08, 23.51
1657522140.3337176,1.80, 33.65
1657522141.3941402,2.85, 24.51
1657522142.4695184,1.19, 16.76
1657522143.554546,0.86, 19.24
1657522144.6344416,1.16, 43.11
1657522145.7121074,1.71, 35.19
1657522146.7889295,1.89, 14.61
1657522147.8635373,1.06, 14.64
1657522148.9406428,0.94, 8.79
1657522150.0199435,1.66, 25.26
1657522151.0956361,0.93, 18.03
1657522152.1697376,1.78, 12.14
1657522153.2331612,0.73, 6.36
1657522154.293888,0.89, 23.22
1657522155.3730571,1.88, 33.69
1657522156.4489717,1.69, 10.90
1657522157.5261924,1.09, 19.96
1657522158.5949638,0.79, 11.00
1657522159.665281,1.08, 14.54
1657522160.7329586,2.08, 38.69
1657522161.8055658,1.84, 24.77
1657522162.875223,1.69, 27.60
1657522163.952433,1.00, 25.46
1657522165.0379844,1.83, 30.39
1657522166.0903447,1.26, 24.18
1657522167.1265607,2.36, 36.88
1657522168.1612275,3.59, 47.41
1657522169.2268784,3.13, 39.64
1657522170.3206303,2.62, 55.60
1657522171.3886802,1.79, 25.90
1657522172.4627855,4.61, 33.07
1657522173.5387595,2.38, 32.60
1657522174.6135566,1.63, 29.29
1657522175.6850927,2.53, 42.90
1657522176.7655053,1.57, 34.65
1657522177.8442364,2.67, 34.25
1657522178.9269745,1.86, 39.20
1657522179.9961324,2.48, 53.76
1657522181.0808344,1.76, 33.10
1657522182.1556206,2.33, 38.38
1657522183.224806,1.86, 34.65
1657522184.285981,1.44, 33.46
1657522185.3517723,2.42, 53.01
1657522186.4324892,1.75, 31.83
1657522187.5075889,2.58, 33.77
1657522188.5788,1.67, 34.69
1657522189.6409307,1.37, 33.19
1657522190.7073693,2.73, 49.65
1657522191.7739258,1.57, 33.56
1657522192.8505042,2.46, 25.46
1657522193.9299123,1.65, 33.08
1657522195.0120301,2.56, 55.21
1657522196.0893478,1.84, 37.74
1657522197.1681345,2.42, 34.77
1657522198.2287579,6.95, 53.92
1657522199.3022377,1.70, 40.74
1657522200.3607407,2.41, 60.18
1657522201.4305415,1.61, 43.87
1657522202.5045795,3.38, 39.20
1657522203.577197,1.23, 29.48
1657522204.6447937,1.02, 26.77
1657522205.7097354,1.92, 45.48
1657522206.779483,1.16, 54.20
1657522207.8491523,1.99, 51.11
1657522208.921877,0.88, 25.52
1657522209.9867253,1.79, 40.92
1657522211.0519128,1.26, 25.14
1657522212.1200228,1.85, 56.58
1657522213.1947608,1.30, 29.15
1657522214.2484698,0.88, 24.52
1657522215.3209548,1.88, 37.69
1657522216.3915055,3.54, 27.03
1657522217.4634168,1.78, 30.70
1657522218.528379,1.05, 23.17
1657522219.6036098,1.13, 22.99
1657522220.6911452,1.85, 45.08
1657522221.7503164,3.74, 832.89
1657522222.8034651,2.38, 29.49
1657522223.861891,1.80, 17.22
1657522224.9299545,2.13, 43.78
1657522226.000282,1.97, 35.40
1657522227.0664604,2.98, 16.66
1657522228.1478796,1.79, 25.64
1657522229.2139814,1.77, 29.42
1657522230.2743905,2.68, 56.25
1657522231.3445988,2.78, 42.75
1657522232.4284291,2.08, 48.18
1657522233.5061312,1.74, 36.99
1657522234.5734165,1.05, 36.34
1657522235.6390493,1.87, 50.60
1657522236.679947,0.95, 35.91
1657522237.743687,2.12, 17.32
1657522238.8143609,1.26, 32.47
1657522239.8899083,1.45, 51.16
1657522240.9609833,1.18, 38.79
1657522242.0444047,1.30, 31.30
1657522243.118309,2.49, 28.76
1657522244.1816988,1.02, 36.16
1657522245.252751,2.37, 58.95
1657522246.3168342,1.36, 34.78
1657522247.391034,1.83, 29.78
1657522248.4645345,1.58, 38.63
1657522249.5453298,1.36, 22.25
1657522250.6362822,2.22, 75.02
1657522251.7203367,4.34, 25.78
1657522252.8075922,1.53, 19.29
1657522253.894027,1.18, 31.49
1657522254.9710739,1.51, 49.29
1657522256.0358224,1.24, 25.24
1657522257.1045017,1.15, 23.07
1657522258.1654396,1.61, 16.85
1657522259.242751,1.15, 31.83
1657522260.3209674,1.31, 47.68
1657522261.3777401,1.21, 40.58
1657522262.4482276,1.79, 34.14
1657522263.526599,1.35, 33.86
1657522264.5985684,0.89, 29.12
1657522265.6933029,1.58, 40.75
1657522266.7619672,1.26, 28.13
1657522267.8352344,1.63, 32.62
1657522268.918764,1.17, 33.99
1657522269.99243,1.55, 34.80
1657522271.0412045,1.11, 30.22
1657522272.1049864,1.00, 32.44
1657522273.1705513,1.83, 28.68
1657522274.2295318,1.15, 31.85
1657522275.3073275,1.61, 51.96
1657522276.3767831,0.97, 17.34
1657522277.449527,1.93, 24.12
1657522278.5263448,1.95, 35.22
1657522279.6119394,1.12, 28.13
1657522280.687795,1.67, 52.85
1657522281.762661,1.25, 29.00
1657522282.8420734,2.25, 37.16
1657522283.9196227,1.23, 27.09
1657522284.9934142,2.56, 43.26
1657522286.0702055,1.06, 13.70
1657522287.1508012,1.24, 32.88
1657522288.2168977,2.12, 31.53
1657522289.2885258,1.43, 45.80
1657522290.3595655,1.56, 48.18
1657522291.432024,1.23, 11.75
1657522292.5078692,1.97, 34.48
1657522293.5836275,0.76, 26.85
1657522294.66111,1.08, 16.65
1657522295.7466443,1.64, 42.09
1657522296.8279984,1.04, 28.35
1657522297.9042199,1.75, 15.18
1657522298.9777293,3.45, 18.68
1657522300.0570579,1.47, 42.44
1657522301.1444023,1.13, 17.88
1657522302.2145174,1.42, 27.73
1657522303.2913435,1.80, 29.54
1657522304.3629165,1.27, 21.28
1657522305.4404962,1.51, 40.73
1657522306.5184283,0.88, 20.21
1657522307.5997446,1.88, 15.31
1657522308.6759856,0.94, 22.04
1657522309.7520742,0.97, 34.71
1657522310.8226576,1.87, 40.68
1657522311.876687,1.07, 33.12
1657522312.9465415,1.75, 30.11
1657522314.0354176,0.99, 31.85
1657522315.1080656,4.39, 52.28
1657522316.1908145,1.15, 27.30
1657522317.2655573,1.10, 26.77
1657522318.3480148,0.69, 18.41
1657522319.423907,1.20, 25.25
1657522320.4845495,4.51, 49.98
1657522321.5552087,1.16, 28.96
1657522322.62621,1.57, 15.74
1657522323.7015853,0.98, 20.16
1657522324.7595422,1.13, 25.76
1657522325.8279815,1.67, 28.52
1657522326.9035702,1.26, 18.07
1657522327.9743278,1.57, 24.44
1657522329.0490801,1.05, 22.72
1657522330.1244838,1.78, 51.67
1657522331.1950426,1.03, 26.66
1657522332.2784584,1.43, 24.57
1657522333.3355412,1.71, 27.71
1657522334.403332,0.92, 18.62
1657522335.4843373,2.23, 40.63
1657522336.5585546,1.09, 26.97
1657522337.6393418,1.70, 22.54
1657522338.713718,0.79, 20.66
1657522339.7847877,1.42, 3.55
1657522340.873357,2.14, 31.15
1657522341.9525654,1.00, 20.55
1657522343.0406003,1.74, 7.63
1657522344.1207182,1.40, 23.34
1657522345.203267,1.74, 71.10
1657522346.2819135,1.76, 50.82
1657522347.3625445,1.44, 16.38
1657522348.429695,1.16, 30.66
1657522349.5006733,1.22, 21.17
1657522350.5880446,1.51, 39.31
1657522351.6625936,1.12, 26.16
1657522352.7372782,1.92, 28.42
1657522353.8242276,0.72, 29.88
1657522354.905437,1.78, 48.28
1657522355.9860916,1.21, 30.46
1657522357.0606039,1.06, 32.25
1657522358.1434069,1.78, 15.79
1657522359.2260408,1.00, 31.34
1657522360.3113086,1.77, 42.33
1657522361.3824916,1.07, 20.38
1657522362.4538596,1.91, 31.79
1657522363.5264187,0.92, 23.60
1657522364.6117575,0.94, 34.59
1657522365.6939173,1.63, 37.48
1657522366.7763104,0.95, 27.41
1657522367.8586643,2.20, 28.24
1657522368.9359527,0.67, 33.27
1657522370.0169146,1.96, 43.62
1657522371.0868855,0.86, 30.96
1657522372.1598165,1.04, 30.32
1657522373.2193224,1.95, 35.93
1657522374.2880604,0.78, 27.31
1657522375.3612585,2.13, 43.60
1657522376.4193943,1.12, 26.85
1657522377.4569175,2.57, 31.65
1657522378.523818,1.80, 28.31
1657522379.5894542,1.24, 35.99
1657522380.6516855,1.68, 51.95
1657522381.6957455,0.97, 35.87
1657522382.7591624,1.82, 33.75
1657522383.8315737,0.96, 33.43
1657522384.9008834,1.79, 51.94
1657522385.96997,0.94, 39.26
1657522387.0456228,1.10, 31.87
1657522388.124792,1.66, 24.44
1657522389.2025144,0.96, 20.02
1657522390.263137,1.96, 33.08
1657522391.324797,1.25, 28.13
1657522392.3950016,1.12, 26.41
1657522393.4600952,1.74, 33.85
1657522394.5319936,1.04, 31.58
1657522395.6043818,1.85, 37.70
1657522396.661467,1.16, 28.24
1657522397.721455,1.96, 26.34
1657522398.7794611,0.88, 24.99
1657522399.8522816,0.99, 37.86
1657522400.9254658,1.46, 39.83
1657522401.995857,0.95, 35.32
1657522403.058429,4.95, 31.54
1657522404.1178355,1.37, 27.02
1657522405.1884034,1.82, 45.35
1657522406.2485664,0.90, 35.38
1657522407.307081,1.37, 36.92
1657522408.37177,1.91, 36.32
1657522409.4316664,1.03, 35.01
1657522410.5185893,2.05, 48.23
1657522411.5970974,1.31, 33.37
1657522412.6713676,1.82, 29.39
1657522413.741604,0.83, 36.93
1657522414.8128057,1.28, 33.75
1657522415.888109,1.96, 44.49
1657522416.9686556,0.76, 35.46
1657522418.050854,1.92, 36.22
1657522419.1193655,0.81, 35.43
1657522420.1832654,2.20, 52.95
1657522421.246691,0.94, 34.14
1657522422.320571,3.58, 37.13
1657522423.3970447,2.37, 20.80
1657522424.4624696,1.82, 25.73
1657522425.5283477,1.88, 33.65
1657522426.5936563,1.00, 26.06
1657522427.665362,2.84, 32.78
1657522428.7378194,1.08, 14.77
1657522429.8120966,1.45, 24.12
1657522430.8909044,1.77, 36.54
1657522431.9752405,1.11, 54.56
1657522433.0520668,1.97, 21.47
1657522434.1272721,0.91, 26.94
1657522435.1989453,1.91, 44.80
1657522436.2746673,1.34, 25.07
1657522437.3329375,0.83, 27.48
1657522438.4081526,7.09, 45.06
1657522439.4676125,1.35, 27.94
1657522440.511207,2.53, 47.20
1657522441.5727556,1.21, 31.52
1657522442.6503348,2.12, 35.88
1657522443.7208629,1.75, 30.41
1657522444.7933202,1.33, 44.93
1657522445.854017,2.19, 41.52
1657522446.917446,1.34, 37.80
1657522447.9864597,2.50, 43.19
1657522449.0543206,1.72, 50.60
1657522450.1236236,1.85, 53.63
1657522451.2027771,1.32, 21.85
1657522452.25536,2.21, 18.15
1657522453.2978292,2.22, 34.93
1657522454.3677573,0.98, 38.97
1657522455.4484105,1.73, 49.05
1657522456.5168207,0.95, 40.50
1657522457.5844955,1.11, 37.02
1657522458.6697247,2.18, 45.40
1657522459.7474506,1.73, 42.62
1657522460.8307528,2.38, 63.67
1657522461.9173398,1.83, 37.49
1657522462.9759374,2.46, 49.21
1657522464.021242,12.98, 58.63
1657522465.0888057,2.20, 56.01
1657522466.157093,1.35, 26.65
1657522467.221421,1.50, 32.87
1657522468.307523,2.82, 27.39
1657522469.376711,3.76, 41.36
1657522470.4495003,1.73, 48.32
1657522471.5236683,2.18, 22.69
1657522472.5960064,0.78, 25.61
1657522473.6829376,4.13, 27.35
1657522474.7539122,1.25, 53.85
1657522475.82363,2.09, 38.87
1657522476.8901668,0.89, 23.80
1657522477.9511783,1.74, 19.59
1657522479.0124516,2.02, 27.68
1657522480.0734406,1.63, 34.46
1657522481.1528916,1.17, 23.72
1657522482.2332087,0.74, 20.39
1657522483.305937,2.13, 45.10
1657522484.3727033,1.59, 22.56
1657522485.4481032,1.52, 37.64
1657522486.5244958,1.27, 24.81
1657522487.5997832,0.92, 22.53
1657522488.6853318,1.78, 20.42
1657522489.777157,0.81, 22.04
1657522490.8577151,2.07, 38.63
1657522491.9362962,0.82, 12.85
1657522492.9990442,1.81, 21.49
1657522494.0749524,1.52, 27.77
1657522495.1368217,2.16, 38.28
1657522496.2099254,1.99, 30.35
1657522497.2810035,1.26, 23.98
1657522498.3528042,1.84, 19.01
1657522499.4211333,1.18, 24.97
1657522500.4810379,1.52, 39.00
1657522501.5504825,1.19, 19.91
1657522502.630005,0.89, 21.82
1657522503.7133794,1.76, 16.69
1657522504.798255,3.71, 21.80
1657522505.8697593,1.62, 41.30
1657522506.9360108,1.26, 24.03
1657522508.0080569,1.57, 22.51
1657522509.0750628,1.21, 21.06
1657522510.1455774,1.67, 34.16
1657522511.2164857,1.09, 12.88
1657522512.2895358,1.05, 13.28
1657522513.354907,1.69, 11.54
1657522514.4174762,1.35, 14.00
1657522515.4864798,2.58, 33.48
1657522516.5569663,0.90, 9.28
1657522517.6237605,0.66, 13.50
1657522518.6892555,2.01, 10.38
1657522519.7547176,1.45, 35.06
1657522520.8265405,1.81, 59.02
1657522521.8996766,1.59, 18.40
1657522522.986106,2.16, 18.56
1657522524.05828,1.32, 5.69
1657522525.1356137,1.43, 25.81
1657522526.2104793,1.17, 7.81
1657522527.2677975,1.08, 10.81
1657522528.3380792,1.74, 16.42
1657522529.4110334,1.13, 17.39
1657522530.4845479,1.68, 32.08
1657522531.5688643,0.95, 16.48
1657522532.6434464,0.97, 14.82
1657522533.7176235,1.93, 15.01
1657522534.794569,1.18, 17.02
1657522535.8736863,1.68, 31.23
1657522536.9531863,1.00, 9.72
1657522538.026012,1.72, 13.52
1657522539.0981514,1.01, 3.90
1657522540.1752965,1.55, 18.33
1657522541.2402365,0.86, 7.90
1657522542.3177254,1.00, 15.89
1657522543.3963275,1.85, 15.29
1657522544.480916,1.46, 15.29
1657522545.565256,1.33, 32.84
1657522546.6392803,0.95, 16.09
1657522547.7123468,1.18, 4.84
1657522548.7830338,1.97, 2.60
1657522549.8612905,1.02, 5.11
1657522550.9304736,1.81, 28.11
1657522552.0101242,0.97, 8.32
1657522553.0805128,1.81, 2.94
1657522554.1520975,0.85, 13.72
1657522555.234327,1.85, 24.80
1657522556.3169568,0.99, 17.14
1657522557.3928285,0.99, 16.45
1657522558.4653888,1.66, 15.11
1657522559.5288427,1.15, 16.57
1657522560.5720606,1.57, 32.35
1657522561.621416,1.02, 16.58
1657522562.6632266,1.17, 14.72
1657522563.7021995,1.68, 17.01
1657522564.7479415,2.13, 22.51
1657522565.7936656,1.80, 34.46
1657522566.8532841,0.98, 13.19
1657522567.9101558,2.10, 17.61
1657522568.9537418,1.04, 10.07
1657522569.9984953,1.65, 27.71
1657522571.032737,1.00, 15.90
1657522572.0900846,1.22, 8.54
1657522573.16117,1.63, 16.29
1657522574.2376137,0.97, 16.34
1657522575.3110845,1.72, 27.79
1657522576.3843472,0.90, 16.98
1657522577.464637,1.25, 16.79
1657522578.5395522,2.03, 17.51
1657522579.611169,0.76, 15.83
1657522580.6906543,1.68, 32.98
1657522581.7659168,1.12, 15.26
1657522582.8464632,1.03, 12.61
1657522583.9276962,1.66, 11.29
1657522585.0043323,1.72, 32.69
1657522586.0845976,1.04, 15.06
1657522587.1545424,1.49, 16.99
1657522588.2398384,4.45, 12.94
1657522589.3175285,2.08, 18.58
1657522590.3959036,1.94, 35.67
1657522591.4818532,0.79, 13.28
1657522592.568335,1.22, 11.20
1657522593.6423135,1.48, 16.88
1657522594.7127542,1.42, 45.17
1657522595.782781,1.90, 64.29
1657522596.869715,0.77, 11.90
1657522597.9460287,1.03, 14.59
1657522599.0207655,1.64, 17.25
1657522600.1030912,1.85, 27.89
1657522601.1825492,0.77, 12.19
1657522602.272697,1.08, 21.14
1657522603.3478415,2.36, 25.40
1657522604.4200275,1.33, 50.55
1657522605.494868,3.20, 53.86
1657522606.5727599,2.10, 38.44
1657522607.6373003,2.77, 39.01
1657522608.7086482,3.15, 38.37
1657522609.7816758,2.17, 26.11
1657522610.8475,2.60, 36.85
1657522611.9182932,1.51, 25.70
1657522612.9847205,2.12, 26.08
1657522614.0606425,2.44, 26.73
1657522615.130479,2.37, 38.88
1657522616.207154,1.70, 17.37
1657522617.26955,1.79, 22.03
1657522618.3433545,2.42, 22.11
1657522619.4157603,2.08, 17.65
1657522620.4814756,2.45, 41.57
1657522621.5476246,1.59, 17.93
1657522622.6142602,1.59, 20.16
1657522623.6782622,2.96, 24.99
1657522624.7354426,1.58, 34.84
1657522625.8001716,3.04, 48.56
1657522626.8768935,2.33, 39.44
1657522627.9526026,2.39, 36.65
1657522629.0263,2.95, 32.47
1657522630.1049387,2.41, 48.72
1657522631.1814687,1.68, 31.72
1657522632.2423267,1.99, 32.24
1657522633.2860506,2.94, 31.75
1657522634.3461602,1.59, 14.79
1657522635.4091094,2.42, 34.75
1657522636.4883313,1.74, 30.05
1657522637.5534317,4.54, 26.80
1657522638.611545,13.21, 41.55
1657522639.664531,4.95, 59.86
1657522640.7153542,2.88, 33.82
1657522641.7713618,4.35, 17.38
1657522642.8168836,1.94, 22.34
1657522643.8757405,3.15, 34.41
1657522644.928262,1.61, 18.28
1657522645.989244,2.16, 28.24
1657522647.048556,1.74, 11.06
1657522648.117762,1.77, 16.09
1657522649.1660788,1.63, 14.44
1657522650.234592,2.57, 32.79
1657522651.2910852,1.77, 25.61
1657522652.3572433,1.49, 18.12
1657522653.4071941,3.91, 30.53
1657522654.4663072,1.35, 24.06
1657522655.5439386,2.67, 41.69
1657522656.6225808,1.78, 19.79
1657522657.6880686,1.72, 34.77
1657522658.7493155,11.56, 26.59
1657522659.811417,4.32, 17.38
1657522660.8741663,2.63, 36.11
1657522661.9572783,1.60, 26.45
1657522663.0327585,1.75, 20.72
1657522664.0981596,3.02, 16.63
1657522665.1739557,2.67, 36.43
1657522666.247349,1.50, 27.88
1657522667.3270276,2.03, 17.03
1657522668.3977792,6.98, 30.49
1657522669.4503245,2.66, 133.75
1657522670.4898136,3.33, 56.17
1657522671.5703826,2.63, 44.44
1657522672.649969,4.54, 34.48
1657522673.7314491,3.65, 30.89
1657522674.7840085,2.32, 47.67
1657522675.8497415,2.75, 54.36
1657522676.9193513,2.51, 163.19
1657522678.0053308,15.37, 352.22
1657522679.0674574,7.71, 602.83
1657522680.148392,7.47, 1372.66
1657522681.2173855,2.51, 65.98
1657522682.2728555,4.76, 24.15
1657522683.3263798,2.69, 19.21
1657522684.386284,7.13, 21.57
1657522685.4406521,4.78, 37.01
1657522686.5127707,4.58, 26.48
1657522687.5787501,1.76, 17.23
1657522688.6586597,2.57, 22.73
1657522689.7255511,1.86, 29.00
1657522690.8020406,7.58, 38.05
1657522691.871948,1.96, 27.63
1657522692.941632,1.57, 27.62
1657522694.012485,2.85, 14.79
1657522695.096874,2.19, 46.49
1657522696.173953,3.15, 40.56
1657522697.2350812,7.07, 30.27
1657522698.2913969,7.91, 23.29
1657522699.3529525,1.81, 38.94
1657522700.4307897,2.26, 27.10
1657522701.5093746,1.79, 16.19
1657522702.5945675,4.43, 22.08
1657522703.6773646,2.87, 24.60
1657522704.7449803,1.66, 28.21
1657522705.8294744,2.49, 43.17
1657522706.9037805,2.04, 27.86
1657522707.9738047,1.94, 24.94
1657522709.0404115,3.23, 21.59
1657522710.1175036,2.41, 46.25
1657522711.2082953,4.56, 32.82
1657522712.2785385,4.53, 23.79
1657522713.3624759,5.08, 32.66
1657522714.4356818,1.93, 34.69
1657522715.5057776,2.46, 43.58
1657522716.5648694,2.08, 33.03
1657522717.6291087,1.48, 29.05
1657522718.7001805,3.04, 29.88
1657522719.7723684,1.69, 35.55
1657522720.8459375,2.12, 47.68
1657522721.917328,1.85, 32.29
1657522722.9888127,1.82, 29.66
1657522724.077658,2.94, 31.85
1657522725.149813,2.30, 45.15
1657522726.222305,1.84, 34.53
1657522727.2977705,1.88, 31.65
1657522728.3720567,2.74, 34.62
1657522729.448472,1.73, 32.11
1657522730.5292778,2.16, 38.88
1657522731.609258,2.21, 28.70
1657522732.6835268,1.54, 27.72
1657522733.7751698,2.70, 24.94
1657522734.8563495,4.46, 34.39
1657522735.9291513,7.50, 50.89
1657522737.0036306,4.67, 39.37
1657522738.0772986,1.72, 34.51
1657522739.1445863,3.01, 27.66
1657522740.215823,2.56, 65.74
1657522741.2794888,2.75, 41.56
1657522742.3477411,4.68, 25.64
1657522743.4159205,3.41, 37.81
1657522744.485781,2.40, 52.89
1657522745.5626278,2.64, 65.74
1657522746.6386626,5.16, 45.08
1657522747.6962552,9.24, 50.97
1657522748.7416656,6.29, 32.94
1657522749.7894478,5.02, 54.26
1657522750.8345413,2.61, 57.72
1657522751.888549,4.76, 38.47
1657522752.97483,1.56, 38.12
1657522754.0319304,5.15, 29.80
1657522755.071836,6.60, 58.89
1657522756.1155717,4.32, 39.27
1657522757.1717255,1.85, 29.60
1657522758.2288182,2.96, 33.61
1657522759.2954593,3.15, 35.10
1657522760.3790874,2.43, 41.91
1657522761.4589715,4.69, 36.31
1657522762.53641,1.97, 30.58
1657522763.6042075,2.85, 26.64
1657522764.680939,1.80, 32.47
1657522765.7461178,2.17, 43.93
1657522766.8769014,2.22, 21.19
1657522767.9618363,1.47, 31.63
1657522769.0265472,4.57, 36.43
1657522770.0938365,2.30, 48.75
1657522771.164681,1.68, 29.27
1657522772.2352786,1.77, 14.58
1657522773.3241313,3.80, 31.61
1657522774.39342,2.59, 27.79
1657522775.4560125,2.21, 40.24
1657522776.5056245,1.76, 19.98
1657522777.5689797,1.62, 17.36
1657522778.6372068,2.58, 8.88
1657522779.7160606,1.76, 11.58
1657522780.7959228,3.32, 38.22
1657522781.87346,1.94, 23.38
1657522782.958347,1.67, 22.21
1657522784.0244606,2.61, 16.64
1657522785.0905128,2.48, 50.32
1657522786.1717935,1.85, 29.24
1657522787.2507684,1.98, 25.90
1657522788.3312113,1.71, 27.06
1657522789.4160748,2.53, 24.86
1657522790.4980955,2.38, 33.96
1657522791.5821683,1.58, 25.84
1657522792.658473,1.91, 16.13
1657522793.734063,2.36, 14.26
1657522794.8091857,1.96, 18.07
1657522795.885281,2.06, 32.65
1657522796.96906,2.08, 22.18
1657522798.056364,1.52, 24.59
1657522799.1347985,2.38, 26.44
1657522800.2029996,2.81, 41.50
1657522801.2753131,1.59, 24.67
1657522802.341678,4.37, 21.51
1657522803.3922937,2.01, 24.56
1657522804.457599,2.40, 23.84
1657522805.5394955,2.36, 39.51
1657522806.621494,1.49, 15.35
1657522807.7013419,1.93, 17.69
1657522808.7780747,2.55, 18.32
1657522809.8616512,1.78, 24.96
1657522810.935512,2.36, 36.70
1657522812.015521,1.74, 22.13
1657522813.095611,1.76, 20.61
1657522814.1713448,2.31, 17.46
1657522815.252896,2.51, 34.98
1657522816.3388107,1.56, 23.78
1657522817.4149706,1.81, 24.13
1657522818.4809813,1.64, 23.25
1657522819.549492,1.74, 24.55
1657522820.6272094,2.48, 33.79
1657522821.7115867,1.47, 25.09
1657522822.787561,4.41, 25.28
1657522823.859032,2.43, 21.79
1657522824.955039,4.35, 21.04
1657522826.020368,2.20, 33.73
1657522827.09147,2.21, 22.75
1657522828.1714368,2.01, 26.19
1657522829.2544942,2.50, 23.86
1657522830.3381264,2.52, 39.60
1657522831.4082024,1.59, 23.55
1657522832.4828682,1.72, 20.06
1657522833.5615292,2.79, 24.71
1657522834.6374953,1.83, 23.96
1657522835.7120202,2.30, 39.37
1657522836.7850363,1.70, 23.06
1657522837.8528152,1.72, 20.39
1657522838.9248528,2.66, 22.11
1657522839.9911947,1.64, 24.75
1657522841.0659628,2.30, 39.34
1657522842.1387315,1.31, 25.77
1657522843.2231216,2.01, 21.54
1657522844.3056839,2.54, 20.06
1657522845.3877811,2.55, 40.49
1657522846.4670594,1.44, 25.81
1657522847.5413067,1.75, 25.51
1657522848.624964,2.69, 21.00
1657522849.7061622,1.70, 22.41
1657522850.7898078,2.52, 36.16
1657522851.870379,1.49, 27.38
1657522852.9490001,1.76, 25.84
1657522854.0243888,2.64, 18.98
1657522855.1024926,2.61, 38.61
1657522856.1646433,4.38, 22.63
1657522857.2301881,1.74, 22.77
1657522858.295082,1.85, 23.55
1657522859.3519814,2.81, 22.03
1657522860.4164126,2.40, 39.84
1657522861.4782345,1.73, 21.74
1657522862.557711,1.86, 18.92
1657522863.637737,3.39, 24.59
1657522864.7156248,1.64, 27.55
1657522865.790583,2.80, 39.05
1657522866.86558,1.69, 24.53
1657522867.9466085,1.75, 20.80
1657522869.029933,2.55, 22.46
1657522870.1120198,2.19, 33.28
1657522871.1991744,1.74, 24.63
1657522872.2781222,1.86, 25.05
1657522873.343701,1.93, 24.30
1657522874.4022336,2.46, 20.19
1657522875.472603,2.54, 40.64
1657522876.5507717,1.59, 26.04
1657522877.6208458,1.75, 25.22
1657522878.6934674,2.89, 24.73
1657522879.7701933,2.04, 22.73
1657522880.8508446,2.62, 36.95
1657522881.9276445,1.83, 25.90
1657522883.0013838,1.79, 22.72
1657522884.0826385,2.73, 28.37
1657522885.1556888,2.41, 38.97
1657522886.254428,1.78, 20.83
1657522887.3210485,11.12, 2211.63
1657522888.3801165,4.95, 862.81
1657522889.4281251,3.24, 38.56
1657522890.4913685,2.93, 53.27
1657522891.5644476,2.49, 33.98
1657522892.6248512,2.21, 33.54
1657522893.6934328,3.68, 38.39
1657522894.7609577,2.39, 39.53
1657522895.832741,3.03, 53.48
1657522896.900897,2.30, 31.06
1657522897.9717367,2.32, 29.00
1657522899.044562,3.43, 35.50
1657522900.1030986,2.85, 52.43
1657522901.1726496,2.50, 38.43
1657522902.243761,2.14, 37.33
1657522903.3133793,2.62, 32.43
1657522904.3949943,3.18, 32.55
1657522905.461902,3.17, 54.75
1657522906.5193624,2.43, 41.87
1657522907.578259,2.73, 37.07
1657522908.6504788,2.55, 37.30
1657522909.722847,3.15, 38.01
1657522910.8025193,3.28, 46.02
1657522911.8812673,2.36, 38.72
1657522912.970098,2.56, 35.48
1657522914.0562356,3.20, 35.25
1657522915.1265104,3.09, 52.18
1657522916.1846611,2.93, 33.07
1657522917.2465181,2.54, 37.69
1657522918.3252885,7.28, 56.53
1657522919.395583,3.33, 38.28
1657522920.4654963,2.37, 46.07
1657522921.5232973,2.86, 36.92
1657522922.610262,2.24, 26.81
1657522923.6841803,1.97, 23.39
1657522924.767044,2.33, 22.38
1657522925.8427827,2.36, 41.58
1657522926.9141862,1.98, 22.50
1657522928.0038571,1.46, 18.47
1657522929.0721605,4.23, 29.25
1657522930.1322606,2.17, 39.92
1657522931.2067986,1.88, 25.35
1657522932.2845275,1.80, 36.36
1657522933.358901,5.51, 26.59
1657522934.4222076,8.82, 30.03
1657522935.509469,6.71, 33.45
1657522936.583232,2.10, 20.53
1657522937.6409502,1.44, 24.40
1657522938.7009356,2.08, 21.07
1657522939.762634,5.00, 23.70
1657522940.8118007,2.31, 35.64
1657522941.866528,1.90, 23.80
1657522942.9259205,1.69, 20.63
1657522943.9658916,2.85, 21.18
1657522945.0182498,1.70, 19.49
1657522946.0769503,5.02, 31.93
1657522947.1237726,2.51, 19.96
1657522948.1768937,1.91, 18.89
1657522949.2167473,3.04, 24.84
1657522950.2546353,2.12, 35.79
1657522951.3144944,1.91, 12.33
1657522952.3894958,1.58, 15.60
1657522953.4640667,2.63, 25.28
1657522954.5459795,2.62, 23.13
1657522955.6304064,2.28, 31.10
1657522956.7168868,2.01, 29.61
1657522957.7907734,1.58, 21.24
1657522958.8665404,2.54, 19.15
1657522959.9417152,4.71, 18.73
1657522960.9997733,1.96, 41.19
1657522962.0762916,2.24, 24.50
1657522963.1576376,1.74, 24.61
1657522964.236754,2.62, 21.01
1657522965.313926,2.52, 39.60
1657522966.398256,1.74, 26.28
1657522967.4781258,1.72, 23.42
1657522968.5492256,1.66, 23.58
1657522969.6252623,2.67, 24.14
1657522970.7035215,3.33, 41.73
1657522971.772047,12.94, 26.07
1657522972.8407993,1.73, 25.05
1657522973.9025064,2.49, 21.75
1657522974.981081,1.81, 25.50
1657522976.0564618,2.25, 37.08
1657522977.1227145,2.22, 25.38
1657522978.196053,1.68, 25.37
1657522979.2807221,2.89, 25.98
1657522980.3426535,2.22, 40.30
1657522981.4121158,1.98, 30.88
1657522982.4927964,1.87, 25.53
1657522983.5679781,1.55, 23.60
1657522984.6401427,2.63, 32.85
1657522985.7218642,2.51, 45.42
1657522986.7948878,1.85, 23.54
1657522987.8745444,1.54, 22.09
1657522988.9563475,2.65, 22.88
1657522990.0370715,1.83, 19.67
1657522991.113195,3.15, 46.25
1657522992.1962523,7.03, 47.82
1657522993.250592,2.44, 35.55
1657522994.3145137,3.39, 22.92
1657522995.387717,2.86, 36.94
1657522996.4493773,1.58, 17.68
1657522997.5210772,1.69, 15.55
1657522998.590606,1.57, 17.68
1657522999.662195,2.78, 16.89
1657523000.718137,2.51, 28.56
1657523001.7831542,2.03, 18.38
1657523002.856319,2.04, 14.49
1657523003.9313207,1.69, 11.21
1657523005.005166,1.91, 16.34
1657523006.079041,2.36, 28.95
1657523007.1534517,2.15, 12.29
1657523008.2351553,1.53, 17.18
1657523009.3152122,3.05, 22.33
1657523010.395203,2.48, 35.93
1657523011.4740603,1.59, 23.73
1657523012.553664,1.99, 19.55
1657523013.6228895,1.55, 22.12
1657523014.693918,2.76, 26.77
1657523015.757195,2.03, 42.38
1657523016.8252647,2.22, 26.34
1657523017.8944917,1.99, 19.51
1657523018.9659736,1.58, 21.02
1657523020.0315564,2.76, 25.57
1657523021.1092048,2.19, 32.52
1657523022.1779974,1.77, 25.49
1657523023.2680082,1.97, 24.95
1657523024.3243062,2.72, 15.07
1657523025.3942208,2.34, 33.94
1657523026.4834723,1.55, 22.60
1657523027.5541627,1.82, 20.57
1657523028.634965,1.84, 25.26
1657523029.7117321,2.83, 22.35
1657523030.7848158,2.30, 33.01
1657523031.8603892,1.81, 26.05
1657523032.951762,1.55, 25.29
1657523034.0299313,1.49, 26.01
1657523035.1152601,2.09, 31.54
1657523036.196947,1.84, 19.47
1657523037.2792459,1.81, 24.59
1657523038.3633049,1.65, 20.62
1657523039.4170783,2.44, 22.97
1657523040.462081,2.66, 30.98
1657523041.5180063,1.60, 22.02
1657523042.5901103,3.57, 20.68
1657523043.6785467,1.73, 27.27
1657523044.7588396,2.55, 24.48
1657523045.838965,2.27, 38.54
1657523046.9155843,1.66, 24.99
1657523048.0023825,2.14, 21.41
1657523049.077204,1.73, 19.37
1657523050.1523082,9.94, 50.69
1657523051.216904,3.41, 24.02
1657523052.2953687,1.61, 12.49
1657523053.3703406,1.84, 22.20
1657523054.4451287,5.02, 23.68
1657523055.5293229,2.58, 40.49
1657523056.6017473,1.68, 24.20
1657523057.6832411,1.83, 24.83
1657523058.7562997,1.67, 26.05
1657523059.8316839,2.47, 22.52
1657523060.9151208,2.25, 37.94
1657523061.9890673,1.80, 23.20
1657523063.0809348,1.85, 25.61
1657523064.1464393,2.29, 23.04
1657523065.2164342,2.44, 33.00
1657523066.2918758,5.99, 20.16
1657523067.3739288,1.89, 19.02
1657523068.4545798,4.47, 29.72
1657523069.5281534,5.16, 33.38
1657523070.6124153,8.24, 45.00
1657523071.6896377,1.72, 20.77
1657523072.7566617,1.84, 23.02
1657523073.8126707,3.52, 25.60
1657523074.887535,2.63, 25.40
1657523075.975531,2.31, 39.23
1657523077.0476205,1.84, 28.08
1657523078.124653,1.80, 18.90
1657523079.2084975,2.39, 23.88
1657523080.2874372,2.24, 42.03
1657523081.366916,1.66, 24.84
1657523082.4516425,1.66, 22.36
1657523083.5308366,2.02, 19.96
1657523084.623182,2.42, 20.72
1657523085.705169,2.59, 41.64
1657523086.781639,2.77, 30.35
1657523087.8698235,1.47, 26.85
1657523088.933857,1.86, 24.43
1657523090.0044703,2.62, 22.84
1657523091.0790632,7.94, 43.84
1657523092.14488,1.52, 22.28
1657523093.217825,4.89, 54.61
1657523094.294666,3.13, 111.92
1657523095.392849,8.35, 45.86
1657523096.457937,4.53, 19.84
1657523097.537475,1.69, 25.26
1657523098.6122549,4.27, 28.02
1657523099.6969469,5.14, 27.70
1657523100.759348,2.71, 38.20
1657523101.8302033,8.60, 38.38
1657523102.906624,4.15, 27.95
1657523103.9998343,1.99, 25.33
1657523105.071127,9.92, 35.63
1657523106.1413724,2.52, 43.01
1657523107.2174592,1.65, 21.89
1657523108.297915,1.81, 11.74
1657523109.3796055,2.64, 25.55
1657523110.4603336,2.30, 41.08
1657523111.5343826,1.77, 26.07
1657523112.6180139,1.81, 25.10
1657523113.6836782,1.79, 20.99
1657523114.7579808,2.63, 23.21
1657523115.8375835,4.97, 39.33
1657523116.9078312,4.37, 25.33
1657523117.989177,1.82, 24.81
1657523119.0683596,2.79, 30.23
1657523120.1527295,2.19, 22.74
1657523121.2190619,1.88, 23.41
1657523122.279396,1.79, 25.55
1657523123.3801377,2.42, 22.52
1657523124.4587436,2.61, 27.03
1657523125.520436,2.27, 50.67
1657523126.591432,4.47, 23.65
1657523127.6631465,2.10, 26.73
1657523128.7275515,1.96, 25.02
1657523129.77445,2.45, 26.77
1657523130.8165696,8.59, 96.93
1657523131.8639066,6.26, 324.82
1657523132.9230387,2.18, 150.58
1657523133.9939978,2.22, 17.20
1657523135.0715835,2.26, 20.65
1657523136.1475174,2.57, 35.11
1657523137.20105,1.78, 17.20
1657523138.2738478,1.82, 7.03
1657523139.3530579,2.73, 17.37
1657523140.4305403,2.30, 32.82
1657523141.5054307,1.84, 18.53
1657523142.5807693,1.64, 19.09
1657523143.664866,1.94, 15.79
1657523144.7397,6.63, 36.38
1657523145.7922575,3.17, 41.28
1657523146.8630571,2.12, 25.66
1657523147.9421504,1.59, 23.35
1657523149.0132155,2.01, 23.78
1657523150.0990412,2.73, 21.46
1657523151.1828218,5.53, 41.28
1657523152.2595444,1.47, 27.58
1657523153.3240006,1.71, 24.76
1657523154.3956654,2.46, 26.25
1657523155.4882882,2.52, 38.78
1657523156.6032398,2.06, 22.42
1657523157.6619415,1.71, 25.59
1657523158.7403188,6.59, 44.14
1657523159.8170114,2.56, 26.78
1657523160.893186,2.62, 41.53
1657523161.9658942,4.14, 22.25
1657523163.0464277,1.72, 23.23
1657523164.119777,1.86, 26.58
1657523165.206346,3.08, 40.74
1657523166.2806833,1.79, 21.11
1657523167.3594265,1.59, 24.20
1657523168.4322035,1.54, 18.95
1657523169.5114443,2.73, 22.98
1657523170.5874834,5.02, 37.54
1657523171.6760402,1.66, 26.56
1657523172.7526133,4.29, 25.56
1657523173.818437,4.46, 23.21
1657523174.8993034,2.43, 23.76
1657523175.9750361,2.38, 42.57
1657523177.0479836,9.71, 28.83
1657523178.096288,1.63, 24.73
1657523179.143546,7.53, 23.77
1657523180.1840553,8.07, 25.92
1657523181.2453885,1.92, 18.45
1657523182.2934763,4.60, 27.10
1657523183.3579292,6.83, 46.26
1657523184.4308543,2.50, 26.96
1657523185.5106757,2.34, 37.14
1657523186.5936623,2.41, 21.21
1657523187.6797116,1.81, 25.59
1657523188.7560866,1.98, 25.58
1657523189.8387134,5.08, 28.67
1657523190.9360394,2.41, 40.75
1657523192.0047147,1.94, 21.35
1657523193.0481162,1.68, 24.81
1657523194.1183527,1.83, 26.88
1657523195.1987894,2.87, 40.68
1657523196.278842,1.82, 26.88
1657523197.3509452,1.85, 24.41
1657523198.4278095,1.66, 20.33
1657523199.4997892,2.77, 26.18
1657523200.5765045,4.69, 43.72
1657523201.6660395,1.68, 26.08
1657523202.7385523,1.73, 16.67
1657523203.8311367,4.39, 19.95
1657523204.91639,2.60, 16.75
1657523205.995581,7.49, 41.43
1657523207.0613787,7.38, 25.28
1657523208.121118,1.42, 27.72
1657523209.1985047,1.95, 24.12
1657523210.282392,3.20, 34.95
1657523211.366973,1.79, 25.45
1657523212.4464917,1.78, 27.25
1657523213.5230768,1.71, 24.61
1657523214.5925567,3.12, 22.63
1657523215.6772897,2.01, 36.23
1657523216.7580323,2.32, 28.91
1657523217.8331182,2.54, 34.64
1657523218.9132133,2.23, 33.95
1657523219.98691,3.37, 31.05
1657523221.0746207,5.75, 47.49
1657523222.1553292,1.92, 23.11
1657523223.2328098,2.24, 27.58
1657523224.315922,5.00, 34.85
1657523225.3934746,3.68, 45.56
1657523226.4663987,1.45, 27.42
1657523227.5386486,1.95, 24.16
1657523228.6169288,1.57, 20.72
1657523229.6952689,2.94, 25.54
1657523230.777234,2.33, 40.17
1657523231.8592963,2.96, 27.51
1657523232.9470212,1.97, 16.86
1657523234.0289495,1.49, 19.18
1657523235.11024,2.58, 24.21
1657523236.1971145,2.58, 35.94
1657523237.279966,2.23, 21.84
1657523238.350215,1.26, 26.06
1657523239.4238846,2.07, 23.81
1657523240.5115438,3.27, 36.11
1657523241.5955026,2.04, 19.61
1657523242.6558027,2.10, 25.46
1657523243.7243822,1.84, 25.41
1657523244.8015645,3.01, 24.83
1657523245.8887072,2.34, 34.05
1657523246.972527,1.66, 24.76
1657523248.0545452,1.89, 23.75
1657523249.1395662,1.58, 25.74
1657523250.2207818,3.01, 39.63
1657523251.288452,1.48, 25.12
1657523252.3560188,4.96, 24.31
1657523253.4373093,4.06, 29.93
1657523254.517403,1.89, 26.38
1657523255.5939515,2.43, 40.54
1657523256.6796443,4.15, 28.28
1657523257.770089,1.95, 23.32
1657523258.8624058,1.53, 23.18
1657523259.9536784,2.83, 41.91
1657523261.0360081,1.80, 70.47
1657523262.1294074,1.88, 40.47
1657523263.209081,1.97, 24.88
1657523264.2887766,1.60, 21.20
1657523265.3691022,3.39, 42.80
1657523266.4470215,1.39, 28.03
1657523267.5382068,1.83, 27.50
1657523268.6160817,1.76, 22.37
1657523269.694783,2.58, 19.18
1657523270.7745452,2.40, 29.02
1657523271.8520508,1.72, 23.23
1657523272.9352088,2.13, 19.77
1657523274.0108685,4.16, 28.38
1657523275.073405,2.73, 23.68
1657523276.1518612,2.23, 31.91
1657523277.234115,1.61, 22.17
1657523278.3058932,1.79, 25.36
1657523279.3813326,1.66, 25.45
1657523280.4424875,3.20, 41.56
1657523281.4988906,1.87, 18.08
1657523282.5633373,1.88, 22.54
1657523283.6334534,1.53, 25.68
1657523284.710306,2.63, 53.53
1657523285.7987604,1.67, 27.64
1657523286.8829787,1.05, 18.71
1657523287.970336,1.24, 18.25
1657523289.0626268,0.70, 17.81
1657523290.1389172,2.06, 17.59
1657523291.2025652,1.85, 33.08
1657523292.262433,1.05, 17.68
1657523293.3375995,1.46, 15.99
1657523294.4110503,0.92, 13.45
1657523295.4859984,2.69, 31.83
1657523296.5662713,0.87, 16.10
1657523297.6429002,1.12, 17.24
1657523298.7232227,1.03, 15.77
1657523299.8009212,1.91, 7.25
1657523300.8744357,1.50, 28.71
1657523301.956379,0.79, 14.97
1657523303.03236,1.24, 16.69
1657523304.113412,0.78, 13.37
1657523305.1761568,1.76, 12.99
1657523306.2339346,18.37, 78.30
1657523307.3148613,1.54, 18.71
1657523308.3981233,1.18, 12.21
1657523309.489394,1.12, 10.88
1657523310.5692768,2.86, 31.47
1657523311.6473272,1.12, 15.60
1657523312.7295666,1.25, 38.22
1657523313.7996414,1.07, 17.39
1657523314.8703816,1.62, 17.27
1657523315.957863,1.88, 32.44
1657523317.032917,1.01, 10.99
1657523318.104299,1.14, 15.07
1657523319.2364736,0.84, 16.02
1657523320.3129451,2.98, 30.85
1657523321.3789399,3.72, 19.36
1657523322.4556158,5.22, 25.27
1657523323.5106452,6.94, 39.52
1657523324.5644836,9.04, 34.74
1657523325.635988,2.64, 32.47
1657523326.7096913,1.13, 16.71
1657523327.7781482,1.05, 18.47
1657523328.8491526,0.90, 15.91
1657523329.9335618,1.98, 16.33
1657523331.0175133,7.92, 28.61
1657523332.093116,0.91, 34.10
1657523333.1689298,0.87, 15.43
1657523334.2760904,1.03, 17.24
1657523335.3451004,2.60, 32.47
1657523336.4245427,1.11, 13.22
1657523337.4981596,0.98, 11.97
1657523338.5718896,1.38, 16.34
1657523339.6427858,0.85, 17.11
1657523340.6980107,2.57, 31.93
1657523341.7557516,1.49, 14.13
1657523342.8421466,0.88, 16.58
1657523343.9271069,1.25, 16.46
1657523344.98878,1.53, 11.06
1657523346.0586212,1.72, 31.74
1657523347.1471853,0.94, 12.62
1657523348.2247667,1.31, 13.46
1657523349.3087926,0.83, 15.33
1657523350.3887696,2.41, 30.06
1657523351.473595,1.02, 12.21
1657523352.5522015,0.73, 15.85
1657523353.6227932,1.37, 15.66
1657523354.6844008,0.99, 15.18
1657523355.7700863,2.61, 32.21
1657523356.8491676,1.00, 11.29
1657523357.9236834,0.85, 16.91
1657523358.9887755,1.05, 14.26
1657523360.0586972,1.68, 3.33
1657523361.1110291,1.86, 31.05
1657523362.1705573,1.24, 6.98
1657523363.248776,1.30, 16.01
1657523364.332544,0.95, 14.19
1657523365.42347,2.44, 31.87
1657523366.4947906,3.70, 21.82
1657523367.574612,0.75, 14.45
1657523368.65397,1.05, 15.83
1657523369.7083974,1.13, 16.75
1657523370.764906,4.09, 36.69
1657523371.8472445,1.12, 15.56
1657523372.916502,1.76, 15.61
1657523373.9966123,1.05, 16.60
1657523375.084431,1.65, 17.14
1657523376.17213,1.78, 30.60
1657523377.2477489,1.18, 36.23
1657523378.3252673,1.06, 11.15
1657523379.400625,1.09, 17.48
1657523380.4779415,2.58, 34.20
1657523381.5523903,1.23, 19.05
1657523382.6162536,1.04, 20.13
1657523383.6974504,1.70, 23.64
1657523384.7804794,1.72, 18.51
1657523385.852148,2.77, 33.81
1657523386.9296432,4.03, 22.57
1657523388.0064335,1.70, 198.53
1657523389.0747058,7.04, 1207.49
1657523390.1568623,2.70, 267.65
1657523391.2392309,1.96, 35.74
1657523392.3153908,3.93, 22.88
1657523393.3864498,0.91, 20.53
1657523394.4376366,1.39, 20.28
1657523395.5119252,2.39, 34.48
1657523396.5840256,4.04, 25.55
1657523397.638398,0.94, 29.12
1657523398.6965232,6.36, 41.52
1657523399.7721586,0.87, 21.49
1657523400.8366385,2.20, 32.34
1657523401.9303186,1.35, 18.57
1657523402.9900067,1.10, 18.09
1657523404.0529847,1.29, 15.95
1657523405.1259577,5.96, 29.95
1657523406.1989453,1.85, 40.58
1657523407.2635236,1.16, 27.52
1657523408.3344054,1.40, 30.58
1657523409.410736,1.04, 24.94
1657523410.4826849,2.65, 42.57
1657523411.5664675,4.33, 38.55
1657523412.6600878,1.21, 29.14
1657523413.7434964,1.19, 25.20
1657523414.7979603,6.72, 41.58
1657523415.862768,2.55, 52.11
1657523416.9332118,1.26, 43.33
1657523418.0110705,1.17, 25.79
1657523419.089637,1.19, 27.43
1657523420.1580086,1.99, 26.96
1657523421.2330296,1.90, 40.97
1657523422.3068945,1.04, 20.71
1657523423.3695211,1.33, 27.47
1657523424.4336605,1.27, 26.85
1657523425.5176284,2.58, 48.31
1657523426.5889986,1.86, 20.50
1657523427.6533604,1.20, 19.71
1657523428.7017808,0.83, 20.63
1657523429.7535636,1.54, 31.06
1657523430.8204098,5.38, 47.02
1657523431.8892384,1.35, 24.72
1657523432.970494,1.08, 34.63
1657523434.0456076,1.89, 43.18
1657523435.1213953,2.19, 26.80
1657523436.2027092,1.72, 47.67
1657523437.278685,1.22, 29.25
1657523438.3477497,1.04, 29.20
1657523439.425398,1.46, 19.08
1657523440.4976566,2.90, 46.46
1657523441.5737674,0.90, 27.58
1657523442.651617,1.18, 36.20
1657523443.7160566,1.98, 48.45
1657523444.7979205,1.59, 38.91
1657523445.8710208,3.15, 60.73
1657523446.9379494,1.68, 43.64
1657523448.0126576,2.54, 42.28
1657523449.077546,1.20, 25.37
1657523450.156168,2.11, 27.79
1657523451.2344933,1.99, 39.28
1657523452.3118796,1.35, 23.89
1657523453.3867786,0.93, 27.05
1657523454.4562085,1.17, 28.27
1657523455.5275993,3.24, 42.29
1657523456.5962346,1.45, 33.65
1657523457.6561933,1.42, 31.67
1657523458.7209573,1.18, 30.11
1657523459.8028119,1.10, 22.80
1657523460.8588777,2.61, 42.29
1657523461.931189,2.67, 29.48
1657523463.042656,1.27, 16.74
1657523464.0965736,1.22, 33.84
1657523465.1638503,2.23, 24.25
1657523466.2329624,1.35, 30.14
1657523467.3019018,1.46, 21.91
1657523468.383259,1.22, 27.62
1657523469.4577718,1.20, 29.36
1657523470.5315406,2.63, 40.15
1657523471.602331,1.46, 32.85
1657523472.6759093,1.55, 37.41
1657523473.751611,1.92, 43.46
1657523474.8213077,1.31, 23.01
1657523475.909051,2.49, 44.62
1657523476.9767706,1.02, 19.02
1657523478.0447693,1.23, 20.62
1657523479.1085436,1.56, 32.27
1657523480.1679268,1.86, 17.45
1657523481.2364979,2.39, 60.69
1657523482.2989855,1.39, 26.05
1657523483.3596747,2.61, 44.55
1657523484.4280105,1.36, 36.06
1657523485.4914515,2.06, 18.38
1657523486.5548987,4.07, 70.45
1657523487.6160097,1.39, 26.76
1657523488.685302,1.42, 23.14
1657523489.7584167,1.11, 25.18
1657523490.8330305,2.46, 39.40
1657523491.9041438,1.57, 37.40
1657523492.9735858,1.47, 26.08
1657523494.0330174,1.06, 27.10
1657523495.1117277,2.15, 26.68
1657523496.2436206,1.13, 40.12
1657523497.3170977,1.44, 27.60
1657523498.3836808,4.54, 35.53
1657523499.4721653,1.14, 34.69
1657523500.5433571,2.33, 36.17
1657523501.5975664,1.76, 48.47
1657523502.6577451,1.49, 41.25
1657523503.7326615,1.12, 27.14
1657523504.7996142,1.12, 21.68
1657523505.8746982,2.00, 31.00
1657523506.9427168,1.88, 44.11
1657523508.0143597,1.41, 35.60
1657523509.0943813,0.97, 19.75
1657523510.166543,1.90, 22.76
1657523511.2389424,3.74, 48.20
1657523512.3118749,1.83, 34.90
1657523513.387161,1.86, 33.04
1657523514.4777043,4.24, 28.10
1657523515.569902,2.03, 30.92
1657523516.6476965,5.36, 981.06
1657523517.7244172,1.29, 25.64
1657523518.7978122,0.89, 29.09
1657523519.8885648,1.48, 30.78
1657523520.9568074,2.46, 30.45
1657523522.0267742,2.51, 54.54
1657523523.0910738,1.20, 29.68
1657523524.1307788,1.11, 20.10
1657523525.1812649,1.34, 29.11
1657523526.2264464,3.36, 42.27
1657523527.2824442,1.92, 36.63
1657523528.3356361,1.31, 19.87
1657523529.409802,1.12, 17.60
1657523530.4816773,5.92, 18.25
1657523531.5540829,3.78, 33.25
1657523532.6233797,2.33, 15.83
1657523533.7033336,0.99, 16.06
1657523534.791958,0.67, 13.64
1657523535.8692603,3.23, 21.72
1657523536.9449372,2.13, 38.44
1657523538.0181108,1.20, 31.60
1657523539.077962,0.86, 31.82
1657523540.1425908,2.20, 31.49
1657523541.2245324,1.93, 32.36
1657523542.2906668,2.22, 56.88
1657523543.3533444,2.11, 43.97
1657523544.4091048,1.79, 40.37
1657523545.4588025,3.63, 130.46
1657523546.513035,2.82, 80.34
1657523547.5542376,1.64, 49.12
1657523548.6028311,1.98, 50.02
1657523549.6777234,3.33, 54.49
1657523550.8035934,23.88, 142.61
1657523551.872437,1.99, 57.95
1657523552.9210706,6.37, 398.67
1657523553.978237,6.60, 105.54
1657523555.028608,1.86, 55.81
1657523556.089038,2.93, 52.86
1657523557.1444306,2.71, 67.93
1657523558.1937542,2.46, 46.91
1657523559.2493389,1.79, 42.07
1657523560.3034213,3.15, 57.90
1657523561.357805,1.57, 49.99
1657523562.421593,3.91, 74.98
1657523563.4767823,2.32, 50.38
1657523564.5266228,2.17, 51.02
1657523565.5782542,3.02, 54.86
1657523566.6372542,2.60, 85.25
1657523567.6989062,2.05, 65.54
1657523568.7476556,2.34, 58.23
1657523569.812429,1.98, 66.43
1657523570.870723,5.56, 59.64
1657523571.9391513,2.31, 77.93
1657523572.9973805,1.67, 46.77
1657523574.0660038,2.65, 46.25
1657523575.1276286,2.28, 155.72
1657523576.1827426,7.89, 1321.22
1657523577.250063,4.76, 502.74
1657523578.3077354,2.42, 71.66
1657523579.3533049,3.45, 69.75
1657523580.3961945,3.54, 78.26
1657523581.4394994,11.03, 68.27
1657523582.4978464,11.88, 1511.19
1657523583.5689025,4.49, 572.91
1657523584.6308494,2.32, 79.39
1657523585.702326,16.41, 117.06
1657523586.7451637,3.17, 89.76
1657523587.8050787,9.40, 113.74
1657523588.8532624,22.32, 106.71
1657523589.8936214,9.21, 79.49
1657523590.9428787,9.07, 74.66
1657523591.9950135,4.71, 102.53
1657523593.0502102,2.34, 70.86
1657523594.1035314,2.35, 74.17
1657523595.1642897,2.34, 82.98
1657523596.2177029,3.71, 81.66
1657523597.2705712,5.53, 88.66
1657523598.333913,2.17, 73.61
1657523599.386402,2.49, 80.61
1657523600.4345171,2.57, 73.69
1657523601.4847033,4.12, 85.42
1657523602.5286953,2.42, 76.07
1657523603.5719295,2.77, 75.13
1657523604.6199884,2.53, 73.23
1657523605.67183,2.23, 77.19
1657523606.7336833,4.59, 97.49
1657523607.779854,2.18, 69.08
1657523608.8323007,2.45, 77.94
1657523609.8862877,3.65, 88.07
1657523610.9304297,4.25, 102.96
1657523611.973566,3.70, 116.50
1657523613.035769,2.65, 75.32
1657523614.0926092,6.95, 122.06
1657523615.1510675,4.13, 84.51
1657523616.20005,3.76, 69.02
1657523617.2675645,3.39, 93.91
1657523618.3284879,2.59, 79.73
1657523619.3814592,3.49, 90.41
1657523620.426593,2.56, 85.29
1657523621.469989,4.80, 182.91
1657523622.508952,3.33, 87.87
1657523623.5561807,3.32, 80.59
1657523624.6151304,3.16, 80.91
1657523625.6710658,2.86, 87.80
1657523626.7319465,5.77, 111.68
1657523627.7911992,3.35, 93.83
1657523628.8465443,3.90, 91.37
1657523629.9078257,3.60, 79.87
1657523630.9615057,4.72, 96.27
1657523632.0075479,3.18, 101.40
1657523633.0478652,3.08, 96.76
1657523634.0876367,3.56, 103.44
1657523635.1249723,3.39, 105.55
1657523636.1812434,4.29, 91.68
1657523637.2257187,3.22, 96.33
1657523638.271638,7.88, 110.69
1657523639.330156,3.30, 89.79
1657523640.367893,3.19, 91.81
1657523641.4008813,4.60, 180.33
1657523642.4461706,3.09, 93.34
1657523643.5060418,3.52, 110.85
1657523644.553765,3.93, 108.07
1657523645.610059,3.45, 101.31
1657523646.6684885,6.28, 144.63
1657523647.717681,3.87, 92.22
1657523648.7740872,3.30, 95.15
1657523649.8200605,3.71, 103.69
1657523650.8705878,3.68, 104.70
1657523651.9179008,5.07, 122.45
1657523652.9630005,3.63, 94.15
1657523654.0151837,3.49, 98.93
1657523655.0625024,3.95, 99.44
1657523656.1027784,4.41, 80.19
1657523657.1561742,4.13, 93.83
1657523658.2088761,2.89, 81.74
1657523659.2538755,4.04, 190.51
1657523660.2911553,3.53, 85.62
1657523661.3287315,6.13, 114.45
1657523662.379411,3.78, 86.79
1657523663.4411578,3.30, 83.31
1657523664.4941657,3.37, 84.36
1657523665.5315955,3.83, 116.26
1657523666.5729408,5.83, 119.04
1657523667.6317143,4.61, 108.42
1657523668.6730137,4.43, 100.39
1657523669.7227652,4.18, 95.36
1657523670.7645352,3.49, 87.71
1657523671.8098185,6.07, 124.93
1657523672.8638403,3.60, 92.67
1657523673.9024482,4.66, 98.49
1657523674.9524567,5.00, 189.85
1657523676.0058627,5.66, 161.28
1657523677.053119,7.60, 156.40
1657523678.1105413,6.32, 168.76
1657523679.1605392,6.22, 169.64
1657523680.2048006,8.08, 159.86
1657523681.2536361,6.51, 172.78
1657523682.3022213,4.94, 169.54
1657523683.3548584,6.07, 169.39
1657523684.4087873,5.52, 173.91
1657523685.4504552,5.22, 154.19
1657523686.4983466,6.53, 167.23
1657523687.5503538,4.97, 155.98
1657523688.6092844,5.28, 176.97
1657523689.6828198,5.08, 141.20
1657523690.73115,5.17, 152.12
1657523691.781804,6.60, 191.51
1657523692.833265,5.00, 165.01
1657523693.8745642,4.94, 161.91
1657523694.9166327,7.48, 143.67
1657523695.9601552,4.89, 159.19
1657523697.0049295,6.73, 175.42
1657523698.0679953,4.39, 136.38
1657523699.1206179,4.81, 142.81
1657523700.1785269,4.88, 155.32
1657523701.2273195,5.82, 161.98
1657523702.273238,5.02, 161.30
1657523703.3174586,5.27, 148.48
1657523704.369631,5.14, 148.21
1657523705.4249322,4.76, 161.23
1657523706.4675603,6.19, 164.32
1657523707.5102077,4.19, 135.73
1657523708.5663602,5.10, 145.53
1657523709.6174257,6.07, 160.75
1657523710.662201,6.39, 162.23
1657523711.7067266,6.47, 180.25
1657523712.7535377,5.23, 156.81
1657523713.7948966,4.75, 154.61
1657523714.8379617,5.48, 167.16
1657523715.8893445,5.12, 168.70
1657523716.9458234,6.03, 174.02
1657523718.005493,4.88, 127.81
1657523719.0526955,4.59, 155.74
1657523720.093155,5.19, 158.57
1657523721.1366155,7.41, 176.87
1657523722.183744,8.57, 184.52
1657523723.237686,5.68, 145.72
1657523724.284652,6.62, 193.08
1657523725.326209,5.79, 160.97
1657523726.369641,6.56, 210.41
1657523727.4190712,8.29, 152.51
1657523728.464072,5.51, 157.47
1657523729.5082135,5.42, 169.37
1657523730.5555305,10.86, 170.29
1657523731.6077468,10.24, 211.85
1657523732.6539202,7.74, 196.55
1657523733.7013268,5.26, 161.00
1657523734.7455554,8.37, 189.49
1657523735.7992654,8.19, 170.81
1657523736.8486805,6.23, 158.62
1657523737.9174623,7.94, 179.06
1657523738.98199,5.78, 166.40
1657523740.0193772,5.09, 160.51
1657523741.0690525,5.69, 135.13
1657523742.1094797,7.01, 154.96
1657523743.152525,5.63, 163.30
1657523744.1953955,5.96, 174.74
1657523745.238112,5.76, 168.87
1657523746.2848804,6.84, 169.82
1657523747.3444865,6.74, 183.29
1657523748.3978865,12.76, 177.20
1657523749.4417088,7.68, 156.89
1657523750.4920743,7.63, 152.16
1657523751.5438943,13.07, 174.33
1657523752.5987358,6.34, 166.86
1657523753.6471288,5.81, 161.20
1657523754.7036374,5.95, 163.17
1657523755.749346,6.03, 170.73
1657523756.804902,7.37, 187.28
1657523757.856617,5.38, 148.86
1657523758.9083958,6.52, 152.25
1657523759.9526489,5.64, 163.67
1657523760.9993129,7.24, 179.28
1657523762.0488358,9.80, 177.13
1657523763.0937285,5.84, 168.70
1657523764.1452932,6.07, 146.98
1657523765.1977124,5.27, 153.72
1657523766.2446203,6.45, 152.57
1657523767.2930896,6.29, 178.48
1657523768.3416128,5.93, 165.32
1657523769.3838832,5.72, 134.72
1657523770.4336343,8.53, 177.61
1657523771.4753575,8.39, 163.05
1657523772.5148242,5.43, 155.34
1657523773.5578582,5.58, 135.64
1657523774.5994163,6.09, 153.51
1657523775.6497006,5.46, 149.67
1657523776.6943285,6.99, 163.32
1657523777.7294009,5.30, 139.46
1657523778.7686713,5.43, 143.77
1657523779.8040276,5.57, 148.60
1657523780.8415713,5.69, 150.44
1657523781.8861587,6.96, 164.00
1657523782.9269223,7.86, 121.01
1657523783.9689806,5.39, 146.96
1657523785.0126953,5.05, 152.59
1657523786.0533457,5.23, 152.37
1657523787.0974238,7.14, 154.55
1657523788.1355555,5.54, 148.98
1657523789.1756275,5.58, 161.14
1657523790.2222762,5.52, 159.36
1657523791.2571054,5.86, 140.55
1657523792.3015485,8.57, 172.95
1657523793.3430488,5.38, 146.93
1657523794.3915439,5.36, 148.59
1657523795.4321675,5.07, 133.24
1657523796.4661927,7.52, 139.52
1657523797.5068548,5.95, 163.20
1657523798.5613868,8.11, 150.28
1657523799.6124108,6.35, 147.10
1657523800.6573625,6.18, 133.23
1657523801.7071457,13.78, 225.24
1657523802.7434967,9.48, 205.27
1657523803.7883377,7.08, 154.56
1657523804.8429806,4.87, 121.48
1657523805.9027627,5.70, 144.64
1657523806.9456017,7.16, 163.72
1657523807.9871557,5.76, 148.71
1657523809.0415587,5.45, 148.03
1657523810.0950022,4.90, 119.24
1657523811.1451838,5.44, 139.87
1657523812.1996984,7.04, 143.60
1657523813.2498536,4.88, 146.33
1657523814.294715,5.46, 133.36
1657523815.349624,5.87, 142.95
1657523816.3915265,7.13, 159.25
1657523817.4455853,6.29, 163.59
1657523818.4867892,5.62, 153.99
1657523819.5300605,5.81, 143.17
1657523820.5797787,5.49, 155.54
1657523821.6297183,8.19, 190.29
1657523822.6821108,8.22, 147.33
1657523823.7302868,5.83, 155.30
1657523824.7884777,5.70, 130.57
1657523825.8348897,6.56, 147.02
1657523826.877614,9.98, 175.45
1657523827.9199119,7.48, 133.35
1657523828.9703498,6.89, 136.84
1657523830.0206037,5.29, 156.01
1657523831.0628564,6.11, 142.68
1657523832.101399,6.61, 148.65
1657523833.1447244,5.39, 158.04
1657523834.2025752,5.83, 155.58
1657523835.2835605,7.24, 197.12
1657523836.3419318,6.74, 289.24
1657523837.3962545,9.54, 174.41
1657523838.4462535,8.83, 177.63
1657523839.4954839,6.10, 164.15
1657523840.5539174,7.47, 173.82
1657523841.6101017,7.65, 207.22
1657523842.6594791,11.98, 153.85
1657523843.7152772,8.97, 159.01
1657523844.7589111,8.90, 161.89
1657523845.7997901,5.45, 165.32
1657523846.8526413,8.38, 177.99
1657523847.8993683,6.14, 146.51
1657523848.9500613,7.29, 204.31
1657523850.000148,9.69, 165.85
1657523851.0514467,6.53, 210.62
1657523852.0922577,8.52, 152.74
1657523853.13171,7.69, 173.55
1657523854.172664,11.43, 169.64
1657523855.2216454,7.24, 177.63
1657523856.2718506,6.09, 176.29
1657523857.3151693,7.61, 158.70
1657523858.3600879,8.25, 168.58
1657523859.4031842,6.80, 183.81
1657523860.4399285,8.81, 169.14
1657523861.4897132,7.87, 184.17
1657523862.5333824,6.65, 156.79
1657523863.580603,9.11, 162.79
1657523864.6279078,9.73, 166.74
1657523865.6750011,6.14, 148.06
1657523866.724936,11.24, 194.32
1657523867.76762,10.01, 167.60
1657523868.8083742,9.97, 161.23
1657523869.8608272,10.17, 165.58
1657523870.903044,7.13, 155.66
1657523871.9429796,7.75, 198.47
1657523872.9903288,6.22, 174.84
1657523874.047306,6.22, 165.00
1657523875.0907333,7.44, 148.08
1657523876.1369996,8.07, 204.37
1657523877.1785336,8.93, 178.19
1657523878.2267294,11.77, 197.75
1657523879.2704976,6.33, 153.05
1657523880.3156033,6.89, 161.44
1657523881.357259,6.93, 200.24
1657523882.4114292,8.16, 164.53
1657523883.4559462,8.51, 166.19
1657523884.5066705,7.08, 150.98
1657523885.5512867,9.76, 165.18
1657523886.5919309,10.34, 213.52
1657523887.6422682,9.23, 167.30
1657523888.695141,8.17, 151.87
1657523889.734695,6.83, 137.88
1657523890.7831693,8.51, 151.30
1657523891.818148,10.93, 197.88
1657523892.8637846,7.37, 131.18
1657523893.9056146,5.65, 139.54
1657523894.9564364,6.38, 164.90
1657523896.0027924,5.61, 159.54
1657523897.0482852,7.78, 181.46
1657523898.1003246,7.80, 168.27
1657523899.1472301,5.60, 166.04
1657523900.1873975,6.26, 173.70
1657523901.2406435,6.46, 194.15
1657523902.2931583,9.62, 159.77
1657523903.3426638,8.12, 170.92
1657523904.37554,9.66, 166.64
1657523905.429918,7.13, 177.59
1657523906.472888,9.19, 189.72
1657523907.513794,7.97, 149.02
1657523908.5608785,7.98, 169.68
1657523909.6145499,7.37, 157.88
1657523910.6663005,6.01, 187.18
1657523911.7202075,8.93, 189.19
1657523912.7723892,6.19, 157.56
1657523913.8310657,6.41, 169.26
1657523914.8756082,5.98, 158.34
1657523915.929714,8.64, 162.33
1657523916.9726162,9.91, 175.87
1657523918.039258,5.72, 143.50
1657523919.104764,5.54, 164.63
1657523920.1447759,10.57, 162.32
1657523921.183822,10.03, 163.86
1657523922.2244394,10.01, 176.86
1657523923.2685888,5.44, 136.79
1657523924.3223763,6.96, 145.10
1657523925.3796716,6.34, 123.37
1657523926.4334278,7.57, 196.88
1657523927.4805562,6.87, 150.01
1657523928.5174305,5.37, 150.39
1657523929.5651288,5.20, 153.72
1657523930.6155043,6.48, 147.42
1657523931.671562,9.42, 168.11
1657523932.7207198,8.16, 172.36
1657523933.7747278,8.96, 162.14
1657523934.812732,7.61, 164.51
1657523935.8575063,7.14, 155.14
1657523936.9005103,7.17, 173.11
1657523937.9489868,6.02, 162.53
1657523939.0057187,5.86, 151.45
1657523940.0745027,5.90, 154.05
1657523941.1254373,6.72, 179.33
1657523942.167546,7.66, 204.87
1657523943.2123506,5.42, 140.68
1657523944.2606218,6.85, 135.52
1657523945.3155556,6.38, 158.73
1657523946.3578367,5.58, 157.29
1657523947.4095178,6.99, 177.75
1657523948.4505243,7.53, 141.37
1657523949.504931,5.80, 143.88
1657523950.542639,10.68, 144.90
1657523951.5907948,6.06, 177.62
1657523952.6513352,9.80, 165.49
1657523953.7013443,5.20, 122.61
1657523954.7450757,10.19, 164.81
1657523955.7954865,17.89, 161.23
1657523956.8399591,13.58, 185.16
1657523957.8967953,13.02, 139.68
1657523958.9423163,12.12, 137.89
1657523959.979652,11.75, 158.07
1657523961.0164247,12.42, 172.96
1657523962.05396,12.67, 166.65
1657523963.1103566,12.44, 130.38
1657523964.1554043,11.30, 125.80
1657523965.1964512,11.81, 143.98
1657523966.2410793,6.23, 127.75
1657523967.2943573,12.39, 153.38
1657523968.339974,11.14, 138.23
1657523969.3813128,12.44, 152.70
1657523970.4305449,11.95, 158.55
1657523971.4771035,13.67, 134.67
1657523972.5217524,8.27, 178.21
1657523973.5675972,5.47, 155.23
1657523974.6219258,5.24, 145.84
1657523975.6705308,5.89, 150.18
1657523976.7227805,9.40, 158.94
1657523977.7775834,8.72, 139.96
1657523978.828079,9.32, 138.90
1657523979.8795195,9.14, 138.91
1657523980.9295673,9.62, 139.66
1657523981.9782705,9.94, 178.05
1657523983.0204952,6.22, 152.26
1657523984.064294,5.68, 151.16
1657523985.1122015,5.68, 138.30
1657523986.1701279,6.02, 138.48
1657523987.2154503,7.11, 182.55
1657523988.2750003,5.24, 133.63
1657523989.3234,6.62, 155.61
1657523990.3720338,12.35, 146.78
1657523991.4174743,6.27, 151.22
1657523992.4629457,6.61, 184.87
1657523993.5102797,9.49, 151.54
1657523994.566707,6.97, 155.06
1657523995.627878,5.94, 143.16
1657523996.6739562,7.94, 150.24
1657523997.7190106,7.40, 186.06
1657523998.7681282,5.64, 151.15
1657523999.809525,5.40, 140.78
1657524000.8596296,5.58, 169.36
1657524001.903039,10.69, 204.96
1657524002.9555926,9.79, 192.46
1657524004.002326,9.56, 151.09
1657524005.0582154,9.40, 143.04
1657524006.1158576,8.23, 162.93
1657524007.167418,7.08, 198.22
1657524008.2124693,5.76, 145.16
1657524009.2590575,5.25, 137.40
1657524010.3175573,7.27, 161.70
1657524011.379378,9.89, 193.32
1657524012.4350767,8.22, 481.49
1657524013.4751337,6.51, 851.56
1657524014.537083,4.98, 149.33
1657524015.5885828,4.74, 143.37
1657524016.6309047,5.73, 161.96
1657524017.6749883,6.86, 179.03
1657524018.7262363,5.40, 135.38
1657524019.7750804,4.85, 158.53
1657524020.836228,5.58, 139.03
1657524021.8840878,6.27, 168.16
1657524022.933303,4.85, 127.97
1657524023.9711165,5.14, 134.94
1657524025.014634,7.19, 137.18
1657524026.0681272,4.90, 147.35
1657524027.126399,6.67, 168.65
1657524028.1801322,4.77, 121.97
1657524029.2274432,5.36, 148.17
1657524030.273981,4.49, 149.06
1657524031.316555,5.05, 158.42
1657524032.3742332,6.80, 164.27
1657524033.412972,5.33, 147.07
1657524034.462515,5.25, 160.99
1657524035.5199413,5.37, 160.72
1657524036.5699298,5.46, 149.41
1657524037.6200569,6.56, 170.35
1657524038.6708696,5.63, 175.10
1657524039.7128074,5.02, 149.31
1657524040.7622194,5.60, 165.50
1657524041.8183582,6.09, 178.68
1657524042.8624046,6.41, 176.87
1657524043.9162207,5.24, 156.54
1657524044.9656768,4.93, 142.00
1657524046.011616,4.85, 134.18
1657524047.0626678,6.08, 156.51
1657524048.1123886,5.21, 144.10
1657524049.158304,5.13, 148.84
1657524050.1998515,7.67, 134.19
1657524051.2386053,5.23, 130.06
1657524052.280482,6.42, 173.50
1657524053.321113,4.65, 143.17
1657524054.3621607,5.31, 150.00
1657524055.4156168,4.79, 123.85
1657524056.4691954,5.43, 144.82
1657524057.512344,6.86, 194.65
1657524058.5601346,5.09, 140.30
1657524059.618422,5.55, 147.52
1657524060.664305,5.97, 270.83
1657524061.7097864,5.35, 163.30
1657524062.7547784,7.53, 220.60
1657524063.8059082,5.96, 159.40
1657524064.8545444,5.12, 142.86
1657524065.9150715,5.30, 151.25
1657524066.9697013,6.72, 178.56
1657524068.019447,7.51, 147.75
1657524069.0687711,5.40, 138.60
1657524070.1201916,8.20, 232.47
1657524071.1662767,5.32, 165.68
1657524072.2157195,6.97, 207.88
1657524073.2692196,7.51, 152.24
1657524074.318149,5.55, 247.74
1657524075.370462,3.77, 106.25
1657524076.4285896,4.27, 104.50
1657524077.476594,6.31, 202.01
1657524078.5238006,4.74, 151.37
1657524079.5807917,5.18, 141.16
1657524080.6305518,5.18, 151.50
1657524081.676199,7.28, 155.30
1657524082.7216077,13.09, 189.01
1657524083.7728546,5.14, 136.08
1657524084.814954,5.29, 159.52
1657524085.858475,4.96, 161.01
1657524086.9040155,5.85, 169.40
1657524087.947781,6.51, 172.47
1657524089.00003,5.63, 168.09
1657524090.04407,5.06, 165.08
1657524091.0997078,5.35, 146.52
1657524092.1505733,6.53, 186.97
1657524093.202877,5.12, 155.36
1657524094.257793,5.27, 156.23
1657524095.3043103,5.39, 154.41
1657524096.345782,5.46, 192.32
1657524097.4323711,7.12, 188.78
1657524098.4835923,5.90, 170.33
1657524099.5280895,5.67, 155.98
1657524100.5757935,5.30, 160.00
1657524101.627388,8.32, 158.75
1657524102.6845944,7.36, 174.46
1657524103.7341113,5.68, 172.89
1657524104.7730997,5.51, 141.11
1657524105.8249035,3.27, 80.71
1657524106.8755574,4.14, 87.72
1657524107.9262757,5.58, 92.48
1657524108.9699805,3.51, 84.38
1657524110.0171874,3.52, 81.38
1657524111.0711226,3.39, 82.95
1657524112.1203623,4.59, 77.07
1657524113.1637897,3.92, 89.20
1657524114.2008119,4.19, 100.26
1657524115.2507997,3.98, 90.71
1657524116.3019223,3.87, 85.37
1657524117.3471427,5.00, 86.25
1657524118.3967104,12.02, 97.41
1657524119.4410691,6.26, 101.16
1657524120.4960816,3.75, 76.13
1657524121.5428846,5.88, 83.23
1657524122.5972798,4.68, 86.38
1657524123.642385,3.25, 85.91
1657524124.6949017,3.36, 82.66
1657524125.7421234,3.33, 62.04
1657524126.848299,3.19, 81.58
1657524127.9014862,10.20, 108.51
1657524128.954133,3.23, 86.93
1657524130.0047088,6.26, 77.99
1657524131.055176,4.05, 96.44
1657524132.1005573,8.05, 93.32
1657524133.145011,4.20, 95.62
1657524134.1916807,3.68, 76.16
1657524135.2408104,3.67, 77.78
1657524136.2873933,4.26, 94.25
1657524137.3394363,5.43, 75.37
1657524138.3926084,6.82, 82.10
1657524139.4489753,3.59, 80.33
1657524140.5025833,4.10, 94.04
1657524141.5473762,4.42, 94.94
1657524142.5903156,4.77, 90.28
1657524143.6268523,4.09, 77.04
1657524144.678137,3.57, 79.69
1657524145.7200294,4.21, 83.26
1657524146.7710986,7.56, 91.52
1657524147.8115702,4.49, 72.82
1657524148.8549402,3.73, 84.55
1657524149.8958797,3.66, 75.83
1657524150.9475784,7.66, 84.52
1657524151.9943745,4.42, 87.84
1657524153.036315,7.73, 72.76
1657524154.0696437,5.87, 75.37
1657524155.1155112,3.30, 65.67
1657524156.1602485,3.61, 71.34
1657524157.2116919,7.62, 86.64
1657524158.2589605,3.93, 90.21
1657524159.3053803,6.12, 83.03
1657524160.3529003,6.20, 74.05
1657524161.405247,4.50, 93.15
1657524162.4556563,4.42, 79.15
1657524163.5068073,3.97, 78.59
1657524164.5566285,3.80, 84.28
1657524165.6123111,4.10, 85.30
1657524166.6597602,7.14, 99.12
1657524167.711062,7.30, 76.63
1657524168.767398,3.88, 74.73
1657524169.8156369,3.72, 80.25
1657524170.8639905,4.10, 77.06
1657524171.914279,4.36, 111.27
1657524172.960822,4.68, 90.94
1657524174.012148,4.21, 86.17
1657524175.069335,3.71, 78.83
1657524176.118121,4.03, 85.67
1657524177.1645496,4.72, 99.38
1657524178.2140174,4.84, 84.37
1657524179.2672923,3.58, 84.95
1657524180.3217947,3.91, 82.48
1657524181.3583775,4.52, 109.23
1657524182.4085019,4.84, 86.77
1657524183.4559526,4.08, 81.02
1657524184.5074298,3.72, 78.23
1657524185.5557394,3.71, 78.77
1657524186.6040988,4.67, 97.93
1657524187.6450052,4.62, 80.20
1657524188.6939313,3.75, 75.65
1657524189.734606,3.58, 78.89
1657524190.777197,3.57, 77.53
1657524191.8257039,4.55, 95.46
1657524192.8851523,4.47, 72.69
1657524193.936518,3.38, 66.65
1657524194.9878314,3.38, 66.50
1657524196.035359,3.91, 71.72
1657524197.0794363,3.89, 80.94
1657524198.1232476,4.60, 71.03
1657524199.168651,3.45, 69.60
1657524200.2166054,3.20, 65.63
1657524201.262099,4.48, 77.26
1657524202.3088884,4.74, 79.86
1657524203.3596313,3.67, 70.86
1657524204.4118721,3.05, 53.00
1657524205.4554904,2.92, 63.29
1657524206.499581,4.73, 88.55
1657524207.5441737,4.50, 73.48
1657524208.5869617,3.20, 64.90
1657524209.6447234,3.76, 67.66
1657524210.681938,3.65, 75.08
1657524211.7223873,5.01, 101.59
1657524212.777497,4.59, 65.33
1657524213.8246937,3.54, 71.62
1657524214.8749173,3.59, 68.95
1657524215.9225864,3.96, 79.12
1657524216.9677951,4.87, 100.68
1657524218.0091708,4.54, 66.38
1657524219.0547993,3.45, 54.46
1657524220.0982058,2.80, 52.67
1657524221.148595,2.84, 49.34
1657524222.1916072,4.64, 82.16
1657524223.2511642,3.80, 56.26
1657524224.3022377,3.26, 59.33
1657524225.3483481,2.99, 48.16
1657524226.3989186,3.83, 70.67
1657524227.4470737,4.75, 70.48
1657524228.4890707,4.08, 77.31
1657524229.5347295,4.03, 80.70
1657524230.5880785,6.36, 72.47
1657524231.6359715,4.84, 96.57
1657524232.691821,4.56, 77.91
1657524233.7316484,3.58, 72.50
1657524234.7774303,3.59, 55.26
1657524235.8203635,2.93, 46.29
1657524236.8689122,4.54, 80.62
1657524237.9152088,4.35, 75.55
1657524238.9600055,3.49, 65.84
1657524240.0090916,4.88, 77.34
1657524241.063206,3.26, 58.58
1657524242.112517,4.56, 101.11
1657524243.158595,4.58, 83.31
1657524244.2139351,4.90, 90.10
1657524245.2522023,4.02, 119.89
1657524246.2973478,4.95, 153.25
1657524247.3383448,5.36, 135.84
1657524248.385161,5.49, 132.44
1657524249.4254522,4.35, 77.73
1657524250.4743483,6.01, 70.23
1657524251.5234249,4.44, 90.63
1657524252.5736778,4.81, 73.96
1657524253.6263652,3.43, 67.11
1657524254.6803193,4.07, 74.43
1657524255.7301779,3.38, 60.09
1657524256.775295,4.73, 89.98
1657524257.8235483,5.10, 79.36
1657524258.8748512,3.67, 73.54
1657524259.9180207,3.57, 72.16
1657524260.9724834,6.29, 81.38
1657524262.0243356,6.20, 115.93
1657524263.06839,4.26, 68.49
1657524264.122699,3.01, 63.38
1657524265.1721761,2.58, 69.29
1657524266.2216215,2.36, 69.39
1657524267.2711668,3.71, 88.78
1657524268.3205953,3.37, 68.14
1657524269.370443,3.71, 70.04
1657524270.4132378,3.56, 62.96
1657524271.4578934,4.23, 86.36
1657524272.5136976,7.43, 97.71
1657524273.5566747,4.10, 100.34
1657524274.6120934,3.93, 76.51
1657524275.6580765,3.90, 75.45
1657524276.7036402,4.99, 107.89
1657524277.7452939,6.09, 173.54
1657524278.7911584,4.39, 108.01
1657524279.8401437,4.45, 122.36
1657524280.8959868,4.59, 183.11
1657524281.9426036,4.75, 153.51
1657524282.986991,5.75, 139.33
1657524284.029793,4.12, 139.34
1657524285.0827906,4.57, 130.39
1657524286.1379926,3.97, 136.15
1657524287.1817713,5.37, 174.69
1657524288.2248816,4.60, 74.05
1657524289.2801585,3.62, 89.72
1657524290.333128,4.50, 128.96
1657524291.3767977,4.42, 87.74
1657524292.4176588,4.04, 81.22
1657524293.4598138,6.91, 72.67
1657524294.5101998,3.48, 73.78
1657524295.5548675,3.18, 63.54
1657524296.5980842,3.74, 76.64
1657524297.6450603,4.67, 69.74
1657524298.690674,3.69, 67.20
1657524299.7498672,3.34, 73.23
1657524300.8048835,3.53, 74.16
1657524301.8694239,4.24, 97.06
1657524302.9130118,5.00, 83.82
1657524303.9528096,3.95, 84.67
1657524304.993742,3.58, 77.63
1657524306.0423374,3.53, 75.51
1657524307.100302,4.26, 105.22
1657524308.1428237,5.66, 70.56
1657524309.1855059,3.52, 78.88
1657524310.231182,3.84, 85.06
1657524311.275786,4.77, 90.59
1657524312.3291087,5.35, 112.54
1657524313.3759441,4.54, 68.78
1657524314.4146934,3.80, 79.29
1657524315.4535594,4.52, 127.38
1657524316.4999404,3.93, 89.57
1657524317.5460343,5.21, 118.34
1657524318.5883887,4.63, 100.22
1657524319.6368196,7.56, 133.99
1657524320.68465,4.69, 79.08
1657524321.7291188,8.25, 92.73
1657524322.7768996,6.30, 97.05
1657524323.816441,3.49, 65.21
1657524324.8645887,3.41, 77.44
1657524325.9078677,3.72, 73.27
1657524326.959542,4.04, 81.51
1657524328.0033329,4.65, 69.03
1657524329.0440898,3.35, 60.58
1657524330.0856283,4.76, 155.28
1657524331.131658,3.66, 60.23
1657524332.1839886,3.65, 87.15
1657524333.2355945,5.27, 107.23
1657524334.2894049,3.32, 67.63
1657524335.344125,3.44, 68.81
1657524336.3909745,3.21, 57.85
1657524337.4448094,4.49, 89.50
1657524338.4960778,5.46, 77.85
1657524339.5429783,4.64, 140.16
1657524340.5887442,4.89, 166.08
1657524341.6293406,4.55, 102.01
1657524342.6928785,5.29, 98.88
1657524343.7958753,3.69, 79.61
1657524344.8505309,3.98, 85.49
1657524345.899869,4.04, 82.98
1657524346.9439063,4.61, 100.02
1657524347.995338,4.68, 81.35
1657524349.0389614,5.01, 98.36
1657524350.0841086,5.21, 92.11
1657524351.1337419,4.26, 84.29
1657524352.180615,5.53, 110.08
1657524353.2272818,4.90, 79.71
1657524354.2793422,6.94, 76.99
1657524355.3228831,3.63, 72.48
1657524356.3649297,4.27, 79.21
1657524357.4058845,4.47, 102.75
1657524358.450507,9.71, 100.91
1657524359.500771,4.89, 100.22
1657524360.5515795,3.23, 70.49
1657524361.592295,4.59, 97.67
1657524362.6461453,4.09, 79.22
1657524363.6893303,5.13, 80.79
1657524364.7304926,3.58, 114.22
1657524365.7754998,3.59, 76.30
1657524366.8289382,5.65, 118.46
1657524367.879882,4.22, 74.87
1657524368.930158,3.75, 66.79
1657524369.9728155,2.78, 47.82
1657524371.0203962,3.49, 66.15
1657524372.076073,4.09, 94.81
1657524373.1180725,4.92, 88.40
1657524374.166251,3.78, 77.89
1657524375.2146194,3.58, 108.93
1657524376.260223,3.89, 98.53
1657524377.3059955,5.15, 121.13
1657524378.3513532,5.50, 126.69
1657524379.3972855,3.73, 77.64
1657524380.4367962,3.77, 72.09
1657524381.4791808,3.36, 65.44
1657524382.5255516,4.09, 90.49
1657524383.5682473,4.69, 74.36
1657524384.6147969,3.57, 73.99
1657524385.6547594,3.56, 72.50
1657524386.7099845,5.05, 91.24
1657524387.7528028,3.76, 80.99
1657524388.8056977,4.04, 72.78
1657524389.846075,3.54, 76.18
1657524390.894656,3.48, 74.04
1657524391.9460795,4.61, 89.09
1657524392.988187,4.68, 112.36
1657524394.0336332,3.77, 68.53
1657524395.0771635,3.56, 79.91
1657524396.1167686,3.64, 70.24
1657524397.1622648,4.60, 89.77
1657524398.1989412,4.39, 72.99
1657524399.2546885,4.22, 80.42
1657524400.300011,3.27, 76.31
1657524401.3437836,3.36, 55.19
1657524402.3868878,3.81, 82.36
1657524403.4297528,4.68, 76.81
1657524404.4735081,3.68, 68.15
1657524405.5216076,2.92, 63.54
1657524406.5679424,3.84, 70.12
1657524407.6190615,4.11, 76.01
1657524408.677239,4.46, 65.72
1657524409.7221005,3.82, 77.74
1657524410.775951,4.00, 84.04
1657524411.8268871,4.92, 104.56
1657524412.8755004,5.24, 88.05
1657524413.9266496,4.02, 75.61
1657524414.9714472,3.78, 67.76
1657524416.01474,3.39, 62.84
1657524417.0643783,4.52, 82.64
1657524418.1030598,4.09, 56.67
1657524419.1479723,3.54, 56.20
1657524420.1961777,3.82, 65.25
1657524421.2365134,3.03, 61.08
1657524422.282286,4.53, 89.09
1657524423.3332202,4.32, 69.03
1657524424.384243,3.56, 58.96
1657524425.431329,3.68, 107.61
1657524426.4766746,3.25, 59.31
1657524427.5313113,4.27, 85.31
1657524428.5748537,3.76, 54.85
1657524429.6292129,4.04, 68.18
1657524430.6775072,3.59, 66.98
1657524431.7188017,4.38, 85.64
1657524432.7602904,4.03, 81.46
1657524433.791966,4.74, 88.15
1657524434.83384,4.48, 80.38
1657524435.8900418,4.01, 74.06
1657524436.9463875,4.47, 86.87
1657524437.9920425,7.22, 78.97
1657524439.04162,3.70, 72.92
1657524440.093845,3.94, 75.52
1657524441.135292,6.19, 74.61
1657524442.1875446,4.86, 85.05
1657524443.2303798,4.50, 62.41
1657524444.2829266,3.88, 70.81
1657524445.3275242,3.99, 74.27
1657524446.375678,3.48, 64.34
1657524447.42585,5.12, 109.07
1657524448.4693904,5.52, 92.35
1657524449.5112448,3.13, 66.32
1657524450.563039,3.84, 75.77
1657524451.6223466,4.22, 86.38
1657524452.6566248,3.49, 62.21
1657524453.7109222,3.71, 51.53
1657524454.7635298,3.26, 52.08
1657524455.8108828,3.23, 66.51
1657524456.8585572,4.13, 90.18
1657524457.9005637,3.96, 73.73
1657524458.945347,4.56, 75.09
1657524459.9853797,4.14, 80.18
1657524461.0418117,5.10, 80.33
1657524462.1011496,20.80, 150.80
1657524463.1492188,5.24, 86.55
1657524464.2003577,3.77, 77.85
1657524465.2501695,3.71, 73.31
1657524466.2922697,3.44, 64.26
1657524467.3387733,7.52, 91.13
1657524468.3832183,4.57, 68.94
1657524469.4307346,3.32, 67.52
1657524470.4850924,3.94, 71.04
1657524471.5586884,4.34, 75.86
1657524472.6323104,7.14, 93.16
1657524473.6811852,7.80, 104.84
1657524474.7246072,11.37, 89.50
1657524475.784802,7.75, 214.99
1657524476.8641076,5.09, 162.88
1657524477.912793,4.40, 113.11
1657524478.9534912,4.40, 62.16
1657524479.9995384,3.56, 63.26
1657524481.068725,3.95, 74.77
1657524482.1089478,4.36, 92.45
1657524483.163268,5.15, 76.59
1657524484.221691,3.23, 56.57
1657524485.276589,3.42, 55.78
1657524486.3235822,5.49, 54.36
1657524487.3672402,5.32, 94.24
1657524488.4289641,5.60, 66.47
1657524489.486132,3.56, 360.59
1657524490.5314183,5.39, 751.00
1657524491.5738995,2.39, 41.40
1657524492.6238422,3.95, 84.29
1657524493.6745033,4.37, 74.82
1657524494.7211292,2.87, 67.20
1657524495.7636256,3.33, 61.17
1657524496.813813,3.30, 63.96
1657524497.8541813,3.18, 60.01
1657524498.8980181,4.34, 74.31
1657524499.953512,2.85, 64.94
1657524501.0026927,3.04, 50.06
1657524502.045449,3.43, 73.77
1657524503.09681,6.02, 66.73
1657524504.1490512,5.76, 438.04
1657524505.201713,3.29, 73.01
1657524506.245872,3.57, 75.60
1657524507.296876,4.23, 90.11
1657524508.340217,5.30, 81.61
1657524509.3783653,4.04, 62.17
1657524510.4222138,3.07, 65.85
1657524511.4653308,3.43, 66.36
1657524512.5189362,4.33, 88.96
1657524513.5665145,4.21, 65.97
1657524514.6151707,3.07, 64.83
1657524515.6541588,3.68, 73.11
1657524516.696697,3.52, 77.15
1657524517.741018,3.30, 77.11
1657524518.7848532,4.48, 67.38
1657524519.8381004,2.68, 70.15
1657524520.8782065,3.30, 66.79
1657524521.9304233,3.83, 83.17
1657524522.9762504,3.81, 71.93
1657524524.018357,4.18, 88.32
1657524525.0550103,2.84, 63.12
1657524526.1035912,2.90, 58.40
1657524527.1429133,6.19, 976.57
1657524528.184938,3.49, 48.88
1657524529.237269,3.06, 75.52
1657524530.2871227,3.64, 354.37
1657524531.3250294,2.51, 49.79
1657524532.3755991,4.83, 97.71
1657524533.4201264,3.66, 50.60
1657524534.4627128,2.39, 55.69
1657524535.5068498,2.80, 55.61
1657524536.5555923,3.24, 67.26
1657524537.6007931,3.48, 75.68
1657524538.6539671,5.38, 78.13
1657524539.7044055,2.91, 65.34
1657524540.753981,2.53, 64.27
1657524541.8170373,3.13, 59.84
1657524542.869491,3.41, 70.67
1657524543.9113452,4.56, 79.48
1657524544.9565873,3.52, 76.71
1657524546.0056942,3.40, 77.97
1657524547.0660892,3.10, 66.56
1657524548.1138442,3.97, 107.05
1657524549.1579516,4.56, 69.60
1657524550.2028906,3.03, 58.45
1657524551.2472765,3.38, 64.18
1657524552.2887306,2.72, 52.57
1657524553.343887,4.48, 74.23
1657524554.3945456,3.24, 58.47
1657524555.4344552,2.44, 44.85
1657524556.4803927,2.96, 47.63
1657524557.5346694,2.68, 45.25
1657524558.586259,4.04, 56.24
1657524559.6352017,2.42, 41.66
1657524560.6760767,2.66, 45.62
1657524561.717252,2.82, 39.65
1657524562.7580316,3.81, 68.32
1657524563.8077328,3.86, 39.75
1657524564.8567913,2.36, 48.99
1657524565.9066913,2.35, 39.19
1657524566.9552352,3.05, 52.36
1657524568.0010211,3.73, 76.43
1657524569.0580606,6.85, 60.44
1657524570.1085854,3.39, 69.88
1657524571.1554182,3.13, 69.32
1657524572.206731,4.05, 74.67
1657524573.2518847,4.70, 85.98
1657524574.3023083,2.74, 45.62
1657524575.3571768,2.31, 40.77
1657524576.3985188,2.35, 29.49
1657524577.450339,2.06, 33.34
1657524578.4920871,3.37, 43.35
1657524579.5498989,4.00, 55.24
1657524580.5963686,2.23, 39.36
1657524581.6464114,2.72, 48.40
1657524582.7008026,3.28, 79.49
1657524583.7516463,9.15, 74.77
1657524584.798879,3.22, 76.60
1657524585.8555744,2.58, 53.61
1657524586.907871,2.80, 55.60
1657524587.9533274,2.93, 59.60
1657524589.0097294,2.95, 38.15
1657524590.0503826,2.59, 43.06
1657524591.093842,2.92, 60.01
1657524592.1410787,12.59, 2873.47
1657524593.1956425,14.11, 3154.44
1657524594.2395625,12.39, 2600.48
1657524595.2852407,13.34, 2850.05
1657524596.3227072,8.77, 1489.46
1657524597.360976,3.52, 70.69
1657524598.407794,9.65, 108.44
1657524599.4574893,3.24, 71.30
1657524600.5232618,2.97, 65.81
1657524601.571031,5.37, 63.68
1657524602.6267316,4.57, 87.57
1657524603.6743274,4.24, 63.25
1657524604.7045205,3.18, 49.61
1657524605.7334855,2.99, 59.88
1657524606.7546027,2.37, 49.91
1657524607.776768,4.30, 96.39
1657524608.7981427,3.13, 60.95
1657524609.8311083,4.25, 63.10
1657524610.8786483,3.12, 105.80
1657524611.933732,6.10, 101.20
1657524612.9917285,4.31, 103.07
1657524614.029846,3.09, 59.99
1657524615.0753312,5.65, 73.21
1657524616.121128,3.06, 59.98
1657524617.1671467,3.21, 46.67
1657524618.195175,4.41, 163.71
1657524619.233078,5.39, 661.55
1657524620.2822533,3.49, 50.81
1657524621.329223,4.97, 47.70
1657524622.3855448,2.69, 39.22
1657524623.4265997,3.23, 62.52
1657524624.47815,2.34, 39.30
1657524625.5219374,3.84, 60.62
1657524626.5604727,2.36, 54.18
1657524627.5994134,3.27, 54.03
1657524628.6717002,3.99, 80.21
1657524629.7181523,6.10, 575.44
1657524630.7724917,5.03, 792.20
1657524631.8167107,2.89, 66.05
1657524632.8580315,3.41, 80.18
1657524633.915058,4.59, 113.47
1657524634.9719882,5.41, 88.95
1657524636.014168,3.48, 87.65
1657524637.132412,3.22, 85.50
1657524638.1777961,4.58, 116.32
1657524639.2215977,3.89, 105.51
1657524640.2601888,5.24, 97.39
1657524641.3091807,3.54, 92.82
1657524642.3469062,3.62, 92.50
1657524643.3869834,4.41, 102.57
1657524644.4324949,3.16, 86.18
1657524645.4847167,5.03, 110.20
1657524646.5299532,4.23, 109.21
1657524647.5751357,4.54, 115.83
1657524648.6220424,4.93, 134.17
1657524649.6731043,3.72, 100.98
1657524650.721867,5.62, 113.82
1657524651.7754683,4.65, 116.48
1657524652.8279452,4.53, 114.87
1657524653.8736417,4.62, 127.13
1657524654.9197943,5.19, 118.45
1657524655.9625278,3.91, 96.44
1657524657.0104818,3.88, 97.59
1657524658.0555577,4.64, 114.37
1657524659.1028793,4.32, 100.97
1657524660.1569247,7.88, 475.19
1657524661.2065551,13.18, 1361.23
1657524662.2499332,3.59, 102.62
1657524663.2970858,4.83, 121.11
1657524664.3559163,3.73, 91.71
1657524665.4094505,4.68, 89.40
1657524666.449866,3.79, 88.64
1657524667.5051174,3.74, 87.81
1657524668.5489533,4.55, 107.25
1657524669.5927868,3.77, 96.52
1657524670.635087,4.73, 90.71
1657524671.6845725,4.26, 99.90
1657524672.7285268,6.93, 103.26
1657524673.7554834,4.89, 112.28
1657524674.791339,4.79, 86.24
1657524675.847853,4.35, 109.14
1657524676.9013422,4.26, 119.34
1657524677.9491587,5.20, 130.98
1657524679.011167,4.20, 106.92
1657524680.0613077,5.02, 105.05
1657524681.114233,4.18, 98.17
1657524682.1635516,3.80, 93.50
1657524683.2198613,4.79, 122.10
1657524684.2649689,3.85, 84.38
1657524685.3067977,4.23, 86.86
1657524686.3493721,3.51, 82.99
1657524687.401746,2.90, 73.12
1657524688.4470212,6.98, 94.30
1657524689.4967678,7.34, 102.62
1657524690.551999,7.40, 98.40
1657524691.5936985,8.45, 111.86
1657524692.6363254,8.14, 103.19
1657524693.6865816,8.35, 104.56
1657524694.7378802,6.94, 97.64
1657524695.781711,8.40, 120.84
1657524696.843509,7.38, 107.03
1657524697.8909895,7.67, 104.27
1657524698.9415228,7.33, 102.96
1657524699.9859989,12.11, 103.66
1657524701.039344,13.08, 113.72
1657524702.0983293,8.05, 112.02
1657524703.1471531,8.74, 122.07
1657524704.2048056,7.84, 112.10
1657524705.2677732,8.18, 112.06
1657524706.3163857,7.77, 115.99
1657524707.3610272,6.87, 104.23
1657524708.398295,8.74, 117.33
1657524709.4436631,8.46, 107.63
1657524710.4937577,8.67, 126.23
1657524711.539308,9.41, 112.00
1657524712.581259,8.06, 100.67
1657524713.6355767,8.18, 128.15
1657524714.6876087,7.35, 106.30
1657524715.740264,9.11, 98.37
1657524716.794308,9.11, 130.02
1657524717.8462887,8.72, 111.84
1657524718.9001465,8.99, 120.66
1657524719.9414039,9.70, 117.53
1657524720.9886997,7.55, 115.02
1657524722.0397959,7.94, 105.95
1657524723.0920563,8.16, 116.93
1657524724.1350749,7.44, 107.75
1657524725.1795812,9.07, 109.38
1657524726.2320783,7.63, 107.94
1657524727.2719762,8.81, 116.61
1657524728.324432,7.77, 106.71
1657524729.3623881,8.49, 105.67
1657524730.4097822,9.01, 91.66
1657524731.4624798,8.63, 99.37
1657524732.505718,8.05, 109.04
1657524733.5564132,8.24, 114.49
1657524734.6093335,7.80, 121.35
1657524735.661413,9.29, 118.74
1657524736.7084296,7.54, 114.01
1657524737.7526295,7.89, 108.75
1657524738.7992976,8.10, 113.77
1657524739.8543692,7.43, 105.38
1657524740.9016979,8.65, 99.75
1657524741.9465075,7.17, 87.72
1657524743.0004203,8.32, 108.27
1657524744.0508025,7.38, 105.67
1657524745.0923831,8.88, 105.29
1657524746.1386058,8.62, 110.79
1657524747.1843185,8.04, 102.95
1657524748.232834,7.90, 102.07
1657524749.2868578,7.30, 90.47
1657524750.3427637,7.59, 89.54
1657524751.3865697,7.12, 90.43
1657524752.4287968,6.89, 86.70
1657524753.4816537,7.77, 91.35
1657524754.5268774,8.29, 95.95
1657524755.572125,11.63, 100.97
1657524756.6187556,7.96, 110.99
1657524757.6620052,7.87, 104.57
1657524758.7019904,7.24, 112.21
1657524759.7595131,8.51, 110.67
1657524760.8096497,8.35, 102.39
1657524761.8620398,8.51, 110.48
1657524762.9049315,7.42, 104.20
1657524763.9490838,8.87, 125.58
1657524764.998579,6.98, 113.52
1657524766.0462902,9.55, 125.35
1657524767.094195,9.17, 116.41
1657524768.148531,8.35, 113.81
1657524769.1959984,8.28, 95.00
1657524770.2434878,9.31, 96.16
1657524771.2865915,8.27, 93.71
1657524772.3382325,9.78, 108.64
1657524773.3898852,17.89, 122.94
1657524774.5110598,8.23, 94.08
1657524775.5519023,7.67, 116.02
1657524776.5948002,7.94, 106.13
1657524777.642111,9.16, 107.09
1657524778.6891432,8.19, 110.60
1657524779.7336478,8.47, 97.33
1657524780.790862,8.68, 95.71
1657524781.8473194,8.22, 102.54
1657524782.887071,7.77, 104.10
1657524783.9286172,8.07, 108.39
1657524784.9716578,7.61, 103.66
1657524786.021406,8.72, 100.15
1657524787.0619512,9.19, 92.32
1657524788.108622,7.84, 86.16
1657524789.1589966,8.75, 93.34
1657524790.2100117,7.81, 83.53
1657524791.2528853,8.79, 80.28
1657524792.3037558,9.02, 83.85
1657524793.3544922,8.32, 91.82
1657524794.413,7.45, 88.26
1657524795.4671185,9.01, 85.57
1657524796.5168452,7.57, 74.67
1657524797.5607905,8.95, 83.29
1657524798.616096,9.25, 99.57
1657524799.6709132,8.37, 105.44
1657524800.7161977,9.37, 93.76
1657524801.7704709,8.67, 87.83
1657524802.8118699,8.84, 92.12
1657524803.858593,8.51, 95.33
1657524804.905091,11.78, 92.97
1657524805.943279,9.51, 99.33
1657524807.0067124,7.96, 100.48
1657524808.0742018,8.16, 107.81
1657524809.1242502,8.25, 93.86
1657524810.185028,8.72, 86.33
1657524811.2442203,9.11, 90.01
1657524812.3107102,8.63, 90.79
1657524813.3774333,8.98, 106.91
1657524814.4393764,8.27, 96.31
1657524815.492945,8.79, 98.11
1657524816.5470245,7.25, 95.51
1657524817.6141822,10.02, 102.93
1657524818.6926548,8.33, 108.62
1657524819.7613256,10.21, 93.25
1657524820.8308098,8.93, 106.30
1657524821.902453,10.57, 112.96
1657524822.990715,8.99, 104.91
1657524824.066015,8.89, 96.98
1657524825.13357,8.85, 91.47
1657524826.1836777,9.61, 102.81
1657524827.2449403,6.55, 107.74
1657524828.3038783,10.01, 114.70
1657524829.3709936,8.62, 102.06
1657524830.441001,8.43, 99.09
1657524831.5245345,7.52, 97.12
1657524832.588794,9.21, 101.46
1657524833.6479657,7.60, 102.94
1657524834.7057526,8.89, 94.84
1657524835.7768655,8.67, 91.34
1657524836.851812,9.04, 94.40
1657524837.9252303,10.10, 96.81
1657524838.9837313,11.32, 110.56
1657524840.0731864,8.81, 100.06
1657524841.1421547,7.76, 92.27
1657524842.224706,7.43, 91.10
1657524843.320111,7.78, 95.70
1657524844.3912938,7.76, 80.59
1657524845.4503732,13.70, 98.53
1657524846.5109584,14.13, 105.49
1657524847.6109,10.42, 102.25
1657524848.7207162,7.04, 109.37
1657524849.784927,8.25, 93.88
1657524850.8422654,9.53, 74.86
1657524851.9066439,8.17, 82.43
1657524852.977473,6.56, 73.22
1657524854.0470886,7.47, 78.67
1657524855.090538,8.31, 87.37
1657524856.1568463,6.93, 77.91
1657524857.2497544,5.86, 68.86
1657524858.3351092,7.82, 70.72
1657524859.416568,6.01, 73.43
1657524860.4988294,7.94, 70.81
1657524861.5717046,7.53, 68.15
1657524862.6533096,5.69, 62.00
1657524863.7306733,8.04, 75.37
1657524864.7856796,6.25, 59.89
1657524865.8413396,8.33, 71.17
1657524866.9096704,7.04, 68.52
1657524867.9797657,6.13, 77.01
1657524869.0433128,6.81, 72.31
1657524870.1298087,5.91, 68.97
1657524871.2202125,7.84, 86.60
1657524872.3121402,6.58, 56.39
1657524873.38572,7.54, 68.66
1657524874.4698544,5.74, 68.78
1657524875.5320196,5.94, 53.08
1657524876.605391,6.11, 64.41
1657524877.703495,6.99, 62.97
1657524878.767828,6.60, 67.23
1657524879.8440502,6.32, 66.41
1657524880.9403758,6.49, 53.48
1657524882.0102558,6.56, 62.48
1657524883.0997543,6.80, 58.46
1657524884.1857965,4.59, 56.48
1657524885.2764158,5.81, 53.84
1657524886.3585088,7.84, 58.58
1657524887.4377956,6.31, 50.92
1657524888.5233428,6.63, 60.74
1657524889.609242,6.01, 58.37
1657524890.6777189,12.00, 55.70
1657524891.7401776,4.49, 54.84
1657524892.8245409,5.41, 48.35
1657524893.9129376,7.18, 53.29
1657524894.9939244,5.26, 43.70
1657524896.0690084,6.54, 43.61
1657524897.1327994,6.17, 52.57
1657524898.1999755,5.78, 56.62
1657524899.2842164,6.48, 70.52
1657524900.344114,6.43, 60.80
1657524901.404887,9.55, 80.98
1657524902.4732735,6.30, 63.68
1657524903.5693004,5.43, 57.21
1657524904.6591358,6.35, 55.25
1657524905.7462492,6.66, 59.39
1657524906.8110802,5.83, 55.53
1657524907.8890803,6.72, 62.63
1657524908.9855063,8.83, 76.93
1657524910.0727568,5.48, 52.08
1657524911.151268,7.60, 50.12
1657524912.225323,8.17, 54.74
1657524913.3015866,5.78, 60.25
1657524914.3742378,6.90, 61.84
1657524915.4502907,6.10, 50.16
1657524916.5273497,6.99, 55.55
1657524917.6075811,6.68, 49.99
1657524918.6942215,6.50, 52.08
1657524919.7785525,5.79, 46.00
1657524920.8539782,7.75, 47.69
1657524921.9304981,5.69, 46.32
1657524923.0036182,5.66, 46.35
1657524924.052404,8.75, 59.49
1657524925.0975723,6.77, 55.59
1657524926.1668217,6.88, 55.17
