ts,ul_kBps,dl_kBps
1657289083.2787192,0.78, 1.17
1657289084.3230085,4.31, 23.68
1657289085.3493962,26.76, 2171.45
1657289086.3655872,9.63, 1225.08
1657289087.4084697,12.97, 1457.14
1657289088.4352963,14.98, 70.81
1657289089.4593139,8.64, 2521.21
1657289090.4867268,56.95, 6210.45
1657289091.5142345,82.10, 12871.83
1657289092.536479,34.10, 19345.29
1657289093.5572996,37.25, 22049.06
1657289094.5795305,35.09, 21433.31
1657289095.6053088,34.06, 19400.16
1657289096.6515353,80.49, 13084.91
1657289097.6804774,18.72, 10630.81
1657289098.7030568,1.89, 252.20
1657289099.7152112,2.40, 7.19
1657289100.7523878,24.63, 2374.64
1657289101.7784603,33.56, 3009.78
1657289102.8106992,42.37, 5590.97
1657289103.8340511,28.76, 2925.06
1657289104.8615744,36.01, 2911.15
1657289105.8859282,30.61, 2758.45
1657289106.9100378,32.62, 2637.70
1657289107.934397,35.07, 2647.82
1657289108.9606836,30.46, 2531.95
1657289109.9851396,34.16, 3045.88
1657289111.0103617,37.77, 3028.07
1657289112.0412807,34.23, 2937.15
1657289113.0773885,32.56, 2993.15
1657289114.1014056,32.97, 2763.33
1657289115.1281588,34.21, 3124.14
1657289116.1631634,36.75, 3040.74
1657289117.1908321,39.71, 4614.49
1657289118.2214766,10.51, 23.31
1657289119.2456043,14.94, 1812.34
1657289120.2853453,9.06, 30.60
1657289121.3109696,15.21, 48.18
1657289122.3514276,14.90, 85.14
1657289123.409545,20.74, 2891.84
1657289124.4625967,11.62, 47.32
1657289125.490863,8.30, 33.00
1657289126.52131,12.21, 34.94
1657289127.5494823,14.10, 43.21
1657289128.5785375,9.85, 40.35
1657289129.5990632,10.60, 44.63
1657289130.6433108,9.67, 47.56
1657289131.6706524,14.83, 2007.34
1657289132.7083418,8.31, 50.95
1657289133.729416,10.69, 49.71
1657289134.7584279,13.84, 47.12
1657289135.795292,12.78, 49.60
1657289136.8296292,13.85, 50.98
1657289137.8659482,14.09, 61.77
1657289138.905986,14.72, 399.84
1657289139.9242406,20.96, 3309.43
1657289140.946107,11.33, 55.76
1657289141.9815645,13.98, 56.91
1657289143.0042338,12.31, 61.09
1657289144.0354629,21.62, 222.39
1657289145.0674114,13.45, 65.20
1657289146.103637,13.85, 64.20
1657289147.1382928,15.37, 77.37
1657289148.180367,21.02, 84.88
1657289149.2179587,14.41, 77.00
1657289150.2477624,13.47, 80.61
1657289151.2878406,15.14, 84.42
1657289152.324346,14.72, 79.27
1657289153.3505132,28.20, 6796.13
1657289154.3753438,13.67, 77.97
1657289155.407714,14.78, 84.22
1657289156.4348042,15.95, 81.90
1657289157.4652662,14.15, 79.54
1657289158.500303,12.88, 85.76
1657289159.5422313,14.80, 78.08
1657289160.5704978,13.09, 75.63
1657289161.6033893,15.24, 71.87
1657289162.631376,15.04, 78.37
1657289163.6508482,17.52, 77.48
1657289164.679938,12.82, 77.99
1657289165.7062578,14.55, 75.75
1657289166.7455173,15.20, 79.26
1657289167.7833414,14.50, 84.42
1657289168.8120525,12.34, 75.99
1657289169.8451,12.89, 74.80
1657289170.8810925,16.05, 80.00
1657289171.9113994,16.65, 76.86
1657289172.9431036,16.78, 82.72
1657289173.9632356,13.32, 76.39
1657289174.9981544,14.24, 77.33
1657289176.0299501,15.38, 75.15
1657289177.0616891,15.05, 77.48
1657289178.0916226,11.72, 75.04
1657289179.1197343,14.83, 72.28
1657289180.1488721,12.75, 70.07
1657289181.1748068,12.78, 72.64
1657289182.2112715,13.31, 72.81
1657289183.2493665,13.22, 74.31
1657289184.2885873,12.48, 76.45
1657289185.319262,13.85, 77.14
1657289186.3484182,11.76, 73.72
1657289187.3809109,13.35, 73.90
1657289188.4169953,14.32, 77.62
1657289189.4567795,19.26, 77.07
1657289190.4797668,14.21, 70.15
1657289191.5122502,13.23, 69.31
1657289192.5498896,15.83, 71.71
1657289193.5901043,14.73, 76.05
1657289194.622836,15.16, 77.35
1657289195.6581519,13.19, 71.49
1657289196.6838267,14.35, 71.69
1657289197.7173803,13.13, 65.25
1657289198.7521951,14.14, 71.42
1657289199.78628,13.00, 67.90
1657289200.816213,13.84, 68.78
1657289201.8574626,14.42, 67.10
1657289202.8845458,13.18, 62.58
1657289203.9110613,13.96, 66.53
1657289204.946794,18.92, 69.77
1657289205.9807732,21.47, 69.50
1657289207.0065808,16.54, 79.33
1657289208.0321774,16.79, 68.51
1657289209.0683074,14.99, 62.32
1657289210.113041,15.29, 68.05
1657289211.1445432,16.75, 68.01
1657289212.1852508,14.47, 75.16
1657289213.2152405,12.73, 69.39
1657289214.2522857,20.15, 86.79
1657289215.2744462,15.29, 70.41
1657289216.3088439,15.87, 72.74
1657289217.3403196,16.47, 72.31
1657289218.382526,16.66, 71.24
1657289219.414847,13.24, 67.00
1657289220.4476328,12.26, 72.66
1657289221.525583,19.43, 73.96
1657289222.5700922,13.60, 74.81
1657289223.6072497,14.41, 70.38
1657289224.6481152,18.77, 71.77
1657289225.6852617,14.23, 68.46
1657289226.7144523,13.17, 70.99
1657289227.7516146,12.29, 65.93
1657289228.787513,12.87, 73.98
1657289229.8220227,13.35, 71.95
1657289230.8524103,13.24, 71.41
1657289231.8869793,13.46, 71.92
1657289232.9201496,16.33, 69.47
1657289233.9504697,16.63, 77.05
1657289234.981008,18.51, 75.94
1657289236.0141363,11.78, 67.24
1657289237.0534723,13.27, 77.65
1657289238.1020563,13.18, 71.76
1657289239.13792,13.81, 70.82
1657289240.1650996,12.33, 73.39
1657289241.201373,19.44, 71.78
1657289242.2403233,14.35, 70.26
1657289243.2793217,14.06, 69.26
1657289244.3152735,12.31, 69.42
1657289245.3490665,23.53, 74.04
1657289246.3954582,13.80, 63.94
1657289247.4305127,14.25, 69.51
1657289248.473596,13.12, 69.81
1657289249.5035112,14.51, 71.32
1657289250.5419116,12.92, 70.96
1657289251.5806375,13.94, 72.14
1657289252.6189618,13.76, 72.12
1657289253.6565185,14.21, 70.85
1657289254.6989856,13.06, 73.05
1657289255.7278748,13.72, 71.45
1657289256.7537398,14.66, 70.83
1657289257.7863111,14.10, 71.61
1657289258.8155873,14.38, 71.06
1657289259.8581853,12.98, 74.03
1657289260.9085486,13.50, 72.28
1657289261.9488058,14.11, 71.56
1657289262.984089,14.32, 74.21
1657289264.0075119,14.68, 74.46
1657289265.0366988,14.39, 72.47
1657289266.0614195,14.74, 68.30
1657289267.095166,14.66, 67.70
1657289268.1333644,14.44, 70.46
1657289269.172685,13.97, 68.88
1657289270.2048192,14.12, 66.86
1657289271.233103,12.54, 69.42
1657289272.2587466,15.22, 69.93
1657289273.2859075,14.72, 76.16
1657289274.3227594,14.05, 68.37
1657289275.3505213,14.88, 68.63
1657289276.3876336,13.69, 67.13
1657289277.4250894,14.63, 73.84
1657289278.4580457,14.31, 66.73
1657289279.4937477,14.89, 69.49
1657289280.5237868,13.56, 70.27
1657289281.5576072,13.72, 68.94
1657289282.5869246,13.69, 76.51
1657289283.6273332,14.19, 72.24
1657289284.6618836,13.44, 74.37
1657289285.701815,13.71, 73.41
1657289286.7364583,11.10, 76.74
1657289287.7729096,15.36, 75.10
1657289288.817882,14.78, 72.07
1657289289.8457937,16.20, 75.37
1657289290.8914096,15.35, 75.90
1657289291.9268148,18.95, 75.39
1657289292.9523938,15.90, 113.11
1657289293.9856963,14.63, 75.17
1657289295.0272222,14.12, 76.62
1657289296.0634997,22.29, 74.98
1657289297.104047,18.64, 74.79
1657289298.1426246,14.83, 71.20
1657289299.1847305,13.75, 69.24
1657289300.2220693,14.65, 64.39
1657289301.253878,17.49, 71.65
1657289302.2851875,16.95, 74.82
1657289303.321976,15.84, 72.16
1657289304.3738713,15.91, 70.82
1657289305.4137285,15.69, 69.97
1657289306.4493325,15.43, 68.52
1657289307.4809484,16.18, 76.06
1657289308.519031,18.93, 78.20
1657289309.5595758,15.29, 75.71
1657289310.6001868,16.09, 78.45
1657289311.632461,14.69, 75.94
1657289312.6685133,16.39, 79.59
1657289313.7100117,15.72, 76.85
1657289314.7489693,15.32, 74.97
1657289315.7806349,15.85, 75.49
1657289316.8155696,16.40, 77.86
1657289317.8556335,15.68, 76.51
1657289318.8822348,12.42, 73.03
1657289319.919816,16.27, 73.49
1657289320.949236,15.14, 70.10
1657289321.9824193,17.61, 72.90
1657289323.0280402,15.80, 76.87
1657289324.0608115,16.32, 67.55
1657289325.0993738,17.67, 74.93
1657289326.1347358,17.44, 78.32
1657289327.1691432,16.43, 75.73
1657289328.2055233,19.03, 77.02
1657289329.2409117,16.89, 72.83
1657289330.277854,16.13, 68.41
1657289331.3137088,16.05, 67.48
1657289332.3431227,16.60, 65.22
1657289333.374825,16.38, 70.27
1657289334.4128854,14.74, 72.16
1657289335.452796,15.95, 71.47
1657289336.4920754,12.97, 71.67
1657289337.5262318,16.73, 76.78
1657289338.5581057,16.56, 70.67
1657289339.5944242,15.71, 73.53
1657289340.63078,15.70, 70.10
1657289341.660576,15.19, 71.72
1657289342.6974003,17.34, 72.95
1657289343.7335327,15.64, 71.50
1657289344.770907,15.29, 70.32
1657289345.809172,15.45, 71.46
1657289346.8391562,15.94, 65.19
1657289347.8815906,16.62, 69.06
1657289348.9043133,17.90, 72.57
1657289349.9518325,15.14, 73.56
1657289350.9914243,14.64, 70.23
1657289352.0239322,13.85, 70.66
1657289353.0617485,13.22, 70.53
1657289354.0922036,14.69, 70.20
1657289355.12236,12.31, 74.77
1657289356.1467178,15.99, 74.43
1657289357.1729636,13.38, 71.02
1657289358.2143714,13.24, 73.97
1657289359.249932,13.71, 73.67
1657289360.290252,12.61, 71.15
1657289361.3268654,12.50, 70.22
1657289362.369335,13.44, 70.60
1657289363.4070451,12.72, 76.50
1657289364.4333982,12.41, 72.99
1657289365.4689128,12.49, 69.95
1657289366.5076077,13.36, 67.51
1657289367.5418084,13.79, 68.61
1657289368.576065,14.82, 74.01
1657289369.6203837,14.78, 72.31
1657289370.659454,14.90, 74.62
1657289371.692293,12.75, 74.10
1657289372.734944,12.71, 77.62
1657289373.768356,12.75, 73.18
1657289374.8065472,11.47, 72.38
1657289375.8413258,14.84, 71.15
1657289376.8766284,14.18, 70.13
1657289377.912411,14.26, 74.28
1657289378.9557953,12.51, 74.19
1657289379.9949002,15.08, 74.07
1657289381.0269663,14.72, 71.54
1657289382.0690317,14.61, 72.96
1657289383.1093829,20.90, 2968.31
1657289384.1441488,14.16, 2110.42
1657289385.1759083,11.25, 71.91
1657289386.208827,11.03, 71.90
1657289387.2361915,14.22, 68.74
1657289388.2764087,19.50, 78.75
1657289389.3064535,15.48, 82.75
1657289390.3378088,14.01, 77.31
1657289391.368419,13.27, 71.03
1657289392.4014282,14.64, 74.80
1657289393.4387531,13.93, 71.79
1657289394.4757,14.23, 76.72
1657289395.5094657,13.70, 75.50
1657289396.5501022,14.03, 102.15
1657289397.5775144,15.29, 75.17
1657289398.6167085,13.93, 68.99
1657289399.6585696,13.62, 69.61
1657289400.6923633,16.07, 63.41
1657289401.7363849,13.40, 68.62
1657289402.7755938,15.21, 69.06
1657289403.8102603,13.95, 70.93
1657289404.849441,14.48, 74.32
1657289405.881277,13.95, 72.82
1657289406.9068725,13.97, 78.13
1657289407.9480584,17.30, 76.03
1657289408.9797573,13.42, 73.23
1657289410.0144265,13.79, 83.79
1657289411.0420315,11.66, 65.89
1657289412.0755963,13.59, 68.30
1657289413.1163127,14.74, 74.46
1657289414.152475,14.03, 68.95
1657289415.1817307,12.60, 68.91
1657289416.2202623,13.77, 68.98
1657289417.248605,13.69, 70.01
1657289418.288373,16.08, 71.32
1657289419.323767,12.90, 69.20
1657289420.3511424,13.32, 72.93
1657289421.3891747,12.76, 75.39
1657289422.4237275,13.48, 74.75
1657289423.4598227,13.06, 72.77
1657289424.4894614,25.19, 91.02
1657289425.5158722,13.76, 73.72
1657289426.5618193,12.91, 100.28
1657289427.5908656,13.77, 75.73
1657289428.623774,14.77, 81.70
1657289429.6472077,15.07, 79.21
1657289430.6802473,16.09, 104.54
1657289431.714573,16.05, 72.27
1657289432.7503285,13.72, 72.78
1657289433.7800875,12.59, 77.06
1657289434.8191452,10.88, 76.04
1657289435.8632863,13.63, 74.63
1657289436.9060538,12.70, 78.16
1657289437.9402392,14.98, 77.52
1657289438.978867,12.32, 77.73
1657289440.0225408,13.48, 74.14
1657289441.0642378,14.81, 73.78
1657289442.1049585,12.93, 73.49
1657289443.1399593,14.24, 74.39
1657289444.1709538,12.91, 72.60
1657289445.211015,13.58, 76.87
1657289446.2411401,13.08, 71.31
1657289447.279773,14.21, 223.46
1657289448.3110175,13.10, 79.47
1657289449.353632,13.40, 79.41
1657289450.3955455,12.98, 75.82
1657289451.4345603,16.36, 76.34
1657289452.4689023,13.28, 78.90
1657289453.5112536,13.28, 77.87
1657289454.5368023,18.42, 92.47
1657289455.5611856,14.56, 69.92
1657289456.603124,14.44, 73.41
1657289457.639912,15.34, 74.60
1657289458.6689684,13.84, 68.54
1657289459.6953259,13.21, 72.57
1657289460.7318935,12.16, 71.25
1657289461.7694027,13.18, 70.78
1657289462.8044033,13.33, 75.12
1657289463.8410923,12.16, 74.80
1657289464.885706,14.10, 71.83
1657289465.9154048,13.76, 71.93
1657289466.941166,14.70, 72.10
1657289467.973019,14.74, 70.45
1657289469.009411,17.76, 73.84
1657289470.0434968,15.27, 77.13
1657289471.0761118,14.98, 77.71
1657289472.1132329,14.79, 73.85
1657289473.1447203,12.73, 87.97
1657289474.1735964,11.75, 77.58
1657289475.2079782,15.53, 74.65
1657289476.2392876,18.73, 74.85
1657289477.2704008,20.11, 74.76
1657289478.308429,14.26, 74.66
1657289479.3405936,19.35, 82.13
1657289480.3729382,15.68, 74.75
1657289481.4148183,15.23, 76.26
1657289482.4519494,15.93, 74.35
1657289483.4894807,15.47, 75.37
1657289484.5210426,13.69, 74.93
1657289485.5571427,15.58, 73.58
1657289486.5937808,16.15, 72.99
1657289487.6340451,14.44, 76.56
1657289488.660469,16.97, 79.27
1657289489.6968794,15.47, 77.08
1657289490.7286801,18.17, 86.10
1657289491.7653766,15.08, 76.08
1657289492.798003,15.68, 73.28
1657289493.8307805,16.52, 75.91
1657289494.8703647,15.50, 70.77
1657289495.9145186,15.98, 72.08
1657289496.9430232,14.84, 73.01
1657289497.971084,13.61, 71.17
1657289498.9991622,14.39, 72.51
1657289500.0322638,15.40, 75.69
1657289501.0710642,16.11, 74.67
1657289502.1049187,15.10, 72.37
1657289503.1516757,18.02, 210.30
1657289504.193864,15.39, 74.93
1657289505.223785,15.03, 74.35
1657289506.2645283,14.73, 73.50
1657289507.311561,18.72, 76.09
1657289508.3475182,15.94, 69.94
1657289509.373506,15.42, 72.26
1657289510.4122505,15.11, 69.81
1657289511.457268,13.12, 72.28
1657289512.4884918,16.56, 68.42
1657289513.5221093,15.56, 68.93
1657289514.5691264,15.07, 73.69
1657289515.6130078,16.25, 73.68
1657289516.6477857,14.80, 69.48
1657289517.6927488,16.57, 70.01
1657289518.722506,16.33, 73.47
1657289519.759919,15.50, 75.49
1657289520.790823,14.46, 73.63
1657289521.8298175,16.01, 71.78
1657289522.8678145,16.92, 74.53
1657289523.9080477,16.44, 73.97
1657289524.9357576,20.81, 76.78
1657289525.9671202,13.61, 76.14
1657289526.9953582,15.76, 78.75
1657289528.0426154,17.59, 74.41
1657289529.0732749,15.27, 74.78
1657289530.1121151,15.02, 77.04
1657289531.1481078,15.24, 73.21
1657289532.180274,15.26, 75.31
1657289533.2114673,16.22, 76.09
1657289534.241541,15.12, 76.68
1657289535.2710814,15.82, 76.44
1657289536.3118057,14.48, 79.41
1657289537.3417614,15.19, 79.51
1657289538.378601,15.49, 75.05
1657289539.4132178,14.44, 78.12
1657289540.4477108,20.74, 82.97
1657289541.4884458,13.44, 76.60
1657289542.527895,21.76, 77.24
1657289543.556996,15.48, 70.11
1657289544.586031,15.14, 75.41
1657289545.6208973,11.71, 73.13
1657289546.6549125,17.76, 80.36
1657289547.6835608,18.51, 78.90
1657289548.7184758,17.37, 80.12
1657289549.7577775,12.70, 76.41
1657289550.801961,13.85, 75.91
1657289551.8322284,15.29, 75.47
1657289552.865153,14.60, 72.56
1657289553.8952856,13.82, 10.28
1657289554.9238908,12.46, 1.88
1657289555.9697735,12.14, 2.32
