ts,ul_kBps,dl_kBps
1656950585.1737154,0.34, 0.19
1656950586.2021503,4.01, 14.28
1656950587.2239044,23.88, 2246.69
1656950588.2589493,7.65, 88.46
1656950589.278554,21.08, 2854.41
1656950590.2999105,10.24, 242.58
1656950591.335073,6.30, 1053.21
1656950592.3607378,15.94, 3211.53
1656950593.3767145,16.91, 3733.40
1656950594.3920016,14.09, 4301.52
1656950595.404985,11.06, 3456.10
1656950596.428164,10.17, 3100.70
1656950597.4551337,19.85, 4620.67
1656950598.4801643,14.52, 3765.72
1656950599.5051298,13.58, 3446.66
1656950600.5440054,14.11, 3731.47
1656950601.58037,12.97, 3319.00
1656950602.6155066,15.34, 3607.72
1656950603.6472542,32.12, 3146.26
1656950604.66797,34.38, 3570.24
1656950605.702042,39.77, 3496.13
1656950606.7327607,30.58, 2524.75
1656950607.7553294,31.32, 2618.11
1656950608.78956,34.51, 3087.77
1656950609.8145843,33.23, 2797.90
1656950610.8345928,31.88, 2964.94
1656950611.8718135,41.40, 4322.34
1656950612.897209,36.60, 4136.68
1656950613.9252164,30.37, 2819.72
1656950614.956295,36.88, 3347.03
1656950615.9784458,27.86, 2686.51
1656950616.997906,27.17, 2504.05
1656950618.0196116,28.50, 3388.51
1656950619.0424395,27.62, 2842.33
1656950620.0745783,28.76, 3343.48
1656950621.1082008,27.14, 2909.20
1656950622.1363313,27.57, 2940.09
1656950623.1525795,37.64, 3620.89
1656950624.1842964,35.41, 3044.04
1656950625.2104423,35.79, 2959.40
1656950626.2463958,34.58, 2971.80
1656950627.2793832,40.15, 3359.25
1656950628.3055995,37.46, 3219.64
1656950629.3398972,39.12, 3501.88
1656950630.3716705,39.28, 3447.49
1656950631.3948348,37.20, 3105.22
1656950632.4264512,34.99, 3165.53
1656950633.4600036,41.22, 3908.95
1656950634.4909003,35.59, 3381.27
1656950635.5184479,37.56, 3471.30
1656950636.5405965,35.28, 3354.48
1656950637.5589185,38.26, 3661.94
1656950638.5803063,37.12, 2987.99
1656950639.6106987,36.05, 3247.42
1656950640.625924,36.04, 3615.71
1656950641.6454582,40.00, 4040.97
1656950642.6775868,35.48, 3481.29
1656950643.7055883,39.95, 3207.30
1656950644.729099,23.43, 2146.07
1656950645.757735,12.59, 748.09
1656950646.7756464,0.29, 0.29
1656950647.7989929,0.58, 0.25
1656950648.8197346,48.29, 31.46
1656950649.8583336,18.90, 480.86
1656950650.8833337,13.70, 566.43
1656950651.9115875,12.83, 214.12
1656950652.939693,12.96, 565.42
1656950653.9681332,11.02, 4.70
1656950655.0002406,11.95, 1.51
1656950656.0259473,10.90, 7.24
1656950657.0547745,13.21, 0.43
1656950658.0831487,14.25, 29.20
1656950659.109487,11.97, 46.24
1656950660.141108,11.12, 71.15
1656950661.1738446,10.57, 4.14
1656950662.2025099,22.09, 131.23
1656950663.2240255,15.32, 171.30
1656950664.254407,18.43, 770.94
1656950665.2839825,22.35, 2940.46
1656950666.3083544,20.16, 2731.30
1656950667.3420527,9.17, 12.09
1656950668.3706627,6.77, 18.11
1656950669.3967361,12.45, 20.08
1656950670.4213965,10.99, 18.26
1656950671.458025,13.06, 305.12
1656950672.4852655,14.63, 705.95
1656950673.5116808,18.59, 1410.87
1656950674.534247,18.70, 1847.13
1656950675.5711055,21.50, 2532.74
1656950676.5957627,12.01, 21.70
1656950677.624095,11.49, 25.13
1656950678.6550388,11.63, 24.17
1656950679.6909366,15.38, 14.30
1656950680.723631,11.94, 37.03
1656950681.7470307,11.38, 21.89
1656950682.7829173,10.49, 15.60
1656950683.805716,11.17, 32.05
1656950684.836337,10.92, 23.36
1656950685.8733284,15.43, 26.12
1656950686.8994634,11.20, 24.45
1656950687.925331,11.48, 23.11
1656950688.948621,11.54, 23.35
1656950689.9749746,12.01, 22.49
1656950691.0038748,11.38, 23.44
1656950692.029068,12.46, 24.16
1656950693.0608594,32.85, 5236.67
1656950694.092419,12.80, 43.54
1656950695.1298776,11.66, 23.28
1656950696.1602254,11.28, 23.19
1656950697.186678,12.56, 24.34
1656950698.2166526,11.08, 23.01
1656950699.241861,11.87, 24.56
1656950700.2686448,11.89, 24.79
1656950701.294289,11.22, 22.62
1656950702.3230922,11.48, 24.70
1656950703.3528361,11.43, 23.79
1656950704.3862336,11.58, 25.20
1656950705.416018,14.03, 25.00
1656950706.445729,11.05, 25.34
1656950707.4741964,12.41, 25.73
1656950708.4976733,12.34, 26.64
1656950709.521108,14.03, 27.47
1656950710.546685,11.72, 28.06
1656950711.5725563,11.15, 24.34
1656950712.5985386,11.46, 26.86
1656950713.623973,12.14, 24.25
1656950714.6551468,12.00, 30.38
1656950715.6931167,11.04, 22.31
1656950716.7210724,11.04, 26.29
1656950717.7611613,13.96, 26.55
1656950718.8175611,14.18, 39.81
1656950719.8594823,17.43, 28.97
1656950720.889036,11.69, 25.02
1656950721.9168336,11.11, 25.52
1656950722.9465585,11.44, 28.18
1656950723.989166,12.54, 24.86
1656950725.0305877,12.33, 26.73
1656950726.071487,11.06, 25.67
1656950727.1328824,11.73, 26.33
1656950728.1734161,11.22, 27.22
1656950729.2163386,12.12, 25.54
1656950730.2529655,10.67, 25.39
1656950731.2845716,13.60, 26.05
1656950732.3249538,12.21, 27.05
1656950733.3624454,11.82, 28.06
1656950734.4004698,11.57, 26.89
1656950735.445775,20.06, 32.24
1656950736.483331,16.57, 27.97
1656950737.517595,11.26, 26.58
1656950738.5660725,13.35, 24.80
1656950739.6059415,13.06, 26.96
1656950740.6442354,12.83, 66.83
1656950741.6726725,9.81, 18.32
1656950742.7013345,11.44, 32.73
1656950743.7323036,8.77, 29.26
1656950744.7620678,12.46, 26.48
1656950745.7985454,9.70, 25.46
1656950746.8222837,10.81, 25.31
1656950747.8690467,11.76, 27.43
1656950748.9114654,11.21, 26.65
1656950749.952718,11.25, 26.24
1656950750.9854934,10.99, 17.11
1656950752.0129597,11.24, 36.80
1656950753.0445457,15.04, 30.68
1656950754.0906432,13.81, 27.26
1656950755.121621,11.17, 25.88
1656950756.1629286,11.02, 25.86
1656950757.1981788,11.44, 28.25
1656950758.235623,11.34, 27.34
1656950759.2737563,11.80, 26.91
1656950760.3242078,11.42, 24.61
1656950761.3589282,10.90, 25.04
1656950762.3971636,10.97, 26.02
1656950763.4419465,11.87, 26.80
1656950764.478683,11.06, 24.95
1656950765.5065944,9.24, 26.86
1656950766.5355246,10.88, 25.16
1656950767.5678546,11.35, 26.56
1656950768.6094487,11.51, 27.31
1656950769.6556478,11.43, 25.67
1656950770.688548,12.09, 52.10
1656950771.722494,8.58, 25.42
1656950772.7561953,11.21, 27.17
1656950773.7952454,11.47, 27.50
1656950774.8387775,14.21, 29.43
1656950775.8631458,11.96, 25.78
1656950776.8965468,12.83, 26.14
1656950777.932776,11.15, 27.72
1656950778.9665363,11.85, 27.62
1656950779.9977345,10.65, 25.49
1656950781.0452812,11.35, 25.14
1656950782.076517,11.39, 26.35
1656950783.1021814,11.02, 28.88
1656950784.1300044,11.13, 26.42
1656950785.1600037,12.07, 26.63
1656950786.1966305,10.92, 26.36
1656950787.2392237,11.14, 26.32
1656950788.2798262,10.24, 28.64
1656950789.3150327,11.21, 25.26
1656950790.3490903,14.08, 26.46
1656950791.3766189,9.61, 28.01
1656950792.3993337,11.16, 29.38
1656950793.43339,10.89, 29.57
1656950794.473239,11.19, 27.62
1656950795.519211,9.49, 29.50
1656950796.560352,10.99, 28.72
1656950797.5960472,11.08, 27.76
1656950798.6430914,11.52, 29.25
1656950799.686014,11.54, 28.72
1656950800.7252178,11.49, 28.33
1656950801.7664971,10.82, 27.40
1656950802.8083718,11.67, 30.11
1656950803.844691,11.59, 29.69
1656950804.8821235,12.09, 31.92
1656950805.921377,14.72, 28.86
1656950806.9638734,11.34, 27.86
1656950808.00281,11.07, 25.80
1656950809.044081,15.15, 32.95
1656950810.0825927,11.73, 27.80
1656950811.1185832,11.18, 29.06
1656950812.1576188,10.15, 29.40
1656950813.1911402,12.82, 30.18
1656950814.2297966,15.34, 25.93
1656950815.2689948,11.61, 25.96
1656950816.3130517,10.93, 24.75
1656950817.3426323,11.47, 26.20
1656950818.3757172,12.52, 30.15
1656950819.4014354,12.71, 26.21
1656950820.4302511,12.51, 29.56
1656950821.4606628,12.21, 39.10
1656950822.5013955,14.13, 146.36
1656950823.5360777,11.69, 137.16
1656950824.5552387,19.14, 1764.42
1656950825.5826497,10.21, 252.91
1656950826.605959,11.16, 36.18
1656950827.6346426,12.25, 38.19
1656950828.6600988,12.18, 37.11
1656950829.7015443,12.16, 33.75
1656950830.7410862,12.19, 36.36
1656950831.7693892,8.13, 35.29
1656950832.8019073,11.79, 37.44
1656950833.8350737,11.84, 35.68
1656950834.859563,12.22, 31.41
1656950835.887271,11.94, 36.45
1656950836.918592,11.55, 36.02
1656950837.9592326,11.56, 39.47
1656950838.991594,11.56, 33.67
1656950840.0278559,10.89, 30.86
1656950841.07032,11.70, 36.98
1656950842.1076896,11.76, 33.84
1656950843.1454382,12.56, 32.55
1656950844.1861281,11.08, 36.01
1656950845.2228131,8.73, 32.67
1656950846.2571816,26.78, 54.71
1656950847.3016224,19.69, 73.07
1656950848.3459213,22.98, 98.65
1656950849.3808787,15.55, 44.27
1656950850.4217293,12.18, 40.30
1656950851.4581778,11.88, 36.62
1656950852.5012646,14.47, 37.16
1656950853.5342546,10.87, 34.69
1656950854.5699308,11.57, 36.97
1656950855.5984547,11.90, 36.12
1656950856.639595,12.05, 37.14
1656950857.681382,12.15, 37.27
1656950858.7217147,11.97, 34.44
1656950859.7565963,11.78, 40.95
1656950860.7977,12.22, 45.67
1656950861.822834,11.48, 48.26
1656950862.851669,10.38, 34.32
1656950863.88857,13.15, 54.71
1656950864.9143484,12.56, 46.97
1656950865.9532678,12.53, 47.21
1656950866.9915102,12.12, 48.64
1656950868.0263953,12.45, 47.88
1656950869.0656705,12.39, 46.62
1656950870.1066406,13.32, 47.24
1656950871.132428,12.80, 45.31
1656950872.1689696,12.15, 47.54
1656950873.210514,12.10, 45.35
1656950874.248666,12.55, 47.93
1656950875.2788372,12.42, 46.58
1656950876.315961,11.95, 44.90
1656950877.3509145,12.02, 47.73
1656950878.3794427,11.47, 48.47
1656950879.4206257,11.44, 42.25
1656950880.4579103,13.16, 44.97
1656950881.4956737,13.77, 44.51
1656950882.533745,12.43, 44.41
1656950883.5698264,17.47, 61.64
1656950884.610579,12.08, 44.67
1656950885.6516585,12.99, 43.30
1656950886.695713,12.28, 46.35
1656950887.72941,12.48, 45.77
1656950888.7673569,14.71, 46.28
1656950889.7975209,12.01, 45.02
1656950890.8475027,13.26, 46.85
1656950891.8915935,11.68, 48.46
1656950892.9239633,12.06, 49.24
1656950893.9677887,12.29, 46.42
1656950894.998787,12.07, 44.65
1656950896.0385947,12.47, 44.97
1656950897.0649168,11.44, 40.20
1656950898.0927613,11.77, 48.98
1656950899.1230853,12.73, 44.27
1656950900.1498728,12.16, 46.62
1656950901.1782377,12.25, 54.90
1656950902.2187378,11.94, 46.21
1656950903.2588148,12.01, 43.59
1656950904.2900054,11.88, 45.98
1656950905.3256369,15.15, 46.54
1656950906.359506,12.46, 47.17
1656950907.3872447,12.04, 43.92
1656950908.431368,12.44, 46.65
1656950909.473964,12.98, 46.62
1656950910.5022106,12.51, 45.29
1656950911.538944,12.60, 47.56
1656950912.575921,12.19, 45.77
1656950913.6187606,12.21, 39.14
1656950914.6572795,12.59, 44.22
1656950915.6835032,10.58, 41.68
1656950916.7311559,11.95, 41.39
1656950917.7703176,10.44, 43.80
1656950918.8095882,12.83, 46.69
1656950919.8473375,12.47, 42.90
1656950920.8863003,12.69, 47.55
1656950921.9226604,11.97, 46.79
1656950922.9629946,11.06, 47.66
1656950924.0042472,12.75, 47.56
1656950925.0412695,11.81, 43.81
1656950926.067356,13.26, 49.00
1656950927.095578,11.69, 45.02
1656950928.1340468,11.73, 45.16
1656950929.1601486,11.92, 45.99
1656950930.200266,8.00, 38.33
1656950931.2401745,12.28, 42.14
1656950932.2647493,11.09, 47.21
1656950933.2992504,11.69, 41.16
1656950934.3408744,12.05, 56.69
1656950935.385605,13.79, 33.89
1656950936.4260223,11.06, 35.47
1656950937.4563415,11.40, 25.37
1656950938.488081,7.62, 20.42
1656950939.5352895,11.21, 22.95
1656950940.5699804,13.36, 125.36
1656950941.6062748,12.45, 45.29
1656950942.6352232,12.01, 47.75
1656950943.6752667,12.18, 49.19
1656950944.7093017,12.04, 42.40
1656950945.737133,13.12, 47.18
1656950946.7703884,11.89, 43.19
1656950947.8121953,11.84, 45.84
1656950948.8527455,12.34, 44.62
1656950949.891675,13.27, 50.91
1656950950.9352267,12.48, 43.79
1656950951.973294,15.61, 47.33
1656950953.0027556,12.25, 45.73
1656950954.0298033,12.61, 46.27
1656950955.069993,12.90, 48.99
1656950956.0974858,11.82, 47.36
1656950957.1343668,11.79, 46.86
1656950958.1696823,12.82, 48.67
1656950959.2114327,12.01, 48.20
1656950960.2453196,11.80, 48.10
1656950961.272601,12.29, 49.52
1656950962.3016212,11.06, 44.72
1656950963.334639,11.57, 46.55
1656950964.3651733,12.18, 45.86
1656950965.4097154,11.82, 47.20
1656950966.4467142,11.92, 47.34
1656950967.4747465,11.00, 48.38
1656950968.5046046,11.32, 43.61
1656950969.5455744,11.97, 57.69
1656950970.586204,12.55, 48.29
1656950971.6312926,12.24, 46.91
1656950972.6714892,12.06, 50.68
1656950973.7110548,12.05, 50.18
1656950974.750853,12.67, 44.83
1656950975.7897186,12.20, 47.34
1656950976.8210974,11.47, 46.82
1656950977.858027,13.12, 48.18
1656950978.9057684,13.31, 48.63
1656950979.945188,12.09, 51.07
1656950980.977418,12.63, 50.24
1656950982.00998,11.33, 49.70
1656950983.0430324,11.41, 47.42
1656950984.0758536,12.43, 46.27
1656950985.1095426,13.70, 45.64
1656950986.1466942,12.56, 46.91
1656950987.1777647,11.84, 45.50
1656950988.215751,11.79, 47.11
1656950989.2581987,11.93, 46.91
1656950990.300839,11.91, 48.42
1656950991.3436613,11.93, 44.00
1656950992.378592,11.40, 43.24
1656950993.406266,13.97, 50.73
1656950994.4446874,12.65, 50.92
1656950995.4845493,11.69, 49.82
1656950996.5208156,10.97, 51.02
1656950997.5600033,11.58, 51.30
1656950998.5890982,11.90, 49.08
1656950999.6197474,11.99, 48.91
1656951000.6526573,12.55, 51.48
1656951001.687221,11.91, 50.09
1656951002.7203798,11.85, 50.95
1656951003.7574282,11.75, 50.37
1656951004.797961,12.78, 49.91
1656951005.835268,12.86, 51.86
1656951006.8640893,11.45, 50.20
1656951007.8994908,12.38, 49.76
1656951008.9290411,11.80, 51.74
1656951009.959366,11.52, 49.97
1656951011.000177,12.34, 51.87
1656951012.04219,11.68, 47.27
1656951013.0720987,12.65, 52.77
1656951014.1091163,12.35, 51.58
1656951015.1458898,11.82, 50.63
1656951016.1798909,12.18, 48.37
1656951017.212525,11.45, 47.94
1656951018.247522,19.86, 52.21
1656951019.2810075,12.47, 47.87
1656951020.3172474,11.61, 48.04
1656951021.3587952,12.52, 46.79
1656951022.397709,11.56, 46.34
1656951023.4345307,11.99, 47.88
1656951024.4618993,12.39, 48.51
1656951025.5012913,12.49, 47.62
1656951026.5374382,11.54, 47.53
1656951027.5665948,12.02, 50.01
1656951028.6039567,12.00, 48.19
1656951029.6405828,12.96, 46.98
1656951030.674581,11.86, 46.87
1656951031.7082295,11.78, 47.13
1656951032.744703,10.99, 45.88
1656951033.7830935,11.86, 46.38
1656951034.8219543,12.30, 46.78
1656951035.8547904,11.57, 44.97
1656951036.8918412,11.01, 46.96
1656951037.9321866,11.71, 48.00
1656951038.961924,12.41, 47.57
1656951040.0038602,11.58, 46.33
1656951041.0388572,13.24, 47.89
1656951042.0792665,12.13, 45.98
1656951043.116932,12.72, 46.99
1656951044.157039,12.42, 50.20
1656951045.1863806,10.74, 48.29
1656951046.2108636,10.79, 47.39
1656951047.2428708,11.91, 46.92
1656951048.269109,11.95, 48.64
1656951049.2986,12.48, 46.19
1656951050.342001,11.64, 46.56
1656951051.3776407,12.50, 48.14
1656951052.4027126,10.85, 47.51
1656951053.4303849,12.00, 49.17
1656951054.4566145,13.36, 48.22
1656951055.5016518,12.38, 47.58
1656951056.5272672,12.46, 47.33
1656951057.5622582,12.70, 48.26
1656951058.591182,12.22, 48.01
1656951059.6216471,12.35, 47.68
1656951060.658048,12.44, 55.07
1656951061.692967,11.27, 39.78
1656951062.735476,10.90, 23.06
1656951063.7780793,11.23, 23.26
1656951064.8085754,11.67, 10.65
1656951065.840144,11.69, 1.61
