ts,ul_kBps,dl_kBps
1658215930.2288349,1.35, 6.65
1658215931.260934,2.21, 7.90
1658215932.2933457,4.96, 82.23
1658215933.314221,20.30, 2558.67
1658215934.3421452,10.20, 2030.37
1658215935.374093,6.16, 37.20
1658215936.39287,29.79, 6504.51
1658215937.405948,53.53, 21484.57
1658215938.4198234,19.15, 8748.46
1658215939.4486015,49.48, 21584.45
1658215940.4768515,0.79, 238.63
1658215941.4921377,0.12, 0.17
1658215942.5104156,3.73, 6.18
1658215943.5237029,0.13, 0.19
1658215944.5414958,4.09, 6.44
1658215945.5634491,8.57, 125.71
1658215946.5778236,14.22, 123.14
1658215947.6018705,40.97, 4686.15
1658215948.620541,170.97, 27200.90
1658215949.6476586,126.20, 18835.02
1658215950.6689274,4.23, 0.78
1658215951.6937559,4.34, 1.03
1658215952.717028,6.39, 1.58
1658215953.7400658,3.63, 0.66
1658215954.751488,3.36, 0.55
1658215955.7734559,3.72, 0.86
1658215956.790397,3.92, 1.08
1658215957.813125,3.37, 1.12
1658215958.8347526,3.51, 0.88
1658215959.8513849,3.64, 0.80
1658215960.866639,3.26, 0.98
1658215961.882661,8.98, 2.76
1658215962.892872,8.76, 2.58
1658215963.9136558,3.23, 1.04
1658215964.922995,3.08, 0.71
1658215965.9418721,3.67, 1.15
1658215966.962817,3.57, 0.93
1658215967.986764,3.33, 0.70
1658215969.0082958,3.31, 1.33
1658215970.0266895,6.07, 1.65
1658215971.049147,3.51, 1.13
1658215972.071218,3.64, 0.63
1658215973.0955656,3.52, 0.70
1658215974.1184652,3.15, 0.80
1658215975.136804,8.66, 2.31
1658215976.1537,3.55, 1.10
1658215977.1666715,3.77, 0.85
1658215978.1899276,3.51, 0.86
1658215979.2084646,3.51, 0.79
1658215980.2301803,3.43, 0.77
1658215981.2473345,3.83, 1.49
1658215982.2668595,3.64, 1.23
1658215983.2845442,3.44, 1.76
1658215984.3039634,3.16, 2.89
1658215985.324964,6.02, 2.95
1658215986.3477948,9.69, 20.27
1658215987.368756,3.69, 0.70
1658215988.3853073,3.62, 0.81
1658215989.4075716,3.27, 0.71
1658215990.4228528,7.98, 8.45
1658215991.4527338,14.93, 161.77
1658215992.4814103,10.03, 14.88
1658215993.5067484,22.72, 2031.30
1658215994.5421329,18.71, 2569.46
1658215995.568608,29.22, 4727.13
1658215996.588687,41.83, 11272.34
1658215997.612869,46.84, 21028.85
1658215998.6349745,48.66, 20651.75
1658215999.653732,34.98, 10587.86
1658216000.6720605,7.37, 247.38
1658216001.6973176,4.97, 4.66
1658216002.711709,4.30, 6.60
1658216003.7265868,4.46, 9.66
1658216004.7496955,7.76, 35.15
1658216005.77062,6.51, 21.66
1658216006.7950976,25.58, 242.92
1658216007.8228512,21.27, 88.60
1658216008.8564382,121.26, 14711.12
1658216009.9020922,180.14, 27502.14
1658216010.9249876,62.50, 7289.71
1658216011.9506938,17.51, 18.54
1658216012.9718301,16.36, 18.66
1658216013.9953198,15.81, 16.89
1658216015.0213492,16.88, 19.20
1658216016.0531821,18.70, 20.48
1658216017.0777247,16.21, 19.09
1658216018.1087465,14.64, 21.86
1658216019.133622,23.03, 21.58
1658216020.1650543,20.27, 22.77
1658216021.1845307,18.78, 21.38
1658216022.2038834,19.99, 22.79
1658216023.230362,17.42, 20.23
1658216024.2501864,17.89, 20.36
1658216025.27376,16.76, 19.88
1658216026.301189,18.18, 20.05
1658216027.329959,26.31, 25.01
1658216028.3515375,18.55, 22.78
1658216029.3731892,12.11, 15.91
1658216030.3943753,15.25, 15.42
1658216031.415029,23.56, 24.48
1658216032.434844,20.57, 23.78
1658216033.4559531,19.80, 22.78
1658216034.4761515,19.99, 22.94
1658216035.495126,21.21, 29.74
1658216036.5164356,15.52, 20.56
1658216037.548846,14.15, 15.47
1658216038.5814373,23.01, 23.16
1658216039.6138213,21.55, 24.76
1658216040.6503844,20.43, 23.37
1658216041.685324,14.60, 17.64
1658216042.719904,17.73, 24.49
1658216043.7483633,20.12, 24.21
1658216044.8310921,23.90, 29.98
1658216045.8744884,30.97, 119.30
1658216046.9032373,32.55, 1762.33
1658216047.9352908,24.59, 597.39
1658216048.9717498,27.08, 2012.51
1658216050.0065718,37.55, 106.08
1658216051.0387185,26.77, 58.16
1658216052.1056998,78.98, 22991.24
1658216053.1714113,65.47, 22724.04
1658216054.2234468,53.11, 15099.02
1658216055.2851696,71.36, 61.63
1658216056.3554356,24.00, 285.28
1658216057.393913,31.17, 53.95
1658216058.423887,20.68, 42.70
1658216059.445623,22.04, 56.94
1658216060.4821374,20.77, 42.53
1658216061.5215836,21.83, 44.05
1658216062.5516531,51.46, 8255.91
1658216063.5813723,27.69, 3478.70
1658216064.6122432,21.68, 44.28
1658216065.6385562,21.83, 43.37
1658216066.6714692,24.07, 44.97
1658216067.7349308,28.21, 2154.74
1658216068.802663,31.88, 66.29
1658216069.8767843,34.41, 4228.99
1658216070.95354,19.87, 38.14
1658216072.0262365,35.83, 61.41
1658216073.091915,29.43, 62.94
1658216074.1451952,30.73, 62.98
1658216075.2236671,30.47, 63.68
1658216076.302382,31.40, 66.87
1658216077.3755302,31.64, 67.41
1658216078.4401557,27.69, 57.08
1658216079.5020738,33.48, 70.71
1658216080.5713513,34.55, 68.94
1658216081.637111,28.59, 63.82
1658216082.7163303,30.16, 58.88
1658216083.7753637,25.21, 51.36
1658216084.843495,26.50, 55.19
1658216085.9239173,25.23, 56.04
1658216087.01471,26.51, 53.05
1658216088.0835438,25.93, 55.38
1658216089.1670449,25.94, 54.98
1658216090.2710943,24.93, 54.45
1658216091.3423042,27.37, 65.76
1658216092.398123,26.11, 54.70
1658216093.4820986,26.32, 54.41
1658216094.5824995,27.80, 55.36
1658216095.6943436,28.09, 52.80
1658216096.7821474,25.54, 53.53
1658216097.8797793,24.43, 53.90
1658216098.9814198,27.32, 54.53
1658216100.0702972,25.29, 53.58
1658216101.1418126,23.83, 49.68
1658216102.2130334,27.10, 60.16
1658216103.3089428,23.66, 50.61
1658216104.7058442,22.03, 49.11
1658216105.7610765,27.82, 53.85
1658216106.8298018,41.62, 1966.18
1658216107.9286695,38.56, 4809.84
1658216109.0228,29.90, 183.18
1658216110.0851045,35.96, 94.53
1658216111.1862051,28.17, 55.99
1658216112.2529373,28.79, 744.08
1658216113.3561392,21.78, 44.74
1658216114.4423058,30.18, 1955.10
1658216115.547919,22.53, 45.88
1658216116.6311364,31.74, 109.99
1658216117.7018125,34.82, 1859.55
1658216118.7740107,69.15, 21746.23
1658216119.8571875,50.12, 11139.95
1658216120.9892845,44.84, 8288.25
1658216122.1427116,80.02, 11767.74
1658216123.4258478,112.12, 18791.78
1658216124.5932868,86.23, 9802.17
1658216125.8125782,92.23, 10939.35
1658216126.9795787,22.51, 279.18
1658216128.0348396,23.34, 67.64
1658216129.108494,29.29, 2302.56
1658216130.1927273,26.21, 733.05
1658216131.3193247,26.70, 64.16
1658216132.4005063,27.54, 1574.50
1658216133.45226,28.35, 1920.81
1658216134.531451,25.99, 99.56
1658216135.6026468,24.60, 72.65
1658216136.660455,24.45, 71.75
1658216137.7137165,25.44, 69.88
1658216138.814896,21.77, 69.45
1658216139.9075515,31.77, 79.53
1658216140.9897583,29.05, 90.15
1658216142.0679948,31.55, 90.35
1658216143.1586742,27.63, 85.21
1658216144.2613664,28.78, 80.92
1658216145.3306766,29.92, 83.91
1658216146.4153016,28.96, 83.01
1658216147.5020106,29.31, 83.48
1658216148.620584,26.07, 79.32
1658216149.6948566,25.46, 78.60
1658216150.7521148,25.97, 74.47
1658216151.8841348,25.96, 76.57
1658216153.0566607,27.35, 80.00
1658216154.17329,28.15, 180.96
1658216155.28391,33.96, 364.07
1658216156.4219303,31.91, 96.46
1658216157.5376036,33.43, 123.94
1658216158.6836567,31.39, 105.55
1658216159.8850632,26.42, 79.25
1658216161.01413,32.36, 75.75
1658216162.165692,46.82, 1875.44
1658216163.297201,35.33, 164.86
1658216164.5210586,34.19, 103.74
1658216165.731936,40.45, 140.01
1658216166.9807012,31.14, 94.82
1658216168.3162913,32.08, 89.54
1658216169.485277,35.81, 605.89
1658216170.6248436,32.01, 94.95
1658216171.805757,35.78, 101.81
1658216172.9831982,36.30, 1127.37
1658216174.3910668,25.99, 79.95
1658216175.6333106,35.06, 122.85
1658216176.915439,33.74, 106.40
1658216178.09785,39.41, 231.08
1658216179.257785,68.77, 19612.53
1658216180.3369682,38.79, 4043.43
1658216181.6126285,43.53, 5445.00
1658216183.0638103,30.08, 2219.30
1658216184.3385265,36.50, 2547.82
1658216185.5164795,45.64, 5419.76
1658216186.6424708,75.38, 14894.78
1658216187.7780108,37.07, 137.88
1658216189.0741253,35.38, 120.48
1658216190.403698,26.57, 107.25
1658216191.5612512,40.11, 140.31
1658216192.8094838,54.63, 3184.49
1658216194.0133078,85.98, 9571.88
1658216195.0580873,78.80, 6957.21
1658216196.201543,66.96, 5038.13
1658216197.5559676,51.14, 2262.28
1658216198.8516355,72.92, 5151.29
1658216200.1422775,78.74, 6203.71
1658216201.4025447,41.14, 340.06
1658216202.5295327,40.48, 157.52
1658216203.7583017,37.86, 140.60
1658216204.916275,39.15, 154.36
1658216206.1061323,39.56, 154.49
1658216207.2302232,36.93, 146.93
1658216208.4275904,30.56, 128.56
1658216209.6305072,31.49, 123.44
1658216210.8927407,30.81, 113.80
1658216212.117985,35.99, 138.67
1658216213.4715052,35.01, 141.36
1658216214.7342813,36.53, 128.20
1658216215.94871,36.23, 137.76
1658216217.1191206,34.91, 128.27
1658216218.2322748,33.60, 261.08
1658216219.3894207,32.53, 127.70
1658216221.032673,36.68, 138.70
1658216222.801297,27.07, 107.04
1658216224.434769,32.05, 127.96
1658216225.615733,36.56, 127.16
1658216227.0835502,23.09, 97.51
1658216228.2945313,24.08, 83.94
1658216229.4804158,25.42, 96.28
1658216230.6388497,20.96, 133.51
1658216231.9146569,24.93, 2374.59
1658216233.0203118,21.51, 85.88
1658216234.2131665,33.21, 119.70
1658216235.4594266,28.46, 118.28
1658216236.5725503,33.70, 114.61
1658216237.7743795,35.54, 151.59
1658216238.9213166,39.92, 271.19
1658216240.1526089,58.98, 6256.12
1658216241.4651885,38.29, 3305.28
1658216243.1922026,23.09, 83.16
1658216244.4017003,33.42, 129.97
1658216245.6624236,35.27, 129.62
1658216246.959107,30.10, 120.91
1658216248.2644289,36.48, 133.46
1658216249.456755,36.95, 144.56
1658216250.6262684,41.39, 156.44
1658216251.9913547,41.37, 159.96
1658216253.204226,43.17, 164.17
1658216254.2958825,48.87, 192.61
1658216255.385086,49.79, 191.69
1658216256.716151,45.70, 183.18
1658216257.8656504,47.83, 178.30
1658216259.151329,42.92, 168.74
1658216260.3253098,42.98, 166.50
1658216261.5840352,41.55, 166.29
1658216262.7664745,39.52, 157.88
1658216264.0212276,34.89, 136.60
1658216265.1658103,40.11, 155.27
1658216266.5012393,40.78, 159.16
1658216267.866205,49.62, 177.89
1658216269.2077281,40.51, 1022.96
1658216270.4351745,40.64, 162.06
1658216271.8350933,41.25, 154.10
1658216272.9601233,43.02, 163.69
1658216274.1863992,42.81, 165.31
1658216275.3953693,46.93, 179.65
1658216276.5637698,43.56, 170.65
1658216277.8384671,40.14, 149.74
1658216279.1431828,47.64, 164.65
1658216280.4004865,41.16, 164.05
1658216281.7220259,29.09, 121.76
1658216282.8311923,33.28, 128.15
1658216283.9991634,32.93, 127.16
1658216285.1661184,29.27, 114.25
1658216286.341072,42.36, 158.47
1658216287.528977,45.85, 182.39
1658216288.6785684,49.86, 189.65
1658216289.8555822,52.89, 190.36
1658216291.0096157,49.46, 185.91
1658216292.1755989,45.72, 174.48
1658216293.3106098,48.14, 185.34
1658216294.5065105,44.37, 176.02
1658216295.6854486,44.67, 174.43
1658216296.8977997,44.30, 164.67
1658216298.0488024,48.57, 198.84
1658216299.232237,45.39, 175.07
1658216300.513848,46.12, 178.02
1658216301.710797,42.28, 151.82
1658216303.3115969,37.72, 127.71
1658216304.5839405,40.46, 157.17
1658216305.7100115,39.70, 173.87
1658216306.8056571,42.98, 173.41
1658216308.075836,42.09, 166.94
1658216309.265245,43.76, 170.36
1658216310.374821,41.22, 168.43
