ts,ul_kBps,dl_kBps
1656867785.7241673,0.39, 0.25
1656867786.7563639,4.17, 24.18
1656867787.7772272,28.39, 1328.38
1656867788.8012345,12.03, 946.44
1656867789.814388,7.98, 171.27
1656867790.8384945,13.73, 607.07
1656867791.8550882,21.21, 1520.49
1656867792.880706,16.70, 1477.56
1656867793.8988824,14.47, 1535.09
1656867794.9112804,19.27, 1528.35
1656867795.939318,13.37, 1520.11
1656867796.9614794,13.40, 1459.04
1656867797.989082,12.00, 1394.37
1656867799.002401,11.51, 1194.10
1656867800.027213,14.70, 1553.49
1656867801.0565698,13.66, 1544.11
1656867802.0738516,14.06, 1551.17
1656867803.1030538,14.02, 1606.25
1656867804.1345315,13.76, 1537.42
1656867805.1501827,10.10, 1153.62
1656867806.1683824,19.02, 2087.69
1656867807.1918063,18.85, 1543.08
1656867808.2290413,17.56, 1456.69
1656867809.255995,30.40, 2218.54
1656867810.2833526,25.65, 1515.56
1656867811.3121915,31.92, 1458.08
1656867812.3385293,23.52, 1327.77
1656867813.3669846,27.73, 1446.97
1656867814.3942237,31.13, 1660.97
1656867815.4289417,30.91, 1680.35
1656867816.4538496,28.63, 1576.74
1656867817.4823864,28.42, 1557.47
1656867818.5048141,29.10, 1618.63
1656867819.536583,25.79, 1392.97
1656867820.5669816,26.91, 1408.12
1656867821.5991235,25.52, 1423.93
1656867822.6287105,29.63, 1468.60
1656867823.6546674,29.06, 1573.24
1656867824.6840155,30.15, 1590.36
1656867825.6977193,29.82, 1611.39
1656867826.7138424,27.39, 1537.56
1656867827.7321985,30.94, 1581.11
1656867828.760797,27.54, 1542.08
1656867829.7819228,41.83, 1551.65
1656867830.8190203,31.97, 1485.73
1656867831.8476734,34.34, 1747.41
1656867832.8728282,29.45, 1572.40
1656867833.8992434,29.91, 1357.37
1656867834.9232252,37.99, 1551.30
1656867835.9439785,27.48, 1522.09
1656867836.9749713,28.38, 1520.22
1656867837.9952424,36.43, 1480.53
1656867839.0306134,46.98, 1669.09
1656867840.0488393,28.39, 1536.07
1656867841.0620801,29.72, 1662.84
1656867842.0919316,25.78, 1432.28
1656867843.1152165,23.94, 1322.31
1656867844.1457512,27.73, 1492.48
1656867845.1778703,28.08, 1494.98
1656867846.2040887,47.95, 1845.41
1656867847.2215595,33.49, 1573.69
1656867848.250976,34.33, 1555.09
1656867849.2679408,30.23, 1543.42
1656867850.2874448,32.73, 1706.16
1656867851.3047874,35.43, 1521.40
1656867852.339392,31.04, 1529.94
1656867853.360609,27.67, 1501.53
1656867854.3878412,28.98, 1503.84
1656867855.4035764,30.59, 1563.63
1656867856.4195232,26.80, 1405.36
1656867857.472546,28.13, 1498.73
1656867858.5043683,40.01, 2056.07
1656867859.5177994,36.04, 1742.11
1656867860.543787,31.06, 1463.50
1656867861.5663652,32.70, 1500.19
1656867862.5860312,34.44, 1577.73
1656867863.6025527,33.08, 1512.91
1656867864.6258934,27.87, 1300.84
1656867865.6504467,29.78, 1377.00
1656867866.6768723,41.57, 2142.60
1656867867.6981068,54.90, 3046.32
1656867868.717227,56.76, 3088.03
1656867869.7393847,55.59, 3101.60
1656867870.7802799,59.91, 3131.24
1656867871.8090875,57.36, 3156.14
1656867872.8360183,40.74, 2106.32
1656867873.8622127,36.60, 2011.30
1656867874.8889291,31.91, 1555.85
1656867875.9110208,36.35, 1694.83
1656867876.930025,30.79, 1468.48
1656867877.9459205,33.76, 1621.27
1656867878.963763,33.32, 1676.80
1656867879.9895942,12.83, 591.39
1656867881.0197494,20.15, 971.93
1656867882.0484211,31.84, 1610.76
1656867883.076728,35.38, 1867.73
1656867884.1059275,36.37, 1832.35
1656867885.1267433,34.56, 1837.37
1656867886.1438386,31.69, 1674.90
1656867887.1652186,21.31, 1006.29
1656867888.1973333,8.81, 339.31
1656867889.2269685,37.36, 1760.63
1656867890.2493863,52.20, 3216.38
1656867891.2623045,39.05, 3306.02
1656867892.2870858,33.58, 3337.55
1656867893.3000898,33.06, 3324.65
1656867894.325434,29.04, 2887.21
1656867895.349921,7.45, 467.42
1656867896.3803363,34.02, 2455.91
1656867897.4017346,26.65, 2174.69
1656867898.417601,24.51, 2193.73
1656867899.440952,27.55, 2087.80
1656867900.4676576,32.56, 3147.99
1656867901.4927495,32.88, 3115.36
1656867902.5202441,31.56, 2911.83
1656867903.5602012,19.96, 1792.38
1656867904.5924642,14.77, 798.46
1656867905.6120214,14.29, 905.23
1656867906.6328537,17.38, 1531.92
1656867907.658547,7.87, 604.54
1656867908.6805298,5.38, 55.24
1656867909.7000632,16.89, 55.57
1656867910.724178,15.41, 44.29
1656867911.7610285,18.06, 48.35
1656867912.791591,11.55, 43.90
1656867913.8167493,12.47, 39.78
1656867914.8505344,12.91, 51.72
1656867915.8888972,12.46, 52.35
1656867916.9123182,11.99, 54.34
1656867917.9378483,12.06, 50.69
1656867918.9631286,11.01, 51.28
1656867919.9916136,15.95, 51.92
1656867921.0170102,14.92, 52.89
1656867922.0559082,13.80, 51.68
1656867923.0903108,14.71, 49.64
1656867924.129893,15.62, 51.96
1656867925.1617832,13.83, 51.70
1656867926.1839213,14.58, 52.76
1656867927.2235112,15.13, 51.77
1656867928.2489386,14.15, 48.73
1656867929.273995,14.96, 48.29
1656867930.2978883,14.96, 50.42
1656867931.3256817,14.55, 49.90
1656867932.3570745,14.11, 48.24
1656867933.385368,14.40, 51.32
1656867934.406808,15.42, 49.18
1656867935.4410708,15.62, 49.07
1656867936.466285,15.08, 49.49
1656867937.4967113,14.14, 50.29
1656867938.520257,14.46, 48.60
1656867939.557403,15.40, 48.47
1656867940.5913343,14.83, 50.87
1656867941.6158557,14.50, 48.97
1656867942.6397197,14.14, 49.08
1656867943.6642125,14.68, 43.45
1656867944.690438,15.62, 39.40
1656867945.722429,14.88, 52.98
1656867946.753556,14.86, 50.33
1656867947.7757814,19.51, 45.96
1656867948.7987218,14.72, 49.38
1656867949.8268566,17.83, 47.58
1656867950.8526852,14.85, 45.00
1656867951.8730798,14.12, 45.83
1656867952.9007244,23.28, 53.05
1656867953.922106,15.89, 43.41
1656867954.9477255,13.89, 41.53
1656867955.9721637,14.94, 44.55
1656867957.006298,12.90, 44.41
1656867958.0466871,11.65, 43.71
1656867959.072206,13.03, 47.20
1656867960.0997167,13.97, 48.53
1656867961.1272714,12.78, 48.99
1656867962.1561735,12.45, 50.68
1656867963.1897407,11.86, 46.08
1656867964.2211764,12.59, 46.31
1656867965.2553508,13.03, 50.80
1656867966.2851195,15.25, 48.03
1656867967.3097053,15.48, 50.41
1656867968.3349617,14.31, 47.99
1656867969.3757582,14.82, 46.73
1656867970.3990166,14.92, 48.31
1656867971.4276931,12.13, 51.94
1656867972.4498053,12.12, 47.60
1656867973.4804177,11.84, 48.58
1656867974.517039,12.52, 47.89
1656867975.5470152,12.14, 50.70
1656867976.5714974,10.85, 49.14
1656867977.5958047,13.85, 50.68
1656867978.6313293,14.50, 47.92
1656867979.6556644,15.12, 48.14
1656867980.6868231,14.31, 49.67
1656867981.7139633,14.19, 50.08
1656867982.7457595,14.30, 47.33
1656867983.7795486,14.09, 46.91
1656867984.8080812,14.57, 45.26
1656867985.8368287,14.47, 46.55
1656867986.8605769,13.55, 46.94
1656867987.886239,13.17, 44.30
1656867988.9107327,15.50, 48.43
1656867989.938036,13.80, 48.20
1656867990.9638588,13.58, 47.04
1656867991.9945188,13.21, 51.00
1656867993.0213363,13.54, 48.80
1656867994.0493937,13.56, 46.39
1656867995.076655,14.46, 50.13
1656867996.1074684,14.02, 50.06
1656867997.1358206,11.24, 49.43
1656867998.161615,13.58, 47.68
1656867999.1930008,16.39, 45.61
1656868000.223233,22.83, 49.02
1656868001.2660284,15.03, 52.47
1656868002.3030255,14.87, 54.58
1656868003.3392503,15.27, 53.82
1656868004.3771162,15.38, 52.37
1656868005.4149253,14.79, 52.77
1656868006.4523501,14.50, 53.45
1656868007.4878502,14.71, 51.73
1656868008.5210829,14.79, 52.15
1656868009.556862,15.66, 52.40
1656868010.5908518,15.34, 53.93
1656868011.6303937,14.83, 55.51
1656868012.6694305,15.19, 53.43
1656868013.7061708,15.11, 52.05
1656868014.7419958,18.40, 54.61
1656868015.7851684,15.79, 55.08
1656868016.8167133,14.93, 55.28
1656868017.8486814,15.35, 51.48
1656868018.8834171,14.56, 41.89
1656868019.9233952,15.55, 59.55
1656868020.9606643,14.90, 53.71
1656868021.9997072,14.33, 45.02
1656868023.0341008,14.47, 59.40
1656868024.074804,14.38, 51.92
1656868025.1137974,16.57, 52.31
1656868026.143821,15.53, 52.24
1656868027.1846464,16.15, 53.67
1656868028.2124968,15.70, 50.88
1656868029.2404563,18.56, 51.55
1656868030.2682474,17.14, 51.09
1656868031.303324,16.02, 52.79
1656868032.3339524,15.75, 53.33
1656868033.3634682,15.38, 51.11
1656868034.3909674,15.80, 50.79
1656868035.4272695,15.29, 51.08
1656868036.4496288,16.86, 52.14
1656868037.47877,17.68, 53.61
1656868038.5142522,14.75, 51.81
1656868039.5415874,15.21, 50.58
1656868040.5713103,15.45, 53.16
1656868041.59594,15.00, 53.78
1656868042.62126,14.75, 51.86
1656868043.6527617,16.41, 51.79
1656868044.6757448,16.22, 51.02
1656868045.7075596,14.92, 53.07
1656868046.7381835,10.55, 52.02
1656868047.766435,18.28, 52.90
1656868048.7941573,15.14, 49.90
1656868049.8256931,18.69, 58.39
1656868050.8500283,14.63, 54.80
1656868051.878598,19.13, 56.29
1656868052.9120839,16.09, 61.83
1656868053.941384,15.42, 53.30
1656868054.9714222,16.03, 53.86
1656868056.0021346,14.90, 55.52
1656868057.0448022,18.51, 59.54
1656868058.08381,14.42, 53.14
1656868059.1071124,13.69, 53.17
1656868060.1280253,16.82, 59.03
1656868061.1600206,12.37, 52.85
1656868062.1885927,12.14, 49.65
1656868063.2146173,12.67, 52.13
1656868064.2374673,12.19, 52.00
1656868065.2660007,13.36, 53.37
1656868066.3026345,12.89, 52.52
1656868067.3427246,11.96, 50.42
1656868068.3709838,11.03, 47.25
1656868069.4068053,12.60, 52.36
1656868070.43279,12.63, 49.81
1656868071.466129,12.70, 50.79
1656868072.5039332,12.17, 51.14
1656868073.5294578,16.87, 65.67
1656868074.559749,12.95, 50.26
1656868075.5846968,15.50, 53.32
1656868076.6106863,12.50, 51.98
1656868077.6393585,11.17, 48.86
1656868078.6660588,12.28, 49.00
1656868079.6888335,13.00, 47.45
1656868080.7239907,12.83, 49.49
1656868081.7515569,11.99, 49.82
1656868082.7820847,12.87, 48.83
1656868083.8214571,11.98, 43.45
1656868084.8568797,19.24, 48.54
1656868085.881984,13.25, 47.34
1656868086.905786,12.39, 54.80
1656868087.9259572,12.82, 50.84
1656868088.9551284,13.64, 58.52
1656868089.9884968,10.70, 43.34
1656868091.0203373,12.85, 59.59
1656868092.057966,12.96, 54.56
1656868093.0912588,12.28, 50.55
1656868094.1343715,13.56, 58.21
1656868095.1611044,12.97, 51.94
1656868096.189917,12.32, 50.58
1656868097.2240875,12.18, 50.96
1656868098.2538738,11.85, 48.44
1656868099.2800786,12.59, 50.49
1656868100.3072174,13.33, 51.40
1656868101.3421621,12.43, 51.94
1656868102.366115,13.03, 52.43
1656868103.4079332,12.08, 49.78
1656868104.4333107,12.25, 49.58
1656868105.4705884,13.46, 53.40
1656868106.5069323,29.98, 84.75
1656868107.5347006,12.41, 54.20
1656868108.5600333,11.25, 50.46
1656868109.5884202,12.30, 52.07
1656868110.6138058,13.40, 50.39
1656868111.6409445,12.69, 52.07
1656868112.6739547,14.44, 51.01
1656868113.7027297,14.73, 47.99
1656868114.7286708,15.11, 52.01
1656868115.7577662,17.28, 54.10
1656868116.7870967,14.15, 52.66
1656868117.8144646,14.39, 50.61
1656868118.84219,14.60, 52.04
1656868119.8680415,14.09, 47.07
1656868120.896835,16.72, 53.36
1656868121.9205022,12.44, 54.48
1656868122.9483666,11.73, 49.76
1656868123.9781578,11.61, 52.87
1656868125.013752,14.72, 53.71
1656868126.0541227,12.60, 52.85
1656868127.0817451,13.35, 52.28
1656868128.1193254,11.68, 49.87
1656868129.1468303,12.34, 52.35
1656868130.1755064,12.55, 46.84
1656868131.2099214,16.32, 53.74
1656868132.236357,12.54, 50.93
1656868133.2617776,13.69, 49.12
1656868134.3024716,9.81, 46.11
1656868135.3327174,14.03, 51.31
1656868136.368517,13.70, 47.91
1656868137.3985891,14.79, 53.63
1656868138.4396107,12.73, 48.63
1656868139.465641,12.13, 48.75
1656868140.4955037,13.87, 48.48
1656868141.5248518,10.59, 47.41
1656868142.5561795,13.92, 53.97
1656868143.5945013,11.33, 41.43
1656868144.6250815,12.73, 45.26
1656868145.6472094,13.06, 50.81
1656868146.6835308,11.36, 47.49
1656868147.712598,14.60, 48.22
1656868148.7438073,12.69, 48.99
1656868149.76947,12.45, 38.82
1656868150.795056,12.52, 56.96
1656868151.8271344,12.81, 50.52
1656868152.8545647,11.67, 51.60
1656868153.881071,15.41, 53.75
1656868154.9184034,17.70, 49.63
1656868155.9611113,12.24, 49.28
1656868156.9888203,9.43, 52.06
1656868158.0204096,12.24, 49.11
1656868159.0489218,13.63, 46.58
1656868160.0864365,14.09, 44.44
1656868161.115686,12.30, 48.97
1656868162.1505342,11.42, 48.72
1656868163.1818078,11.59, 45.28
1656868164.2141094,12.45, 47.99
1656868165.2483063,12.81, 48.03
1656868166.2810643,12.96, 51.24
1656868167.3074095,12.23, 47.81
1656868168.3402472,11.92, 45.90
1656868169.3806863,17.72, 52.78
1656868170.4233885,13.36, 48.27
1656868171.4626527,23.71, 56.07
1656868172.4937158,12.04, 47.88
1656868173.5217514,11.58, 55.40
1656868174.5466583,12.42, 47.66
1656868175.579313,13.35, 52.61
1656868176.6213531,12.53, 51.55
1656868177.659435,12.78, 55.11
1656868178.6879568,13.32, 48.21
1656868179.728284,12.32, 49.70
1656868180.7666035,12.50, 49.54
1656868181.806466,12.88, 52.18
1656868182.843672,12.16, 49.23
1656868183.8667796,13.00, 49.99
1656868184.8972912,12.66, 46.17
1656868185.9399843,13.85, 47.56
1656868186.9850557,14.62, 51.40
1656868188.02511,14.34, 51.84
1656868189.065681,13.40, 50.38
1656868190.1043184,24.70, 67.25
1656868191.1434596,14.15, 53.72
1656868192.174373,14.30, 52.24
1656868193.2118986,15.28, 50.65
1656868194.2479386,13.37, 49.87
1656868195.2765656,14.53, 50.37
1656868196.3065617,13.79, 54.65
1656868197.3557403,13.72, 53.44
1656868198.3948421,15.18, 52.32
1656868199.42625,14.56, 51.78
1656868200.4637935,16.45, 48.74
1656868201.4939618,15.62, 93.14
1656868202.5330703,11.17, 51.37
1656868203.5582123,16.71, 49.96
1656868204.5875921,12.11, 49.33
1656868205.6240926,19.42, 54.60
1656868206.6583273,12.52, 54.04
1656868207.688048,12.45, 50.02
1656868208.7281182,15.35, 48.87
1656868209.7567344,11.94, 48.69
1656868210.7833843,12.55, 49.02
1656868211.8072417,14.93, 53.47
1656868212.8356147,12.04, 51.82
1656868213.864618,14.11, 48.59
1656868214.8900483,13.95, 45.09
1656868215.923109,14.68, 45.55
1656868216.9443307,17.09, 46.50
1656868217.972902,15.46, 45.38
1656868219.0014133,15.06, 44.77
1656868220.027157,16.31, 43.93
1656868221.0522988,12.38, 44.56
1656868222.0838995,10.38, 46.70
1656868223.107894,12.19, 44.97
1656868224.1392345,14.82, 41.86
1656868225.1658065,14.52, 41.91
1656868226.1958592,14.65, 44.39
1656868227.2260625,14.76, 47.13
1656868228.25629,14.30, 45.33
1656868229.297955,14.65, 44.51
1656868230.3404772,21.15, 53.53
1656868231.406286,12.62, 50.27
1656868232.4380093,14.02, 49.97
1656868233.4736042,15.48, 47.62
1656868234.512291,14.60, 48.36
1656868235.5365422,18.30, 49.22
1656868236.572591,14.09, 49.10
1656868237.6006906,14.24, 48.63
1656868238.6389084,15.25, 48.43
1656868239.6793542,14.53, 44.00
1656868240.7052026,16.14, 46.22
1656868241.7467184,17.32, 49.24
1656868242.7874079,18.43, 50.53
1656868243.824602,16.83, 49.12
1656868244.8631299,22.34, 47.43
1656868245.899503,12.72, 48.96
1656868246.931197,15.02, 49.47
1656868247.959309,21.40, 48.57
1656868249.0037265,15.83, 51.45
1656868250.04882,23.43, 49.69
1656868251.0962086,15.12, 48.84
1656868252.1434739,15.01, 51.94
1656868253.1769798,15.19, 48.86
1656868254.2058816,14.85, 49.97
1656868255.2338228,14.98, 46.62
1656868256.2757142,15.40, 51.59
1656868257.3060274,14.06, 51.35
1656868258.3292787,13.92, 49.14
1656868259.3535564,15.36, 48.03
1656868260.3759112,15.75, 50.46
1656868261.4073875,13.12, 53.66
1656868262.4463167,15.60, 53.56
1656868263.4748454,14.58, 33.07
1656868264.502208,14.04, 25.50
1656868265.5359519,15.97, 25.43
1656868266.5752885,14.10, 25.30
1656868267.6206052,11.70, 1.26
1656868268.654684,20.46, 8.56
