ts,ul_kBps,dl_kBps
1656867131.5761008,0.19, 0.14
1656867132.6135209,4.51, 24.44
1656867133.6321664,34.74, 1829.83
1656867134.6683502,10.49, 493.36
1656867135.6937356,11.45, 648.41
1656867136.7174797,22.82, 1547.89
1656867137.7344625,13.24, 1141.97
1656867138.7727616,30.17, 1618.07
1656867139.7906666,17.49, 1862.04
1656867140.819365,20.06, 1799.46
1656867141.836768,14.13, 1478.61
1656867142.859853,14.25, 1528.61
1656867143.8790925,12.70, 1439.48
1656867144.8963623,14.91, 1569.84
1656867145.9116766,14.71, 1564.15
1656867146.9370646,14.37, 1638.26
1656867147.9704306,14.05, 1603.43
1656867149.0056105,13.48, 1480.13
1656867150.0387056,10.06, 1146.54
1656867151.0777988,13.07, 1497.73
1656867152.1216633,17.34, 1197.26
1656867153.1609006,23.83, 1621.90
1656867154.1931753,24.34, 1685.67
1656867155.2237656,37.69, 1648.40
1656867156.2599618,28.91, 1616.05
1656867157.2945764,27.57, 1473.81
1656867158.3199599,26.27, 1386.84
1656867159.35465,30.86, 1623.86
1656867160.3824272,29.24, 1577.73
1656867161.4101439,34.79, 1884.63
1656867162.4304607,30.94, 1799.28
1656867163.4666653,28.91, 1607.09
1656867164.4937408,26.91, 1642.90
1656867165.5206892,31.12, 1845.01
1656867166.5392032,26.35, 1521.27
1656867167.5672567,29.99, 1587.96
1656867168.598018,39.08, 1701.88
1656867169.638149,30.80, 1582.82
1656867170.6641476,31.93, 1617.47
1656867171.6808484,39.87, 2180.70
1656867172.701307,34.51, 1839.77
1656867173.7192512,32.42, 1690.28
1656867174.7548828,28.45, 1519.23
1656867175.7881148,27.63, 1502.63
1656867176.8083396,29.32, 1637.18
1656867177.8345983,29.92, 1628.61
1656867178.885503,33.67, 1840.87
1656867179.9051204,50.93, 3005.81
1656867180.9233198,55.58, 3351.11
1656867181.942961,56.72, 3453.64
1656867182.9592888,56.68, 3455.73
1656867183.972121,49.33, 3377.55
1656867184.993593,46.90, 3361.63
1656867186.0218227,45.79, 3353.93
1656867187.0455642,21.93, 1397.45
1656867188.0660884,43.71, 2826.83
1656867189.097724,36.64, 2310.97
1656867190.1244934,29.15, 1553.98
1656867191.140661,34.27, 1799.58
1656867192.16767,67.54, 3280.82
1656867193.191536,60.39, 3268.70
1656867194.216411,24.91, 1370.91
1656867195.2454693,13.04, 636.69
1656867196.2713497,59.80, 3243.45
1656867197.2859163,60.10, 3338.46
1656867198.3101087,62.38, 3411.59
1656867199.3236501,60.90, 3385.56
1656867200.3506682,58.44, 3047.74
1656867201.3683426,58.80, 3229.16
1656867202.3919754,50.11, 2679.33
1656867203.4078963,65.18, 3323.34
1656867204.4341033,40.23, 3297.33
1656867205.450559,33.38, 3320.30
1656867206.4781284,33.26, 3329.45
1656867207.4982383,35.55, 3285.81
1656867208.526096,34.81, 3472.97
1656867209.5598266,17.31, 1670.06
1656867210.584148,31.49, 2990.65
1656867211.6133473,36.44, 3414.10
1656867212.636878,34.94, 3367.02
1656867213.6552236,31.08, 3136.10
1656867214.683951,33.26, 3380.69
1656867215.7112367,34.23, 3339.95
1656867216.7237096,39.19, 5640.06
1656867217.7460685,15.78, 5629.11
1656867218.771161,3.13, 287.22
1656867219.78453,1.69, 68.83
1656867220.7965872,1.93, 110.82
1656867221.8129358,3.87, 24.04
1656867222.8350446,14.30, 46.69
1656867223.8596091,14.95, 133.00
1656867224.8827577,25.30, 484.90
1656867225.9109952,32.60, 1811.83
1656867226.9303303,27.14, 1247.76
1656867227.9511354,15.74, 26.13
1656867228.973028,18.43, 31.15
1656867230.0035858,15.21, 27.21
1656867231.02816,18.74, 33.17
1656867232.0562017,15.07, 28.29
1656867233.0899112,14.40, 27.05
1656867234.114626,13.61, 25.22
1656867235.1449623,13.31, 24.25
1656867236.1729605,11.95, 24.64
1656867237.1971092,11.62, 27.51
1656867238.2243254,13.88, 26.21
1656867239.246324,13.16, 27.11
1656867240.275756,14.23, 27.97
1656867241.3012018,14.02, 27.02
1656867242.330156,14.04, 28.63
1656867243.3611913,14.89, 26.12
1656867244.3867304,13.94, 26.55
1656867245.40927,13.12, 27.53
1656867246.449264,12.40, 27.04
1656867247.4703643,14.26, 26.91
1656867248.497021,15.35, 26.95
1656867249.5243194,12.54, 27.25
1656867250.5528686,13.39, 26.21
1656867251.5804586,13.14, 26.72
1656867252.6179354,14.17, 27.73
1656867253.6440158,14.36, 26.74
1656867254.668968,14.15, 27.02
1656867255.6975536,8.26, 27.20
1656867256.7255511,12.80, 27.87
1656867257.7546644,15.03, 26.97
1656867258.7799802,14.50, 26.03
1656867259.806828,13.09, 29.34
1656867260.8398936,14.23, 26.11
1656867261.8691564,15.84, 29.20
1656867262.8966959,14.49, 27.50
1656867263.925878,13.63, 27.11
1656867264.9501684,13.90, 26.00
1656867265.9730806,14.26, 28.01
1656867266.9979668,13.49, 27.84
1656867268.0224962,15.56, 27.22
1656867269.0516002,15.31, 26.72
1656867270.0715811,14.08, 26.98
1656867271.0957031,19.14, 31.54
1656867272.1321826,13.39, 28.14
1656867273.1570795,14.22, 26.87
1656867274.1883492,14.03, 26.21
1656867275.2168243,16.37, 30.34
1656867276.240251,13.29, 26.90
1656867277.2699714,16.08, 27.94
1656867278.3043122,13.99, 28.22
1656867279.325296,13.12, 26.18
1656867280.3542678,14.24, 26.89
1656867281.382229,13.65, 26.34
1656867282.410998,14.14, 27.68
1656867283.4347131,15.42, 27.00
1656867284.4626474,13.89, 25.76
1656867285.4915662,14.02, 28.06
1656867286.5164173,13.67, 27.39
1656867287.5492003,13.84, 22.76
1656867288.5779395,14.32, 26.38
1656867289.597927,12.86, 27.20
1656867290.6306226,14.60, 27.46
1656867291.6595469,13.80, 27.91
1656867292.6875274,14.83, 26.63
1656867293.7126415,14.26, 25.76
1656867294.7385778,13.60, 27.43
1656867295.7663577,13.79, 26.60
1656867296.7961984,13.59, 26.06
1656867297.823685,14.67, 25.16
1656867298.8536034,14.05, 26.16
1656867299.8776665,13.82, 26.02
1656867300.9144952,13.95, 25.19
1656867301.950016,9.81, 25.91
1656867302.974591,14.34, 25.71
1656867304.0069604,13.91, 25.53
1656867305.0344436,16.41, 25.79
1656867306.0631804,14.03, 26.64
1656867307.0875323,12.66, 26.28
1656867308.1154869,17.91, 26.99
1656867309.1596231,16.84, 25.16
1656867310.1813014,13.06, 25.35
1656867311.2073195,13.71, 26.42
1656867312.2394729,12.10, 27.55
1656867313.2659082,14.45, 26.13
1656867314.2945743,14.38, 27.15
1656867315.3234756,12.41, 25.02
1656867316.3497932,11.86, 26.87
1656867317.3743567,12.47, 27.35
1656867318.4045835,19.11, 30.00
1656867319.432006,12.44, 26.85
1656867320.4718034,12.11, 27.45
1656867321.5037687,11.38, 26.13
1656867322.5476832,11.44, 26.96
1656867323.590093,11.16, 26.64
1656867324.618529,12.17, 26.76
1656867325.6448853,12.22, 27.06
1656867326.6741273,11.84, 27.31
1656867327.7059927,11.30, 26.64
1656867328.7327962,11.65, 27.12
1656867329.7716894,11.28, 26.21
1656867330.80262,13.78, 28.59
1656867331.8308291,12.25, 27.32
1656867332.8672237,12.77, 26.81
1656867333.8918545,12.62, 22.94
1656867334.9204538,12.83, 26.94
1656867335.9488938,13.94, 26.36
1656867336.9773614,14.07, 26.57
1656867337.9977553,12.64, 26.55
1656867339.0299969,15.93, 28.37
1656867340.0569246,14.07, 26.60
1656867341.091394,13.99, 25.91
1656867342.1165695,14.03, 27.76
1656867343.1474469,14.56, 26.59
1656867344.178743,17.32, 27.72
1656867345.207314,13.59, 25.06
1656867346.2335603,14.29, 26.95
1656867347.261608,13.44, 27.84
1656867348.2885494,13.17, 26.53
1656867349.3178225,16.17, 28.78
1656867350.3593774,13.62, 24.67
1656867351.3843496,18.23, 26.45
1656867352.4291096,14.22, 26.70
1656867353.4626756,20.35, 43.81
1656867354.4936163,14.95, 26.57
1656867355.5233326,12.08, 26.83
1656867356.550105,13.69, 25.84
1656867357.5852525,14.65, 27.23
1656867358.6116886,15.30, 24.50
1656867359.6397214,11.94, 23.94
1656867360.6642032,14.27, 25.41
1656867361.6895275,13.60, 26.03
1656867362.7161412,13.45, 26.87
1656867363.7497513,15.10, 27.03
1656867364.7785664,14.80, 27.16
1656867365.8082442,15.19, 26.87
1656867366.8345568,17.09, 33.55
1656867367.8663666,14.42, 26.67
1656867368.8933475,15.22, 26.38
1656867369.9190817,18.46, 36.67
1656867370.9518347,14.59, 28.09
1656867371.9778326,14.22, 26.11
1656867373.0066712,15.47, 24.19
1656867374.0315292,15.91, 27.60
1656867375.064783,13.09, 26.52
1656867376.0998225,16.48, 34.89
1656867377.1259375,13.82, 27.27
1656867378.1522007,15.36, 27.59
1656867379.1827075,18.87, 600.88
1656867380.2149687,29.01, 1471.57
1656867381.2509663,28.86, 1187.81
1656867382.2857893,37.79, 2539.42
1656867383.3124335,25.45, 974.50
1656867384.3404417,14.23, 26.45
1656867385.3722034,13.22, 26.07
1656867386.4008706,13.53, 27.38
1656867387.4254436,14.20, 28.60
1656867388.456774,14.76, 26.09
1656867389.4891956,14.38, 26.60
1656867390.5261374,13.60, 27.36
1656867391.5563352,14.07, 25.31
1656867392.5843406,14.99, 28.48
1656867393.6079133,14.59, 25.96
1656867394.6351426,14.16, 27.42
1656867395.666741,15.44, 29.18
1656867396.6926672,13.63, 25.78
1656867397.7241662,13.59, 27.01
1656867398.7595758,15.46, 26.48
1656867399.7909417,24.03, 1416.49
1656867400.8314312,32.09, 3750.09
1656867401.8565524,14.07, 23.98
1656867402.8850622,14.50, 20.08
1656867403.9143286,19.08, 24.29
1656867404.9454584,14.83, 22.68
1656867405.9802084,13.99, 22.43
1656867407.0111182,13.89, 21.90
1656867408.0360198,17.63, 21.32
1656867409.06411,14.89, 21.28
1656867410.0878227,11.86, 20.81
1656867411.12432,16.51, 21.95
1656867412.1612847,14.75, 22.38
1656867413.1874034,15.24, 20.61
1656867414.222406,14.51, 21.21
1656867415.2481647,14.13, 21.52
1656867416.2749739,13.54, 21.81
1656867417.30404,14.69, 22.20
1656867418.3345063,14.65, 22.47
1656867419.3594406,14.74, 24.10
1656867420.3883643,13.89, 25.45
1656867421.4168513,14.10, 24.71
1656867422.45044,14.97, 30.81
1656867423.4845269,15.63, 26.29
1656867424.507255,14.32, 28.07
1656867425.5453818,12.58, 26.39
1656867426.5754478,16.55, 33.54
1656867427.601694,13.64, 25.86
1656867428.6276877,15.07, 24.73
1656867429.6561027,14.20, 27.11
1656867430.6850765,15.79, 27.64
1656867431.7119887,13.60, 26.11
1656867432.7430253,13.49, 27.05
1656867433.77153,15.84, 27.54
1656867434.7982602,13.88, 36.86
1656867435.824549,14.02, 25.13
1656867436.8561773,13.30, 27.32
1656867437.880878,13.94, 25.89
1656867438.910892,21.48, 34.57
1656867439.9385288,13.07, 28.27
1656867440.967761,14.77, 28.29
1656867441.997002,14.19, 26.60
1656867443.0281126,14.95, 27.53
1656867444.0563965,15.08, 27.11
1656867445.0854533,14.11, 26.19
1656867446.1058571,17.55, 29.63
1656867447.139859,14.49, 36.70
1656867448.1652908,15.24, 27.69
1656867449.1935172,14.92, 20.13
1656867450.2165048,14.18, 25.62
1656867451.2535937,16.06, 26.88
1656867452.282203,14.45, 26.76
1656867453.3150778,15.42, 26.52
1656867454.3428133,13.54, 26.32
1656867455.3664484,13.48, 25.91
1656867456.3928237,15.08, 27.54
1656867457.4267178,13.45, 26.42
1656867458.4494264,14.73, 25.10
1656867459.482921,10.09, 26.43
1656867460.5215755,12.58, 26.83
1656867461.5472736,20.80, 33.11
1656867462.5759456,14.53, 27.69
1656867463.6017027,17.02, 26.91
1656867464.6266415,15.75, 68.25
1656867465.6529956,13.69, 27.96
1656867466.6907072,14.74, 27.27
1656867467.7250862,13.05, 28.04
1656867468.76271,17.22, 27.26
1656867469.7912192,16.17, 29.26
1656867470.8217318,13.76, 26.76
1656867471.8482914,11.67, 23.11
1656867472.8807075,9.69, 25.94
1656867473.9219065,11.38, 25.56
1656867474.9533198,11.54, 26.39
1656867475.9855068,11.94, 27.55
1656867477.033856,10.87, 28.29
1656867478.067325,11.65, 20.23
1656867479.0981476,14.43, 34.80
1656867480.1264853,11.40, 25.81
1656867481.1518116,12.03, 28.08
1656867482.176922,10.84, 26.94
1656867483.2046323,12.45, 27.53
1656867484.2339056,12.40, 19.82
1656867485.2599652,12.63, 60.51
1656867486.2847996,12.32, 27.27
1656867487.3089108,11.34, 26.33
1656867488.3347404,11.95, 21.98
1656867489.3599036,13.94, 28.16
1656867490.3857555,11.45, 26.52
1656867491.4156744,12.02, 26.83
1656867492.4420018,10.98, 27.28
1656867493.4642973,15.46, 28.66
1656867494.4983075,12.39, 26.62
1656867495.5305078,11.46, 24.08
1656867496.5585175,12.07, 26.41
1656867497.5872328,12.03, 28.62
1656867498.6078894,14.45, 27.12
1656867499.6294196,11.27, 26.74
1656867500.6594973,11.88, 26.56
1656867501.6870964,12.24, 27.01
1656867502.7163196,11.76, 28.97
1656867503.7419012,12.43, 26.23
1656867504.7762542,11.60, 26.70
1656867505.8036537,11.27, 26.83
1656867506.8337708,12.33, 25.95
1656867507.859986,14.88, 28.27
1656867508.887588,12.84, 27.27
1656867509.9083805,12.30, 34.41
1656867510.9431667,11.74, 27.05
1656867511.9717002,11.98, 27.63
1656867513.0019228,11.04, 25.34
1656867514.030963,14.21, 26.71
1656867515.0630608,14.14, 30.66
1656867516.096234,11.73, 27.43
1656867517.1413345,11.75, 27.13
1656867518.1764638,12.79, 26.53
1656867519.2003944,11.95, 25.37
1656867520.2313664,11.11, 27.41
1656867521.264415,12.42, 26.93
1656867522.2932808,13.89, 30.58
1656867523.3267872,18.02, 33.57
1656867524.3532424,11.71, 26.17
1656867525.3819008,11.41, 26.51
1656867526.4196787,12.11, 28.31
1656867527.4613812,13.29, 29.18
1656867528.4997218,11.39, 26.24
1656867529.5370567,12.26, 26.59
1656867530.5686476,12.53, 24.93
1656867531.6061487,15.21, 32.69
1656867532.6338813,11.27, 25.70
1656867533.665247,12.57, 26.35
1656867534.6947,11.76, 26.59
1656867535.7173903,11.64, 26.96
1656867536.747032,11.82, 27.24
1656867537.7810454,10.86, 27.46
1656867538.8156886,13.08, 26.92
1656867539.843926,13.39, 178.18
1656867540.8691926,10.43, 24.27
1656867541.8959186,13.29, 30.19
1656867542.9224236,11.71, 27.42
1656867543.9510565,19.76, 29.34
1656867544.9816139,11.81, 25.11
1656867546.0084434,11.71, 27.18
1656867547.0352786,11.76, 26.87
1656867548.0644019,11.97, 25.98
1656867549.093672,13.13, 26.16
1656867550.1255739,12.20, 26.41
1656867551.1522186,11.66, 25.74
1656867552.1785007,12.13, 27.29
1656867553.2070384,11.92, 26.12
1656867554.2356043,13.50, 25.70
1656867555.2635305,12.42, 26.73
1656867556.2887158,11.88, 26.49
1656867557.324567,12.06, 27.03
1656867558.353879,12.02, 26.91
1656867559.3891227,13.96, 27.11
1656867560.4298751,11.07, 26.42
1656867561.4583187,11.40, 27.03
1656867562.485717,13.98, 29.46
1656867563.5155902,13.23, 27.50
1656867564.5495732,11.61, 24.27
1656867565.576274,12.13, 27.08
1656867566.6061325,11.67, 27.10
1656867567.642862,12.41, 27.95
1656867568.673263,11.82, 25.30
1656867569.7037423,12.06, 26.02
1656867570.728693,17.36, 30.81
1656867571.7571914,11.30, 24.55
1656867572.8015451,14.66, 247.21
1656867573.8407972,17.95, 549.49
1656867574.8708882,12.36, 25.71
1656867575.897072,12.24, 27.37
1656867576.9238908,15.23, 28.20
1656867577.946697,13.46, 28.92
1656867578.9786565,12.46, 26.03
1656867580.011466,9.58, 26.41
1656867581.0335932,11.81, 26.69
1656867582.0636873,12.96, 26.48
1656867583.0899673,12.48, 25.59
1656867584.116281,18.83, 29.85
1656867585.1422596,13.76, 25.79
1656867586.165694,14.30, 27.25
1656867587.1866221,12.18, 26.21
1656867588.2174428,17.57, 26.01
1656867589.255651,17.47, 29.13
1656867590.2854505,14.64, 25.59
1656867591.3176844,14.38, 26.35
1656867592.3427656,14.80, 27.79
1656867593.3849418,19.04, 43.22
1656867594.4158144,15.05, 24.90
1656867595.442541,13.70, 25.52
1656867596.471038,14.15, 26.23
1656867597.5063539,13.69, 26.98
1656867598.536717,14.97, 26.67
1656867599.5618231,14.49, 26.04
1656867600.5929413,13.79, 25.16
1656867601.6220102,14.59, 27.23
1656867602.6494012,13.49, 26.43
1656867603.677411,14.57, 25.40
1656867604.7041776,14.62, 25.88
1656867605.7402394,14.51, 25.70
1656867606.7631776,14.85, 25.65
1656867607.792672,14.52, 26.67
1656867608.8217502,15.14, 25.71
1656867609.8476238,13.36, 18.37
1656867610.884703,13.12, 11.69
1656867611.9090767,16.50, 11.61
1656867612.9343154,14.05, 13.76
1656867613.9574385,14.48, 8.02
1656867614.9898572,12.83, 1.99
