ts,ul_kBps,dl_kBps
1657290511.6932855,0.14, 0.13
1657290512.7110431,4.17, 13.70
1657290513.7279181,26.97, 2246.86
1657290514.7592337,10.46, 1183.28
1657290515.7986588,9.09, 1537.12
1657290516.849047,17.84, 85.91
1657290517.8747194,18.62, 3428.12
1657290518.8925078,4.70, 969.71
1657290519.9117818,17.67, 3836.71
1657290520.9237192,24.75, 4513.80
1657290521.9466438,12.04, 3113.51
1657290522.9847333,16.58, 5623.84
1657290524.0272439,6.84, 2330.11
1657290525.0562873,37.18, 7710.34
1657290526.0716033,8.99, 2252.84
1657290527.098429,2.80, 739.83
1657290528.1263688,10.89, 1654.04
1657290529.1568353,60.04, 2494.23
1657290530.178366,19.44, 3828.38
1657290531.2125592,10.96, 1601.81
1657290532.2532387,32.33, 4012.46
1657290533.3086443,18.08, 2933.65
1657290534.3618388,28.84, 3712.32
1657290535.423128,21.17, 3501.82
1657290536.4590385,15.55, 2551.78
1657290537.4844177,7.14, 689.75
1657290538.5066044,34.59, 3563.75
1657290539.5280678,48.37, 8286.82
1657290540.5479603,63.61, 13710.12
1657290541.5655189,62.42, 15547.18
1657290542.579638,65.96, 18464.71
1657290543.5929637,72.02, 16478.16
1657290544.6300004,66.20, 14912.99
1657290545.6632562,35.61, 5909.57
1657290546.6827004,26.68, 3327.12
1657290547.6937299,24.74, 2896.96
1657290548.7211552,26.32, 2961.10
1657290549.7405186,25.75, 3133.66
1657290550.7631807,29.08, 3118.22
1657290551.7989461,46.36, 6032.22
1657290552.8500876,37.42, 2984.33
1657290553.8928425,38.56, 3070.72
1657290554.9228632,35.82, 3550.22
1657290555.9527204,12.38, 1568.24
1657290556.9730422,8.32, 49.93
1657290557.997962,16.15, 61.24
1657290559.0324001,11.44, 50.13
1657290560.060892,10.49, 57.20
1657290561.0915532,9.73, 62.04
1657290562.1170678,10.60, 62.84
1657290563.1506915,11.43, 57.32
1657290564.1824367,14.67, 59.86
1657290565.212056,14.75, 71.11
1657290566.2487924,12.41, 66.49
1657290567.281757,12.92, 72.11
1657290568.3106601,11.90, 69.36
1657290569.3509562,15.07, 71.72
1657290570.4005568,14.34, 71.64
1657290571.4286788,14.45, 62.83
1657290572.4806175,21.87, 93.59
1657290573.5279353,13.68, 71.73
1657290574.6145968,14.39, 73.96
1657290575.6889517,21.62, 2179.73
1657290576.7323678,10.08, 80.37
1657290577.7764747,12.33, 73.49
1657290578.8085349,12.61, 78.06
1657290579.8536205,15.80, 81.26
1657290580.874906,14.20, 76.21
1657290581.9122822,11.08, 78.20
1657290582.9380522,14.46, 78.79
1657290583.9597702,12.56, 80.33
1657290584.9941454,16.23, 76.38
1657290586.0271506,14.78, 88.68
1657290587.0616162,14.94, 83.18
1657290588.094939,17.04, 83.71
1657290589.130644,14.89, 77.59
1657290590.1622646,14.40, 76.78
1657290591.1919453,14.20, 81.45
1657290592.227843,15.73, 78.67
1657290593.2522736,15.46, 73.26
1657290594.2824411,15.81, 86.44
1657290595.3110867,15.48, 74.78
1657290596.3388073,20.36, 79.91
1657290597.3782551,17.15, 79.34
1657290598.4164212,17.34, 82.36
1657290599.4509141,19.79, 79.72
1657290600.4889467,14.25, 76.34
1657290601.5205336,9.51, 75.55
1657290602.5476613,10.53, 71.77
1657290603.5747676,10.78, 75.85
1657290604.6120327,10.37, 76.51
1657290605.6411443,11.01, 79.56
1657290606.6673331,9.61, 76.81
1657290607.7058294,10.68, 80.40
1657290608.7415104,9.47, 81.94
1657290609.7803175,15.72, 90.58
1657290610.8242826,16.64, 77.49
1657290611.8564012,13.62, 78.86
1657290612.8888652,9.91, 89.58
1657290613.911808,12.42, 87.92
1657290614.9375925,14.38, 87.22
1657290615.9795072,13.66, 66.24
1657290617.0093083,12.82, 66.91
1657290618.0489025,15.73, 87.18
1657290619.0755055,20.22, 98.77
1657290620.1100984,12.66, 91.41
1657290621.1398735,14.29, 88.76
1657290622.1689594,15.90, 87.39
1657290623.198746,15.95, 91.51
1657290624.2250388,13.55, 91.19
1657290625.2679803,14.27, 85.47
1657290626.3070946,17.38, 1838.23
1657290627.3381267,10.33, 161.21
1657290628.3692093,10.90, 245.34
1657290629.392767,11.84, 398.83
1657290630.4304583,14.77, 697.31
1657290631.4594932,14.88, 1087.94
1657290632.4898043,16.46, 1399.05
1657290633.521443,20.19, 3265.66
1657290634.5580761,12.66, 111.33
1657290635.5891955,12.66, 110.04
1657290636.631217,18.59, 103.85
1657290637.6745188,19.31, 127.33
1657290638.7127914,13.79, 101.71
1657290639.7557867,12.96, 144.48
1657290640.799242,13.31, 112.29
1657290641.8328571,19.98, 110.74
1657290642.8779488,14.39, 123.78
1657290643.92302,13.61, 132.17
1657290644.9655306,13.20, 128.76
1657290646.002666,13.65, 114.64
1657290647.0509627,11.10, 103.68
1657290648.0900123,11.41, 114.56
1657290649.1266422,13.59, 112.16
1657290650.1586308,10.72, 110.63
1657290651.190977,10.76, 118.10
1657290652.2254071,11.47, 127.35
1657290653.2627277,11.52, 130.87
1657290654.3043754,15.82, 136.59
1657290655.3395581,10.26, 109.86
1657290656.3801966,10.34, 109.00
1657290657.4095044,11.29, 112.52
1657290658.4374657,11.38, 122.29
1657290659.480871,18.65, 125.30
1657290660.510573,10.37, 127.21
1657290661.5446353,10.23, 127.00
1657290662.5735831,10.64, 119.41
1657290663.608467,9.84, 125.77
1657290664.643745,13.54, 123.81
1657290665.692073,19.90, 120.12
1657290666.722865,15.20, 118.41
1657290667.757282,10.97, 116.03
1657290668.7969487,11.64, 122.15
1657290669.8237586,14.94, 123.57
1657290670.8557599,15.20, 131.93
1657290671.8950374,14.85, 117.71
1657290672.9360843,15.73, 134.49
1657290673.9692214,15.37, 124.14
1657290675.007915,15.56, 131.38
1657290676.0380692,15.92, 126.45
1657290677.076283,13.88, 114.55
1657290678.1175098,16.14, 117.70
1657290679.1519747,15.29, 115.30
1657290680.1855159,15.41, 114.36
1657290681.2186177,14.68, 126.35
1657290682.2548385,16.21, 119.51
1657290683.2909544,15.49, 119.41
1657290684.3316233,14.19, 121.85
1657290685.3790195,13.18, 125.48
1657290686.4260352,14.19, 127.23
1657290687.4661372,17.08, 122.98
1657290688.5043757,20.01, 116.98
1657290689.5374238,15.96, 111.16
1657290690.5692825,13.06, 110.52
1657290691.60452,15.77, 112.34
1657290692.637701,17.43, 128.60
1657290693.6809285,15.78, 105.58
1657290694.7203758,15.56, 109.67
1657290695.7503126,15.58, 117.15
1657290696.776282,15.89, 117.55
1657290697.8085573,16.69, 120.07
1657290698.8525102,15.26, 116.00
1657290699.8882143,16.71, 122.96
1657290700.9349556,16.02, 114.05
1657290701.9650116,16.09, 115.86
1657290702.9903822,18.13, 263.33
1657290704.0353963,16.41, 125.64
1657290705.0808425,16.29, 115.78
1657290706.112058,23.40, 116.85
1657290707.1617243,18.85, 122.76
1657290708.207467,30.56, 5383.02
1657290709.2413495,16.78, 129.82
1657290710.2722538,15.67, 120.90
1657290711.2999935,16.21, 125.21
1657290712.3369777,15.98, 110.16
1657290713.3743384,16.62, 123.96
1657290714.4139643,14.07, 118.53
1657290715.4483962,13.15, 108.00
1657290716.4876454,16.01, 118.69
1657290717.5396252,21.37, 154.58
1657290718.5798814,15.11, 122.48
1657290719.6213856,15.26, 117.01
1657290720.6684344,15.30, 117.34
1657290721.7043688,13.22, 115.35
1657290722.7664127,16.02, 116.46
1657290723.803721,11.82, 110.95
1657290724.8319087,14.24, 106.74
1657290725.8722796,15.49, 109.47
1657290726.9009008,19.44, 113.38
1657290727.9355395,16.51, 111.40
1657290728.9650264,16.22, 111.44
1657290730.0042138,17.76, 119.86
1657290731.0565212,18.91, 122.17
1657290732.1085923,24.09, 120.78
1657290733.1508353,19.25, 116.00
1657290734.178991,15.46, 115.06
1657290735.2130873,19.50, 116.22
1657290736.2598054,21.29, 115.00
1657290737.3126504,18.16, 111.76
1657290738.3568685,20.04, 111.20
1657290739.394915,25.81, 112.63
1657290740.479015,16.12, 104.76
1657290741.5267165,19.01, 115.52
1657290742.5546772,16.90, 110.82
1657290743.5941951,18.01, 125.66
1657290744.6370494,15.44, 107.04
1657290745.6752763,14.28, 110.87
1657290746.7137525,18.41, 118.17
1657290747.7493606,20.79, 122.31
1657290748.7832713,21.72, 138.28
1657290749.8093452,12.40, 118.50
1657290750.843062,13.21, 121.69
1657290751.8740778,14.40, 117.96
1657290752.9150097,17.38, 120.31
1657290753.9570806,15.25, 114.25
1657290754.991358,16.17, 124.14
1657290756.0205007,14.39, 121.52
1657290757.0559785,17.02, 117.50
1657290758.1023767,17.20, 121.16
1657290759.1412137,15.73, 119.80
1657290760.1830456,16.19, 121.06
1657290761.216139,15.81, 125.96
1657290762.241084,16.26, 124.79
1657290763.2723098,17.65, 120.94
1657290764.303842,15.69, 111.59
1657290765.3388953,18.41, 114.05
1657290766.365365,15.29, 118.70
1657290767.3986416,18.65, 120.72
1657290768.441127,16.61, 115.75
1657290769.471909,15.37, 111.25
1657290770.5059283,15.41, 124.94
1657290771.549729,15.12, 129.14
1657290772.5818691,16.36, 119.00
1657290773.6227067,12.72, 119.14
1657290774.6780536,13.22, 117.12
1657290775.7327166,15.22, 127.93
1657290776.781555,13.33, 126.89
1657290777.824068,18.59, 128.55
1657290778.859459,14.70, 128.65
1657290779.8993554,11.77, 115.28
1657290780.9441457,15.34, 114.89
1657290781.9962227,15.86, 108.86
1657290783.038169,28.56, 122.28
1657290784.0800602,15.68, 121.58
1657290785.1215768,13.76, 113.27
1657290786.1608045,13.38, 120.22
1657290787.1965747,13.42, 118.58
1657290788.2470024,19.74, 121.29
1657290789.2870483,13.07, 114.86
1657290790.3336694,12.86, 107.05
1657290791.3784883,12.78, 114.82
1657290792.4147174,13.18, 119.19
1657290793.4473524,16.92, 125.34
1657290794.4879904,16.82, 127.81
1657290795.532605,15.84, 135.22
1657290796.5751214,15.18, 137.34
1657290797.6185222,13.01, 109.70
1657290798.6502023,13.41, 113.82
1657290799.6778703,19.16, 108.25
1657290800.7183316,14.66, 117.54
1657290801.7705193,15.52, 92.43
1657290802.8048813,15.92, 71.04
1657290803.8441522,17.34, 65.04
1657290804.872213,12.05, 67.63
1657290805.9115627,11.29, 68.87
1657290806.9558733,11.57, 51.91
1657290807.9922488,13.27, 70.86
1657290809.032707,11.61, 75.01
1657290810.0654123,13.04, 73.16
1657290811.09471,10.93, 69.19
1657290812.1352978,12.31, 62.37
1657290813.1724663,13.39, 42.15
1657290814.2101123,12.92, 61.99
1657290815.2378762,11.95, 76.15
1657290816.287339,15.31, 58.18
1657290817.3193014,14.20, 45.59
1657290818.3540802,15.53, 63.31
1657290819.3926313,11.63, 58.19
1657290820.4295397,11.28, 60.13
1657290821.4701874,14.11, 83.10
1657290822.5069506,12.24, 79.20
1657290823.548732,13.20, 61.08
1657290824.581148,12.56, 55.45
1657290825.6179357,21.84, 102.59
1657290826.6588805,10.65, 64.99
1657290827.6891305,13.73, 86.90
1657290828.735202,11.60, 58.83
1657290829.7726858,10.65, 64.01
1657290830.816956,10.05, 50.38
1657290831.8640876,14.50, 64.79
1657290832.8969045,11.63, 44.21
1657290833.9294565,12.06, 78.49
1657290834.9686694,12.31, 61.28
1657290836.0072117,11.74, 45.49
1657290837.0480423,10.39, 28.25
1657290838.084622,13.22, 43.57
1657290839.1231809,12.84, 48.39
1657290840.1631882,13.16, 112.34
1657290841.2138834,12.71, 94.64
1657290842.2601686,11.11, 82.54
1657290843.2865198,12.15, 81.48
1657290844.318008,14.00, 72.95
1657290845.3527167,13.07, 70.19
1657290846.3976707,17.33, 69.83
1657290847.4417572,11.14, 115.11
1657290848.4843717,13.16, 67.51
1657290849.5224721,10.36, 69.83
1657290850.5530136,10.18, 88.14
1657290851.5973709,11.48, 60.55
1657290852.6351404,12.39, 45.36
1657290853.6773791,13.70, 44.59
1657290854.7179735,12.58, 71.56
1657290855.761148,12.51, 71.91
1657290856.800913,10.55, 69.95
1657290857.8464687,12.77, 75.22
1657290858.8834143,13.47, 58.33
1657290859.9191217,12.73, 70.57
1657290860.954325,12.57, 41.61
1657290861.9989522,12.68, 432.45
1657290863.030616,13.70, 68.94
1657290864.0717373,14.79, 55.74
1657290865.0991468,13.30, 49.69
1657290866.135986,15.89, 76.33
1657290867.1634872,12.83, 79.41
1657290868.1981204,12.99, 61.49
1657290869.2352555,11.54, 56.21
1657290870.265703,12.63, 55.78
1657290871.3063807,13.03, 50.69
1657290872.3438694,12.30, 50.42
1657290873.3812907,14.52, 53.15
1657290874.4093125,13.24, 41.33
1657290875.4603999,29.81, 63.92
1657290876.4986255,15.44, 213.48
1657290877.5380056,13.00, 53.41
1657290878.5759027,16.01, 89.89
1657290879.6289701,13.49, 54.87
1657290880.675635,16.32, 41.14
1657290881.7202203,14.89, 64.55
1657290882.7703028,15.34, 56.99
1657290883.8154595,14.86, 77.86
1657290884.8405507,20.62, 87.35
1657290885.874025,15.80, 51.59
1657290886.9071827,15.23, 45.80
1657290887.9549015,21.18, 81.11
1657290888.9945867,15.87, 67.07
1657290890.0412223,14.99, 92.62
1657290891.0930517,13.15, 61.46
1657290892.1246529,12.46, 58.78
1657290893.1607475,13.26, 38.86
1657290894.2063923,17.40, 121.06
1657290895.2727857,12.97, 107.71
1657290896.3262432,18.35, 65.95
1657290897.3767667,11.46, 54.14
1657290898.4139743,14.51, 54.59
1657290899.4552908,12.67, 56.20
1657290900.495854,13.10, 72.28
1657290901.5348015,13.15, 70.25
1657290902.6424105,10.85, 67.62
1657290903.674841,13.14, 73.49
1657290904.719842,20.94, 63.59
1657290905.7704184,14.60, 77.67
1657290906.813951,14.92, 43.43
1657290907.877277,14.07, 63.75
1657290908.9353094,14.52, 47.02
1657290909.9872937,14.60, 52.46
1657290911.0330415,14.91, 55.67
1657290912.0702863,14.57, 70.93
1657290913.1075957,15.93, 71.49
1657290914.1463425,13.89, 90.57
1657290915.1777678,16.74, 84.00
1657290916.2049541,14.64, 37.61
1657290917.2321007,13.56, 46.67
1657290918.2759206,15.41, 78.56
1657290919.31396,14.18, 85.19
1657290920.3472538,13.12, 57.23
1657290921.3853405,12.24, 46.54
1657290922.4094827,11.87, 51.55
1657290923.4375072,14.34, 34.17
1657290924.4815807,14.35, 63.16
1657290925.5186393,16.86, 55.48
1657290926.559387,21.35, 66.39
1657290927.598089,17.26, 54.24
1657290928.6392586,15.41, 48.23
1657290929.6740832,14.43, 47.78
1657290930.7184682,13.66, 37.43
1657290931.7575808,14.89, 45.33
1657290932.8023427,15.62, 51.93
1657290933.8495998,14.94, 45.74
1657290934.8835175,13.87, 47.91
1657290935.9309454,13.04, 42.76
1657290936.9722233,14.18, 30.85
1657290938.0111463,15.24, 40.17
1657290939.047996,13.00, 39.49
1657290940.0902512,12.15, 83.71
1657290941.1291807,12.84, 37.78
1657290942.1549313,12.57, 81.47
1657290943.203804,13.86, 76.72
1657290944.2406619,13.04, 52.06
1657290945.2829618,20.84, 94.31
1657290946.3195546,12.73, 46.18
1657290947.3572254,13.86, 36.35
1657290948.3978636,14.71, 78.36
1657290949.4307408,14.04, 85.81
1657290950.4677641,13.75, 59.71
1657290951.5112915,9.77, 38.68
1657290952.5459795,13.66, 64.78
1657290953.585119,14.99, 60.25
1657290954.628285,12.73, 56.15
1657290955.6572294,12.75, 58.36
1657290956.6954162,13.70, 47.32
1657290957.7318153,12.67, 54.00
1657290958.7695358,11.89, 65.75
1657290959.8021593,11.55, 68.25
1657290960.842651,12.53, 54.68
1657290961.8707824,14.38, 52.97
1657290962.9069133,15.27, 53.73
1657290963.9508464,15.18, 67.75
1657290964.991013,14.45, 34.45
1657290966.0337734,17.22, 24.01
1657290967.0723991,15.81, 31.17
1657290968.100718,15.56, 32.20
1657290969.139134,14.99, 45.28
1657290970.1786633,14.42, 83.76
1657290971.2141676,14.42, 40.99
1657290972.2496157,13.97, 65.40
1657290973.287761,13.96, 78.64
