ts,ul_kBps,dl_kBps
1656938075.7965882,313.71, 9107.81
1656938076.7977626,222.32, 5696.55
1656938077.7993238,311.11, 8707.12
1656938078.8008788,239.68, 6150.55
1656938079.8042967,168.54, 5180.91
1656938080.8094008,87.78, 1923.10
1656938081.8106108,160.68, 4779.54
1656938082.8121371,309.85, 9762.22
1656938083.8134453,149.91, 4892.40
1656938084.8149865,149.29, 4686.86
1656938085.8171482,197.86, 4809.49
1656938086.8191895,145.01, 4763.31
1656938087.8201766,155.10, 4992.53
1656938088.8214705,118.29, 4743.14
1656938089.8231096,106.63, 4530.93
1656938090.8246987,133.27, 5460.34
1656938091.8255188,124.06, 4795.95
1656938092.8270833,116.61, 4538.48
1656938093.8287306,121.63, 4685.14
1656938094.8294408,118.40, 4184.43
1656938095.8309436,124.55, 4621.73
1656938096.8325205,118.75, 4449.87
1656938097.83337,121.83, 4418.81
1656938098.8348322,159.90, 6469.16
1656938099.8364377,136.35, 4830.97
1656938100.8374634,137.71, 4416.38
1656938101.839087,150.93, 4740.33
1656938102.840703,143.61, 4538.05
1656938103.8414233,144.42, 4471.29
1656938104.843015,142.65, 4417.08
1656938105.8446126,152.78, 5405.79
1656938106.8454552,129.56, 4424.60
1656938107.8470619,139.72, 4461.86
1656938108.8483698,138.65, 4146.58
1656938109.8493347,145.03, 4426.80
1656938110.8518062,124.82, 4013.05
1656938111.8535352,164.04, 4546.21
1656938112.8554115,157.01, 4898.36
1656938113.8572202,161.46, 5582.06
1656938114.8582566,135.04, 4325.10
1656938115.8597803,135.62, 4158.96
1656938116.8613899,142.09, 4387.68
1656938117.8629797,138.29, 4390.61
1656938118.8644736,141.19, 4382.59
1656938119.865378,141.97, 4500.05
1656938121.8683906,120.48, 3840.87
1656938122.8700752,143.21, 4491.43
1656938123.872186,154.81, 4925.90
1656938124.8735123,156.48, 4864.72
1656938125.874709,151.31, 4725.65
1656938126.8761733,150.61, 4657.99
1656938127.877503,162.85, 4884.99
1656938128.8790658,168.72, 5371.42
1656938129.8806658,137.99, 4492.72
1656938130.8817677,156.04, 4958.58
1656938131.8827827,138.03, 4371.18
1656938132.8844209,175.27, 4427.20
1656938133.885679,191.94, 4505.98
1656938134.8872747,194.57, 5474.92
1656938135.888081,136.47, 3877.14
1656938136.8894925,163.70, 4554.60
1656938137.8914053,172.54, 4679.08
1656938138.8923385,152.68, 4254.46
1656938139.8934574,137.98, 4156.58
1656938140.895055,163.30, 4459.89
1656938141.8965702,153.48, 4358.67
1656938142.8974264,212.93, 6248.53
1656938143.89888,275.29, 9238.51
1656938144.8997643,282.79, 8773.45
1656938145.9008574,320.87, 9355.62
1656938146.9013007,302.78, 8537.72
1656938147.9028466,199.92, 5231.58
1656938148.904523,361.48, 9017.60
1656938149.9059591,313.26, 8810.62
1656938150.9133599,269.78, 7814.71
1656938151.9148812,318.22, 9003.18
1656938152.9164865,307.73, 8683.47
1656938153.9177675,297.02, 8748.72
1656938154.919388,294.86, 8951.10
1656938155.9201524,305.14, 9016.70
1656938156.9215405,301.70, 9062.86
1656938157.9232388,272.35, 8092.65
1656938158.9248588,292.43, 8656.13
1656938159.925772,308.25, 9013.32
1656938160.926645,330.91, 9212.36
1656938161.9282384,311.08, 9132.05
1656938162.929487,294.03, 8609.27
1656938163.9310815,283.92, 8808.69
1656938164.9323003,267.86, 7967.60
1656938165.9377372,281.40, 8647.83
1656938167.9409704,278.41, 8685.90
1656938168.9425225,279.95, 8592.82
1656938169.944065,295.68, 8794.41
1656938170.9455101,274.44, 8312.36
1656938171.947113,281.66, 8262.32
1656938172.9487274,246.30, 7490.52
1656938173.949988,262.70, 7764.00
1656938174.9515538,246.52, 7305.71
1656938175.9531465,196.34, 5424.80
1656938176.9548166,275.07, 7775.97
1656938177.9564705,286.41, 8153.52
1656938178.957511,299.22, 8403.91
1656938179.9593146,333.72, 9236.49
1656938180.9608178,279.13, 8340.40
1656938181.9619768,292.52, 8976.18
1656938182.9631438,301.77, 9177.68
1656938183.9647336,308.23, 9206.29
1656938184.9653635,303.12, 8750.63
1656938185.966543,321.68, 9020.49
1656938186.9681637,316.14, 9111.03
1656938187.96952,285.57, 8027.02
1656938188.9710805,311.74, 8748.81
1656938189.97253,314.48, 8784.10
1656938190.9737298,306.78, 8789.07
1656938191.975325,302.71, 8743.61
1656938192.976674,317.76, 8657.98
1656938193.977811,321.62, 9164.20
1656938194.9793522,312.86, 8407.32
1656938195.9807518,308.27, 8936.25
1656938196.982362,295.12, 8754.52
1656938197.9839697,296.14, 8833.17
1656938198.9856298,294.92, 8749.27
1656938199.987193,281.26, 8338.72
1656938200.98863,330.83, 8874.65
1656938201.989505,306.46, 8707.31
1656938202.991147,281.83, 8064.43
1656938203.992662,295.54, 8654.87
1656938204.9935062,294.84, 8862.50
1656938205.995003,313.01, 8624.99
1656938206.996557,312.24, 8641.44
1656938207.9977238,295.19, 8752.73
1656938208.9990919,290.99, 8699.76
1656938210.000801,277.46, 8145.27
1656938211.0014846,297.43, 8777.25
1656938213.0048518,309.03, 8921.44
1656938214.005535,308.32, 8841.47
1656938215.0070927,302.42, 8900.83
1656938216.0083807,312.00, 8732.01
1656938217.0097759,291.82, 8531.76
1656938218.0105972,276.26, 8312.11
1656938219.012173,289.45, 8596.49
1656938220.0134432,302.94, 8541.98
1656938221.0152903,294.14, 8641.58
1656938222.0165832,303.39, 8967.41
1656938223.0181923,320.64, 9084.22
1656938224.0198293,317.54, 9054.20
1656938225.021442,276.19, 8034.16
1656938226.0229988,295.05, 8742.62
1656938227.0245728,312.77, 8581.76
1656938228.0261436,304.85, 8937.26
1656938229.0269597,287.97, 8542.23
1656938230.028501,301.96, 8561.39
1656938231.0295753,298.92, 8675.10
1656938232.031368,307.22, 8951.02
1656938233.0323226,421.64, 13142.22
1656938234.0334775,414.42, 13283.90
1656938235.0347297,292.66, 8466.42
1656938236.0362506,326.93, 9545.43
1656938237.037407,294.97, 8897.96
1656938238.0388842,296.62, 8781.75
1656938239.040374,310.18, 8738.93
1656938240.0413694,277.95, 8340.91
1656938241.042956,312.13, 8967.46
1656938242.0445623,321.13, 8881.24
1656938243.0453646,303.76, 8713.65
1656938244.046926,302.33, 8830.56
1656938245.0485513,312.22, 8925.12
1656938246.0510056,330.58, 8973.42
1656938247.0526197,306.22, 8274.14
1656938248.0535052,293.24, 8747.77
1656938249.054707,264.43, 7797.50
1656938250.0562778,260.33, 7693.45
1656938251.057353,271.70, 8174.88
1656938252.0588703,315.60, 8955.77
1656938253.060448,319.01, 8541.11
1656938254.0613863,297.64, 8387.50
1656938255.0628088,237.26, 7502.22
1656938256.0635443,281.73, 8673.83
1656938258.0659401,288.11, 8686.37
1656938259.0674214,313.10, 8926.51
1656938260.0689862,292.47, 8782.67
1656938261.0706995,305.85, 9121.80
1656938262.0723364,289.65, 8684.09
1656938263.0734594,274.00, 7974.02
1656938264.0750933,306.58, 9086.24
1656938265.076186,294.64, 8756.65
1656938266.07744,275.41, 8625.88
1656938267.0787396,299.71, 8606.70
1656938268.080259,294.91, 8438.24
1656938269.0813992,303.55, 8857.04
1656938270.083017,281.41, 8402.93
1656938271.0846045,257.74, 7974.46
1656938272.0854151,286.73, 9008.39
1656938273.0870204,273.88, 8892.77
1656938274.088504,278.70, 8869.34
1656938275.0894742,279.78, 9215.19
1656938276.0909796,264.14, 8653.67
1656938277.0921643,284.10, 8782.62
1656938278.0933464,265.11, 8227.92
1656938279.0944808,264.02, 8152.34
1656938280.0960994,278.24, 9146.38
1656938281.0974422,274.46, 8895.57
1656938282.0990775,277.59, 8941.15
1656938283.1007175,274.52, 8718.80
1656938284.1014726,274.13, 8799.93
1656938285.1030905,261.84, 8637.77
1656938286.1046915,271.55, 8627.14
1656938287.105464,283.44, 9066.15
1656938288.107077,269.38, 8798.17
1656938289.1086807,268.50, 8807.49
1656938290.1099608,284.41, 9297.03
1656938291.111529,273.90, 9128.03
1656938292.1130724,233.98, 7964.95
1656938293.1137908,234.08, 8344.69
1656938294.1154294,85.55, 3039.19
1656938295.1170619,27.11, 617.98
1656938296.1186697,25.71, 396.04
1656938297.1201262,16.10, 210.90
1656938298.1214252,94.63, 2468.95
1656938299.1229594,46.21, 949.04
1656938300.1244662,152.14, 3866.04
1656938301.1255069,183.36, 5349.44
1656938302.1273115,217.74, 5188.05
1656938304.1299298,235.54, 4783.42
1656938305.1314695,288.59, 6422.60
1656938306.132972,302.04, 6765.95
1656938307.1339962,347.69, 8178.57
1656938308.135668,318.73, 7291.92
1656938309.1366036,311.26, 7608.12
1656938310.1374464,319.65, 7988.85
1656938311.1390371,306.20, 8058.37
1656938312.1399314,300.62, 7941.50
1656938313.141912,272.25, 6516.27
1656938314.1455064,344.38, 8060.91
1656938315.14763,303.45, 8341.21
1656938316.1493268,273.87, 7671.48
1656938317.1514463,103.16, 1562.81
1656938318.1528409,85.56, 495.18
1656938319.1551135,98.46, 561.54
1656938320.159157,106.62, 627.60
1656938321.161338,105.83, 619.09
1656938322.162411,106.88, 769.09
1656938323.16396,93.75, 519.66
1656938324.1660593,102.62, 659.60
1656938325.1678433,121.06, 794.92
1656938326.1698916,115.33, 657.25
1656938327.1715426,124.55, 761.17
1656938328.1735508,124.07, 745.08
1656938329.175277,109.27, 541.92
1656938330.1768064,138.89, 751.71
1656938331.178749,145.75, 830.36
1656938332.1803055,122.57, 765.16
1656938333.181417,206.68, 2248.49
1656938334.182988,274.92, 5103.12
1656938335.1845577,215.01, 3917.83
1656938336.185453,171.90, 3318.16
1656938337.1873724,133.44, 796.22
1656938338.1889853,131.19, 742.95
1656938339.1899602,236.82, 6260.89
1656938340.1911051,122.51, 743.86
1656938341.1927168,141.13, 946.45
1656938342.1933699,128.20, 756.60
1656938343.1944578,121.49, 693.64
1656938344.1960266,169.81, 1678.54
1656938345.197409,270.81, 5402.49
1656938346.1990385,143.04, 834.53
1656938347.1996922,139.99, 876.71
1656938349.2028377,143.78, 858.09
1656938350.2044535,138.27, 823.30
1656938351.2054572,137.17, 820.43
1656938352.2070682,126.96, 797.07
1656938353.2087061,126.32, 748.55
1656938354.2094054,123.47, 758.33
1656938355.2109632,126.26, 756.24
1656938356.211925,125.31, 717.67
1656938357.2134051,120.46, 694.56
1656938358.214964,117.86, 756.59
1656938359.2165177,122.88, 757.88
1656938360.2174065,130.08, 797.70
1656938361.2189527,126.81, 741.07
1656938362.2200742,121.80, 736.85
1656938363.2214508,126.77, 793.95
1656938364.2230093,115.70, 721.00
1656938365.2244246,127.11, 746.26
1656938366.2254813,137.04, 779.21
1656938367.2270236,128.33, 792.60
1656938368.2286015,112.06, 657.05
1656938369.23078,123.09, 748.92
1656938370.2316651,117.56, 728.94
1656938371.2364962,124.85, 742.94
1656938372.2374449,129.20, 770.75
1656938373.2391255,146.31, 878.81
1656938374.2409334,128.40, 778.30
1656938375.242476,133.28, 785.53
1656938376.2440073,117.82, 671.98
1656938377.245473,131.44, 741.93
1656938378.2470548,126.03, 725.62
1656938379.2485077,130.79, 757.58
1656938380.2493823,134.76, 820.36
1656938381.250936,130.60, 810.45
1656938382.2526445,135.22, 785.09
1656938383.2534423,128.09, 774.64
1656938384.2551222,131.32, 762.27
1656938385.256742,129.94, 796.45
1656938386.2577376,123.78, 736.18
1656938387.2593727,134.65, 993.09
1656938388.2609818,156.22, 1453.07
1656938389.2623637,132.71, 826.65
1656938390.2631695,126.97, 782.77
1656938391.2661655,134.33, 789.51
1656938392.267811,137.34, 846.54
1656938393.269371,202.71, 3064.70
1656938395.272129,319.69, 6577.64
1656938396.273652,401.98, 8138.49
1656938397.2749927,335.45, 7653.59
1656938398.276585,292.01, 6497.69
1656938399.277428,162.68, 3395.91
1656938400.2789602,133.95, 841.37
1656938401.2801223,141.68, 906.79
1656938402.2814739,139.30, 869.59
1656938403.2830787,162.26, 1776.18
1656938404.2842777,135.67, 823.56
1656938405.2860339,129.62, 833.57
1656938406.287614,142.14, 897.96
1656938407.289173,133.73, 924.19
1656938408.2908146,138.23, 963.41
1656938409.292361,133.86, 869.39
1656938410.293705,138.01, 1050.49
1656938411.294358,133.07, 889.22
1656938412.296376,128.57, 901.38
1656938413.2974288,132.99, 907.09
1656938414.299295,134.31, 906.72
1656938415.3000717,131.55, 878.73
1656938416.3014727,134.62, 899.94
1656938417.3026538,128.70, 886.77
1656938418.3046837,137.51, 888.50
1656938419.306115,127.93, 849.30
1656938420.3067517,133.23, 879.98
1656938421.3079994,133.08, 846.19
1656938422.3094304,140.74, 921.36
1656938423.3110957,140.04, 901.53
1656938424.312698,126.48, 863.17
1656938425.3134303,142.60, 1039.40
1656938426.3149812,149.22, 1072.29
1656938427.3165305,130.48, 858.15
1656938428.3174791,125.11, 852.84
1656938429.319071,134.42, 879.33
1656938430.3208897,135.10, 893.56
1656938431.3224452,146.86, 1327.61
1656938432.324216,132.81, 878.41
1656938433.3255188,133.05, 892.54
1656938434.3272336,130.24, 866.46
1656938435.3288178,164.94, 1702.73
1656938436.3294866,130.86, 873.23
1656938437.331073,134.17, 912.41
1656938438.332644,132.76, 892.27
1656938440.3359745,130.38, 871.33
1656938441.337669,131.91, 842.15
1656938442.3398974,131.28, 858.50
1656938443.3414195,138.55, 938.56
1656938444.3422325,136.29, 884.52
1656938445.3438153,138.22, 901.89
1656938446.3454077,131.82, 898.99
1656938447.3469713,128.34, 824.08
1656938448.3485227,135.07, 922.14
1656938449.3496056,141.10, 1269.23
1656938450.3511388,137.01, 906.58
1656938451.3523085,129.38, 857.85
1656938452.3533602,142.69, 1269.05
1656938453.3549268,141.19, 1091.15
1656938454.3563485,256.34, 5119.39
1656938455.357437,384.28, 8652.96
1656938456.3594987,173.35, 2528.24
1656938457.3609033,120.44, 954.98
1656938458.3624935,116.43, 921.59
1656938459.364235,125.56, 930.08
1656938460.3656354,139.73, 995.58
1656938461.3672173,141.27, 1002.39
1656938462.3681962,136.86, 1000.89
1656938463.3703086,137.00, 1014.71
1656938464.3718226,145.18, 965.02
1656938465.3736823,147.16, 1007.44
1656938466.375242,147.98, 1030.68
1656938467.3768556,149.93, 1186.22
1656938468.3784478,144.94, 1135.11
1656938469.3801477,128.97, 1044.34
1656938470.3814323,136.72, 1155.83
1656938471.3830316,138.67, 1255.00
1656938472.384673,142.23, 1189.49
1656938473.3854601,138.01, 1170.91
1656938474.3872879,147.95, 1182.55
1656938475.3897283,199.89, 3783.86
1656938476.3912847,141.53, 1187.46
1656938477.3928573,134.64, 1217.64
1656938478.3934484,138.87, 1230.16
1656938479.3956535,130.41, 1155.37
1656938480.397301,151.26, 1220.43
1656938481.3988707,147.31, 1278.58
1656938482.4009194,135.92, 1209.80
1656938483.40255,138.52, 1187.26
1656938484.4041474,135.28, 1134.94
1656938486.4064946,146.21, 1276.11
1656938487.4082198,136.74, 1217.51
1656938488.4097047,138.28, 1302.95
1656938489.4119194,136.58, 1228.22
1656938490.4141426,138.63, 1250.12
1656938491.4158132,140.42, 1242.34
1656938492.4181254,143.48, 1317.10
1656938493.4209828,144.17, 1315.06
1656938494.421721,138.38, 1255.66
1656938495.422649,159.32, 2479.87
1656938496.4233446,157.61, 2688.90
1656938497.424931,148.68, 1341.03
1656938498.4265566,145.89, 1306.69
1656938499.4281366,165.81, 1724.18
1656938500.4295933,154.52, 1368.48
1656938501.4310184,149.26, 1325.30
1656938502.4325945,148.68, 1329.75
1656938503.4334369,136.26, 1239.20
1656938504.43511,151.61, 1323.75
1656938505.4367692,152.56, 1353.89
1656938506.4381897,151.55, 1320.33
1656938507.4397445,132.72, 1252.89
1656938508.4407415,138.03, 1295.10
1656938509.4416454,142.01, 1281.89
1656938510.4433236,136.87, 1227.43
1656938511.444928,139.71, 1307.66
1656938512.4472032,134.63, 1276.65
1656938513.4487755,143.72, 1246.72
1656938514.4497666,140.24, 1278.68
1656938515.451145,143.03, 1231.22
1656938516.4527063,143.94, 1271.42
1656938517.4541674,146.36, 1362.08
1656938518.4556859,165.22, 1358.18
1656938519.4577842,155.09, 1362.46
1656938520.4595323,163.59, 1498.63
1656938521.4613366,155.22, 1367.47
1656938522.4628892,171.32, 2210.63
1656938523.4644055,148.43, 1453.43
1656938524.4654348,141.87, 1317.36
1656938525.4668427,157.61, 1712.95
1656938526.4683585,143.88, 1414.96
1656938527.4697328,136.74, 1259.25
1656938528.471151,185.39, 3910.87
1656938529.4720845,137.07, 1295.07
1656938531.4750695,142.41, 1270.12
1656938532.4766417,162.14, 1499.34
1656938533.477392,136.66, 1291.22
1656938534.4789994,141.19, 1299.52
1656938535.480566,141.02, 1304.15
1656938536.4814315,146.72, 1305.76
1656938537.4835515,147.26, 1318.43
1656938538.4843595,138.32, 1319.11
1656938539.4862595,143.57, 1247.90
1656938540.4880528,132.47, 1255.16
1656938541.4893887,139.12, 1259.22
1656938542.4909298,138.70, 1308.54
1656938543.492658,139.86, 1324.75
1656938544.4934032,143.23, 1300.63
1656938545.4949536,146.42, 1332.42
1656938546.4967158,157.37, 1356.86
1656938547.4980357,142.86, 1323.33
1656938548.4989216,149.57, 1362.24
1656938549.4997702,147.16, 1349.28
1656938550.5014744,146.83, 1330.15
1656938551.5027158,147.35, 1314.18
1656938552.504273,144.37, 1308.93
1656938553.5056953,146.74, 1353.23
1656938554.5074735,156.28, 1318.95
1656938555.5085793,154.31, 1338.58
1656938556.5100746,144.84, 1327.19
1656938557.5111148,138.89, 1274.19
1656938558.5127947,148.20, 1379.21
1656938559.5134413,180.34, 3891.42
1656938560.515111,145.19, 1292.02
1656938561.516706,150.72, 1341.74
1656938562.517406,143.27, 1319.64
1656938563.518942,141.91, 1325.71
1656938564.5197213,217.62, 3912.41
1656938565.5211623,146.25, 1316.31
1656938566.522705,147.37, 1325.34
1656938567.52429,140.35, 1296.22
1656938568.5254302,153.57, 1324.48
1656938569.5269852,142.51, 1332.56
1656938570.5285525,145.76, 1311.64
1656938571.5295,147.44, 1311.94
1656938572.53094,147.17, 1349.49
1656938573.5325446,154.86, 1338.85
1656938574.5339992,142.70, 1328.90
1656938575.5350494,147.78, 1263.75
1656938577.5379732,147.93, 1388.69
1656938578.5386803,149.80, 1338.04
1656938579.5403116,138.05, 1289.61
1656938580.5414865,142.14, 1256.25