ts,ul_kBps,dl_kBps
1656951204.488807,12.77, 31.83
1656951205.4893386,213.10, 3019.79
1656951206.4909074,222.55, 6483.93
1656951207.4915538,160.98, 3693.80
1656951208.4931912,286.94, 8808.85
1656951209.494685,57.83, 1115.94
1656951210.4962032,294.55, 9228.02
1656951211.49779,215.59, 6160.03
1656951212.4996843,296.33, 9509.34
1656951213.5010056,167.71, 5419.56
1656951214.5027847,167.23, 5324.35
1656951215.5047107,174.91, 5620.94
1656951216.5054562,181.37, 4856.91
1656951217.5064008,152.51, 4943.40
1656951218.5079548,159.65, 4991.07
1656951219.5094526,151.05, 6478.21
1656951220.5110776,144.85, 5477.49
1656951221.5128753,153.35, 5220.22
1656951222.514649,145.25, 4927.92
1656951223.5162082,168.17, 5593.57
1656951224.5173993,164.45, 5439.22
1656951225.5178823,118.95, 3727.52
1656951226.5194752,148.84, 4699.72
1656951227.5210686,158.62, 4988.35
1656951228.522884,152.44, 4876.80
1656951229.524618,152.25, 4870.06
1656951230.5253105,148.96, 4775.47
1656951231.5266452,140.01, 4608.23
1656951232.5282438,160.81, 5306.67
1656951233.5294676,149.17, 4933.85
1656951234.5311182,121.85, 4460.64
1656951235.5327222,146.94, 5135.23
1656951236.533413,152.60, 5016.84
1656951237.5349612,153.37, 5166.25
1656951238.5361574,143.32, 4630.16
1656951239.537454,165.25, 5297.16
1656951240.53897,170.66, 5369.83
1656951241.5406263,151.87, 4778.93
1656951242.5414288,163.83, 5073.92
1656951243.5430844,155.24, 4876.54
1656951244.5441325,156.02, 4836.24
1656951245.5454965,147.75, 4692.41
1656951246.5470707,154.05, 5521.18
1656951247.5486465,135.08, 4622.13
1656951249.5514908,151.33, 4920.38
1656951250.5534616,121.46, 3887.22
1656951251.5553668,158.81, 4935.05
1656951252.556971,170.94, 5384.95
1656951253.5576758,149.29, 4784.83
1656951254.55901,201.63, 6355.54
1656951255.5600684,142.64, 4479.90
1656951256.5617142,161.24, 5024.69
1656951257.5634947,214.58, 6828.71
1656951258.5650587,190.05, 6161.11
1656951259.5668437,210.22, 6773.43
1656951260.5685651,214.26, 6914.08
1656951261.5693932,182.48, 5949.12
1656951262.5711224,135.47, 4486.36
1656951263.5727992,179.33, 5842.34
1656951264.5734422,193.20, 5103.74
1656951265.5749507,206.27, 5748.56
1656951266.5766952,279.19, 8487.17
1656951267.5774646,279.61, 9275.69
1656951268.5791693,299.84, 9105.32
1656951269.5803225,273.77, 9446.14
1656951270.5815403,227.22, 7431.07
1656951271.5832295,267.78, 7712.07
1656951272.585093,304.37, 9579.14
1656951273.5864263,304.81, 9550.55
1656951274.588128,291.53, 9334.78
1656951275.5894415,290.44, 9072.63
1656951276.591021,290.79, 9031.14
1656951277.592634,295.65, 9575.51
1656951278.5937738,308.27, 9437.99
1656951279.5946126,249.92, 9140.69
1656951280.5958667,301.13, 9742.61
1656951281.5973191,297.37, 9419.57
1656951282.5988855,301.62, 9286.04
1656951283.6004124,292.21, 8872.69
1656951284.601416,308.32, 9417.68
1656951285.6027954,324.59, 9855.53
1656951286.6043422,305.31, 9387.02
1656951287.605446,270.24, 9276.14
1656951288.606912,265.89, 9607.64
1656951289.6084635,253.04, 9151.08
1656951290.6093729,250.98, 8669.30
1656951291.6109376,247.50, 9547.21
1656951292.612535,292.55, 9547.26
1656951294.6148539,279.34, 9211.05
1656951295.6164277,288.29, 9463.76
1656951296.6176333,296.71, 9420.07
1656951297.6193068,274.48, 8916.12
1656951298.6209629,320.50, 9992.11
1656951299.6225946,440.60, 18745.58
1656951300.6242065,425.85, 19050.16
1656951301.6254466,468.94, 18862.77
1656951302.6271067,402.87, 17219.90
1656951303.628665,421.36, 17217.11
1656951304.6293747,447.44, 16735.24
1656951305.6308327,486.79, 17842.98
1656951306.6324081,253.87, 8586.08
1656951307.6334555,302.05, 9623.17
1656951308.6349905,301.60, 9541.80
1656951309.6360922,279.75, 9750.37
1656951310.6374278,251.94, 8704.07
1656951311.6389809,285.60, 9741.29
1656951312.6413717,233.30, 9229.44
1656951313.6423051,75.57, 3447.79
1656951314.6437132,54.78, 1688.55
1656951315.6453762,143.19, 4219.29
1656951316.6470804,91.95, 2216.48
1656951317.648477,57.43, 1283.54
1656951318.6494336,159.67, 5096.30
1656951319.6509151,239.03, 8680.22
1656951320.657425,125.50, 4450.49
1656951321.65898,193.17, 4212.00
1656951322.6598299,185.78, 4832.92
1656951323.6614904,255.49, 7573.39
1656951324.6630254,135.07, 3736.16
1656951325.6646068,47.62, 149.54
1656951326.665789,49.57, 163.35
1656951327.6672704,50.98, 197.54
1656951328.668519,52.63, 181.14
1656951329.6693974,57.21, 188.08
1656951330.6709692,59.07, 197.92
1656951331.6721988,61.49, 216.34
1656951332.673398,52.68, 189.65
1656951333.6745155,57.00, 195.81
1656951334.6759481,53.07, 184.41
1656951335.6774187,64.60, 199.17
1656951336.6790037,55.42, 194.77
1656951337.6796691,57.99, 201.26
1656951338.6812158,59.38, 207.18
1656951340.6838799,57.73, 206.24
1656951341.685419,63.76, 209.47
1656951342.6866212,58.16, 212.54
1656951343.6881828,60.31, 200.58
1656951344.689537,56.86, 196.75
1656951345.6912146,62.61, 204.25
1656951346.6927207,65.21, 213.08
1656951347.6942053,63.15, 214.06
1656951348.6957824,56.64, 191.84
1656951349.6974041,53.81, 197.53
1656951350.6989548,55.84, 195.15
1656951351.7005014,67.53, 234.37
1656951352.7013915,57.31, 207.60
1656951353.7026155,61.13, 205.43
1656951354.7041767,62.35, 213.74
1656951355.7062762,60.87, 214.43
1656951356.7078686,66.35, 229.03
1656951357.709427,62.21, 215.92
1656951358.7100563,61.07, 177.16
1656951359.7115765,66.06, 242.32
1656951360.7131615,60.02, 208.88
1656951361.7146122,62.21, 217.84
1656951362.716122,67.98, 369.83
1656951363.7173693,63.43, 199.71
1656951364.718842,55.94, 201.06
1656951365.7203963,59.98, 204.81
1656951366.7219193,60.59, 206.43
1656951367.7235003,58.15, 195.12
1656951368.725168,62.72, 207.73
1656951369.7265873,61.79, 221.06
1656951370.7281542,56.84, 194.40
1656951371.7300854,58.90, 207.31
1656951372.7316167,55.13, 189.15
1656951373.7330396,59.32, 197.94
1656951374.7349064,60.13, 234.78
1656951375.73649,58.57, 196.55
1656951376.7376997,58.45, 213.51
1656951377.7396135,55.48, 174.49
1656951378.7415073,60.57, 219.94
1656951379.7433755,56.32, 198.90
1656951380.7449367,67.41, 230.10
1656951381.7464366,62.07, 221.04
1656951382.7480028,59.95, 205.18
1656951383.7493398,61.01, 211.36
1656951384.7503133,58.61, 208.46
1656951386.7533839,68.49, 223.41
1656951387.7549407,63.66, 224.12
1656951388.7559361,66.04, 241.15
1656951389.7574356,62.64, 218.91
1656951390.7589378,56.89, 202.15
1656951391.760415,64.09, 209.22
1656951392.7614608,60.59, 223.16
1656951393.763031,67.25, 217.75
1656951394.7645566,62.15, 219.07
1656951395.765457,59.25, 197.03
1656951396.7670755,67.65, 220.97
1656951397.7686396,64.77, 223.21
1656951398.7695146,68.15, 232.00
1656951399.771032,65.30, 220.67
1656951400.7727337,63.66, 224.00
1656951401.7733974,67.37, 226.59
1656951402.7749567,65.79, 224.05
1656951403.7761738,66.95, 227.57
1656951404.7774441,64.09, 220.48
1656951405.7789805,67.68, 227.06
1656951406.780567,73.10, 235.68
1656951407.78138,64.27, 229.53
1656951408.7828007,66.65, 221.98
1656951409.784265,64.59, 216.78
1656951410.7853138,80.45, 632.48
1656951411.7868145,69.19, 233.59
1656951412.7882352,62.69, 215.40
1656951413.789386,64.60, 204.89
1656951414.7906199,64.20, 216.37
1656951415.7920873,62.04, 189.67
1656951416.7934084,67.63, 251.02
1656951417.7949698,69.58, 375.03
1656951418.7965238,61.84, 208.37
1656951419.7975364,60.24, 210.18
1656951420.7992666,62.92, 206.37
1656951421.800838,63.36, 217.66
1656951422.801415,69.23, 360.84
1656951423.8027809,66.28, 210.21
1656951424.8036883,64.79, 200.40
1656951425.8052585,66.87, 254.18
1656951426.8068302,62.16, 226.86
1656951427.8082938,65.21, 275.78
1656951428.8095124,67.75, 307.97
1656951429.810921,165.00, 3478.02
1656951431.8133569,309.13, 7829.53
1656951432.8148649,158.77, 2595.73
1656951433.816396,193.14, 3948.81
1656951434.8173778,167.17, 3919.34
1656951435.8188667,278.45, 6811.47
1656951436.8204162,136.17, 2542.07
1656951437.8213954,55.13, 310.91
1656951438.8228962,67.41, 376.17
1656951439.8244557,61.77, 348.58
1656951440.8253665,60.78, 337.99
1656951441.8269312,62.98, 336.74
1656951442.8284597,75.80, 598.69
1656951443.8294246,71.12, 419.38
1656951444.8310072,65.37, 344.36
1656951445.832498,64.79, 303.09
1656951446.8333619,62.95, 267.59
1656951447.8348746,85.80, 592.78
1656951448.8363602,73.63, 495.62
1656951449.8374214,78.38, 435.19
1656951450.838235,67.79, 359.57
1656951451.8398585,72.90, 432.98
1656951452.8413732,65.66, 402.06
1656951453.8424678,64.61, 409.40
1656951454.8449187,66.96, 419.92
1656951455.846619,67.71, 413.79
1656951456.847484,70.87, 400.00
1656951457.8480484,66.85, 408.75
1656951458.849404,69.08, 407.42
1656951459.850414,63.63, 411.34
1656951460.8512533,72.38, 451.14
1656951461.8526933,70.73, 416.35
1656951462.853464,155.77, 2996.69
1656951463.8552508,67.65, 403.88
1656951464.856867,63.65, 387.14
1656951465.8584833,67.56, 390.88
1656951466.8597798,70.35, 428.09
1656951467.8612852,67.99, 422.03
1656951468.8626788,63.14, 391.59
1656951469.8640847,64.36, 398.64
1656951470.8654237,69.29, 408.99
1656951471.8664389,72.24, 436.16
1656951472.867865,71.86, 433.65
1656951473.869139,73.38, 437.11
1656951474.8697493,69.83, 425.08
1656951476.87305,72.75, 392.51
1656951477.8745651,74.18, 431.53
1656951478.8760717,72.44, 384.15
1656951479.8773532,66.13, 352.85
1656951480.878996,71.08, 394.75
1656951481.8805428,70.19, 386.96
1656951482.8813524,65.88, 225.04
1656951483.8820605,62.55, 243.37
1656951484.8836193,58.10, 198.13
1656951485.8850565,82.50, 916.93
1656951486.8866122,86.66, 617.36
1656951487.8880765,69.49, 429.14
1656951488.8896143,68.82, 401.52
1656951489.8913672,64.07, 395.17
1656951490.8923285,65.33, 384.74
1656951491.894336,67.85, 404.32
1656951492.8959112,93.05, 1239.86
1656951493.897411,70.04, 408.74
1656951494.8988059,64.58, 380.58
1656951495.900341,68.90, 408.41
1656951496.901303,97.96, 1251.31
1656951497.9030437,68.52, 375.24
1656951498.9044976,68.29, 418.05
1656951499.9053764,66.47, 386.38
1656951500.9069433,67.49, 394.62
1656951501.9084485,72.49, 408.72
1656951502.9094248,68.78, 403.41
1656951503.910782,67.83, 410.91
1656951504.9123397,67.03, 354.96
1656951505.9133759,70.48, 386.30
1656951506.9148853,73.13, 407.95
1656951507.9161868,72.38, 480.40
1656951508.917366,68.64, 390.30
1656951509.918881,70.33, 409.18
1656951510.9203746,64.60, 300.41
1656951511.9213912,70.03, 366.43
1656951512.922935,61.23, 230.04
1656951513.9244657,65.79, 210.36
1656951514.9253654,83.72, 869.58
1656951515.9268208,95.01, 953.69
1656951516.9282882,68.35, 411.28
1656951517.929368,63.94, 387.95
1656951518.9299502,66.01, 380.21
1656951519.931041,63.53, 383.94
1656951521.9336884,65.95, 399.75
1656951522.935219,65.92, 407.06
1656951523.9367857,70.97, 415.99
1656951524.9374013,66.86, 393.30
1656951525.938971,67.17, 414.54
1656951526.9402933,68.94, 395.47
1656951527.9414024,68.81, 414.99
1656951528.9428585,71.59, 414.10
1656951529.9442837,69.12, 404.27
1656951530.945366,125.58, 2630.00
1656951531.9467976,81.52, 753.40
1656951532.9481344,63.53, 401.69
1656951533.9493783,69.37, 436.18
1656951534.950895,74.10, 528.45
1656951535.9524252,66.13, 400.13
1656951536.9533875,72.71, 403.67
1656951537.9549346,68.55, 406.44
1656951538.9565291,72.29, 455.02
1656951539.9573762,67.04, 418.04
1656951540.958866,64.57, 387.43
1656951541.960465,71.36, 407.41
1656951542.9614182,68.01, 395.97
1656951543.9623861,67.13, 382.43
1656951544.9638283,68.28, 378.69
1656951545.9653325,67.02, 392.19
1656951546.9667463,72.85, 414.93
1656951547.9683015,67.48, 393.26
1656951548.9694078,69.42, 395.82
1656951549.9709082,65.69, 369.75
1656951550.9724922,71.39, 492.32
1656951551.9734285,69.93, 417.28
1656951552.9749289,131.70, 2988.75
1656951553.9755118,66.90, 378.98
1656951554.9769905,62.24, 366.82
1656951555.9785438,67.61, 401.77
1656951556.9801066,67.18, 405.68
1656951557.9813583,65.52, 375.00
1656951558.982783,68.38, 372.03
1656951559.9843225,65.65, 370.48
1656951560.9856575,61.36, 359.92
1656951561.987175,64.74, 379.39
1656951562.9886951,68.61, 399.60
1656951563.9894009,64.12, 384.31
1656951564.991003,65.20, 394.34
1656951566.99342,67.77, 394.45
1656951567.9949918,67.67, 403.15
1656951568.9964457,60.78, 380.11
1656951569.9974139,64.40, 393.20
1656951570.9984696,65.17, 389.13
1656951572.0000892,67.06, 403.11
1656951573.001371,64.31, 393.79
1656951574.0028205,68.36, 402.91
1656951575.0034833,67.93, 394.12
1656951576.0049891,64.17, 389.66
1656951577.006476,71.50, 401.98
1656951578.0074122,69.36, 411.84
1656951579.0095046,70.37, 408.37
1656951580.010289,66.20, 391.78
1656951581.0118136,68.62, 408.42
1656951582.0134516,73.05, 414.31
1656951583.0145428,69.39, 424.04
1656951584.0151432,68.74, 402.12
1656951585.016659,66.02, 396.83
1656951586.017385,67.47, 427.82
1656951587.0189445,71.31, 429.72
1656951588.020257,72.24, 436.54
1656951589.0214198,75.58, 424.02
1656951590.0229602,88.25, 826.93
1656951591.0236168,67.02, 401.98
1656951592.0249734,77.69, 566.78
1656951593.0264874,67.85, 399.17
1656951594.0279326,69.28, 427.08
1656951595.0295043,65.41, 413.87
1656951596.0309598,68.57, 404.87
1656951597.0323753,71.48, 420.49
1656951598.033638,67.48, 402.33
1656951599.0352182,67.97, 407.43
1656951600.036883,68.94, 406.06
1656951601.0384846,69.85, 412.25
1656951602.03921,73.74, 430.11
1656951603.0407152,70.32, 417.17
1656951604.041805,70.55, 389.21
1656951605.0432794,63.48, 388.40
1656951606.0447917,69.74, 402.74
1656951607.045418,72.58, 415.55
1656951608.0469143,70.42, 405.73
1656951609.0484452,71.10, 410.20
1656951610.0494466,69.41, 406.37
1656951612.0525153,75.01, 391.54
1656951613.0538037,72.06, 422.94
1656951614.0560863,72.30, 392.77
1656951615.0574236,71.81, 422.82
1656951616.0587995,69.06, 418.51
1656951617.0603373,70.82, 410.29
1656951618.0614314,72.48, 433.82
1656951619.0629232,69.70, 418.59
1656951620.0644176,70.33, 417.93
1656951621.0654454,67.24, 406.00
1656951622.0669885,68.70, 403.38
1656951623.0686045,68.80, 428.35
1656951624.069441,67.95, 428.80
1656951625.0709994,61.00, 385.60
1656951626.0725195,63.63, 405.20
1656951627.0734124,71.75, 395.57
1656951628.0746548,67.06, 424.05
1656951629.0759413,68.16, 428.64
1656951630.0774112,68.75, 403.68
1656951631.078335,67.06, 411.52
1656951632.0798173,68.98, 424.41
1656951633.0813708,67.57, 411.78
1656951634.0828707,77.37, 423.83
1656951635.0844276,67.14, 428.87
1656951636.0856237,67.99, 420.92
1656951637.0870588,70.36, 427.29
1656951638.0885293,67.64, 421.40
1656951639.0894368,67.91, 428.72
1656951640.0909488,64.82, 404.30
1656951641.0924027,64.88, 393.85
1656951642.0937858,68.55, 423.84
1656951643.095304,65.24, 406.17
1656951644.0959606,67.30, 411.30
1656951645.0974116,68.06, 384.28
1656951646.0983546,70.65, 390.90
1656951647.0999312,70.55, 407.27
1656951648.1014206,68.85, 391.20
1656951649.102344,70.56, 428.42
1656951650.1038814,70.57, 423.76
1656951651.105398,69.09, 421.44
1656951652.1068404,70.77, 420.88
1656951653.1075957,71.65, 423.89
1656951654.1090534,72.33, 440.02
1656951655.1105475,65.70, 414.51
1656951657.1133826,69.49, 416.68
1656951658.114908,69.76, 435.94
1656951659.1164842,70.13, 427.63
1656951660.1173775,67.65, 419.45
1656951661.1189268,67.92, 408.45
1656951662.1204748,69.81, 409.58
1656951663.1213803,70.62, 423.13
1656951664.1230528,71.29, 400.76
1656951665.124556,68.59, 432.54
1656951666.125438,66.67, 405.16
1656951667.1269574,70.26, 427.97
1656951668.128382,63.87, 416.73
1656951669.1294076,64.92, 429.82
1656951670.1309886,65.02, 411.35
1656951671.1326284,64.32, 405.89
1656951672.1333299,65.44, 414.27
1656951673.1348484,63.84, 417.96
1656951674.1364055,67.04, 431.88
1656951675.137363,63.95, 408.04
1656951676.1388366,66.18, 415.47
1656951677.1402726,68.79, 432.84
1656951678.141323,61.75, 397.36
1656951679.1419892,68.88, 428.91
1656951680.1431973,64.77, 408.13
1656951681.1447113,66.45, 416.50
1656951682.1458063,72.09, 409.84
