ts,ul_kBps,dl_kBps
1656953246.0908196,15.50, 32.30
1656953247.0923488,276.01, 4388.41
1656953248.0934577,406.45, 9270.75
1656953249.0950274,226.27, 5581.81
1656953250.0966473,186.60, 4054.27
1656953251.0974143,325.07, 8787.97
1656953252.098925,255.24, 6750.08
1656953253.1000602,230.84, 7311.32
1656953254.10145,180.23, 5512.89
1656953255.1029625,309.82, 8968.28
1656953256.1043286,206.01, 6475.71
1656953257.1053421,155.38, 4937.29
1656953258.1067438,178.95, 4781.51
1656953259.1083024,139.75, 4319.75
1656953260.1094525,142.36, 5596.99
1656953261.1112015,138.73, 5153.57
1656953262.1133986,136.85, 5104.80
1656953263.1146483,136.55, 5259.81
1656953264.116297,145.56, 5342.33
1656953265.1179593,152.60, 5599.07
1656953266.1194682,171.75, 6413.16
1656953267.1210344,253.24, 11361.57
1656953268.1226544,231.90, 9231.67
1656953269.1241663,225.97, 9006.84
1656953270.1254456,219.75, 8743.39
1656953271.1266048,208.94, 8421.19
1656953272.128167,204.33, 8813.27
1656953273.1294417,140.92, 5716.74
1656953274.1310651,126.41, 4549.30
1656953275.1327002,116.76, 4428.42
1656953276.1335168,111.14, 4109.59
1656953277.1351023,17.99, 435.56
1656953278.1367111,20.54, 625.89
1656953280.1386619,23.58, 722.61
1656953281.1402621,14.42, 394.02
1656953282.1414487,20.07, 700.34
1656953283.142929,131.62, 3770.25
1656953284.1444664,146.74, 4561.59
1656953285.1455193,143.55, 4899.88
1656953286.1471362,141.35, 4742.11
1656953287.1487749,154.46, 5652.40
1656953288.1494834,149.37, 5452.98
1656953289.1509748,146.46, 4693.16
1656953290.152588,156.40, 4921.47
1656953291.153461,153.90, 4752.59
1656953292.1550682,160.18, 4862.04
1656953293.1566708,168.59, 5074.29
1656953294.1577451,164.33, 4990.21
1656953295.1587725,154.70, 4791.67
1656953296.1605535,225.16, 8027.84
1656953297.1614206,261.26, 9227.90
1656953298.1630108,284.05, 9070.72
1656953299.1653907,313.56, 9674.79
1656953300.1670394,286.65, 7913.57
1656953301.1686249,264.11, 6235.74
1656953302.1694276,332.08, 9641.58
1656953303.1710541,290.91, 8822.23
1656953304.1726139,296.92, 9010.99
1656953305.173484,308.31, 9172.63
1656953306.1751094,383.94, 9705.78
1656953307.17676,324.99, 8742.86
1656953308.177866,328.62, 9376.02
1656953309.1794112,305.09, 9001.13
1656953310.1807888,316.35, 9155.50
1656953311.1829877,304.73, 9121.08
1656953312.1847022,347.89, 9635.86
1656953313.185429,314.39, 9191.20
1656953314.1868894,307.25, 9019.01
1656953315.188488,305.16, 9133.94
1656953316.189713,293.96, 9259.09
1656953317.1912556,262.75, 9344.92
1656953318.192817,249.41, 8604.20
1656953319.1933668,263.61, 9112.16
1656953320.1947646,285.08, 9011.55
1656953321.1954818,294.10, 9032.26
1656953322.1963332,300.82, 9228.44
1656953323.198588,294.12, 8995.93
1656953325.2015169,299.91, 9180.18
1656953326.2030847,290.46, 8882.84
1656953327.2045236,297.47, 9065.13
1656953328.2058475,310.55, 9301.22
1656953329.2074125,311.62, 9309.63
1656953330.2089994,307.60, 9069.44
1656953331.2102914,303.54, 9163.04
1656953332.2111275,296.51, 9137.98
1656953333.2127423,277.80, 8591.73
1656953334.213873,289.04, 9094.53
1656953335.2151952,275.76, 8804.50
1656953336.2167647,299.22, 9396.32
1656953337.2174904,285.27, 8857.98
1656953338.2190018,292.28, 8796.73
1656953339.2205493,299.94, 8961.28
1656953340.221439,294.90, 8781.95
1656953341.2231915,274.55, 8207.98
1656953342.2247002,276.72, 8169.74
1656953343.2253523,246.47, 7235.07
1656953344.2267365,240.20, 6682.92
1656953345.2292705,232.69, 7382.79
1656953346.2311485,306.14, 8791.98
1656953347.232904,292.55, 9220.84
1656953348.2345273,282.20, 8593.69
1656953349.2361965,316.33, 9339.10
1656953350.2376773,308.81, 9200.75
1656953351.2384818,317.83, 9407.89
1656953352.2398841,323.58, 9020.27
1656953353.241442,326.97, 8951.01
1656953354.2430558,331.17, 8981.33
1656953355.2445831,290.71, 8408.55
1656953356.245832,303.57, 8932.30
1656953357.2474506,335.13, 9175.24
1656953358.2485251,341.32, 9278.32
1656953359.249931,331.58, 9180.06
1656953360.251722,354.57, 9162.52
1656953361.2534275,360.88, 9358.84
1656953362.255022,294.03, 8723.01
1656953363.2564929,300.08, 8831.41
1656953364.2575316,327.77, 9209.78
1656953365.2588556,316.00, 9186.73
1656953366.2602024,314.67, 8903.63
1656953367.2614288,334.26, 8945.33
1656953368.2630467,341.76, 9133.99
1656953369.2647133,333.68, 9260.16
1656953371.2670407,307.18, 8634.87
1656953372.268719,291.76, 9374.07
1656953373.2695456,253.33, 9025.61
1656953374.2704885,226.91, 9331.78
1656953375.2722507,198.28, 9070.45
1656953376.2734704,230.52, 9282.50
1656953377.275153,275.31, 9219.03
1656953378.2761292,283.30, 8876.79
1656953379.2774487,315.08, 9723.18
1656953380.2782633,331.20, 9268.52
1656953381.2796896,317.76, 9452.11
1656953382.281396,335.18, 9164.01
1656953383.2830353,351.31, 9484.14
1656953384.2850523,304.36, 9046.87
1656953385.286718,294.15, 8590.47
1656953386.2882338,312.90, 9345.71
1656953387.2894955,342.86, 9094.37
1656953388.2905493,341.87, 9430.73
1656953389.2914827,293.31, 8795.44
1656953390.2931647,291.41, 9185.70
1656953391.294824,251.56, 8943.46
1656953392.2965162,244.67, 9250.27
1656953393.2973824,225.18, 8451.33
1656953394.2983475,242.78, 9603.44
1656953395.2995596,217.91, 8748.66
1656953396.3011649,228.06, 9132.89
1656953397.3027868,235.84, 8869.32
1656953398.3042474,236.34, 8916.95
1656953399.3056202,275.84, 9292.59
1656953400.3077848,267.65, 8684.43
1656953401.3093858,291.59, 9416.68
1656953402.3119304,294.21, 9375.10
1656953403.3134162,303.82, 9571.70
1656953404.315056,296.44, 7790.52
1656953405.316426,290.92, 9234.72
1656953406.317857,285.41, 9043.98
1656953407.3194926,270.36, 8528.31
1656953408.3211076,298.83, 9322.96
1656953409.3227062,284.35, 9045.54
1656953410.3243039,301.56, 9426.30
1656953411.3254628,299.22, 9490.60
1656953412.327084,288.61, 9143.40
1656953413.3288789,279.10, 8931.09
1656953414.3307102,272.25, 8774.59
1656953416.3334281,308.27, 9770.85
1656953417.334625,307.53, 9582.51
1656953418.3356612,299.39, 9509.58
1656953419.336971,293.11, 9046.55
1656953420.3384287,284.26, 9208.77
1656953421.3399262,296.89, 9374.78
1656953422.3414092,296.57, 9213.11
1656953423.3430295,285.34, 8942.15
1656953424.3441987,288.71, 9436.85
1656953425.3453252,286.45, 9177.16
1656953426.3461828,294.26, 9507.62
1656953427.3477094,292.17, 9171.37
1656953428.3495,292.74, 9439.46
1656953429.3512695,282.32, 9079.09
1656953430.3525648,276.21, 8783.13
1656953431.3533874,299.50, 9410.59
1656953432.3543534,305.92, 9709.56
1656953433.355785,305.91, 9751.92
1656953434.3573542,294.03, 9447.42
1656953435.358294,280.30, 8941.09
1656953436.3599396,306.52, 9680.35
1656953437.3614745,283.45, 9116.58
1656953438.362589,287.92, 9385.31
1656953439.3640869,302.76, 9467.68
1656953440.3654404,294.68, 9400.48
1656953441.3670182,295.51, 9694.55
1656953442.3686218,289.21, 9484.02
1656953443.369493,280.09, 9035.18
1656953444.3710349,290.21, 9545.41
1656953445.3719058,352.46, 13803.21
1656953446.373498,186.01, 8240.18
1656953447.3750432,23.17, 621.86
1656953448.3763947,48.81, 908.94
1656953449.377432,84.12, 3243.54
1656953450.3783083,131.24, 4349.79
1656953451.379844,119.03, 5324.90
1656953452.3813872,52.18, 321.78
1656953453.3829734,152.69, 5241.48
1656953454.3846283,210.39, 5742.23
1656953455.3856328,285.60, 8521.11
1656953456.3891623,261.31, 8371.09
1656953457.3908758,278.59, 7982.59
1656953458.3929086,278.32, 6072.20
1656953459.394794,269.87, 6207.79
1656953462.4062939,283.82, 8210.93
1656953463.407243,276.58, 7254.48
1656953464.409013,310.35, 8451.54
1656953465.4106638,298.18, 8663.02
1656953466.4123685,294.94, 8674.26
1656953467.4145024,294.62, 7922.02
1656953468.4167368,208.79, 6476.60
1656953469.4182296,80.55, 485.81
1656953470.420169,96.75, 554.99
1656953471.4216557,100.43, 597.07
1656953472.4225757,105.43, 612.27
1656953473.424254,100.24, 606.10
1656953474.425424,106.29, 639.84
1656953475.4273098,105.77, 536.96
1656953476.4290519,111.21, 714.97
1656953477.4306319,113.14, 655.42
1656953478.432494,118.63, 686.19
1656953479.4335139,108.88, 657.36
1656953480.435082,109.86, 663.94
1656953481.436612,116.40, 708.03
1656953482.4383428,106.18, 580.57
1656953483.4400496,116.76, 701.90
1656953484.4415684,122.85, 737.36
1656953485.442836,118.91, 731.55
1656953486.4439344,115.08, 673.95
1656953487.4453995,104.70, 653.10
1656953488.4470112,113.20, 657.50
1656953489.4486303,135.87, 781.70
1656953490.4501786,127.29, 772.11
1656953491.4518504,129.26, 761.21
1656953492.4535189,128.10, 761.34
1656953493.4550872,125.17, 780.21
1656953494.4561987,122.95, 750.32
1656953495.4574032,125.14, 766.12
1656953496.458952,126.43, 758.92
1656953497.459982,114.74, 701.37
1656953498.4623094,113.43, 679.39
1656953499.4630444,125.29, 761.30
1656953500.4637,128.99, 757.61
1656953501.4652534,127.18, 765.02
1656953502.4668636,130.10, 786.43
1656953503.4684303,139.96, 839.00
1656953504.4694004,135.71, 800.40
1656953505.4702117,132.98, 818.97
1656953507.4738033,149.33, 897.67
1656953508.4753835,192.50, 2410.41
1656953509.4769864,282.96, 7531.39
1656953510.47929,177.12, 3667.09
1656953511.4804344,134.87, 807.17
1656953512.481442,215.57, 4990.39
1656953513.4826202,158.15, 2193.25
1656953514.4842365,127.50, 795.55
1656953515.4854252,137.40, 818.77
1656953516.4867833,210.30, 6309.40
1656953517.4889433,137.77, 823.67
1656953518.4909368,127.20, 757.23
1656953519.4925249,130.03, 806.35
1656953520.4935124,128.84, 820.36
1656953521.4941478,141.01, 1571.40
1656953522.4961278,142.72, 1556.48
1656953523.4974089,147.31, 1225.47
1656953524.4989345,180.12, 3716.14
1656953525.5004973,123.35, 750.24
1656953526.5014365,130.65, 779.95
1656953527.5029573,140.18, 929.83
1656953528.5039616,139.01, 801.69
1656953529.5084531,136.35, 827.90
1656953530.509466,138.56, 1307.65
1656953531.5110672,127.63, 747.67
1656953532.512617,136.99, 930.82
1656953533.514124,170.59, 1935.15
1656953534.5157197,160.08, 2190.05
1656953535.5192883,131.39, 849.40
1656953536.5202503,131.00, 783.42
1656953537.5214257,133.30, 788.36
1656953538.5229945,130.58, 782.88
1656953539.5245295,130.77, 797.03
1656953540.5254524,133.11, 808.92
1656953541.5271316,127.31, 759.42
1656953542.529011,134.47, 821.41
1656953543.5305166,130.75, 795.06
1656953544.5320404,131.70, 789.53
1656953545.5334165,139.50, 853.24
1656953546.534755,139.85, 839.14
1656953547.5361605,135.04, 820.01
1656953548.5374284,136.17, 812.56
1656953549.5381699,126.27, 762.62
1656953550.53953,126.31, 785.01
1656953551.540998,127.56, 760.53
1656953553.5463982,134.27, 823.60
1656953554.549127,129.18, 792.54
1656953555.5499742,131.97, 787.02
1656953556.5507534,127.57, 801.80
1656953557.5519264,126.02, 739.58
1656953558.5534213,129.33, 780.84
1656953559.5550318,130.41, 768.01
1656953560.5566218,127.38, 782.01
1656953561.5579758,122.59, 734.17
1656953562.5595255,115.20, 716.51
1656953563.5610647,123.44, 721.60
1656953564.5639668,133.70, 796.40
1656953565.565438,132.17, 802.48
1656953566.5669746,131.34, 815.39
1656953567.5685928,127.96, 763.84
1656953568.5694735,127.97, 782.62
1656953569.5715053,132.69, 786.94
1656953570.5732307,124.93, 765.04
1656953571.575488,137.00, 799.30
1656953572.5771015,132.95, 789.02
1656953573.578657,131.08, 803.55
1656953574.5802526,128.91, 794.17
1656953575.5815144,127.49, 790.42
1656953576.5830357,128.43, 774.37
1656953577.5845897,131.25, 780.88
1656953578.5854795,126.55, 753.93
1656953579.5872228,145.95, 848.66
1656953580.5888221,127.16, 767.03
1656953581.5898952,123.15, 753.57
1656953582.591506,123.46, 618.68
1656953583.5928235,156.67, 986.31
1656953584.59453,127.74, 752.72
1656953585.5970767,136.41, 698.68
1656953586.5986195,141.24, 876.80
1656953587.6001515,138.16, 878.91
1656953588.6015718,142.77, 873.16
1656953589.6047914,126.94, 770.40
1656953590.6054244,136.14, 826.15
1656953591.609471,143.98, 1088.60
1656953592.6119328,261.12, 6965.82
1656953593.6134439,138.03, 790.88
1656953594.6140847,126.58, 782.00
1656953595.6163952,132.80, 762.05
1656953596.6174045,125.46, 780.72
1656953597.6184125,120.29, 724.61
1656953599.6215374,128.56, 752.64
1656953600.6230912,132.58, 808.83
1656953601.6246245,133.40, 795.98
1656953602.625399,134.95, 789.57
1656953603.6267502,134.49, 825.40
1656953604.6284196,127.55, 792.74
1656953605.6294284,127.60, 772.56
1656953606.631237,135.41, 815.68
1656953607.6326501,132.64, 800.41
1656953608.634225,128.65, 733.32
1656953609.6349635,126.34, 744.91
1656953610.636507,125.82, 770.15
1656953611.6378362,127.26, 773.17
1656953612.6394105,134.35, 806.66
1656953613.6405296,130.75, 781.21
1656953614.6413877,132.06, 798.65
1656953615.6424718,192.44, 3366.09
1656953616.6440265,136.46, 796.48
1656953617.6454868,138.70, 1065.40
1656953618.6471052,132.31, 878.45
1656953619.6477745,134.05, 922.91
1656953620.6500852,135.38, 877.07
1656953621.651652,136.42, 907.83
1656953622.653179,144.36, 970.64
1656953623.6541739,130.55, 861.33
1656953624.6557744,137.11, 962.81
1656953625.6577458,286.25, 10269.10
1656953626.6607358,201.97, 6357.22
1656953627.661406,112.00, 1148.94
1656953628.662953,176.36, 2657.98
1656953629.6645582,224.15, 4619.71
1656953630.6654272,209.77, 4880.03
1656953631.6665962,209.84, 5252.28
1656953632.668264,137.95, 2287.70
1656953633.6694057,127.85, 952.29
1656953634.6704743,138.57, 1062.86
1656953635.6720526,133.94, 1020.98
1656953636.6735017,131.22, 1051.61
1656953637.674669,134.81, 1109.21
1656953638.6762753,147.19, 1101.68
1656953639.677425,148.53, 1324.66
1656953640.6790617,134.55, 1102.84
1656953641.6806257,145.67, 1517.78
1656953642.681436,133.75, 1103.31
1656953644.68378,136.44, 1129.72
1656953645.6853552,132.45, 1087.13
1656953646.6869156,136.03, 1077.78
1656953647.688471,110.57, 1012.10
1656953648.6898837,122.33, 986.52
1656953649.6914551,146.70, 1183.78
1656953650.6940305,127.78, 1079.27
1656953651.6955822,136.60, 1152.14
1656953652.697165,129.20, 1125.63
1656953653.69933,135.60, 1110.34
1656953654.700953,137.55, 1191.48
1656953655.7026167,141.41, 1153.70
1656953656.7033265,141.15, 1165.22
1656953657.7048192,136.16, 1216.24
1656953658.7054417,134.51, 1115.84
1656953659.7070312,130.79, 1177.97
1656953660.7086148,122.36, 1121.54
1656953661.709812,143.87, 1256.89
1656953662.7107427,132.79, 1168.81
1656953663.7123225,142.02, 1190.08
1656953664.7136865,154.63, 1645.43
1656953665.7154,138.43, 1197.16
1656953666.7170029,141.42, 1352.07
1656953667.7176874,129.38, 1179.73
1656953668.7192218,144.52, 1223.75
1656953669.7207823,139.23, 1271.59
1656953670.7241156,139.63, 1221.05
1656953671.7254272,146.56, 1267.55
1656953672.7270496,138.33, 1294.47
1656953673.7278056,139.70, 1266.32
1656953674.7293103,139.49, 1250.48
1656953675.731164,141.17, 1288.17
1656953676.733825,145.73, 1322.88
1656953677.7354107,146.03, 1321.19
1656953678.7384157,145.43, 1295.91
1656953679.7398772,147.82, 1360.66
1656953680.7415307,148.25, 1338.33
1656953681.7432504,146.48, 1345.51
1656953682.745379,148.46, 1321.80
1656953683.7461047,140.17, 1256.99
1656953684.7477112,146.27, 1304.17
1656953685.749323,153.37, 1368.15
1656953686.750701,139.31, 1308.73
1656953687.7522535,143.97, 1431.70
1656953688.753457,157.91, 2007.87
1656953690.7565238,150.58, 1321.57
1656953691.7574825,199.00, 3935.35
1656953692.759087,150.41, 1359.44
1656953693.7604973,139.85, 1298.45
1656953694.7615442,140.69, 1242.58
1656953695.7635617,145.76, 1324.12
1656953696.766672,144.89, 1307.99
1656953697.7682576,141.78, 1350.81
1656953698.7700849,150.84, 1348.28
1656953699.7717798,137.90, 1320.19
1656953700.773356,148.51, 1306.86
1656953701.7749372,147.61, 1332.90
1656953702.776498,146.13, 1370.42
1656953703.7774684,144.33, 1295.62
1656953704.7790782,142.23, 1296.43
1656953705.7818494,143.92, 1319.17
1656953706.7834384,142.75, 1308.58
1656953707.7850018,144.50, 1329.82
1656953708.78659,144.27, 1325.05
1656953709.7877977,149.82, 1314.46
1656953710.7895257,144.51, 1317.63
1656953711.791846,144.58, 1324.63
1656953712.7932115,140.31, 1314.14
1656953713.7957132,155.46, 1358.96
1656953714.7973642,147.00, 1303.62
1656953715.7989655,143.79, 1264.40
1656953716.800746,143.02, 1276.59
1656953717.8014393,139.46, 1250.74
1656953718.8024614,145.53, 1297.04
1656953719.8037517,148.34, 1317.09
1656953720.805072,146.67, 1302.01
1656953721.806644,146.03, 1333.34
1656953722.8082623,148.45, 1354.11
1656953723.8098814,145.94, 1297.93
1656953724.8114462,142.86, 1313.59
1656953725.8137777,142.47, 1286.71
1656953726.8171313,140.69, 1282.55
1656953727.8183482,148.02, 1297.31
1656953728.8196356,147.91, 1334.21
1656953729.8214598,143.71, 1294.75
