ts,ul_kBps,dl_kBps
1656676606.2400484,0.63, 0.30
1656676607.2701285,4.40, 22.75
1656676608.295758,27.83, 2313.99
1656676609.322886,9.46, 1182.12
1656676610.352545,15.09, 1928.27
1656676611.3997881,2.34, 21.70
1656676612.4221728,11.64, 2777.79
1656676613.4390838,18.77, 4863.38
1656676614.460354,20.63, 5485.44
1656676615.485612,18.05, 5741.12
1656676616.5007615,14.91, 5303.18
1656676617.520335,19.31, 5629.80
1656676618.5401998,8.62, 2741.04
1656676619.56577,19.60, 5313.92
1656676620.5919912,16.21, 5472.88
1656676621.6142042,16.20, 5719.62
1656676622.6444654,19.07, 5268.47
1656676623.6760447,41.51, 6000.06
1656676624.704854,44.15, 5645.59
1656676625.7242186,36.08, 3994.93
1656676626.7375805,48.05, 5501.49
1656676627.761669,54.95, 5969.81
1656676628.7785907,48.97, 5426.06
1656676629.8089123,54.22, 5965.59
1656676630.840037,51.95, 5499.08
1656676631.870363,57.27, 6089.90
1656676632.8994677,52.99, 5713.36
1656676633.9207802,53.81, 5849.49
1656676634.942851,48.55, 5106.92
1656676635.9771874,54.33, 5592.28
1656676636.9974177,26.96, 4323.25
1656676638.0186417,19.72, 4561.20
1656676639.058715,13.43, 4700.54
1656676640.0860972,13.49, 4177.60
1656676641.1000102,13.20, 4625.03
1656676642.1261463,15.02, 4949.48
1656676643.150937,17.03, 5233.03
1656676644.1787949,16.16, 5559.35
1656676645.2093923,15.11, 5371.53
1656676646.223767,13.11, 4872.65
1656676647.2490468,1.69, 249.24
1656676648.272737,0.43, 2.72
1656676649.2819054,0.14, 0.07
1656676650.3070266,7.75, 22.02
1656676651.353493,23.08, 3103.46
1656676652.3756785,6.56, 4.10
1656676653.4026995,13.22, 4.56
1656676654.4228349,13.62, 1.81
1656676655.4570444,11.19, 1.54
1656676656.475384,10.70, 1.75
1656676657.5058799,11.41, 2.15
1656676658.5391693,10.61, 1.63
1656676659.5669663,10.53, 1.53
1656676660.5962536,12.27, 1.67
1656676661.6160686,11.26, 2.04
1656676662.6364071,14.23, 3.23
1656676663.6648278,10.55, 1.58
1656676664.6955125,11.12, 1.61
1656676665.7171445,11.02, 1.62
1656676666.742979,17.83, 13.81
1656676667.7762144,10.45, 1.80
1656676668.807192,10.69, 2.21
1656676669.8335361,10.69, 1.56
1656676670.8622656,10.90, 1.48
1656676671.8807323,12.15, 4.54
1656676672.9104946,10.42, 1.64
1656676673.9298847,10.58, 1.60
1656676674.950241,11.01, 1.63
1656676675.9813442,11.16, 1.66
1656676677.0017571,12.11, 1.89
1656676678.0295708,10.56, 1.77
1656676679.0531304,10.75, 1.62
1656676680.0844069,11.20, 1.47
1656676681.1068842,16.76, 9.39
1656676682.138839,11.60, 4.76
1656676683.169201,14.57, 325.38
1656676684.1898532,25.63, 2773.26
1656676685.2146716,17.07, 1450.10
1656676686.2329216,13.07, 1000.61
1656676687.2579665,18.15, 1345.81
1656676688.285838,15.90, 1189.45
1656676689.312196,12.88, 56.44
1656676690.34181,12.19, 80.36
1656676691.3677993,13.52, 118.94
1656676692.3893957,12.93, 41.74
1656676693.4125519,15.22, 48.16
1656676694.4442322,11.55, 55.46
1656676695.4663332,17.45, 61.23
1656676696.4991937,12.17, 48.67
1656676697.5275087,18.64, 61.08
1656676698.55488,12.31, 58.33
1656676699.584117,11.81, 54.13
1656676700.609477,12.76, 55.33
1656676701.6416583,11.62, 53.18
1656676702.6721864,12.88, 50.82
1656676703.6914723,11.52, 54.55
1656676704.7188494,11.61, 55.54
1656676705.7460644,12.14, 54.71
1656676706.766848,12.38, 54.34
1656676707.794802,12.20, 54.02
1656676708.822678,11.76, 54.49
1656676709.8583121,10.78, 55.93
1656676710.892714,12.54, 43.96
1656676711.9302368,11.00, 52.36
1656676712.958385,11.66, 47.89
1656676713.9880645,12.41, 63.67
1656676715.025402,11.70, 54.05
1656676716.0516784,13.09, 52.30
1656676717.0728357,17.42, 52.98
1656676718.1074896,12.56, 51.88
1656676719.1318116,12.10, 53.34
1656676720.1663158,12.28, 50.74
1656676721.20723,11.72, 52.53
1656676722.2334661,17.83, 71.29
1656676723.2697792,17.14, 55.18
1656676724.3061454,13.41, 175.62
1656676725.3266745,12.86, 365.12
1656676726.36007,13.54, 296.53
1656676727.39123,11.58, 243.58
1656676728.418939,17.47, 1438.89
1656676729.455027,20.71, 2566.09
1656676730.4874363,19.45, 1505.75
1656676731.5214293,11.89, 52.62
1656676732.5576375,12.71, 53.64
1656676733.6066427,16.62, 99.05
1656676734.6353488,12.14, 52.55
1656676735.6685348,12.41, 51.90
1656676736.6921368,11.89, 50.85
1656676737.721551,11.30, 53.72
1656676738.7578328,11.84, 54.00
1656676739.7888904,11.70, 54.58
1656676740.8222237,12.11, 52.09
1656676741.8479342,11.02, 51.81
1656676742.8793192,19.38, 67.38
1656676743.9101496,9.89, 56.89
1656676744.9380453,11.72, 53.25
1656676745.9691224,12.93, 47.62
1656676747.0055773,11.14, 51.99
1656676748.0308828,12.11, 49.60
1656676749.069318,11.98, 51.07
1656676750.0967915,11.97, 52.02
1656676751.138444,12.52, 51.36
1656676752.173523,12.13, 50.76
1656676753.2128408,12.03, 52.48
1656676754.2534487,15.00, 49.09
1656676755.2821205,13.12, 75.27
1656676756.307643,11.88, 45.72
1656676757.3353472,24.74, 53.76
1656676758.3688507,12.11, 55.62
1656676759.4036636,12.78, 53.71
1656676760.4395542,12.34, 49.91
1656676761.4753451,11.82, 45.38
1656676762.5007453,12.78, 47.69
1656676763.5411992,12.42, 43.56
1656676764.5679271,11.50, 48.57
1656676765.5981143,13.02, 50.25
1656676766.6231046,10.57, 40.36
1656676767.650281,12.27, 59.28
1656676768.680239,12.11, 54.06
1656676769.707632,12.10, 50.19
1656676770.7274492,12.12, 52.36
1656676771.7566636,11.98, 58.28
1656676772.7794013,15.78, 53.94
1656676773.8097043,12.40, 46.03
1656676774.8343756,17.25, 54.04
1656676775.8670712,17.39, 45.93
1656676776.888844,12.18, 47.08
1656676777.9151216,12.87, 44.52
1656676778.9390402,11.00, 46.37
1656676779.9643579,11.51, 42.56
1656676780.9971693,15.89, 48.52
1656676782.0355997,13.03, 44.87
1656676783.0618973,12.17, 45.51
1656676784.0970118,12.79, 48.88
1656676785.1238828,12.45, 43.91
1656676786.1553562,13.11, 43.44
1656676787.1778736,12.47, 45.68
1656676788.2064588,12.49, 50.53
1656676789.2428782,12.44, 48.16
1656676790.2652767,11.26, 51.08
1656676791.2930179,13.04, 48.00
1656676792.330945,12.16, 45.68
1656676793.360074,28.44, 4887.72
1656676794.3957586,12.89, 428.69
1656676795.4332287,13.07, 49.61
1656676796.4687467,12.53, 50.19
1656676797.5101058,12.64, 46.01
1656676798.5701194,13.55, 55.06
1656676799.6203203,14.40, 52.16
1656676800.6448047,11.66, 50.57
1656676801.6677496,12.26, 50.10
1656676802.6914942,12.79, 50.66
1656676803.7203436,12.80, 53.57
1656676804.740978,26.30, 62.32
1656676805.7623699,16.25, 54.02
1656676806.7879007,11.27, 51.22
1656676807.8219502,12.28, 48.25
1656676808.8449252,11.90, 51.23
1656676809.8748012,11.81, 51.41
1656676810.9024413,12.68, 52.42
1656676811.9293642,9.56, 48.36
1656676812.9600763,11.21, 51.92
1656676813.9855678,12.44, 49.40
1656676815.011464,11.88, 52.93
1656676816.0385923,12.50, 50.46
1656676817.067304,12.36, 50.88
1656676818.0931363,24.01, 54.73
1656676819.124334,12.68, 46.32
1656676820.1535263,12.77, 56.24
1656676821.1815386,13.02, 47.07
1656676822.2095716,11.92, 48.72
1656676823.236751,8.88, 44.55
1656676824.2613783,14.06, 48.16
1656676825.2923062,12.34, 46.50
1656676826.3175495,13.35, 44.14
1656676827.3446407,16.53, 46.62
1656676828.3795264,18.80, 51.40
1656676829.418977,12.25, 52.12
1656676830.4531062,12.65, 50.14
1656676831.4794035,13.14, 48.45
1656676832.5080962,9.96, 49.37
1656676833.5431528,13.20, 47.52
1656676834.5803392,13.93, 48.35
1656676835.6082718,13.09, 50.06
1656676836.6348715,12.54, 49.77
1656676837.6662333,13.37, 47.68
1656676838.6955118,18.26, 51.88
1656676839.7245889,15.13, 51.03
1656676840.7534451,14.54, 53.68
1656676841.7803435,11.72, 42.46
1656676842.8101425,12.40, 59.31
1656676843.8354433,20.80, 82.74
1656676844.8694756,12.10, 52.00
1656676845.8995576,12.83, 50.47
1656676846.9355955,12.81, 51.60
1656676847.9621673,13.17, 48.70
1656676848.9921088,15.18, 49.67
1656676850.018014,20.58, 65.99
1656676851.0395072,13.27, 46.34
1656676852.0626972,12.59, 48.00
1656676853.09076,11.87, 41.01
1656676854.1181545,18.99, 52.46
1656676855.1461525,12.87, 52.81
1656676856.1770666,15.60, 52.17
1656676857.2013016,19.07, 54.85
1656676858.2256386,13.27, 51.50
1656676859.25487,12.33, 42.97
1656676860.285776,11.33, 60.97
1656676861.3117673,13.63, 48.67
1656676862.34125,12.31, 44.42
1656676863.3803854,12.11, 52.86
1656676864.416281,11.84, 50.92
1656676865.451182,11.85, 50.32
1656676866.4838433,14.07, 54.92
1656676867.5064502,12.83, 46.77
1656676868.5301228,12.24, 50.28
1656676869.5656154,12.41, 47.62
1656676870.5908706,13.48, 50.06
1656676871.6248863,13.35, 49.27
1656676872.6517408,10.89, 49.50
1656676873.6836023,13.30, 53.03
1656676874.7060952,12.11, 46.37
1656676875.7284682,12.73, 47.87
1656676876.7531178,12.62, 47.92
1656676877.784308,18.40, 52.03
1656676878.8228745,12.18, 49.46
1656676879.8547022,16.49, 51.57
1656676880.8887193,11.75, 51.18
1656676881.9258323,12.13, 47.70
1656676882.9637055,13.12, 48.35
1656676884.0189521,11.69, 48.38
1656676885.0398822,13.31, 58.66
1656676886.0672412,11.64, 51.93
1656676887.0892646,15.66, 51.21
1656676888.117314,12.48, 50.20
1656676889.1410878,16.47, 205.88
1656676890.1757028,12.51, 50.22
1656676891.2043757,12.38, 51.55
1656676892.2287345,12.22, 47.74
1656676893.2513623,14.11, 53.82
1656676894.2807305,12.55, 51.48
1656676895.3090892,13.25, 55.93
1656676896.349407,13.26, 52.27
1656676897.380204,15.43, 134.12
1656676898.4199722,12.22, 54.35
1656676899.451775,12.37, 53.90
1656676900.4849339,12.17, 52.48
1656676901.5182457,14.59, 52.81
1656676902.5479305,13.02, 50.06
1656676903.5854836,12.53, 50.80
1656676904.612605,12.38, 53.12
1656676905.6433318,12.90, 51.45
1656676906.6710858,12.98, 51.89
1656676907.702801,13.16, 51.68
1656676908.7291846,12.64, 53.02
1656676909.755902,9.20, 59.76
1656676910.7829158,13.90, 52.19
1656676911.8142564,12.82, 51.79
1656676912.8420012,15.11, 59.20
1656676913.8687155,14.28, 54.43
1656676914.8994422,13.21, 56.66
1656676915.922066,14.34, 55.10
1656676916.953164,20.03, 62.93
1656676917.9770718,12.35, 52.08
1656676919.0069923,13.18, 52.39
1656676920.034917,12.15, 51.53
1656676921.0802126,13.88, 53.41
1656676922.1078267,12.67, 50.39
1656676923.137366,12.48, 54.24
1656676924.1615539,12.55, 51.26
1656676925.1898406,10.71, 55.12
1656676926.2181492,13.82, 51.59
1656676927.2545018,17.06, 190.02
1656676928.2904956,13.04, 50.72
1656676929.3172114,12.61, 50.49
1656676930.3419325,12.59, 52.52
1656676931.3665295,15.13, 55.18
1656676932.3911405,13.02, 53.73
1656676933.4298654,13.05, 51.95
1656676934.454907,12.43, 55.24
1656676935.488996,12.90, 54.18
1656676936.5281937,12.92, 51.82
1656676937.5636778,26.17, 58.09
1656676938.5919926,12.23, 51.62
1656676939.6227372,12.93, 51.41
1656676940.6522446,13.27, 52.85
1656676941.6768804,10.92, 55.33
1656676942.7050412,13.10, 51.72
1656676943.740372,13.01, 52.84
1656676944.7759838,12.43, 51.75
1656676945.8071027,12.73, 52.29
1656676946.830663,10.96, 51.46
1656676947.8526886,14.73, 441.41
1656676948.88404,12.78, 52.72
1656676949.9105716,12.20, 51.76
1656676950.9528704,12.98, 50.79
1656676951.973843,14.44, 49.05
1656676953.0445726,11.58, 56.43
1656676954.0948448,12.16, 58.79
1656676955.116915,12.83, 55.37
1656676956.1441782,16.49, 50.65
1656676957.1694121,12.97, 63.15
1656676958.195733,12.72, 55.00
1656676959.2265413,12.35, 54.72
1656676960.2530003,12.29, 53.68
1656676961.2809255,14.63, 53.89
1656676962.3080142,19.35, 68.64
1656676963.3399668,12.26, 60.08
1656676964.3680851,12.33, 55.09
1656676965.3933947,16.62, 58.28
1656676966.4267678,13.20, 55.16
1656676967.4643211,12.98, 53.20
1656676968.4881542,13.96, 57.05
1656676969.5143886,12.68, 53.42
1656676970.537718,12.53, 49.79
1656676971.568913,13.91, 52.03
1656676972.6071188,15.83, 48.06
1656676973.641452,13.38, 167.76
1656676974.663621,12.10, 50.40
1656676975.6932735,12.60, 52.68
1656676976.733435,16.35, 53.23
1656676977.7688763,14.11, 53.19
1656676978.8086956,12.47, 52.83
1656676979.8470633,12.19, 49.72
1656676980.885553,12.43, 49.74
1656676981.9156203,14.04, 50.22
1656676982.9389725,12.96, 51.24
1656676983.9613311,12.95, 53.01
1656676984.9929125,11.96, 51.25
1656676986.0185513,13.83, 51.36
1656676987.0455709,15.66, 50.97
1656676988.0711284,12.54, 50.86
1656676989.1005898,15.71, 56.08
1656676990.135805,15.22, 53.17
1656676991.1595297,13.16, 49.77
1656676992.1833289,12.77, 55.38
1656676993.2727652,15.39, 55.96
1656676994.3408175,13.27, 52.65
1656676995.3759966,11.53, 52.78
1656676996.4016345,13.71, 50.43
1656676997.425993,15.90, 46.83
1656676998.4562771,12.31, 54.68
1656676999.4859514,11.78, 53.18
1656677000.5059671,13.36, 58.50
1656677001.5408244,13.47, 50.83
1656677002.563615,12.38, 49.80
1656677003.580206,12.85, 63.26
1656677004.5962079,15.69, 58.09
1656677005.6280274,12.25, 52.48
1656677006.6590903,13.66, 52.66
1656677007.6943972,15.99, 55.53
1656677008.724346,12.14, 48.16
1656677009.751897,12.64, 58.94
1656677010.7756975,13.89, 51.71
1656677011.8100274,12.83, 51.74
1656677012.8424518,12.06, 55.09
1656677013.8702958,15.31, 55.11
1656677014.8986673,12.38, 54.64
1656677015.929071,12.69, 47.27
1656677016.9536834,18.67, 69.85
1656677017.9853418,12.90, 46.38
1656677019.0104325,11.70, 60.32
1656677020.041405,12.56, 53.12
1656677021.0662599,17.78, 60.25
1656677022.0978425,11.60, 45.63
1656677023.1372938,12.44, 55.74
1656677024.1652036,12.22, 52.09
1656677025.1898859,12.25, 52.59
1656677026.2226493,13.40, 52.34
1656677027.248721,13.20, 52.66
1656677028.2771614,10.05, 48.45
1656677029.305848,12.78, 56.18
1656677030.3360202,12.49, 51.18
1656677031.3637938,15.33, 52.42
1656677032.3858795,13.77, 55.75
1656677033.4080238,12.48, 52.17
1656677034.4307811,12.38, 50.54
1656677035.4533422,11.76, 55.27
1656677036.4824898,13.27, 52.03
1656677037.5145674,13.68, 51.91
1656677038.5453382,12.46, 52.17
1656677039.5797505,12.33, 50.04
1656677040.608821,12.67, 49.13
1656677041.630826,14.72, 53.53
1656677042.6587884,13.04, 50.42
1656677043.6890361,12.76, 54.83
1656677044.728141,12.80, 51.64
1656677045.7551467,12.30, 47.30
1656677046.7854407,15.34, 54.78
1656677047.8137066,12.50, 48.47
1656677048.84695,12.13, 52.19
1656677049.877504,12.38, 50.17
1656677050.9078913,18.06, 59.11
1656677051.9352596,12.75, 51.39
1656677052.9630048,12.60, 47.93
1656677053.9904463,15.07, 56.31
1656677055.018268,12.84, 54.89
1656677056.0432112,12.64, 53.39
1656677057.0766516,11.68, 53.41
1656677058.1079044,26.99, 58.29
1656677059.1353567,11.95, 54.73
1656677060.158402,10.02, 53.12
1656677061.1877055,15.74, 52.36
1656677062.2250645,16.21, 65.39
1656677063.2511096,12.01, 55.83
1656677064.2776766,11.63, 56.69
1656677065.3184395,11.90, 55.97
1656677066.3547094,11.46, 51.98
1656677067.3848834,12.53, 51.93
1656677068.4154768,12.00, 53.25
1656677069.442386,11.99, 58.85
1656677070.4732711,11.79, 57.36
1656677071.498682,12.68, 57.67
1656677072.5305746,13.41, 53.78
1656677073.5625527,12.15, 56.38
1656677074.5867298,13.29, 54.89
1656677075.6155076,10.19, 57.94
1656677076.640501,12.50, 55.78
1656677077.6741557,13.15, 54.38
1656677078.6990702,12.36, 54.44
1656677079.728227,11.40, 49.06
1656677080.764556,19.76, 58.46
1656677081.7924914,18.68, 68.18
1656677082.8134646,12.88, 55.12
1656677083.8416116,11.54, 56.88
1656677084.865671,12.57, 56.74
1656677085.8919218,8.34, 53.08
1656677086.9228854,12.05, 41.24
1656677087.9572785,10.64, 1.53
