ts,ul_kBps,dl_kBps
1658226915.69575,1.38, 6.56
1658226916.7263305,8.23, 12.28
1658226917.771049,11.90, 109.84
1658226918.807583,1.68, 244.05
1658226919.8277338,6.28, 1535.21
1658226920.8436148,11.16, 123.70
1658226921.8780706,24.46, 551.72
1658226922.9113197,8.17, 2145.78
1658226923.9371426,1.88, 14.87
1658226924.9619968,2.60, 843.82
1658226925.9889944,27.09, 10905.01
1658226927.0034783,52.24, 26054.50
1658226928.0169425,42.77, 21035.26
1658226929.0402055,0.45, 0.24
1658226930.0515423,0.65, 242.84
1658226931.0720737,0.30, 0.12
1658226933.1055036,9.19, 22.39
1658226934.134845,18.81, 126.93
1658226935.1594348,16.03, 102.79
1658226936.1895115,14.36, 1470.37
1658226937.2111356,11.42, 1.46
1658226938.2323213,112.76, 12465.27
1658226939.2529793,186.37, 27524.50
1658226940.2810578,54.73, 7327.78
1658226941.3059561,10.40, 1.51
1658226942.3398979,9.32, 1.46
1658226943.3747227,12.42, 1.87
1658226944.389882,13.30, 2.04
1658226945.4185276,9.30, 1.71
1658226946.4389815,7.57, 1.22
1658226947.460063,9.06, 1.14
1658226948.4882653,8.78, 1.62
1658226949.5197146,7.79, 1.28
1658226950.540451,7.44, 1.05
1658226951.5646775,8.74, 1.50
1658226952.589515,8.13, 1.45
1658226953.6125977,10.53, 1.75
1658226954.640508,7.95, 1.42
1658226955.6561403,7.97, 1.30
1658226956.6798284,7.27, 1.11
1658226957.7147362,16.72, 4.53
1658226958.7372234,8.84, 4.18
1658226959.7534564,9.30, 1.44
1658226960.7851002,7.36, 1.21
1658226961.798964,8.83, 1.57
1658226962.8148339,8.17, 1.37
1658226963.830048,9.66, 1.70
1658226964.8499007,7.46, 1.23
1658226965.87109,7.79, 1.34
1658226966.8867545,8.28, 2.50
1658226967.9153395,7.50, 1.63
1658226968.9342122,7.79, 1.24
1658226969.9549916,8.52, 2.63
1658226970.9705925,9.43, 1.66
1658226971.9980555,9.02, 1.49
1658226973.015708,10.98, 1.54
1658226974.034213,7.59, 2.39
1658226975.0656095,8.82, 2.13
1658226976.0979345,9.03, 1.30
1658226977.1296897,15.75, 14.43
1658226978.1567662,10.23, 1.86
1658226979.1849482,11.57, 1.83
1658226980.2143228,7.48, 1.56
1658226981.2440813,13.26, 15.70
1658226982.2674155,15.42, 115.47
1658226983.2927632,12.06, 886.07
1658226984.3323658,13.97, 1952.52
1658226985.3709307,12.04, 14.56
1658226986.397694,9.01, 16.98
1658226987.430213,9.96, 22.63
1658226988.4478068,11.26, 33.71
1658226989.4782128,13.05, 55.87
1658226990.5091245,10.92, 81.70
1658226991.5349934,8.02, 12.29
1658226992.5655563,7.75, 12.42
1658226993.5935593,13.42, 19.73
1658226994.6248326,8.89, 11.35
1658226995.6526434,9.85, 11.63
1658226996.681959,8.58, 12.17
1658226997.7138314,10.43, 12.85
1658226998.7405012,9.13, 14.88
1658226999.7704663,9.20, 13.77
1658227000.7881901,8.57, 9.95
1658227001.811561,10.91, 11.06
1658227002.840298,10.89, 11.02
1658227003.85717,11.31, 10.60
1658227004.8828201,11.01, 12.05
1658227005.8999405,10.28, 12.75
1658227006.9250288,10.59, 11.69
1658227007.9513605,13.32, 11.63
1658227008.9742837,12.23, 13.21
1658227010.00679,11.77, 157.02
1658227011.0296795,11.56, 370.83
1658227012.0566068,12.88, 696.17
1658227013.0870967,12.62, 714.90
1658227014.1146903,17.43, 2441.66
1658227015.13862,14.34, 2058.22
1658227016.1672459,13.19, 14.34
1658227017.193241,10.05, 13.76
1658227018.2254188,10.63, 12.77
1658227019.2518785,14.17, 53.99
1658227020.282241,13.07, 15.11
1658227021.3069348,13.70, 23.89
1658227022.3395233,10.06, 12.99
1658227023.3682773,12.83, 13.66
1658227024.4005375,11.30, 12.38
1658227025.438965,9.02, 12.37
1658227026.4718547,16.52, 31.23
1658227027.4921787,21.96, 5211.57
1658227028.5088105,13.37, 127.63
1658227029.5382419,16.10, 463.23
1658227030.566916,17.17, 2938.20
1658227031.584069,12.00, 23.09
1658227032.6011894,10.40, 24.09
1658227033.6256702,11.65, 24.95
1658227034.6497223,11.93, 20.24
1658227035.679867,10.91, 24.55
1658227036.701377,11.29, 27.19
1658227037.729206,10.54, 26.23
1658227038.7533622,12.18, 25.91
1658227039.7816126,11.19, 25.48
1658227040.7998526,11.47, 32.58
1658227041.8270118,11.00, 28.40
1658227042.8517733,10.96, 27.81
1658227043.8817468,10.46, 26.71
1658227044.9111235,13.16, 27.91
1658227045.9370396,11.06, 27.36
1658227046.9660912,11.37, 27.29
1658227047.9927351,10.82, 28.05
1658227049.0107992,12.52, 27.23
1658227050.0335877,11.00, 28.30
1658227051.061793,10.99, 27.64
1658227052.0835145,10.83, 27.01
1658227053.1017158,11.20, 27.38
1658227054.1301348,11.85, 27.57
1658227055.1574693,11.68, 26.62
1658227056.1884308,11.20, 27.59
1658227057.2107396,12.67, 55.97
1658227058.2438607,13.29, 27.66
1658227059.2655065,11.75, 26.27
1658227060.2951643,10.25, 23.87
1658227061.3252022,13.81, 26.00
1658227062.3466094,13.79, 27.15
1658227063.3774087,13.71, 26.08
1658227064.4067822,16.94, 27.10
1658227065.4299061,13.47, 24.59
1658227066.4581523,13.26, 26.38
1658227067.4873302,13.72, 24.00
1658227068.5123336,14.26, 24.29
1658227069.5409324,14.34, 25.35
1658227070.556572,13.05, 25.72
1658227071.5787737,15.19, 27.74
1658227072.607682,13.25, 28.29
1658227073.6384156,13.15, 25.44
1658227074.6543908,11.35, 25.50
1658227075.6742263,12.00, 26.62
1658227076.705036,13.69, 25.61
1658227077.72754,14.16, 27.14
1658227078.7515867,14.37, 141.04
1658227079.7796426,14.29, 68.82
1658227080.8087177,17.77, 1651.75
1658227081.8272188,16.83, 1270.42
1658227082.8563874,13.60, 38.33
1658227083.8775685,14.28, 36.07
1658227084.903969,14.39, 35.17
1658227085.932062,13.45, 38.96
1658227086.9556804,13.31, 39.32
1658227087.9789562,12.55, 40.04
1658227089.004843,12.71, 39.21
1658227090.021137,12.09, 41.66
1658227091.0503025,11.19, 38.59
1658227092.0716765,13.74, 42.24
1658227093.0886662,13.70, 36.29
1658227094.1188805,13.84, 35.58
1658227095.148285,11.30, 33.16
1658227096.2046514,10.68, 34.43
1658227097.234684,10.72, 32.47
1658227098.2626836,10.57, 30.79
1658227099.2920156,12.44, 32.92
1658227100.317305,12.29, 31.74
1658227101.3430684,12.00, 33.60
1658227102.3704154,11.88, 32.60
1658227103.3979368,13.62, 50.85
1658227104.4211237,11.72, 37.79
1658227105.4496667,9.90, 37.02
1658227106.475293,12.87, 38.80
1658227107.4996533,14.36, 38.82
1658227108.515586,13.16, 41.26
1658227109.5397937,14.21, 39.92
1658227110.571449,12.84, 40.86
1658227111.5959482,14.32, 37.45
1658227112.6220582,13.82, 41.37
1658227113.6504376,13.75, 43.23
1658227114.6714647,11.77, 35.82
1658227115.6995587,14.30, 34.95
1658227116.7254584,17.25, 35.23
1658227117.7564776,13.65, 39.81
1658227118.7787662,14.27, 39.29
1658227119.801054,13.79, 34.53
1658227120.8289077,13.55, 34.73
1658227121.8531783,14.68, 40.30
1658227122.8811188,14.39, 35.83
1658227123.9114285,13.64, 36.53
1658227124.9428322,14.43, 34.80
1658227125.9590871,14.08, 33.69
1658227126.9829154,14.24, 35.01
1658227128.012599,13.96, 35.26
1658227129.0410175,15.12, 43.15
1658227130.0688016,14.23, 48.15
1658227131.094167,14.44, 50.53
1658227132.1138458,15.54, 56.09
1658227133.14859,14.77, 48.19
1658227134.173144,15.33, 49.47
1658227135.1978204,13.94, 48.89
1658227136.2217283,17.03, 53.31
1658227137.245906,14.85, 49.54
1658227138.2738552,14.16, 47.82
1658227139.2953825,15.77, 51.17
1658227140.3227067,13.42, 50.18
1658227141.3423011,13.81, 45.34
1658227142.3679051,14.54, 48.15
1658227143.3933334,14.92, 47.80
1658227144.4216497,15.12, 45.60
1658227145.4473538,15.29, 49.96
1658227146.4795635,14.49, 53.17
1658227147.5022933,14.62, 50.01
1658227148.525547,14.33, 48.18
1658227149.5531151,15.43, 49.42
1658227150.5742664,15.37, 47.37
1658227151.6024215,15.33, 49.59
1658227152.6176305,13.75, 47.52
1658227153.6406949,14.62, 48.49
1658227154.6649487,15.25, 50.64
1658227155.6858702,14.81, 50.52
1658227156.709383,15.13, 53.85
1658227157.7369213,13.25, 52.14
1658227158.7679498,14.50, 49.58
1658227159.7865005,15.02, 49.60
1658227160.81204,14.50, 52.76
1658227161.8380568,15.51, 51.35
1658227162.8547864,15.20, 52.62
1658227163.8717728,14.81, 51.11
1658227164.8910685,13.94, 50.77
1658227165.9176612,13.42, 53.18
1658227166.9398441,15.34, 51.26
1658227167.9681342,14.79, 49.67
1658227168.9977677,15.33, 50.84
1658227170.0190668,18.59, 54.77
