ts,ul_kBps,dl_kBps
1657374743.9416025,0.34, 0.19
1657374744.982514,4.35, 24.22
1657374746.0105197,30.48, 2223.91
1657374747.0379379,5.91, 600.43
1657374748.0779061,16.31, 2117.87
1657374749.1177294,6.47, 1322.73
1657374750.1436732,21.94, 7109.09
1657374751.1714678,31.59, 8849.90
1657374752.187072,18.89, 6791.85
1657374753.2105198,17.79, 6221.00
1657374754.2277691,16.95, 6055.30
1657374755.260302,16.95, 5691.97
1657374756.2861197,15.20, 4487.85
1657374757.3200445,17.62, 5752.13
1657374758.3505416,17.80, 6097.58
1657374759.380855,18.35, 6432.49
1657374760.4138987,20.69, 6267.57
1657374761.4442859,26.21, 6300.94
1657374762.4627347,48.51, 7591.48
1657374763.4954433,50.82, 6447.36
1657374764.5231254,48.48, 5874.80
1657374765.5446863,48.21, 6220.63
1657374766.5624304,52.08, 6248.31
1657374767.5917,59.64, 5992.98
1657374768.6099694,45.31, 5548.23
1657374769.6337464,45.79, 5285.41
1657374770.6623895,53.55, 5873.70
1657374771.6822379,43.38, 4973.35
1657374772.7125785,47.63, 5250.07
1657374773.7315772,48.37, 5411.30
1657374774.7629933,47.62, 5148.18
1657374775.7887616,44.17, 4862.25
1657374776.8239074,40.68, 4186.01
1657374777.8463898,20.36, 2557.17
1657374778.8722332,22.94, 3015.78
1657374779.887616,22.23, 2968.72
1657374780.9108863,33.89, 3172.55
1657374781.933436,35.20, 2684.21
1657374782.9551713,8.50, 1.97
1657374783.978878,11.63, 1.64
1657374785.012467,10.55, 1.38
1657374786.0444474,12.06, 1.39
1657374787.075182,13.42, 4.72
1657374788.1086261,11.07, 1.66
1657374789.1455781,10.76, 1.56
1657374790.181553,10.84, 1.47
1657374791.212463,14.35, 2.83
1657374792.2488809,11.21, 1.33
1657374793.282378,10.23, 1.70
1657374794.3069742,11.00, 1.66
1657374795.341678,11.18, 1.40
1657374796.3727405,10.54, 1.58
1657374797.4056334,10.81, 1.56
1657374798.4357142,10.64, 10.17
1657374799.4581943,18.99, 406.11
1657374800.488737,19.87, 1346.44
1657374801.5188913,31.14, 3156.75
1657374802.5390348,7.43, 19.33
1657374803.573939,11.03, 16.61
1657374804.613014,20.22, 181.70
1657374805.646679,12.53, 23.02
1657374806.6716967,20.22, 48.95
1657374807.7016535,57.76, 29.76
1657374808.73024,15.92, 31.02
1657374809.7608402,11.63, 25.65
1657374810.7914925,12.01, 26.05
1657374811.8258345,11.80, 25.92
1657374812.8566098,11.22, 24.75
1657374813.8795571,26.91, 3737.70
1657374814.909347,20.20, 3028.51
1657374815.9359155,11.73, 25.26
1657374816.966357,11.58, 26.21
1657374817.9951072,13.23, 26.99
1657374819.0285597,11.95, 26.02
1657374820.0598855,10.93, 25.77
1657374821.0870545,12.30, 25.38
1657374822.122863,11.89, 25.75
1657374823.149355,11.36, 24.89
1657374824.1811259,11.00, 26.17
1657374825.2165537,11.49, 22.79
1657374826.2488518,12.81, 23.04
1657374827.2760272,11.70, 26.94
1657374828.3044636,10.41, 21.81
1657374829.3349013,10.82, 25.24
1657374830.361627,11.23, 25.39
1657374831.388727,13.61, 21.82
1657374832.420922,11.62, 20.72
1657374833.44987,10.70, 26.43
1657374834.4831932,11.58, 29.13
1657374835.5139103,11.56, 24.46
1657374836.5426962,11.48, 26.35
1657374837.5746677,11.47, 22.42
1657374838.6044848,11.73, 23.97
1657374839.6343694,11.55, 22.77
1657374840.67418,11.53, 22.76
1657374841.7076957,11.03, 21.48
1657374842.7354863,11.65, 20.79
1657374843.7647183,11.58, 22.05
1657374844.7872589,26.42, 4662.95
1657374845.8222163,15.48, 641.20
1657374846.850202,11.66, 23.71
1657374847.8793967,11.57, 21.37
1657374848.9061747,12.72, 21.14
1657374849.938012,11.13, 22.03
1657374850.9669373,11.76, 21.82
1657374851.999074,11.13, 21.55
1657374853.0277374,11.26, 21.71
1657374854.0633216,11.32, 19.98
1657374855.0904202,10.96, 21.84
1657374856.1235647,11.44, 24.87
1657374857.155082,12.01, 23.52
1657374858.1854482,10.48, 22.65
1657374859.2201586,11.45, 25.57
1657374860.2499483,11.14, 25.98
1657374861.2729826,12.19, 24.36
1657374862.3114579,11.54, 25.80
1657374863.3420718,10.30, 26.82
1657374864.3781052,11.30, 26.59
1657374865.4212787,11.29, 28.13
1657374866.456667,11.80, 27.39
1657374867.4932337,27.64, 112.91
1657374868.5326774,10.81, 28.59
1657374869.5715027,10.98, 27.95
1657374870.6002297,11.43, 27.32
1657374871.6420279,13.50, 55.85
1657374872.6723223,18.39, 32.32
1657374873.7067237,13.43, 30.01
1657374874.73701,10.74, 27.32
1657374875.7820919,13.51, 28.44
1657374876.8238153,10.98, 28.10
1657374877.8717334,11.63, 24.94
1657374878.906064,11.27, 27.62
1657374879.933921,12.41, 59.13
1657374880.9607291,12.37, 23.41
1657374881.9906182,11.81, 23.91
1657374883.0165002,11.56, 23.86
1657374884.0475886,12.73, 19.92
1657374885.0815358,11.14, 24.63
1657374886.1118982,11.88, 29.19
1657374887.1392937,11.01, 28.64
1657374888.1730785,11.46, 28.80
1657374889.2154257,11.23, 30.24
1657374890.237436,11.73, 28.58
1657374891.2698033,12.11, 28.81
1657374892.3041666,10.97, 28.92
1657374893.3326216,10.69, 29.63
1657374894.355082,11.57, 27.46
1657374895.3858879,11.12, 26.04
1657374896.4290133,12.86, 25.16
1657374897.4684277,11.99, 24.62
1657374898.4978096,11.23, 24.17
1657374899.5221055,11.49, 24.11
1657374900.5537393,11.24, 25.32
1657374901.5948734,12.97, 25.13
1657374902.623917,11.67, 24.52
1657374903.6636844,11.49, 27.55
1657374904.6898727,11.24, 24.31
1657374905.7152796,11.39, 24.29
1657374906.7418044,11.81, 24.30
1657374907.7850645,11.84, 29.49
1657374908.82703,11.48, 28.60
1657374909.8557644,13.55, 166.18
1657374910.8828278,14.14, 24.94
1657374911.9125104,12.05, 22.96
1657374912.9407067,11.60, 21.06
1657374913.9667408,16.45, 24.23
1657374915.0006511,13.92, 23.62
1657374916.040035,12.14, 25.13
1657374917.0702739,12.02, 25.03
1657374918.1010027,12.37, 23.67
1657374919.1362534,11.58, 23.20
1657374920.1647794,11.59, 24.10
1657374921.1929824,12.01, 27.29
1657374922.2269764,11.40, 24.31
1657374923.271492,18.10, 31.63
1657374924.3063114,15.01, 25.60
1657374925.3397684,16.90, 26.02
1657374926.367121,20.20, 27.59
1657374927.4034917,17.44, 83.15
1657374928.4314606,17.43, 25.41
1657374929.4601943,25.90, 28.42
1657374930.4909534,13.42, 415.99
1657374931.520669,12.63, 24.54
1657374932.5487447,13.78, 31.54
1657374933.588592,11.46, 24.88
1657374934.613402,12.42, 25.99
1657374935.638268,11.37, 24.84
1657374936.6692243,12.49, 23.82
1657374937.6972585,11.61, 23.30
1657374938.7182539,10.99, 26.42
1657374939.748293,12.29, 25.03
1657374940.7761579,11.86, 25.30
1657374941.8040621,16.61, 26.45
1657374942.8394015,12.43, 24.12
1657374943.8804784,11.54, 27.30
1657374944.9141748,11.97, 25.99
1657374945.9348946,12.26, 24.40
1657374946.9686933,7.85, 25.12
1657374948.0045753,12.42, 24.06
1657374949.0360196,8.04, 24.00
1657374950.0668502,10.35, 24.68
1657374951.092246,12.02, 24.59
1657374952.1208584,11.89, 26.13
1657374953.1463232,11.36, 26.23
1657374954.1700494,11.77, 28.72
1657374955.1977859,11.84, 27.13
1657374956.2262578,17.68, 839.16
1657374957.2559958,11.84, 25.87
1657374958.291871,11.20, 26.91
1657374959.3232212,12.10, 26.75
1657374960.34876,12.97, 180.45
1657374961.3899987,12.14, 26.15
1657374962.4276364,12.32, 25.70
1657374963.4525344,12.05, 24.61
1657374964.4818635,13.88, 27.19
1657374965.5242698,7.56, 24.09
1657374966.5467284,12.73, 23.56
1657374967.5798647,12.25, 23.95
1657374968.6088254,13.44, 138.96
1657374969.6485553,11.75, 24.99
1657374970.6795328,14.67, 26.34
1657374971.721292,11.94, 24.00
1657374972.767041,11.67, 23.30
1657374973.799666,12.80, 23.28
1657374974.837838,12.51, 24.69
1657374975.865499,12.53, 23.97
1657374976.8942783,12.58, 24.82
1657374977.923422,11.60, 23.80
1657374978.96249,11.15, 26.02
1657374979.9939241,11.81, 23.60
1657374981.0325534,11.81, 23.72
1657374982.062281,10.31, 24.68
1657374983.0943594,12.02, 23.82
1657374984.1343906,11.81, 25.49
1657374985.1684484,12.35, 24.62
1657374986.1995642,12.87, 24.47
1657374987.2316155,14.27, 30.80
1657374988.2652574,11.78, 25.10
1657374989.297957,13.53, 29.23
1657374990.338964,12.46, 30.20
1657374991.3769124,13.79, 37.98
1657374992.4141366,13.22, 50.73
1657374993.4709983,12.94, 71.31
1657374994.5044677,12.65, 118.89
1657374995.5292568,13.36, 213.13
1657374996.5603626,14.48, 398.81
1657374997.5995457,15.87, 762.63
1657374998.6272426,18.74, 1042.06
1657374999.669302,11.57, 22.76
1657375000.7112174,11.40, 23.62
1657375001.7400744,12.24, 22.59
1657375002.7840266,14.86, 27.62
1657375003.8238626,15.98, 43.07
1657375004.8533087,12.32, 22.78
1657375005.899488,12.04, 23.43
1657375006.9301713,11.42, 22.92
1657375007.966065,12.41, 22.15
1657375008.9994292,9.25, 23.29
1657375010.025058,12.08, 22.31
1657375011.0527313,11.76, 25.50
1657375012.0888622,11.88, 26.14
1657375013.1201377,14.64, 24.40
1657375014.1525767,11.71, 24.61
1657375015.1902478,11.48, 23.79
1657375016.2222998,11.87, 24.45
1657375017.2631938,12.02, 24.46
1657375018.3035493,11.42, 22.83
1657375019.3427296,12.40, 27.96
1657375020.3726003,11.50, 28.68
1657375021.398252,10.19, 28.96
1657375022.42843,7.40, 29.36
1657375023.453231,11.35, 27.97
1657375024.485524,11.75, 28.82
1657375025.516253,11.59, 29.85
1657375026.5521717,12.76, 28.25
1657375027.5943582,12.28, 29.69
1657375028.6206715,11.45, 28.32
1657375029.652323,11.79, 27.46
1657375030.6749344,10.86, 29.35
1657375031.710411,11.86, 29.94
1657375032.7399008,13.71, 29.87
1657375033.7774117,11.79, 28.72
1657375034.809988,12.20, 31.21
1657375035.843216,11.17, 34.26
1657375036.869388,12.37, 30.66
1657375037.9027417,11.73, 26.84
1657375038.9318395,11.35, 27.10
1657375039.961386,11.63, 26.93
1657375040.9911516,15.63, 30.84
1657375042.0145772,11.61, 26.64
1657375043.0497754,7.86, 26.87
1657375044.085287,12.44, 29.33
1657375045.1207783,8.26, 27.49
1657375046.1562011,17.40, 47.55
1657375047.1855478,10.85, 26.19
1657375048.216432,11.43, 26.42
1657375049.2474978,9.72, 27.19
1657375050.2882838,12.13, 11.77
1657375051.3207433,11.01, 1.41
1657375052.3725457,10.16, 1.53
