ts,ul_kBps,dl_kBps
1656939177.9441414,0.45, 0.29
1656939178.979103,4.22, 24.96
1656939179.995734,25.02, 2254.86
1656939181.0297694,6.45, 82.59
1656939182.0516503,17.23, 1934.07
1656939183.0768921,11.75, 1175.10
1656939184.1033943,10.29, 1825.72
1656939185.1202328,14.23, 3740.05
1656939186.1354775,18.37, 3876.40
1656939187.1538537,11.30, 3455.09
1656939188.1672716,13.67, 3977.49
1656939189.1895118,11.58, 2937.62
1656939190.2167556,10.98, 2726.31
1656939191.2520938,8.33, 1920.25
1656939192.2841184,13.55, 3245.40
1656939193.3210518,12.00, 3429.00
1656939194.3606699,10.36, 3042.79
1656939195.382426,10.32, 2508.55
1656939196.41568,24.82, 2957.83
1656939197.4474876,19.74, 3475.69
1656939198.4753003,19.26, 3211.66
1656939199.506475,16.87, 2788.62
1656939200.5421088,23.67, 3716.12
1656939201.585091,17.50, 2773.03
1656939202.6116152,15.37, 2420.60
1656939203.6466815,18.56, 3228.56
1656939204.6766987,19.38, 3563.23
1656939205.6965494,11.98, 1613.44
1656939206.7298214,12.16, 1840.19
1656939207.7633052,14.02, 2521.27
1656939208.8007693,15.01, 2776.68
1656939209.8319783,16.92, 3613.61
1656939210.8636055,16.39, 3389.79
1656939211.8910017,17.62, 3593.39
1656939212.9281068,16.06, 2999.87
1656939213.9553893,17.76, 3533.35
1656939214.984999,21.05, 3406.07
1656939216.0091593,20.14, 3211.88
1656939217.0333061,12.30, 2047.48
1656939218.0649507,16.85, 2866.41
1656939219.095114,20.61, 2930.72
1656939220.1190355,18.62, 3099.45
1656939221.1531594,17.71, 3113.20
1656939222.1839893,23.34, 3733.37
1656939223.2134867,20.18, 3379.18
1656939224.2485666,24.53, 2866.73
1656939225.2725708,12.07, 2021.20
1656939226.2913334,13.13, 2191.47
1656939227.3192487,11.12, 1718.96
1656939228.3530033,11.15, 1992.17
1656939229.385725,20.13, 3451.62
1656939230.4200244,29.45, 4378.42
1656939231.4647727,21.31, 3477.75
1656939232.5063534,19.28, 3358.67
1656939233.5376036,16.70, 2662.79
1656939234.5667503,18.85, 2833.72
1656939235.5991297,12.80, 1942.93
1656939236.6377857,16.25, 2377.48
1656939237.6715114,16.06, 2491.12
1656939238.7066052,16.43, 1584.64
1656939239.7312698,7.36, 1631.07
1656939240.7542117,8.57, 2837.27
1656939241.7819815,9.76, 2896.76
1656939242.8143678,19.30, 2756.70
1656939243.8390334,39.68, 4275.11
1656939244.8747501,29.30, 3414.72
1656939245.9040089,11.93, 4.22
1656939246.943058,12.00, 6.16
1656939247.9748898,12.77, 12.02
1656939249.0059676,11.28, 24.95
1656939250.0547583,11.06, 46.33
1656939251.0749416,12.14, 66.60
1656939252.1076007,11.69, 1.53
1656939253.140825,10.75, 1.94
1656939254.1731086,11.01, 1.48
1656939255.2073977,14.20, 8.66
1656939256.238762,10.85, 1.83
1656939257.2607274,11.67, 1.44
1656939258.2918406,10.64, 1.63
1656939259.3272517,10.91, 1.42
1656939260.3480346,10.45, 1.58
1656939261.3841615,10.82, 1.52
1656939262.41343,11.14, 1.47
1656939263.4382446,10.40, 1.66
1656939264.4605396,13.59, 1.94
1656939265.4989169,10.35, 1.44
1656939266.5295165,10.23, 1.63
1656939267.5586283,10.41, 1.49
1656939268.590087,9.74, 1.57
1656939269.613227,10.81, 1.99
1656939270.6478727,10.40, 1.60
1656939271.6796107,10.50, 1.48
1656939272.7048042,11.89, 148.59
1656939273.7370095,12.09, 368.88
1656939274.763364,13.60, 734.93
1656939275.7907712,14.77, 1450.77
1656939276.8244576,18.34, 2308.71
1656939277.855171,15.48, 1687.39
1656939278.8867078,10.99, 1.81
1656939279.9137857,10.79, 1.54
1656939280.946756,16.38, 1032.79
1656939281.9757953,21.33, 3354.53
1656939282.9988701,13.59, 825.22
1656939284.0220087,10.66, 1.74
1656939285.0438166,9.56, 1.44
1656939286.0773125,12.71, 2.54
1656939287.1079986,10.28, 1.48
1656939288.1424682,11.72, 2.07
1656939289.1788702,10.58, 1.86
1656939290.2020874,11.21, 42.40
1656939291.22941,10.42, 1.61
1656939292.2603076,14.09, 2.40
1656939293.2940695,10.24, 1.76
1656939294.3207636,12.77, 3.18
1656939295.3573713,15.66, 7.23
1656939296.386235,9.97, 1.60
1656939297.4206152,11.22, 1.60
1656939298.4433274,12.30, 1.66
1656939299.4664855,11.16, 2.41
1656939300.4891276,10.18, 1.63
1656939301.5213785,9.91, 1.55
1656939302.5533204,10.47, 1.57
1656939303.5825963,10.74, 7.80
1656939304.6119378,10.63, 1.28
1656939305.634325,9.86, 1.13
1656939306.6656206,9.88, 1.45
1656939307.7004237,12.05, 2.08
1656939308.736247,9.91, 1.31
1656939309.7550647,10.86, 5.44
1656939310.7936199,10.01, 6.76
1656939311.8392406,19.71, 544.14
1656939312.8708963,15.91, 578.81
1656939313.9023063,25.33, 2875.21
1656939314.9498901,27.41, 3674.53
1656939315.9872286,9.21, 192.24
1656939317.0167506,7.19, 37.27
1656939318.0499463,10.00, 38.69
1656939319.0778053,12.28, 43.13
1656939320.1051815,14.95, 62.93
1656939321.1475837,26.68, 2745.13
1656939322.180858,13.86, 343.28
1656939323.2102585,14.22, 66.68
1656939324.2391462,13.99, 77.04
1656939325.2638404,13.41, 74.57
1656939326.2891233,14.26, 82.37
1656939327.3182347,13.64, 79.12
1656939328.358257,14.31, 85.43
1656939329.3962,14.27, 91.40
1656939330.4323394,13.52, 86.72
1656939331.4704294,14.49, 93.14
1656939332.5081203,15.59, 237.54
1656939333.537372,14.44, 99.83
1656939334.5749629,14.18, 98.30
1656939335.6095326,13.85, 102.85
1656939336.6458547,16.51, 109.51
1656939337.6861336,15.07, 98.64
1656939338.722536,14.29, 103.27
1656939339.7653267,14.63, 102.27
1656939340.7981484,14.61, 101.20
1656939341.821881,13.36, 108.13
1656939342.8498514,14.67, 101.55
1656939343.8771513,15.07, 118.05
1656939344.909117,14.08, 107.16
1656939345.9446564,14.55, 104.59
1656939346.9811625,13.73, 102.98
1656939348.0216906,15.02, 98.64
1656939349.0471227,14.90, 102.12
1656939350.0770621,14.02, 103.81
1656939351.1126847,14.13, 102.55
1656939352.1440423,13.95, 90.98
1656939353.1789258,14.92, 102.27
1656939354.2184198,15.74, 123.22
1656939355.251887,13.40, 85.00
1656939356.278421,15.12, 107.40
1656939357.3185732,14.64, 90.17
1656939358.354916,16.67, 95.36
1656939359.4010844,18.36, 91.84
1656939360.4205928,13.92, 95.89
1656939361.4524362,14.68, 90.15
1656939362.4824593,13.94, 91.24
1656939363.5196245,20.01, 110.66
1656939364.5608733,17.92, 103.38
1656939365.5967155,13.89, 96.62
1656939366.6326406,13.81, 92.62
1656939367.670276,14.26, 104.71
1656939368.7112257,12.53, 105.55
1656939369.746503,17.22, 107.23
1656939370.781429,13.74, 108.43
1656939371.8133101,14.53, 109.68
1656939372.8516889,14.64, 102.36
1656939373.87341,16.20, 105.33
1656939374.915214,14.46, 103.87
1656939375.955643,14.43, 98.32
1656939376.9941497,14.12, 108.44
1656939378.0304453,14.79, 104.13
1656939379.0590441,14.95, 105.64
1656939380.0873346,14.79, 104.73
1656939381.1219127,13.71, 94.42
1656939382.1597917,14.22, 105.43
1656939383.1969836,18.49, 91.61
1656939384.2357724,16.97, 106.84
1656939385.3087413,13.99, 96.89
1656939386.3648438,13.97, 91.67
1656939387.4110448,14.15, 97.20
1656939388.4510477,15.31, 97.49
1656939389.492665,14.55, 96.69
1656939390.5319138,14.27, 92.45
1656939391.56438,14.41, 97.31
1656939392.5994875,14.02, 98.42
1656939393.639363,14.64, 98.52
1656939394.6689513,14.44, 101.03
1656939395.7154899,13.83, 95.77
1656939396.7795713,13.76, 95.84
1656939397.8043714,14.56, 98.86
1656939398.8422961,13.95, 105.47
1656939399.873562,15.26, 104.83
1656939400.9080732,13.62, 98.11
1656939401.9298139,14.89, 101.96
1656939402.9643085,14.64, 98.24
1656939404.036012,14.26, 95.03
1656939405.077278,14.20, 102.63
1656939406.1048238,13.46, 97.98
1656939407.1273592,13.77, 103.00
1656939408.1609788,18.57, 683.61
1656939409.197936,15.63, 322.27
1656939410.2331936,13.53, 90.40
1656939411.2748468,16.13, 85.33
1656939412.3179193,17.50, 87.39
1656939413.3436987,14.61, 87.52
1656939414.3683345,14.63, 88.45
1656939415.4059677,13.93, 89.81
1656939416.4484184,14.11, 79.84
1656939417.4877656,14.03, 103.98
1656939418.5256953,15.32, 100.48
1656939419.5625744,15.04, 98.85
1656939420.6009645,14.23, 95.49
1656939421.6397922,14.01, 99.72
1656939422.6735704,15.00, 98.25
1656939423.7020795,14.53, 102.84
1656939424.735874,14.11, 100.91
1656939425.7703912,13.65, 93.27
1656939426.807249,14.37, 92.36
1656939427.8491228,14.62, 90.94
1656939428.8758752,13.98, 99.23
1656939429.9010518,14.26, 95.10
1656939430.9327059,13.66, 91.39
1656939431.9733827,14.22, 90.48
1656939433.0008357,16.11, 101.33
1656939434.04294,13.75, 98.62
1656939435.0851977,14.35, 91.74
1656939436.1191342,14.67, 88.82
1656939437.1645145,13.52, 91.36
1656939438.1968727,13.47, 95.21
1656939439.2309358,14.15, 106.12
1656939440.2635164,15.96, 100.46
1656939441.2959187,14.25, 95.47
1656939442.3228846,17.11, 491.97
1656939443.3504772,14.07, 87.17
1656939444.3882263,14.58, 99.29
1656939445.4233227,13.21, 110.01
1656939446.4475377,16.14, 112.37
1656939447.477371,14.14, 101.33
1656939448.519521,17.56, 90.27
1656939449.560977,12.95, 81.17
1656939450.5968366,13.34, 125.73
1656939451.6355915,14.33, 125.52
1656939452.6720927,14.01, 104.06
1656939453.7048187,15.38, 105.92
1656939454.738049,14.27, 100.87
1656939455.7679715,12.77, 98.84
1656939456.8080328,14.18, 98.25
1656939457.8477898,15.21, 94.80
1656939458.8870146,14.06, 97.06
1656939459.9281352,14.06, 90.21
1656939460.9601803,13.92, 90.02
1656939462.0046194,14.28, 93.82
1656939463.041204,14.75, 91.70
1656939464.0817478,13.47, 98.52
1656939465.113788,17.39, 97.31
1656939466.1443422,13.71, 93.53
1656939467.1771762,16.46, 98.34
1656939468.216741,15.06, 91.11
1656939469.2575295,13.82, 89.67
1656939470.2988458,14.87, 105.08
1656939471.336715,14.07, 96.77
1656939472.3755622,14.96, 97.39
1656939473.4207573,18.19, 95.85
1656939474.459902,16.03, 94.56
1656939475.4948313,13.90, 90.59
1656939476.534503,14.21, 96.93
1656939477.5665114,14.71, 92.04
1656939478.608623,14.16, 91.90
1656939479.6482024,12.72, 85.25
1656939480.683352,13.22, 87.93
1656939481.7268136,13.69, 98.02
1656939482.7685595,14.11, 86.92
1656939483.813262,15.08, 100.14
1656939484.8482633,17.92, 60.04
1656939485.8905642,12.85, 55.21
1656939486.9344137,13.56, 47.19
1656939487.9734223,16.35, 217.60
1656939489.006722,14.50, 100.79
1656939490.0536315,18.97, 98.61
1656939491.097674,14.18, 99.60
1656939492.142829,14.22, 100.01
1656939493.1723888,30.02, 121.69
1656939494.2073507,24.76, 109.37
1656939495.2481232,17.34, 108.38
1656939496.283613,17.09, 122.42
1656939497.318611,19.55, 113.84
1656939498.3551612,15.29, 94.46
1656939499.3900692,14.65, 99.46
1656939500.4142785,15.52, 98.31
1656939501.4475553,14.56, 99.48
1656939502.494558,14.46, 94.55
1656939503.532932,15.10, 98.39
1656939504.565554,14.90, 99.79
1656939505.5981894,14.22, 96.00
1656939506.626187,13.84, 103.07
1656939507.664954,14.34, 96.91
1656939508.7009094,15.37, 103.31
1656939509.746631,14.94, 99.30
1656939510.7746267,14.54, 99.78
1656939511.8094108,14.34, 98.51
1656939512.8463032,15.23, 99.74
1656939513.8786511,14.53, 103.45
1656939514.9159439,14.71, 98.77
1656939515.9460294,14.17, 90.05
1656939516.986466,13.87, 104.46
1656939518.024293,14.15, 99.63
1656939519.0539649,13.56, 95.33
1656939520.086766,13.93, 99.26
1656939521.116851,14.42, 114.30
1656939522.1585639,14.18, 102.06
1656939523.2072704,16.46, 211.32
1656939524.239147,14.56, 105.69
1656939525.2725239,17.59, 101.86
1656939526.308906,14.69, 99.98
1656939527.342342,17.35, 102.61
1656939528.383733,15.17, 98.89
1656939529.4235535,15.41, 100.70
1656939530.4640267,16.03, 100.20
1656939531.4946055,14.29, 98.55
1656939532.5460303,14.53, 94.92
1656939533.571676,15.06, 99.58
1656939534.5979974,15.08, 94.57
1656939535.6361055,14.60, 95.54
1656939536.6743522,14.00, 98.67
1656939537.7120252,15.17, 96.10
1656939538.7532265,15.22, 104.67
1656939539.7872088,15.35, 98.80
1656939540.8223715,14.41, 99.24
1656939541.843823,15.15, 99.81
1656939542.8712175,14.73, 98.69
1656939543.9168932,15.38, 101.79
1656939544.9503176,16.67, 99.99
1656939545.9831111,13.60, 97.71
1656939547.0169418,14.38, 99.97
1656939548.056126,14.76, 99.88
1656939549.0975902,14.46, 97.12
1656939550.137327,16.59, 94.16
1656939551.1825273,12.51, 81.29
1656939552.2137961,13.78, 108.67
1656939553.2490058,12.57, 103.95
1656939554.276721,13.63, 107.46
1656939555.3179364,13.90, 98.88
1656939556.3662598,13.56, 91.19
1656939557.4096355,13.05, 49.64
1656939558.4468622,12.74, 47.24
1656939559.4853117,12.12, 45.10
1656939560.5249107,14.54, 121.43
1656939561.555859,16.44, 272.26
1656939562.6029816,14.53, 103.38
1656939563.6501825,14.71, 101.97
1656939564.6884518,14.96, 102.64
1656939565.7335012,13.95, 101.11
1656939566.7701666,13.13, 99.50
1656939567.8108096,15.01, 117.39
1656939568.850752,20.23, 189.09
1656939569.8779213,15.30, 106.59
1656939570.913237,13.76, 105.49
1656939571.9463534,14.25, 105.93
1656939572.9862294,14.34, 105.38
1656939574.0257666,14.77, 105.35
1656939575.0677438,14.98, 100.97
1656939576.1077185,12.46, 100.17
1656939577.1396928,13.88, 104.25
1656939578.1818662,15.12, 98.29
1656939579.2061975,14.56, 103.72
1656939580.2463775,14.68, 101.85
1656939581.2834163,13.86, 97.88
1656939582.319732,15.02, 104.35
1656939583.3551924,15.53, 102.53
1656939584.3905635,14.56, 103.45
1656939585.426613,14.29, 101.88
1656939586.4660947,14.71, 98.36
1656939587.50323,14.22, 88.92
1656939588.5369577,14.25, 99.74
1656939589.573924,14.05, 107.25
1656939590.6046362,13.74, 98.70
1656939591.6457746,13.67, 105.51
1656939592.6862547,12.70, 77.72
1656939593.7157562,16.09, 55.88
1656939594.7587533,19.08, 59.16
1656939595.8068917,13.08, 46.94
1656939596.8373837,13.94, 135.96
1656939597.8777359,15.95, 172.68
1656939598.913408,15.58, 108.78
1656939600.0140734,14.24, 97.99
1656939601.0719907,12.98, 99.38
1656939602.1060462,13.42, 86.28
1656939603.1395335,19.22, 105.55
1656939604.1837878,14.62, 126.79
1656939605.2156527,17.76, 88.63
1656939606.2548509,13.84, 90.37
1656939607.2886956,14.97, 136.60
1656939608.3151052,13.07, 80.69
1656939609.350118,12.86, 78.86
1656939610.3886085,14.30, 80.94
1656939611.4241712,13.14, 122.57
1656939612.4587858,14.70, 83.15
1656939613.4954555,14.60, 104.88
1656939614.5344658,13.72, 76.58
1656939615.57052,13.08, 76.05
1656939616.6071062,12.86, 98.47
1656939617.6459873,13.55, 104.24
1656939618.6821077,13.84, 100.42
1656939619.7193363,17.00, 76.59
1656939620.7575748,13.50, 100.16
1656939621.7973514,12.27, 65.90
1656939622.8334649,12.10, 70.81
1656939623.8778722,14.22, 123.92
1656939624.9247475,15.20, 138.18
1656939625.9614263,12.28, 67.47
1656939626.9880366,12.70, 71.05
1656939628.033167,12.77, 71.42
1656939629.0682056,13.95, 71.67
1656939630.1069975,12.88, 72.98
1656939631.139569,13.12, 69.39
1656939632.1788206,12.58, 63.76
1656939633.2065773,13.21, 70.11
1656939634.2423708,12.47, 76.18
1656939635.2860599,14.48, 121.28
1656939636.3278482,12.41, 70.83
1656939637.3493404,12.89, 90.25
1656939638.3736048,14.56, 121.84
1656939639.400618,12.73, 173.95
1656939640.432964,13.42, 79.04
1656939641.4661326,14.03, 140.20
1656939642.50157,15.46, 288.26
1656939643.539739,15.40, 179.26
1656939644.5833285,15.17, 124.05
1656939645.617722,14.16, 99.87
1656939646.6506968,14.18, 96.53
1656939647.6943662,14.20, 100.21
1656939648.7362416,17.64, 101.58
1656939649.7760031,14.13, 100.49
1656939650.8078806,13.49, 100.66
1656939651.8456078,13.94, 100.03
1656939652.8856397,14.73, 96.42
1656939653.914364,13.32, 100.79
1656939654.947003,17.33, 97.52
1656939655.9870582,13.47, 83.26
1656939657.020144,12.53, 47.73
1656939658.0516176,12.81, 49.78
1656939659.0885787,13.24, 48.14
1656939660.1230867,11.85, 1.43
1656939661.1570766,10.26, 1.04
