ts,ul_kBps,dl_kBps
1657371320.9948964,0.42, 0.19
1657371322.0311546,4.36, 14.02
1657371323.063951,19.07, 538.32
1657371324.0888693,9.38, 1158.24
1657371325.1283345,9.75, 537.27
1657371326.1495295,8.56, 609.04
1657371327.1888673,15.96, 2038.73
1657371328.2273908,2.90, 24.62
1657371329.249063,11.45, 3087.31
1657371330.2717948,9.28, 3280.38
1657371331.2957609,17.67, 3386.94
1657371332.316242,15.84, 5942.85
1657371333.3323898,18.43, 6623.29
1657371334.358029,15.84, 5983.58
1657371335.3906572,16.85, 5769.15
1657371336.4291492,18.26, 6525.05
1657371337.4613807,17.45, 5524.46
1657371338.4895701,14.00, 4788.33
1657371339.5125504,17.89, 5261.33
1657371340.539212,26.76, 4065.77
1657371341.5719564,27.71, 3167.01
1657371342.6022882,39.19, 4778.47
1657371343.6234324,45.51, 5809.31
1657371344.6598268,38.70, 5007.22
1657371345.6827545,48.04, 5898.97
1657371346.704986,48.37, 6069.85
1657371347.7236645,31.66, 3908.50
1657371348.7527866,30.08, 3521.65
1657371349.7841876,45.34, 4849.73
1657371350.812234,43.13, 5259.57
1657371351.8286593,41.70, 6322.11
1657371352.8584514,52.67, 7511.35
1657371353.8862674,40.01, 5480.15
1657371354.9166472,42.54, 5747.69
1657371355.9545076,43.34, 5707.32
1657371356.988305,39.40, 5186.46
1657371358.0153866,39.94, 5046.62
1657371359.0391107,39.75, 5093.16
1657371360.0646446,41.63, 5532.84
1657371361.0850039,42.25, 5420.60
1657371362.119243,35.35, 3987.08
1657371363.1442263,19.93, 2638.36
1657371364.156045,17.73, 2388.59
1657371365.1769152,4.38, 480.53
1657371366.1979833,8.50, 43.31
1657371367.2304313,24.87, 2980.94
1657371368.2497268,12.22, 53.25
1657371369.272405,11.20, 13.30
1657371370.3002808,12.45, 10.07
1657371371.3376079,12.25, 10.99
1657371372.3658745,14.06, 17.85
1657371373.4006672,11.60, 11.74
1657371374.434783,11.39, 9.89
1657371375.4695375,11.02, 9.37
1657371376.5026233,11.22, 10.63
1657371377.5373101,10.99, 10.02
1657371378.5747092,11.13, 7.78
1657371379.5949702,10.65, 10.95
1657371380.6291013,10.71, 12.64
1657371381.656862,18.53, 27.47
1657371382.684837,10.41, 13.91
1657371383.7140088,11.17, 13.39
1657371384.7416139,10.77, 13.35
1657371385.771529,11.84, 14.78
1657371386.7925522,12.05, 11.38
1657371387.8187294,11.02, 13.50
1657371388.8450043,11.05, 13.30
1657371389.8697078,10.59, 13.20
1657371390.8945048,9.73, 14.22
1657371391.9196475,13.10, 13.72
1657371392.9496388,10.98, 13.47
1657371393.9813156,11.38, 12.45
1657371395.0046344,10.75, 14.49
1657371396.040702,11.21, 14.73
1657371397.0701156,11.75, 13.42
1657371398.1029801,10.61, 15.10
1657371399.1268723,10.49, 13.97
1657371400.1585963,11.56, 21.55
1657371401.1873984,15.45, 532.82
1657371402.2198853,20.26, 2653.48
1657371403.2495716,11.24, 50.14
1657371404.279787,13.34, 36.90
1657371405.3049486,10.64, 50.92
1657371406.332688,12.59, 108.90
1657371407.3577151,10.95, 25.28
1657371408.389042,11.13, 20.40
1657371409.4210422,12.13, 23.51
1657371410.4484346,15.94, 31.20
1657371411.4703524,12.79, 24.69
1657371412.5009642,11.88, 26.46
1657371413.5307038,13.50, 138.28
1657371414.5495539,14.63, 1709.88
1657371415.5679538,11.20, 29.25
1657371416.60358,11.82, 33.78
1657371417.6374714,11.21, 33.65
1657371418.665298,11.92, 35.46
1657371419.6941664,15.40, 1139.97
1657371420.7232096,26.20, 4162.01
1657371421.7442122,8.09, 50.85
1657371422.7650704,11.12, 50.97
1657371423.7950535,12.27, 41.92
1657371424.8155303,11.61, 40.25
1657371425.8467278,11.49, 49.13
1657371426.8748443,12.80, 51.03
1657371427.903895,12.55, 55.76
1657371428.9415143,12.84, 55.35
1657371429.96687,12.33, 50.21
1657371430.9956343,12.35, 58.74
1657371432.0183616,14.01, 54.86
1657371433.0455146,12.39, 56.61
1657371434.0721378,13.20, 59.43
1657371435.0966163,11.95, 56.29
1657371436.1237118,11.99, 56.66
1657371437.1483498,14.05, 54.05
1657371438.1761901,20.52, 2004.44
1657371439.2134633,28.74, 4468.55
1657371440.2386744,13.21, 119.14
1657371441.2747967,14.64, 757.15
1657371442.3016608,16.23, 1270.25
1657371443.3332093,21.61, 2044.65
1657371444.3709888,20.46, 2577.59
1657371445.4068723,12.96, 80.66
1657371446.4285579,13.73, 79.01
1657371447.4626057,15.68, 84.30
1657371448.5014331,14.66, 88.24
1657371449.5315387,12.68, 82.81
1657371450.5539782,12.95, 79.57
1657371451.5736837,14.20, 79.93
1657371452.6013618,17.59, 88.57
1657371453.6399522,13.28, 87.24
1657371454.6765468,13.10, 87.69
1657371455.7019942,12.79, 82.54
1657371456.7352786,17.51, 122.88
1657371457.7645369,13.37, 84.77
1657371458.7981534,13.51, 84.88
1657371459.8302674,12.50, 80.13
1657371460.851394,15.03, 83.32
1657371461.8834374,14.09, 80.73
1657371462.919625,12.50, 84.95
1657371463.9571354,12.39, 83.54
1657371464.9924421,13.08, 81.64
1657371466.0300071,11.98, 83.05
1657371467.0683615,13.70, 90.37
1657371468.0948045,12.25, 82.75
1657371469.1332467,14.64, 109.67
1657371470.1710272,12.73, 82.36
1657371471.1948664,12.20, 83.04
1657371472.2321208,13.11, 82.52
1657371473.261298,14.68, 82.47
1657371474.2846048,12.89, 74.25
1657371475.3166468,12.72, 74.03
1657371476.3425303,13.30, 70.89
1657371477.3689964,12.86, 71.98
1657371478.400487,13.49, 76.86
1657371479.4346416,12.92, 77.42
1657371480.4673822,13.37, 83.95
1657371481.4982738,13.69, 80.94
1657371482.5300667,12.58, 77.18
1657371483.5584314,12.69, 82.50
1657371484.5865283,12.43, 85.78
1657371485.6124308,13.00, 89.16
1657371486.6475663,13.77, 88.93
1657371487.671349,13.02, 86.04
1657371488.6996238,12.96, 82.56
1657371489.7337542,14.17, 82.47
1657371490.761581,11.98, 80.40
1657371491.7941773,13.39, 83.20
1657371492.816558,11.15, 87.27
1657371493.854333,6.43, 82.50
1657371494.8869197,7.68, 86.79
1657371495.9211376,13.80, 77.17
1657371496.959538,12.20, 80.39
1657371497.9981349,13.17, 79.58
1657371499.0254185,13.26, 79.53
1657371500.0600533,13.10, 79.05
1657371501.1008039,12.79, 82.51
1657371502.1364398,12.32, 79.15
1657371503.1728325,12.19, 72.08
1657371504.2055655,6.94, 73.90
1657371505.238916,9.44, 75.87
1657371506.263241,12.57, 69.55
1657371507.3023448,30.03, 5349.59
1657371508.3399355,13.02, 77.75
1657371509.374823,12.85, 75.19
1657371510.4124525,12.50, 73.92
1657371511.45021,14.25, 76.30
1657371512.4759097,12.51, 73.61
1657371513.5141568,12.56, 84.70
1657371514.5493677,9.01, 79.29
1657371515.584976,6.10, 78.25
1657371516.6193066,13.29, 71.85
1657371517.653498,12.65, 76.90
1657371518.688307,13.13, 79.82
1657371519.726214,12.75, 79.52
1657371520.7613568,8.23, 75.24
1657371521.7905366,10.46, 73.56
1657371522.823253,9.34, 75.19
1657371523.8649747,13.00, 62.36
1657371524.9010174,9.71, 68.87
1657371525.9377034,10.33, 76.08
1657371526.961495,13.48, 76.96
1657371527.9917924,12.18, 71.10
1657371529.0252206,12.98, 75.36
1657371530.0595527,12.81, 76.11
1657371531.094286,12.39, 76.92
1657371532.133419,13.94, 76.36
1657371533.1721532,10.40, 85.39
1657371534.193793,13.38, 78.24
1657371535.230561,13.22, 77.91
1657371536.2583807,12.80, 83.31
1657371537.2919552,15.31, 78.98
1657371538.323652,14.09, 80.98
1657371539.3554356,15.84, 83.56
1657371540.3848348,11.77, 75.45
1657371541.4116993,9.06, 80.81
1657371542.4496877,11.82, 79.45
1657371543.4886084,12.22, 79.66
1657371544.5245345,11.28, 80.15
1657371545.555098,12.62, 79.15
1657371546.5855474,13.53, 78.50
1657371547.6125364,12.91, 77.78
1657371548.6490095,13.66, 79.74
1657371549.684774,13.17, 76.67
1657371550.7223155,11.91, 77.25
1657371551.7526033,11.06, 79.42
1657371552.7824447,15.96, 77.43
1657371553.8186507,13.25, 73.92
1657371554.8545053,10.22, 75.52
1657371555.8927517,8.68, 78.13
1657371556.925337,13.36, 73.51
1657371558.0057528,11.51, 71.77
1657371559.0454173,13.38, 79.39
1657371560.0808146,12.81, 76.14
1657371561.116424,10.63, 77.07
1657371562.147168,11.17, 81.36
1657371563.1811743,12.08, 88.04
1657371564.2031775,13.18, 83.46
1657371565.2394528,10.85, 85.08
1657371566.2744193,12.47, 79.48
1657371567.3054461,17.25, 86.04
1657371568.3407183,12.62, 79.36
1657371569.3755755,12.87, 78.06
1657371570.411663,13.09, 77.72
1657371571.4504118,12.82, 79.92
1657371572.4886158,13.38, 78.12
1657371573.5215557,12.88, 83.19
1657371574.5564759,13.07, 78.39
1657371575.5834901,11.97, 78.20
1657371576.6091173,12.64, 78.38
1657371577.6413555,12.99, 78.38
1657371578.675706,13.11, 81.87
1657371579.7133148,10.96, 76.40
1657371580.7533307,12.54, 77.24
1657371581.7862928,13.56, 81.95
1657371582.8135464,12.89, 82.98
1657371583.847792,13.14, 80.27
1657371584.8845708,12.31, 74.92
1657371585.9237967,12.47, 78.21
1657371586.9565823,13.27, 77.10
1657371587.9903643,12.53, 81.71
1657371589.0137827,13.82, 78.25
1657371590.0512743,7.78, 75.62
1657371591.084244,12.16, 80.58
1657371592.1165793,13.27, 75.51
1657371593.1477664,12.64, 77.80
1657371594.1741683,13.48, 84.25
1657371595.2073474,12.00, 75.80
1657371596.2419531,10.53, 82.53
1657371597.2717853,12.43, 83.32
1657371598.3073862,12.33, 75.47
1657371599.3417568,13.14, 72.72
1657371600.379656,11.55, 75.82
1657371601.4022617,13.99, 80.07
1657371602.4362772,12.35, 75.91
1657371603.46809,12.62, 78.50
1657371604.5060837,12.02, 75.95
1657371605.5405595,12.61, 87.12
1657371606.5705018,11.01, 79.64
1657371607.6103158,6.28, 75.75
1657371608.6473985,9.72, 77.13
1657371609.6730928,12.90, 76.42
1657371610.69533,10.31, 72.80
1657371611.7295055,12.06, 79.31
1657371612.7625527,13.23, 74.76
1657371613.793104,13.01, 75.25
1657371614.827495,12.35, 74.80
1657371615.8631012,12.47, 74.32
1657371616.9004636,14.05, 75.20
1657371617.93552,12.88, 71.42
1657371618.9613369,12.92, 76.09
1657371619.9983454,12.50, 73.35
1657371621.025954,11.42, 74.71
1657371622.0619216,14.40, 78.30
1657371623.0893989,15.84, 75.58
1657371624.1297529,13.45, 70.81
1657371625.1703913,12.86, 71.99
1657371626.2124884,12.88, 78.25
1657371627.2456145,13.53, 77.98
1657371628.282294,13.19, 77.94
1657371629.308342,14.83, 85.26
1657371630.346575,22.05, 99.88
1657371631.3786366,13.72, 81.88
1657371632.4113743,11.62, 78.15
1657371633.4414623,13.73, 78.54
1657371634.4843495,13.42, 77.23
1657371635.515722,13.55, 75.27
1657371636.538902,13.01, 75.25
1657371637.57046,13.62, 73.18
1657371638.597106,13.57, 73.18
1657371639.624943,13.09, 76.33
1657371640.660175,13.23, 70.76
1657371641.6928487,12.62, 72.70
1657371642.7343245,12.98, 31.61
1657371643.7687275,15.30, 11.68
