ts,ul_kBps,dl_kBps
1657549377.8118868,3.89, 23.08
1657549378.8369052,23.33, 2038.78
1657549379.8558671,9.17, 2571.49
1657549380.8796256,9.68, 82.62
1657549381.896891,11.55, 4361.52
1657549382.9109693,50.65, 23923.86
1657549383.9302444,62.87, 18432.46
1657549384.9512384,40.39, 17714.57
1657549385.9628356,8.10, 274.75
1657549386.9902291,2.82, 30.07
1657549388.0235379,1.77, 24.72
1657549389.03731,1.64, 24.58
1657549390.0542586,1.83, 24.22
1657549391.064319,1.74, 27.53
1657549392.0821335,1.23, 26.60
1657549393.1470587,2.91, 48.34
1657549394.1776407,24.46, 1902.16
1657549395.2061892,30.07, 3197.23
1657549396.2265208,27.49, 3475.62
1657549397.2420983,19.72, 4203.70
1657549398.263403,11.78, 2291.44
1657549399.2937803,23.21, 5742.90
1657549400.3212001,14.39, 1373.44
1657549401.354964,22.85, 2852.49
1657549402.3811588,27.35, 3054.20
1657549403.403281,30.56, 3057.54
1657549404.4259179,31.05, 2834.55
1657549405.4439964,32.10, 2718.79
1657549406.4767754,35.81, 3040.79
1657549407.513376,33.02, 3099.56
1657549408.5508,27.46, 3108.44
1657549409.570482,27.33, 3119.07
1657549410.6039295,29.30, 3111.31
1657549411.6355588,32.75, 3095.74
1657549412.6696553,23.68, 1891.07
1657549413.7002997,7.95, 21.08
1657549414.7260847,3.06, 125.65
1657549415.7574236,1.23, 30.82
1657549416.7918227,9.51, 44.64
1657549417.8173602,7.63, 52.16
1657549418.8389177,4.76, 40.45
1657549419.8822012,2.39, 37.19
1657549420.9196203,1.69, 32.64
1657549421.9526544,1.40, 33.31
1657549422.9847934,1.97, 34.69
1657549424.0184577,1.40, 29.66
1657549425.052245,2.36, 25.42
1657549426.0820231,1.28, 23.97
1657549427.092139,1.07, 26.30
1657549428.1216772,2.11, 30.22
1657549429.1318774,1.18, 37.22
1657549430.17158,3.40, 40.26
1657549431.2119951,1.60, 52.53
1657549432.2319868,4.87, 54.37
1657549433.271896,1.34, 50.86
1657549434.3116004,1.88, 46.64
1657549435.3516412,2.27, 45.30
1657549436.3717504,4.66, 41.11
1657549437.4216268,8.35, 46.24
1657549438.4719918,1.74, 36.17
1657549439.5118566,1.60, 41.30
1657549440.5520227,2.62, 57.60
1657549441.5922089,2.47, 65.57
1657549442.625845,15.57, 86.62
1657549443.6511521,19.25, 83.43
1657549444.756334,12.30, 817.18
1657549445.8008425,17.55, 151.85
1657549447.0013402,14.32, 123.27
1657549448.0716643,48.67, 164.85
1657549449.097452,8.66, 58.54
1657549450.1321976,50.02, 233.95
1657549451.156483,17.87, 181.60
1657549452.1787486,11.05, 182.29
1657549453.2431622,45.30, 703.15
1657549454.277099,76.67, 204.12
1657549455.3012283,56.20, 367.46
1657549456.3321657,53.12, 4177.81
1657549457.3587694,32.49, 144.16
1657549458.3856194,11.34, 721.89
1657549459.403833,3.51, 877.36
1657549460.4196374,27.86, 2825.14
1657549461.4332237,7.03, 2696.80
1657549462.4451067,14.13, 1588.91
1657549463.4668703,1.80, 30.70
1657549464.4845088,1.28, 30.90
1657549465.5110106,2.46, 28.58
1657549466.533796,2.02, 27.20
1657549467.5603764,2.14, 65.36
1657549468.5914228,1.41, 28.45
1657549469.648124,5.43, 569.52
1657549470.6817155,15.03, 2080.11
1657549471.7216613,4.41, 28.55
1657549472.7815933,1.09, 27.88
1657549473.8155973,13.53, 30.07
1657549474.8386738,1.18, 31.40
1657549475.8616147,1.31, 28.47
1657549476.8894053,1.03, 28.68
1657549477.9115753,6.26, 51.42
1657549478.9390779,1.33, 37.33
1657549479.961359,1.68, 44.44
1657549480.9802966,13.92, 1829.01
1657549482.0044677,1.22, 39.43
1657549483.0317287,1.37, 45.90
1657549484.0437918,14.35, 800.99
1657549485.0699525,3.29, 822.90
1657549486.0914443,4.39, 1004.26
1657549487.1173663,1.63, 49.77
1657549488.1417034,2.10, 56.60
1657549489.1645944,14.54, 1721.56
1657549490.1889095,2.10, 64.56
1657549491.2059014,7.46, 58.92
1657549492.233898,2.17, 58.24
1657549493.259654,1.47, 60.10
1657549494.2883184,1.81, 55.43
1657549495.3106563,2.36, 57.18
1657549496.3463018,8.89, 54.14
1657549497.369921,16.32, 2096.85
1657549498.398372,1.47, 45.22
1657549499.4241736,1.54, 53.26
1657549500.4496274,1.22, 53.06
1657549501.4794314,7.17, 50.94
1657549502.5055506,1.23, 62.98
1657549503.5331473,1.62, 69.04
1657549504.554507,7.99, 806.02
1657549505.568072,14.18, 225.90
1657549506.5898473,1.15, 57.56
1657549507.6024055,0.59, 64.68
1657549508.6329887,1.57, 62.46
1657549509.6640239,5.98, 66.05
1657549510.6869256,3.98, 132.10
1657549511.705697,4.52, 347.32
1657549512.7347982,16.17, 2865.69
1657549513.760214,12.87, 2012.55
1657549514.7885463,5.06, 736.79
1657549515.818683,1.39, 57.01
1657549516.8439534,1.23, 72.25
1657549517.8702664,1.81, 68.13
1657549518.8947868,1.71, 84.20
1657549519.912031,1.56, 68.15
1657549520.9399972,2.32, 79.75
1657549521.9765394,4.58, 73.77
1657549523.0009274,7.89, 73.54
1657549524.0190756,19.35, 2706.84
1657549525.0392435,1.70, 84.23
1657549526.0661573,3.91, 79.16
1657549527.0885406,1.30, 66.46
1657549528.1009874,1.50, 70.24
1657549529.1249688,1.87, 71.18
1657549530.1495695,1.58, 86.73
1657549531.1728804,1.66, 78.40
1657549532.2208157,4.59, 69.06
1657549533.271344,1.88, 146.97
1657549534.3090205,2.38, 75.91
1657549535.36886,0.97, 65.94
1657549536.4181533,3.74, 66.29
1657549537.4633648,3.96, 68.05
1657549538.532602,3.09, 70.78
1657549539.572417,1.21, 65.83
1657549540.6101947,0.93, 53.33
1657549541.643486,0.92, 58.40
1657549542.6687036,8.55, 76.19
1657549543.6958656,7.32, 785.32
1657549544.7295394,0.98, 56.62
1657549545.760162,1.14, 54.19
1657549546.7892005,3.48, 63.44
1657549547.8227265,2.03, 53.18
1657549548.8705797,1.22, 49.28
1657549549.9002988,10.50, 497.59
1657549550.921941,4.14, 72.53
1657549551.9513705,2.60, 64.37
1657549552.9734468,8.49, 521.15
1657549554.005595,5.00, 71.50
1657549555.0356705,7.41, 774.41
1657549556.0688424,3.87, 50.33
1657549557.0989933,1.06, 52.33
1657549558.1241384,6.71, 471.85
1657549559.1566513,2.43, 179.55
1657549560.1865458,0.92, 43.51
1657549561.2135856,2.40, 55.74
1657549562.2377017,4.25, 489.36
1657549563.2685843,2.13, 53.22
1657549564.289921,1.28, 54.70
1657549565.323967,1.55, 51.49
1657549566.3568392,2.18, 51.75
1657549567.3876028,12.14, 1059.03
1657549568.4307425,3.59, 60.65
1657549569.4638305,4.84, 69.17
1657549570.4859085,1.08, 49.31
1657549571.5050547,0.70, 46.90
1657549572.536487,7.54, 537.28
1657549573.565527,0.87, 50.98
1657549574.592739,1.24, 49.45
1657549575.619609,0.98, 46.78
1657549576.6508884,5.73, 49.59
1657549577.6797302,6.95, 633.67
1657549578.702743,1.18, 53.82
1657549579.7308347,1.98, 67.19
1657549580.7636325,1.21, 63.89
1657549581.7924113,1.45, 61.55
1657549582.8213599,7.25, 602.51
1657549583.851403,1.43, 63.95
1657549584.883666,0.99, 60.70
1657549585.9116836,2.17, 55.56
1657549586.942521,0.90, 54.91
1657549587.9711223,6.32, 561.86
1657549589.0034018,1.20, 61.51
1657549590.0316944,0.93, 57.46
1657549591.0613134,0.95, 54.09
1657549592.0937755,3.55, 68.00
1657549593.1186814,8.04, 593.39
1657549594.1447792,1.20, 70.68
1657549595.1668086,1.63, 72.30
1657549596.1957803,1.36, 75.31
1657549597.229541,14.96, 806.94
1657549598.253556,2.36, 79.49
1657549599.2848415,1.81, 89.36
1657549600.3245952,6.47, 608.95
1657549601.356282,1.43, 82.74
1657549602.3808837,3.50, 80.86
1657549603.4024265,1.65, 92.42
1657549604.43145,1.68, 84.79
1657549605.4580064,7.41, 757.51
1657549606.4866993,2.64, 91.56
1657549607.509937,2.89, 92.85
1657549608.5362375,1.76, 103.59
1657549609.5565243,5.04, 96.84
1657549610.5815578,6.35, 616.42
1657549611.6119778,1.80, 78.40
1657549612.6416512,2.49, 84.21
1657549613.6717527,1.96, 93.71
1657549614.707691,1.79, 91.48
1657549615.735494,10.15, 495.70
1657549616.7691348,1.38, 89.11
1657549617.8008075,2.08, 78.07
1657549618.8236501,1.79, 93.90
1657549619.855657,1.89, 84.08
1657549620.8748448,5.15, 486.48
1657549621.906663,1.11, 75.18
1657549622.9328406,2.05, 68.96
1657549623.9531796,1.09, 88.85
1657549624.985103,1.13, 66.79
1657549626.0165222,5.38, 618.20
1657549627.0376983,1.37, 74.88
1657549628.0715978,5.34, 65.40
1657549629.0917757,1.12, 65.17
1657549630.1193998,1.08, 75.90
1657549631.1370792,0.63, 58.21
1657549632.1587331,6.55, 675.01
1657549633.1874866,2.06, 62.44
1657549634.2174537,1.23, 49.71
1657549635.2376316,1.16, 25.91
1657549636.2625406,3.45, 31.87
1657549637.283629,20.67, 1261.66
1657549638.3138967,2.02, 31.68
1657549639.3436584,1.44, 26.45
1657549640.3665657,2.00, 17.45
1657549641.3876407,5.12, 538.46
1657549642.4070249,1.85, 69.47
1657549643.4345293,2.86, 83.41
1657549644.4579933,1.20, 83.24
1657549645.4777312,2.06, 81.11
1657549646.5019934,1.18, 77.46
1657549647.5258725,6.03, 557.59
1657549648.550878,1.17, 80.58
1657549649.580784,3.67, 83.97
1657549650.6148336,2.33, 87.38
1657549651.6411772,0.89, 64.71
1657549652.6700823,6.46, 619.55
1657549653.698994,1.22, 80.35
1657549654.7268806,0.96, 86.39
1657549655.758416,1.16, 78.27
1657549656.7867994,0.90, 74.66
1657549657.822014,2.05, 76.19
1657549658.8497496,5.75, 636.74
1657549659.8739898,1.15, 77.24
1657549660.9036987,0.60, 69.70
1657549661.9285953,1.11, 73.74
1657549662.9594984,1.94, 66.18
1657549663.9823434,5.04, 518.48
1657549665.0066683,1.17, 59.45
1657549666.0403316,0.74, 54.42
1657549667.072138,0.97, 49.12
1657549668.101628,2.06, 45.45
1657549669.130543,5.41, 475.35
1657549670.159335,0.99, 37.59
1657549671.1918354,1.11, 18.43
1657549672.225144,0.94, 45.22
1657549673.255775,2.19, 24.02
1657549674.2849963,5.03, 472.62
1657549675.312226,7.49, 68.04
1657549676.337241,13.81, 762.34
1657549677.360796,0.79, 74.76
1657549678.394276,1.82, 74.42
1657549679.4174726,12.87, 612.85
1657549680.4368274,2.22, 30.38
1657549681.4635632,1.96, 22.75
1657549682.4809408,10.83, 50.80
1657549683.501294,2.88, 34.01
1657549684.5247197,7.19, 594.97
1657549685.5537906,8.81, 51.05
1657549686.5737085,1.78, 60.27
1657549687.5967827,5.42, 51.40
1657549688.6280208,2.21, 46.82
1657549689.6534789,1.07, 71.94
1657549690.6729379,5.35, 553.93
1657549691.6997483,1.11, 74.86
1657549692.724863,3.04, 79.82
1657549693.7577918,1.02, 92.80
1657549694.7868037,1.22, 57.73
1657549695.811975,5.14, 545.17
1657549696.8391266,1.27, 66.46
1657549697.869783,2.18, 75.04
1657549698.89493,1.11, 83.68
1657549699.9166634,0.99, 75.14
1657549700.9455013,7.83, 571.21
1657549701.972938,0.73, 74.29
1657549703.00053,2.05, 76.83
1657549704.0352366,0.99, 81.49
1657549705.0567234,1.16, 76.84
1657549706.0807211,6.53, 795.07
1657549707.111088,0.91, 69.28
1657549708.137623,1.94, 60.45
1657549709.1576192,0.92, 43.33
1657549710.1887958,0.83, 67.03
1657549711.2138135,6.08, 689.58
1657549712.239939,1.17, 77.14
1657549713.2727218,2.13, 83.15
1657549714.2994528,1.15, 88.92
1657549715.3316672,9.98, 93.02
1657549716.3677316,3.28, 395.58
1657549717.4012475,17.99, 848.37
1657549718.4397483,4.96, 110.61
1657549719.4616842,1.78, 100.35
1657549720.4828148,1.78, 97.83
1657549721.5159862,1.15, 91.97
1657549722.547216,7.29, 612.05
1657549723.5715663,2.24, 101.46
1657549724.5953898,2.21, 100.40
1657549725.6216235,1.71, 97.18
1657549726.6470358,1.45, 88.96
1657549727.6663132,9.29, 1029.84
1657549728.6952376,2.72, 93.09
1657549729.716259,1.75, 90.07
1657549730.7467763,1.75, 85.41
1657549731.7766225,1.23, 77.24
1657549732.7978013,6.71, 646.94
1657549733.8185577,1.29, 91.27
1657549734.8507097,1.66, 88.20
1657549735.8786643,1.70, 89.67
1657549736.9128242,4.43, 82.11
1657549737.9389238,7.17, 611.21
1657549738.9638271,1.83, 92.78
1657549739.9896398,1.61, 81.40
1657549741.0207927,1.24, 80.60
1657549742.0444887,1.10, 77.34
1657549743.0729332,7.35, 623.11
1657549744.097018,1.38, 95.04
1657549745.1237974,1.47, 86.59
1657549746.1533782,2.24, 84.61
1657549747.176683,1.80, 82.74
1657549748.2016292,12.55, 202.97
1657549749.2338603,10.84, 1206.53
1657549750.2542248,3.19, 478.62
1657549751.2770047,2.35, 72.59
1657549752.3057907,9.15, 90.34
1657549753.3248565,3.50, 84.18
1657549754.3507402,7.00, 642.75
1657549755.369169,1.00, 83.17
1657549756.3919296,1.21, 72.11
1657549757.4147415,14.77, 786.21
1657549758.4407332,2.96, 51.38
1657549759.4586227,5.74, 602.27
1657549760.478494,1.08, 78.93
1657549761.5012236,1.03, 91.68
1657549762.5333471,9.53, 79.26
1657549763.5738325,8.15, 85.34
1657549764.6049297,12.75, 596.47
1657549765.633941,1.70, 82.36
1657549766.665113,0.80, 71.48
1657549767.7353766,13.00, 99.85
1657549768.787135,7.29, 93.73
1657549769.8549244,25.30, 575.39
1657549771.009527,48.22, 104.45
1657549772.0828485,1.13, 66.52
1657549773.1191263,1.65, 81.80
1657549774.171015,0.95, 81.49
1657549775.2133636,6.92, 756.52
1657549776.2440221,1.13, 77.02
1657549777.282235,0.70, 76.25
1657549778.3237677,1.84, 80.07
1657549779.3644311,3.48, 87.91
1657549780.3992586,11.89, 583.27
1657549781.4301176,7.07, 78.09
1657549782.4690154,2.15, 86.03
1657549783.497549,7.13, 91.33
1657549784.5246665,4.27, 84.41
1657549785.570556,6.48, 525.72
1657549786.6691341,0.82, 71.64
1657549787.6985,0.83, 74.25
1657549788.7373104,1.92, 80.04
1657549789.767024,1.26, 79.68
1657549790.8076026,2.45, 161.59
1657549791.845409,2.52, 337.73
1657549792.8781817,1.29, 74.40
1657549793.928953,1.28, 83.18
1657549794.969767,0.97, 80.42
1657549796.017426,1.10, 72.51
1657549797.058313,17.68, 1076.83
1657549798.10131,2.57, 78.56
1657549799.1483483,3.23, 98.88
1657549800.1856813,1.58, 80.46
1657549801.222232,1.25, 79.91
1657549802.2632017,7.36, 772.96
1657549803.3121057,1.63, 81.91
1657549804.3469377,1.19, 72.57
1657549805.387822,1.72, 80.30
1657549806.4266298,1.27, 76.55
1657549807.4647048,8.14, 691.77
1657549808.5064483,2.99, 87.81
1657549809.572073,4.94, 87.26
1657549810.6181812,1.34, 50.63
1657549811.64943,0.76, 79.11
1657549812.6827254,5.68, 615.69
1657549813.7175639,2.78, 62.72
1657549814.7479222,1.18, 82.78
1657549815.7730162,2.72, 58.16
1657549816.8016012,0.69, 82.13
1657549817.8338058,5.35, 558.42
1657549818.8679202,3.66, 138.57
1657549819.896503,1.50, 77.68
1657549820.924805,0.76, 70.38
1657549821.9692962,1.19, 68.98
1657549823.0177882,6.48, 612.21
1657549824.0663354,1.38, 72.40
1657549825.093134,1.10, 80.93
1657549826.1330917,10.02, 100.91
1657549827.172689,7.19, 597.83
1657549828.278037,8.63, 634.53
1657549829.3368566,1.03, 58.22
1657549830.3749537,1.14, 85.68
1657549831.4092162,0.97, 68.38
1657549832.4420726,1.03, 71.27
1657549833.4645028,3.15, 65.81
1657549834.488146,3.17, 436.56
1657549835.5109735,1.32, 87.76
1657549836.5471478,5.69, 580.39
1657549837.5795534,3.01, 582.84
1657549838.6019285,3.52, 72.67
1657549839.6223006,10.99, 299.29
1657549840.6422088,12.99, 104.37
1657549841.667277,1.46, 125.35
1657549842.6884415,5.68, 133.21
1657549843.712277,3.84, 118.26
1657549844.7375104,4.37, 301.62
1657549845.7672582,3.04, 114.32
1657549846.7921398,2.27, 129.36
1657549847.822002,2.55, 129.30
1657549848.8522525,11.79, 142.87
1657549849.8641045,5.41, 317.52
1657549850.8971572,1.92, 114.24
1657549851.9362051,2.42, 111.51
1657549852.9562368,2.50, 119.53
1657549853.9812412,3.41, 120.80
1657549855.0080278,3.56, 121.52
1657549856.0352142,8.09, 411.57
1657549857.0651119,8.37, 319.07
1657549858.0907807,6.42, 612.97
1657549859.12394,2.74, 128.87
1657549860.1477768,1.76, 104.41
1657549861.1809595,6.76, 559.33
1657549862.1994288,1.85, 100.49
1657549863.2260578,2.69, 125.67
1657549864.2486572,2.10, 128.14
1657549865.2717276,2.36, 114.14
1657549866.2898173,18.09, 631.83
1657549867.3221726,1.82, 72.00
1657549868.3455448,3.15, 114.37
1657549869.3801053,2.42, 127.45
1657549870.4140947,1.74, 72.34
1657549871.4360774,6.68, 574.41
1657549872.4610312,1.56, 92.84
1657549873.4820065,3.21, 111.81
1657549874.5069764,2.14, 140.86
1657549875.539063,2.85, 96.04
1657549876.5700195,6.20, 406.44
1657549877.5910296,5.36, 261.70
1657549878.6240597,5.20, 173.19
1657549879.6458554,2.74, 95.17
1657549880.6688385,4.13, 172.23
1657549881.6924617,6.77, 370.66
1657549882.7260673,8.12, 436.90
1657549883.7499707,4.56, 125.59
1657549884.7728837,5.19, 199.51
1657549885.7948244,4.81, 167.89
1657549886.816525,3.47, 123.73
1657549887.8370245,6.78, 351.68
1657549888.8568451,6.07, 141.48
1657549889.8850775,3.62, 120.75
1657549890.9068055,3.56, 111.83
1657549891.9285495,3.57, 103.55
1657549892.9519162,11.52, 269.62
1657549893.9850006,4.87, 117.72
1657549895.007768,4.19, 153.02
1657549896.02949,14.90, 179.68
1657549897.0547142,10.95, 113.10
1657549898.073716,12.25, 727.56
1657549899.107254,5.53, 243.11
1657549900.1248622,4.23, 124.38
1657549901.1497993,4.42, 130.45
1657549902.1711419,3.42, 119.58
1657549903.2009063,7.57, 262.51
1657549904.2364728,16.36, 115.42
1657549905.2717817,5.44, 127.58
1657549906.3045166,2.16, 86.76
1657549907.3259878,3.33, 88.92
1657549908.358021,14.69, 299.15
1657549909.3919218,12.09, 52.14
1657549910.4194932,2.67, 100.12
1657549911.4420686,2.52, 102.77
1657549912.47199,3.03, 67.84
1657549913.4920106,8.69, 137.32
1657549914.521971,7.22, 285.91
1657549915.542884,9.40, 1013.95
1657549916.576599,11.10, 1629.51
1657549917.6108289,2.89, 332.92
1657549918.6341057,8.11, 581.92
1657549919.6586146,11.73, 665.89
1657549920.6890035,8.82, 843.98
1657549921.7189102,8.23, 880.76
1657549922.7531428,10.93, 1264.57
1657549923.7864726,6.90, 967.07
1657549924.812886,5.18, 314.75
1657549925.8488414,4.15, 87.17
1657549926.879245,10.02, 233.72
1657549927.9139771,6.97, 601.80
1657549928.9460008,7.76, 157.33
1657549929.9805841,6.67, 523.72
1657549931.0047145,2.58, 78.08
1657549932.034001,3.28, 103.55
1657549933.0661488,3.55, 108.07
1657549934.095551,5.54, 123.39
1657549935.12431,7.16, 679.99
1657549936.1543903,6.08, 117.14
1657549937.1792808,4.38, 100.55
1657549938.200979,2.72, 106.56
1657549939.228838,4.01, 117.06
1657549940.251255,5.90, 360.17
1657549941.2865248,4.48, 325.02
1657549942.3084128,3.02, 113.07
1657549943.3288622,4.12, 116.71
1657549944.3635652,3.88, 186.59
1657549945.3923233,2.00, 69.30
1657549946.4110038,8.55, 736.29
1657549947.4421992,2.73, 95.74
1657549948.473887,4.79, 131.27
1657549949.5054793,2.76, 100.43
1657549950.5243578,2.58, 85.71
1657549951.5570176,8.37, 636.31
1657549952.5748549,3.15, 108.37
1657549953.6060257,4.20, 99.37
1657549954.6393874,6.56, 108.98
1657549955.670568,10.35, 92.34
1657549956.7052543,14.19, 640.90
1657549957.7285626,10.05, 707.38
1657549958.7637532,9.68, 119.94
1657549959.7911315,12.89, 87.35
1657549960.8103163,7.45, 49.38
1657549961.8325078,8.67, 75.84
1657549962.8680365,11.92, 540.90
1657549963.8891065,6.28, 88.84
1657549964.9054863,3.18, 75.51
1657549965.9268491,7.50, 143.82
1657549966.9503865,10.80, 135.79
1657549967.971124,11.09, 121.24
1657549968.9930267,16.34, 561.66
1657549970.0090015,7.81, 106.58
1657549971.030986,9.82, 122.91
1657549972.0589926,10.84, 134.99
1657549973.0809197,9.21, 87.08
1657549974.1009629,14.78, 816.51
1657549975.1203823,8.13, 79.33
1657549976.1520932,4.46, 95.24
1657549977.173782,9.09, 83.14
1657549978.1987,9.03, 64.97
1657549979.2360055,14.75, 626.95
1657549980.2728667,5.61, 64.24
1657549981.2919917,8.74, 65.49
1657549982.3159242,12.03, 83.34
1657549983.3392582,7.76, 57.16
1657549984.3700068,8.52, 567.66
1657549985.3875384,1.30, 56.42
1657549986.410016,1.75, 76.81
1657549987.434447,1.03, 76.52
1657549988.4528763,3.40, 79.66
1657549989.4742267,5.89, 560.39
1657549990.4974818,0.71, 52.83
1657549991.516012,1.31, 47.03
1657549992.5445998,0.60, 52.94
1657549993.5618172,1.93, 23.91
1657549994.5782866,4.14, 280.72
1657549995.6011102,8.94, 488.04
1657549996.6214828,10.05, 300.23
1657549997.6515377,5.43, 388.79
1657549998.6710865,7.62, 58.54
1657549999.6957617,4.86, 135.06
1657550000.7166407,7.50, 714.93
1657550001.7468905,0.64, 9.00
1657550002.764795,1.63, 41.86
1657550003.7929192,1.65, 53.29
1657550004.8258946,1.41, 52.28
1657550005.8493476,5.76, 547.05
1657550006.8693266,1.31, 55.96
1657550007.89522,0.78, 48.16
1657550008.9210472,1.93, 56.88
1657550009.9393628,0.94, 41.73
1657550010.9600816,4.58, 417.60
1657550011.978565,1.20, 49.73
1657550012.9983046,0.84, 32.33
1657550014.0238347,2.24, 41.03
1657550015.0397835,0.69, 50.42
1657550016.06043,5.04, 427.30
1657550017.0817769,0.74, 27.33
1657550018.107514,1.85, 24.34
1657550019.1280594,2.35, 61.42
1657550020.155877,0.75, 58.51
1657550021.2040792,5.53, 573.05
1657550022.2300007,1.41, 56.59
1657550023.2470255,1.96, 74.67
1657550024.268782,2.36, 72.40
1657550025.2924802,1.75, 54.62
1657550026.3178666,17.92, 1200.87
1657550027.3362548,1.45, 62.16
1657550028.357682,2.41, 66.11
1657550029.386912,3.00, 63.57
1657550030.4167006,1.70, 80.84
1657550031.441197,1.35, 63.83
1657550032.4678304,6.24, 565.85
1657550033.494224,0.89, 43.94
1657550034.5231576,4.86, 51.09
1657550035.5562148,1.09, 23.48
1657550036.5768054,3.93, 27.33
1657550037.6070197,5.54, 490.36
1657550038.634805,4.64, 44.82
1657550039.6640084,1.29, 58.43
1657550040.6879776,0.67, 61.98
1657550041.7138422,1.40, 61.00
1657550042.7373924,5.80, 551.42
1657550043.7590294,1.92, 53.37
1657550044.7840364,1.58, 60.89
1657550045.8071737,1.07, 45.50
1657550046.8369222,1.52, 22.05
1657550047.8587294,7.53, 636.11
1657550048.8828855,2.65, 58.33
1657550049.8991358,1.20, 46.29
1657550050.9271934,0.99, 53.07
1657550051.9412363,2.23, 60.42
1657550052.974845,5.19, 595.38
1657550054.0000854,2.74, 64.59
1657550055.019186,1.05, 64.06
1657550056.05025,1.20, 60.75
1657550057.0767343,13.12, 780.73
1657550058.1030734,1.27, 55.48
1657550059.1322126,6.27, 478.79
1657550060.1491423,0.70, 46.86
1657550061.1758354,1.16, 45.60
1657550062.1984627,1.00, 56.88
1657550063.2202268,1.16, 57.70
1657550064.2472162,6.52, 503.13
1657550065.282419,1.90, 40.17
1657550066.3062668,0.86, 57.44
1657550067.3286316,1.05, 58.68
1657550068.4119015,1.38, 57.64
1657550069.4904156,3.39, 59.98
1657550070.5142527,1.07, 35.38
1657550071.5340796,1.03, 33.75
1657550072.5635672,5.66, 55.56
1657550073.5870495,6.79, 483.06
1657550074.6106994,7.37, 560.55
1657550075.6269772,1.78, 27.81
1657550076.6535256,1.23, 57.49
1657550077.677162,0.54, 54.06
1657550078.7021365,1.56, 31.40
1657550079.7253184,6.86, 631.49
1657550080.808115,0.82, 61.98
1657550081.8971624,0.83, 51.99
1657550082.9205363,1.55, 61.49
1657550083.943038,2.43, 65.55
1657550084.969113,6.55, 540.47
1657550085.9833782,1.19, 47.19
1657550087.0127766,0.88, 52.77
1657550088.037968,0.92, 49.36
1657550089.0669158,2.14, 52.42
1657550090.090951,1.45, 64.82
1657550091.1101902,7.34, 536.96
1657550092.1374538,0.92, 64.75
1657550093.153638,0.82, 62.42
1657550094.1701922,2.41, 68.86
1657550095.197083,1.15, 64.83
1657550096.2311697,5.31, 559.37
1657550097.262487,13.89, 752.96
1657550098.2874522,0.68, 37.58
1657550099.3113015,3.11, 47.39
1657550100.4123807,0.90, 51.03
1657550101.4901383,7.59, 778.15
1657550102.514921,0.98, 50.44
1657550103.5399728,1.13, 58.36
1657550104.5699599,2.46, 45.59
1657550105.5862377,2.97, 44.28
1657550106.6143112,5.77, 586.08
1657550107.6855953,0.82, 47.26
1657550108.749453,1.93, 47.65
1657550109.7673225,2.23, 23.17
1657550110.7897894,1.56, 46.69
1657550111.8160124,6.92, 604.62
1657550112.8563075,1.60, 54.27
1657550113.8861563,1.61, 89.83
1657550114.901088,3.74, 135.34
1657550115.9174068,2.00, 77.39
1657550116.9452887,5.83, 554.64
1657550117.9764569,5.32, 44.42
1657550119.0020833,1.71, 24.50
1657550120.0193262,1.50, 32.19
1657550121.037509,0.94, 29.98
1657550122.0932202,6.13, 40.33
1657550123.117532,5.88, 330.32
1657550124.1335092,4.80, 48.97
1657550125.1607566,1.26, 31.74
1657550126.179022,5.60, 24.19
1657550127.199847,5.61, 566.48
1657550128.2190003,9.81, 1134.66
1657550129.2473495,5.04, 12.25
1657550130.2678876,2.97, 9.74
1657550131.3569195,3.43, 10.32
1657550132.4354837,1.59, 12.69
1657550133.457147,27.26, 613.45
1657550134.4816117,5.49, 50.71
1657550135.5065289,5.15, 10.87
1657550136.5348442,20.00, 754.33
1657550137.5644326,2.77, 13.01
1657550138.589273,8.27, 918.69
1657550139.61708,2.88, 25.50
1657550140.6456356,0.67, 14.72
1657550141.6804295,5.21, 25.54
1657550142.710074,10.76, 24.67
1657550143.7436235,11.80, 648.39
1657550144.7810173,1.89, 22.96
1657550145.8011355,0.90, 18.48
1657550146.8273067,0.76, 8.89
1657550147.8424695,1.35, 9.85
1657550148.8695474,5.28, 544.58
1657550149.8941748,2.47, 22.78
1657550150.9133368,0.62, 10.15
1657550151.929151,1.06, 19.45
1657550152.9594853,1.05, 16.98
1657550154.039805,6.05, 539.81
1657550155.0616918,3.78, 55.52
1657550156.090609,3.60, 138.61
1657550157.1185067,1.29, 17.76
1657550158.1355639,0.66, 40.18
1657550159.1559367,2.30, 35.04
1657550160.190173,8.51, 767.31
1657550161.208503,1.10, 18.58
1657550162.2245643,1.63, 13.50
1657550163.249318,0.81, 26.07
1657550164.2743752,2.63, 32.94
1657550165.2962446,7.18, 579.61
1657550166.3183713,1.09, 21.12
1657550167.3350515,1.07, 7.97
1657550168.3630233,1.06, 8.72
1657550169.3825443,1.98, 30.90
1657550170.405006,5.59, 554.79
1657550171.4351044,0.96, 35.67
1657550172.4548995,1.21, 31.21
1657550173.4833183,1.54, 33.25
1657550174.507196,1.88, 38.71
1657550175.5259333,6.63, 533.11
1657550176.5487654,15.96, 871.43
1657550177.5748515,7.70, 2431.69
1657550178.5986712,1.81, 40.77
1657550179.6229763,2.61, 47.75
1657550180.651093,5.53, 526.80
1657550181.6716855,3.02, 30.09
1657550182.7010756,1.90, 50.75
1657550183.7215207,1.97, 47.34
1657550184.7380357,2.73, 39.55
1657550185.7630293,5.73, 573.54
1657550186.7883708,1.28, 16.64
1657550187.8155322,1.83, 22.66
1657550188.838192,1.70, 18.50
1657550189.8641224,2.71, 29.90
1657550190.8801153,1.34, 20.55
1657550191.9043846,5.96, 509.40
1657550192.931208,1.41, 14.85
1657550193.947583,2.14, 19.74
1657550194.9774418,2.59, 26.38
1657550196.0080886,1.24, 18.50
1657550197.0351593,8.28, 484.71
1657550198.0652266,6.75, 32.69
1657550199.090217,1.83, 36.64
1657550200.1192162,2.59, 43.85
1657550201.1429565,1.69, 54.68
1657550202.1623807,5.41, 507.33
1657550203.186474,7.95, 202.81
1657550204.2130756,2.80, 66.29
1657550205.2290125,2.80, 74.42
1657550206.2530253,1.42, 68.16
1657550207.2721741,7.47, 534.44
1657550208.2990098,1.44, 18.01
1657550209.3287172,2.42, 18.18
1657550210.3522038,1.94, 40.94
1657550211.3676147,1.38, 69.32
1657550212.3920736,1.90, 51.96
1657550213.4150686,7.24, 759.10
1657550214.4426084,2.57, 43.38
1657550215.468432,1.86, 31.02
1657550216.4963682,18.37, 766.01
1657550217.51328,1.93, 28.03
1657550218.5416598,6.34, 628.54
1657550219.5693939,3.41, 25.79
1657550220.59528,1.75, 19.86
1657550221.612888,1.35, 48.07
1657550222.6329193,2.01, 33.44
1657550223.657341,6.06, 576.91
1657550224.6876438,3.38, 63.02
1657550225.7130961,1.43, 15.79
1657550226.7400022,1.54, 56.54
1657550227.7666197,6.46, 59.69
1657550228.7931175,6.29, 586.44
1657550229.8158743,2.85, 54.04
1657550230.8401785,1.39, 20.96
1657550231.868433,1.74, 56.68
1657550232.8925438,3.83, 408.48
1657550233.9163175,6.40, 570.58
1657550234.930603,2.64, 68.25
1657550235.9545245,1.50, 58.05
1657550236.9828923,7.51, 69.57
1657550238.004114,4.27, 63.68
1657550239.0315552,1.95, 40.65
1657550240.0552466,6.33, 597.28
1657550241.0853102,1.35, 53.34
1657550242.165821,1.16, 55.72
1657550243.2417796,7.52, 49.61
1657550244.264533,1.35, 46.87
1657550245.2885842,7.44, 396.08
1657550246.3180976,1.11, 14.75
1657550247.3359895,1.40, 17.06
1657550248.3563154,1.48, 42.74
1657550249.3813362,2.12, 24.79
1657550250.4096453,1.67, 21.76
1657550251.4390812,3.68, 206.14
1657550252.4642391,1.77, 22.02
1657550253.4875257,1.73, 43.97
1657550254.516223,2.89, 27.03
1657550255.540971,1.64, 18.01
1657550256.5662723,15.80, 877.14
1657550257.5891702,1.96, 17.91
1657550258.6162124,0.98, 28.04
1657550259.6371157,2.86, 45.07
1657550260.6604683,1.81, 41.57
1657550261.6812885,3.90, 214.54
1657550262.7015724,1.43, 32.75
1657550263.7290337,1.88, 24.54
1657550264.7534606,2.50, 58.31
1657550265.8385503,2.42, 45.45
1657550267.0315254,2.23, 17.32
1657550268.057084,1.80, 23.05
1657550269.0804741,1.88, 27.78
1657550270.1052532,5.65, 30.13
1657550271.1323283,1.42, 14.33
1657550272.1544032,5.52, 517.03
1657550273.1799483,2.06, 37.90
1657550274.2080607,1.79, 24.86
1657550275.2296798,3.81, 24.10
1657550276.251094,1.74, 20.88
1657550277.2783883,7.91, 492.70
1657550278.3055246,1.55, 46.60
1657550279.3310306,2.07, 59.20
1657550280.3619716,2.98, 66.18
1657550281.3903897,1.49, 59.22
1657550282.4144092,6.48, 509.88
1657550283.431118,1.63, 48.37
1657550284.4592805,2.48, 18.10
1657550285.4853873,1.41, 18.29
1657550286.513599,0.97, 14.48
1657550287.6127822,7.20, 436.39
1657550288.6961932,0.86, 18.09
1657550289.720101,2.47, 54.16
1657550290.7473788,0.94, 47.52
1657550291.7627056,1.19, 49.55
1657550292.787954,5.27, 504.85
1657550293.8112545,1.23, 16.45
1657550294.839078,1.57, 18.70
1657550295.8679135,6.56, 52.83
1657550296.8912153,5.97, 650.32
1657550297.9105613,1.06, 31.91
1657550298.9263895,3.78, 249.93
1657550299.951316,2.00, 38.06
1657550300.9723914,1.21, 23.73
1657550301.9967048,0.81, 9.61
1657550303.0308943,1.05, 9.57
1657550304.045895,1.57, 18.88
1657550305.0726054,4.39, 147.77
1657550306.099707,0.99, 40.20
1657550307.1226244,0.67, 35.35
1657550308.1485405,1.32, 39.60
1657550309.1742651,1.12, 35.87
1657550310.1964257,3.95, 125.06
1657550311.2229245,1.19, 34.31
1657550312.251612,7.69, 64.22
1657550313.281212,0.88, 43.70
1657550314.361888,1.13, 46.27
1657550315.4250617,8.56, 137.97
1657550316.4454815,0.87, 35.51
1657550317.4672122,0.95, 35.97
1657550318.4951494,0.88, 37.99
1657550319.5235758,1.24, 32.21
1657550320.550544,4.55, 241.08
1657550321.5682664,3.76, 11.63
1657550322.5865095,1.57, 21.47
1657550323.6101694,0.75, 28.95
1657550324.6395721,2.39, 36.58
1657550325.6662197,3.03, 134.63
1657550326.696279,0.98, 24.06
1657550327.7217312,1.05, 16.52
1657550328.7492578,1.46, 6.59
1657550329.7672763,1.91, 22.46
1657550330.7823696,2.90, 91.52
1657550331.7992783,3.43, 7.84
1657550332.8304553,1.06, 6.43
1657550333.8486319,1.14, 4.51
1657550334.877221,1.80, 15.14
1657550335.9030726,8.04, 89.32
1657550336.9215245,7.89, 707.46
1657550337.9491231,1.44, 7.33
1657550338.9764874,1.07, 10.77
1657550340.002669,2.03, 16.07
1657550341.0332632,1.10, 8.73
1657550342.0623703,4.55, 408.53
1657550343.079516,1.03, 5.39
1657550344.0944843,1.28, 13.44
1657550345.1096187,2.11, 12.27
1657550346.136274,5.68, 447.92
1657550347.1513944,0.76, 14.51
1657550348.1750324,3.15, 11.93
1657550349.2036498,1.02, 7.89
1657550350.2203326,2.23, 12.33
1657550351.2366164,0.73, 9.14
1657550352.2634451,5.15, 462.92
1657550353.304707,0.90, 13.49
1657550354.348059,7.77, 23.46
1657550355.390127,4.42, 59.59
1657550356.429286,8.81, 79.63
1657550357.4553227,8.77, 624.76
1657550358.489024,2.50, 22.77
1657550359.5186493,1.16, 52.28
1657550360.5417247,2.19, 55.50
1657550361.583649,1.12, 39.20
1657550362.6303473,1.88, 32.34
1657550363.6544254,5.81, 578.26
1657550364.674173,1.12, 52.33
1657550365.6962223,2.00, 35.30
1657550366.7217302,0.63, 50.59
1657550367.7398114,0.97, 39.47
1657550368.7548804,5.19, 481.77
1657550369.7728436,1.95, 21.38
1657550370.797151,1.27, 26.65
1657550371.8212214,2.25, 16.98
1657550372.837127,3.51, 1015.44
1657550373.859091,6.77, 512.90
1657550374.8810937,1.53, 52.57
1657550375.987811,8.48, 169.78
1657550377.0676572,1.05, 78.65
1657550378.0894835,1.55, 47.30
1657550379.1113527,5.52, 553.33
1657550380.1394,2.14, 50.73
1657550381.1660666,0.95, 44.38
1657550382.1882875,1.49, 24.19
1657550383.2150512,4.38, 34.58
1657550384.2353134,10.01, 654.13
1657550385.2673097,3.05, 27.67
1657550386.2950716,0.96, 27.86
1657550387.316466,0.73, 43.56
1657550388.3432772,1.33, 46.60
1657550389.3573115,5.72, 569.95
1657550390.3738937,1.83, 22.16
1657550391.4022322,0.78, 32.12
1657550392.4263172,0.69, 19.87
1657550393.4456937,3.88, 9.91
1657550394.462556,3.87, 12.13
1657550395.4831815,7.33, 505.40
1657550396.5012813,0.91, 7.67
1657550397.5289133,0.69, 6.08
1657550398.5451825,1.02, 8.06
1657550399.5704494,0.59, 38.62
1657550400.593907,11.85, 543.17
1657550401.6234105,1.28, 53.98
1657550402.6522765,1.43, 36.25
1657550403.6801577,1.62, 16.53
1657550404.6971781,1.71, 11.23
1657550405.7224264,7.36, 600.66
1657550406.7456317,13.21, 621.42
1657550407.76027,1.77, 17.51
1657550408.786995,1.07, 25.55
1657550409.814812,0.93, 38.58
1657550410.8804972,8.44, 686.12
1657550411.929453,4.13, 11.34
1657550412.9503894,1.06, 6.98
1657550413.9792228,0.50, 17.68
1657550414.997448,2.04, 35.21
1657550416.0292513,5.36, 530.36
1657550417.0610776,1.31, 54.34
1657550418.0928493,0.85, 42.79
1657550419.1225815,0.70, 40.56
1657550420.1512794,3.17, 43.83
1657550421.179968,4.11, 20.38
1657550422.2069123,3.61, 389.53
1657550423.226032,0.88, 28.18
1657550424.2439501,0.71, 25.55
1657550425.275193,4.74, 52.75
1657550426.2952306,5.32, 429.73
1657550427.3224442,0.76, 13.96
1657550428.355299,0.97, 25.88
1657550429.3814936,0.63, 43.88
1657550430.4140203,1.96, 49.66
1657550431.4416304,1.33, 36.09
1657550432.471364,5.25, 544.94
1657550433.5014179,1.24, 53.48
1657550434.532322,0.61, 51.08
1657550435.599691,1.47, 44.58
1657550436.671196,1.59, 38.26
1657550437.6914933,26.53, 1397.75
1657550438.7207637,1.05, 26.46
1657550439.7445102,0.97, 32.64
1657550440.7654943,1.01, 9.86
1657550441.7970412,1.48, 32.88
1657550442.8254485,5.94, 563.13
1657550443.842373,1.38, 36.39
1657550444.8624232,0.87, 44.88
1657550445.892106,1.33, 35.76
1657550446.9093614,2.21, 40.18
1657550447.9382575,5.95, 528.72
1657550448.9682188,1.11, 19.68
1657550449.9922154,1.03, 43.83
1657550451.023556,2.33, 45.18
1657550452.0542328,0.93, 13.84
1657550453.0729873,5.87, 591.97
1657550454.1141338,1.22, 28.83
1657550455.146378,1.21, 55.27
1657550456.1667836,2.78, 48.53
1657550457.1972928,1.73, 52.94
1657550458.2232385,2.00, 64.29
1657550459.245343,6.28, 631.73
1657550460.2684643,1.55, 70.71
1657550461.2923582,2.35, 61.79
1657550462.3163497,0.76, 53.91
1657550463.3382552,1.09, 44.57
1657550464.363329,7.61, 583.37
1657550465.3883433,2.14, 41.22
1657550466.4045317,2.25, 48.55
1657550467.4327333,0.70, 44.94
1657550468.4622111,1.18, 33.42
1657550469.4868207,4.71, 459.83
1657550470.516431,1.44, 32.88
1657550471.532545,2.20, 25.53
1657550472.55038,1.62, 23.70
1657550473.5675821,3.64, 1019.20
1657550474.5960972,5.32, 462.10
1657550475.6223166,1.63, 33.91
1657550476.651367,14.37, 611.33
1657550477.737925,1.33, 26.51
1657550478.7905467,1.88, 33.79
1657550479.81276,5.47, 484.80
1657550480.8332963,1.64, 83.39
1657550481.8539817,2.69, 86.01
1657550482.874483,2.93, 71.31
1657550483.8993769,1.38, 62.32
1657550484.9356713,4.35, 553.44
1657550485.957535,1.51, 46.01
1657550486.981747,2.08, 56.07
1657550488.0102623,1.09, 50.55
1657550489.0279162,1.52, 58.53
1657550490.0571675,1.22, 65.12
1657550491.0803707,5.81, 603.17
1657550492.1045594,2.18, 41.55
1657550493.129595,1.07, 49.65
1657550494.1613765,1.15, 43.29
1657550495.1916075,1.07, 49.70
1657550496.2193098,6.82, 528.21
1657550497.2411566,1.62, 55.67
1657550498.273226,1.56, 56.11
1657550499.3014443,0.79, 50.33
1657550500.3273454,1.03, 35.34
1657550501.3581474,5.65, 508.87
1657550502.390561,1.92, 20.10
1657550503.4176302,1.51, 37.45
1657550504.4381926,1.13, 41.92
1657550505.4567547,1.50, 51.81
1657550506.4782848,18.37, 1102.10
1657550507.507303,2.50, 59.71
1657550508.5394828,1.95, 19.96
1657550509.560718,1.26, 39.32
1657550510.585744,1.07, 63.34
1657550511.6114979,8.36, 828.53
1657550512.6333845,1.03, 51.02
1657550513.6573293,0.92, 57.33
1657550514.6774917,1.78, 56.01
1657550515.7044175,1.14, 61.71
1657550516.7242503,1.91, 59.47
1657550517.7513502,5.73, 613.28
1657550518.779177,1.00, 50.65
1657550519.8013408,1.56, 66.76
1657550520.8240514,3.96, 63.53
1657550521.8684213,2.23, 58.26
1657550522.9033267,5.86, 599.95
1657550523.9265695,0.98, 46.01
1657550524.949506,1.33, 36.57
1657550525.9694467,1.24, 52.88
1657550526.9953732,2.14, 60.67
1657550528.0133424,6.04, 587.49
1657550529.0407503,1.15, 46.89
1657550530.069501,0.95, 49.97
1657550531.0981693,1.27, 50.88
1657550532.120247,1.82, 43.76
1657550533.1528854,8.02, 1014.03
1657550534.1805227,1.36, 42.48
1657550535.21038,1.83, 52.32
1657550536.2343245,14.81, 247.27
1657550537.2539647,4.86, 398.78
1657550538.274466,6.96, 620.16
1657550539.2992642,0.52, 42.60
1657550540.3336287,1.43, 45.40
1657550541.3656309,1.16, 42.30
1657550542.3870778,2.44, 55.09
1657550543.4035022,2.16, 39.97
1657550544.42656,5.52, 570.54
1657550545.451934,1.00, 51.54
1657550546.4833488,1.12, 14.61
1657550547.5123622,1.73, 8.92
1657550548.5350695,1.21, 40.16
1657550549.5632923,5.39, 585.56
1657550550.592275,1.04, 65.91
1657550551.6193283,2.85, 70.32
1657550552.6692996,1.39, 56.53
1657550553.696424,1.67, 60.88
1657550554.7201385,7.70, 870.07
1657550555.742586,1.52, 64.05
1657550556.7643745,2.68, 67.07
1657550557.7911878,1.29, 59.64
1657550558.8145235,1.75, 59.35
1657550559.8480918,6.01, 597.62
1657550560.8787873,1.31, 59.62
1657550561.9348636,2.89, 49.96
1657550562.9604795,6.08, 41.56
1657550563.9794507,1.10, 36.22
1657550564.9967403,0.93, 23.41
1657550566.0223176,10.97, 554.27
1657550567.0444703,10.77, 782.60
1657550568.074364,5.28, 35.50
1657550569.0999455,1.67, 37.87
1657550570.1276517,4.74, 43.10
1657550571.1473484,9.20, 559.16
1657550572.1772323,2.21, 58.86
1657550573.2056062,5.71, 54.04
1657550574.2302687,3.87, 52.61
1657550575.2596905,2.86, 58.86
1657550576.2915905,5.87, 565.20
1657550577.322483,2.99, 55.73
1657550578.345586,1.84, 47.98
1657550579.3774815,1.51, 52.52
1657550580.401273,1.07, 47.61
1657550581.433444,1.29, 37.14
1657550582.4591997,7.87, 711.20
1657550583.4771492,1.31, 15.77
1657550584.4991906,1.58, 16.18
1657550585.5182273,0.81, 16.32
1657550586.5351908,5.85, 523.75
1657550587.5570982,2.45, 70.28
1657550588.5822947,1.88, 68.06
1657550589.6083071,1.38, 57.94
1657550590.6371284,1.72, 43.42
1657550591.664492,1.98, 49.03
1657550592.6875613,6.88, 527.72
1657550593.7160118,1.77, 52.85
1657550594.7400959,1.15, 29.37
1657550595.7622328,1.45, 29.73
1657550596.7891614,2.87, 61.26
1657550597.8174207,5.09, 488.85
1657550598.835351,1.06, 22.27
1657550599.8614528,1.29, 46.16
1657550600.8908684,1.04, 66.41
1657550601.9235866,2.24, 62.26
1657550602.9468217,8.70, 67.09
1657550603.9756541,5.34, 513.02
1657550605.0160267,1.22, 58.54
1657550606.04575,2.63, 58.00
1657550607.0737736,13.47, 607.88
1657550608.101121,1.05, 48.04
1657550609.12866,6.60, 725.03
1657550610.1532938,1.01, 44.02
1657550611.1763253,1.32, 52.85
1657550612.2080185,2.05, 23.84
1657550613.2380974,1.10, 28.73
1657550614.2742302,7.09, 630.32
1657550615.2960172,1.00, 47.68
1657550616.32031,1.29, 32.81
1657550617.3406851,1.74, 22.02
1657550618.368525,0.89, 13.65
1657550619.3995397,6.81, 606.81
1657550620.428212,1.06, 50.50
1657550621.4541748,1.49, 61.86
1657550622.477504,5.30, 60.10
1657550623.5070186,11.00, 65.92
1657550624.5260596,7.08, 622.01
1657550625.5459895,1.13, 59.66
1657550626.5644467,5.78, 1032.52
1657550627.5933604,8.91, 1788.45
1657550628.6154902,9.58, 2240.13
1657550629.644108,13.63, 3011.96
1657550630.6687298,18.22, 5042.64
1657550631.6834836,17.80, 5751.96
1657550632.7009006,17.20, 5629.28
1657550633.7163625,15.33, 6252.36
1657550634.740641,26.65, 9531.96
1657550635.764087,27.89, 10128.38
1657550636.7933054,38.95, 11434.68
1657550637.8202527,31.41, 12545.47
1657550638.860245,63.46, 11404.42
1657550639.9097075,26.54, 10902.68
1657550640.9398704,39.81, 15660.72
1657550641.9920108,32.15, 12684.84
1657550643.017601,14.25, 3377.91
1657550644.0464664,0.98, 20.51
1657550645.0644276,1.37, 30.45
1657550646.0838525,5.20, 251.05
1657550647.1007605,5.49, 50.71
1657550648.1173372,6.82, 54.58
1657550649.1397042,2.19, 35.44
1657550650.1602595,1.69, 30.58
1657550651.1915476,4.96, 221.33
1657550652.2116413,1.39, 60.70
1657550653.2452292,0.50, 56.41
1657550654.268972,1.14, 43.34
1657550655.2912362,1.88, 47.54
1657550656.3256135,3.32, 212.63
1657550657.360992,1.42, 46.30
1657550658.3852875,2.14, 44.47
1657550659.404281,1.76, 25.70
1657550660.4206011,3.87, 39.59
1657550661.4425218,1.58, 32.65
1657550662.4725006,5.31, 589.11
1657550663.4942527,0.65, 21.51
1657550664.5321577,1.87, 34.62
1657550665.5561767,5.90, 42.71
1657550666.59057,12.90, 534.56
1657550667.6250498,7.36, 62.91
1657550668.6629002,7.46, 58.80
1657550669.7031882,7.91, 66.45
1657550670.739341,8.19, 62.94
1657550671.7653706,7.93, 71.26
1657550672.7955825,14.55, 525.74
1657550673.829754,8.83, 81.20
1657550674.8626661,10.93, 72.83
1657550675.8943055,11.51, 72.94
1657550676.9284136,19.98, 573.11
1657550677.9617045,19.49, 711.44
1657550678.9976308,1.85, 47.95
1657550680.035519,1.61, 52.79
1657550681.0713768,7.66, 65.05
1657550682.0995302,7.17, 43.53
1657550683.1394863,17.19, 480.80
1657550684.1706355,3.59, 60.84
1657550685.2012374,2.46, 57.48
1657550686.229348,1.57, 73.03
1657550687.2503326,0.66, 60.36
1657550688.283652,5.17, 523.01
1657550689.312458,5.91, 56.66
1657550690.3414037,7.16, 58.30
1657550691.362474,6.75, 62.82
1657550692.3935518,8.00, 60.13
1657550693.4214063,7.95, 77.50
1657550694.4494252,10.69, 175.96
1657550695.4794295,7.45, 58.34
1657550696.5096045,7.21, 49.51
1657550697.5267975,6.76, 49.49
1657550698.5564933,7.02, 38.97
1657550699.5806942,8.23, 142.00
1657550700.6107152,4.07, 37.63
1657550701.6406739,7.83, 50.28
1657550702.6645355,7.61, 48.15
1657550703.685772,9.39, 1027.03
1657550704.7068784,9.25, 141.47
1657550705.7335963,7.58, 28.32
1657550706.7634647,8.28, 19.23
1657550707.7910035,7.63, 25.87
1657550708.8204358,7.49, 15.36
1657550709.8473442,8.74, 106.62
1657550710.8802779,7.78, 15.39
1657550711.9108434,5.35, 20.96
1657550712.9444997,1.54, 31.99
1657550713.9792042,0.87, 52.02
1657550715.0024536,4.88, 272.11
1657550716.0320995,10.18, 37.29
1657550717.0706358,19.53, 772.39
1657550718.09764,0.65, 20.37
1657550719.1333935,0.96, 14.42
1657550720.1708403,3.63, 108.43
1657550721.1983953,1.09, 30.91
1657550722.237238,6.42, 17.63
1657550723.2794437,6.07, 7.09
1657550724.3205907,6.05, 10.63
1657550725.3524835,6.89, 8.02
1657550726.3834097,6.77, 106.37
1657550727.4108503,6.26, 46.83
1657550728.4393814,1.69, 51.88
1657550729.4772825,0.99, 44.92
1657550730.5092077,1.33, 49.45
1657550731.5484922,3.10, 113.86
1657550732.5833068,1.27, 51.86
1657550733.6097188,0.51, 48.17
1657550734.648905,1.14, 34.41
1657550735.6864586,1.47, 36.67
1657550736.72133,8.72, 465.25
1657550737.7512753,6.17, 33.28
1657550738.78565,6.01, 23.98
1657550739.8116295,3.83, 35.27
1657550740.8433564,1.89, 22.50
1657550741.8690763,7.09, 486.89
1657550742.8951972,4.95, 39.82
1657550743.929651,5.81, 44.83
1657550744.9640276,4.14, 34.52
1657550745.9915524,2.89, 44.86
1657550747.0168366,9.13, 493.87
1657550748.0577343,6.69, 34.46
1657550749.0917392,6.26, 44.82
1657550750.1220953,7.04, 58.49
1657550751.1505382,8.63, 56.37
1657550752.1870732,12.87, 630.67
1657550753.215593,6.95, 25.45
1657550754.2441049,6.68, 49.06
1657550755.272236,8.80, 30.24
1657550756.3059874,16.35, 90.24
1657550757.3425496,17.03, 1068.17
1657550758.370406,10.39, 33.38
1657550759.4013028,7.37, 17.56
1657550760.43308,8.10, 58.44
1657550761.4800797,7.80, 61.53
1657550762.525861,7.40, 54.38
1657550763.5694513,10.96, 522.18
1657550764.6182234,6.28, 65.49
1657550765.6503153,7.53, 69.58
1657550766.6987221,7.36, 61.62
1657550767.7462783,7.25, 58.61
1657550768.789674,11.80, 501.87
1657550769.840835,6.87, 35.74
1657550770.8873084,7.42, 56.65
1657550771.9212964,6.51, 36.93
1657550772.947493,6.78, 29.96
1657550773.9804068,14.51, 505.43
1657550775.0227177,7.90, 43.71
1657550776.0534008,8.16, 22.07
1657550777.09512,8.22, 8.87
1657550778.1347246,8.08, 11.91
1657550779.1772819,12.30, 615.51
1657550780.2274897,6.55, 7.38
1657550781.26781,8.08, 41.13
1657550782.3184962,7.09, 33.57
1657550783.3638499,7.97, 18.45
1657550784.4092333,12.33, 538.40
1657550785.4576645,9.36, 37.64
1657550786.4996862,4.66, 46.15
1657550787.536865,3.77, 39.63
1657550788.567613,6.14, 29.65
1657550789.6083019,10.81, 518.72
1657550790.6445103,4.92, 34.75
1657550791.69146,1.43, 45.57
1657550792.7233083,0.91, 47.21
1657550793.7767236,0.85, 36.02
1657550794.820454,5.03, 501.70
1657550795.866342,1.92, 43.12
1657550796.9103017,18.18, 758.00
1657550797.9543211,1.12, 43.02
1657550798.999435,1.95, 54.25
1657550800.0909667,5.49, 567.26
1657550801.154197,1.94, 41.58
1657550802.190373,1.71, 46.30
1657550803.2213287,1.84, 47.61
1657550804.2516599,1.64, 49.98
1657550805.3023574,6.64, 686.21
1657550806.3348966,2.45, 28.71
1657550807.3714235,1.54, 21.56
1657550808.4088235,1.25, 20.14
1657550809.4454134,1.58, 25.69
1657550810.4987092,2.22, 23.00
1657550811.562057,4.33, 391.48
1657550812.6191645,1.43, 48.22
1657550813.6663337,0.98, 42.07
1657550814.7143092,0.89, 39.20
1657550815.750528,2.14, 42.66
1657550816.8915744,5.94, 371.56
1657550817.9418278,1.21, 33.13
1657550818.978172,1.03, 36.14
1657550820.027614,1.11, 34.65
1657550821.0752819,1.94, 37.40
1657550822.1156178,4.76, 404.92
1657550823.159522,1.00, 37.69
1657550824.211704,0.68, 39.75
1657550825.2625144,2.25, 42.71
1657550826.3225684,3.94, 46.77
1657550827.3731246,4.71, 585.19
1657550828.4263291,0.67, 41.28
1657550829.5023043,0.84, 39.45
1657550830.5573082,1.75, 45.56
1657550831.6045299,0.97, 46.70
1657550832.6472874,6.00, 606.23
1657550833.6939607,0.90, 42.15
1657550834.7293577,0.88, 42.11
1657550835.7679174,2.07, 39.08
1657550836.803381,14.39, 731.94
1657550837.8581073,5.79, 546.97
1657550838.910371,1.27, 30.10
1657550839.9630826,1.51, 26.67
1657550841.0207584,4.90, 61.67
1657550842.0636694,4.23, 53.49
1657550843.1091192,6.33, 505.20
1657550844.1729252,3.91, 33.75
1657550845.2281158,1.77, 44.82
1657550846.2864716,2.59, 62.64
1657550847.3347683,1.77, 55.11
1657550848.3814657,5.30, 496.57
1657550849.403567,1.09, 47.29
1657550850.4488282,1.25, 51.63
1657550851.5005558,2.79, 59.68
1657550852.5533977,1.15, 35.08
1657550853.5915723,5.48, 603.04
1657550854.6367059,1.04, 47.22
1657550855.6784263,2.95, 41.77
1657550856.7290056,1.29, 59.00
1657550857.7710035,1.28, 50.75
1657550858.8277311,6.42, 555.53
1657550859.8667812,1.50, 37.07
1657550860.921083,1.79, 49.16
1657550861.9636912,1.22, 46.31
1657550863.015201,0.91, 34.41
1657550864.0527709,7.29, 443.30
1657550865.0763898,0.81, 42.81
1657550866.1039236,1.70, 41.08
1657550867.1418967,0.84, 47.42
1657550868.1792488,1.16, 34.06
1657550869.2829502,4.15, 428.80
1657550870.3621323,2.53, 28.15
1657550871.4151492,0.78, 44.58
1657550872.4468176,1.36, 36.95
1657550873.4621747,3.95, 51.61
1657550874.4828382,1.64, 48.67
1657550875.5027258,5.34, 494.40
1657550876.5228336,6.51, 62.58
1657550877.5427878,15.15, 750.45
1657550878.562969,1.41, 45.44
1657550879.5830898,1.14, 45.89
1657550880.6130624,9.70, 613.03
1657550881.6529665,1.67, 55.45
1657550882.672947,2.06, 34.24
1657550883.6832595,1.12, 39.14
1657550884.722864,4.19, 67.81
1657550885.7480085,7.51, 591.39
1657550886.772923,1.47, 47.69
1657550887.7927241,1.92, 43.32
1657550888.813055,1.83, 47.64
1657550889.8331437,1.09, 40.66
1657550890.8433619,4.05, 355.39
1657550891.8628373,2.53, 167.72
1657550892.882883,1.43, 36.24
1657550893.892675,0.54, 35.25
1657550894.9134007,0.61, 31.67
1657550895.94289,1.03, 29.37
1657550896.952987,5.24, 504.02
1657550897.9830613,1.24, 29.78
1657550898.9930773,0.81, 34.78
1657550900.0227654,0.75, 29.73
1657550901.0429022,0.92, 39.56
1657550902.0729616,6.20, 541.36
1657550903.113053,1.08, 40.32
1657550904.142827,0.63, 27.61
1657550905.1634514,1.13, 24.64
1657550906.1831822,1.72, 14.21
1657550907.2265892,7.06, 796.27
1657550908.243051,0.95, 26.40
1657550909.2528355,0.74, 34.92
1657550910.2826371,0.97, 32.48
1657550911.3132267,1.20, 37.91
1657550912.343168,1.36, 38.44
1657550913.3827252,5.57, 575.38
1657550914.3929062,0.91, 36.84
1657550915.4128077,1.98, 35.80
1657550916.434227,10.75, 248.24
1657550917.4727726,9.15, 547.39
1657550918.4976914,5.80, 541.57
1657550919.502909,0.83, 6.07
1657550920.5331748,1.07, 21.03
1657550921.5730646,0.83, 28.76
1657550922.602893,1.55, 31.38
1657550923.6228716,5.61, 548.96
1657550924.653058,0.83, 39.79
1657550925.6731565,1.15, 34.79
1657550926.6968157,3.36, 29.53
1657550927.7229936,1.09, 18.50
1657550928.743155,6.04, 605.50
1657550929.7667217,0.66, 23.99
1657550930.7828748,1.16, 35.79
1657550931.8032687,0.85, 39.21
1657550932.8130176,0.94, 39.18
1657550933.832744,0.90, 38.96
1657550934.8530822,8.39, 953.15
1657550935.87631,2.11, 40.22
1657550936.8930466,0.74, 42.46
1657550937.9178224,1.15, 40.40
1657550938.9329953,9.26, 619.98
1657550939.9730382,5.82, 38.31
1657550941.0130572,1.12, 38.03
1657550942.0428503,15.92, 110.60
1657550943.056426,12.45, 49.70
1657550944.083117,21.72, 2150.21
1657550945.1129599,8.29, 36.90
1657550946.1353364,7.02, 49.87
1657550947.1640105,9.63, 40.80
1657550948.184791,6.96, 58.23
1657550949.217445,9.00, 61.85
1657550950.228731,4.62, 56.56
1657550951.2528331,9.69, 62.73
1657550952.2856398,9.21, 37.10
1657550953.3213315,8.48, 16.57
1657550954.3463562,14.27, 29.90
1657550955.3915193,5.12, 15.41
1657550956.4303098,7.03, 97.36
1657550957.4595068,3.77, 435.89
1657550958.6150594,0.83, 18.22
1657550959.7564957,0.85, 24.25
1657550960.9254756,26.76, 2676.62
1657550962.0963683,22.26, 8353.91
1657550963.2538264,2.07, 41.08
1657550964.297184,12.56, 144.75
1657550965.327491,25.60, 264.07
1657550966.3545246,3.63, 248.32
1657550967.394265,0.92, 25.24
1657550968.5016315,2.55, 729.21
1657550969.56978,0.51, 10.35
1657550970.599759,3.07, 16.19
1657550971.6277936,4.64, 24.77
1657550972.6515195,0.60, 33.14
1657550973.684582,3.80, 10.80
1657550974.7250009,2.31, 362.68
1657550975.7592988,5.99, 1456.38
1657550976.779987,12.13, 1575.50
1657550977.8177137,0.81, 10.01
1657550978.8504038,0.88, 8.55
1657550979.87974,1.11, 25.13
1657550980.909592,2.08, 29.05
1657550981.955888,2.77, 745.49
1657550983.004985,1.01, 29.08
1657550984.04421,1.20, 17.31
1657550985.0978718,1.22, 34.46
1657550986.1378894,2.00, 21.89
1657550987.1801093,12.19, 584.73
1657550988.2277513,1.62, 25.71
1657550989.2616184,5.42, 2143.07
1657550990.3014717,1.04, 24.58
1657550991.338604,2.40, 32.67
1657550992.3815973,14.43, 2042.59
1657550993.4184713,0.95, 15.88
1657550994.5674143,1.33, 17.19
1657550995.616206,1.59, 355.19
1657550996.6665356,1.94, 11.54
1657550997.7167292,0.78, 7.68
1657550998.758592,0.92, 4.30
1657550999.8012674,0.90, 6.05
1657551000.8449638,1.85, 4.70
1657551001.9007196,6.71, 2627.77
1657551002.9753864,2.93, 608.67
1657551004.0289834,0.89, 3.89
1657551005.068908,1.23, 2.40
1657551006.1230495,3.16, 7.16
1657551007.1873977,0.95, 3.18
1657551008.2184193,0.96, 3.30
1657551009.249562,1.67, 329.63
1657551010.2902927,3.37, 2.91
1657551011.3286045,5.16, 8.99
1657551012.3726585,2.69, 3.99
1657551013.5496032,7.12, 899.85
1657551014.6414273,7.76, 343.80
1657551015.699153,3.02, 665.08
1657551016.7613466,15.49, 728.71
1657551017.8176737,4.88, 4.50
1657551018.8606248,2.07, 2.56
1657551019.9165368,1.46, 3.73
1657551020.958592,1.76, 3.59
1657551022.013636,0.75, 3.79
1657551023.0585203,2.03, 676.14
1657551024.1131573,1.01, 5.60
1657551025.1805484,0.93, 2.87
1657551026.207807,1.73, 6.18
1657551027.2394202,0.47, 5.42
1657551028.2755213,0.71, 4.37
1657551029.3158276,0.92, 4.91
1657551030.354652,15.77, 1646.64
1657551031.4125154,2.05, 5.69
1657551032.5130768,0.90, 6.74
1657551033.6137211,0.87, 3.11
1657551034.686972,0.72, 2.22
1657551035.763158,0.99, 5.04
1657551036.8737693,4.93, 2.53
1657551037.9658399,5.76, 19.21
1657551039.0440063,1.29, 3.13
1657551040.2020197,0.49, 5.84
1657551041.3430314,1.63, 6.33
1657551042.4207969,8.93, 13.25
1657551043.476483,0.55, 0.78
1657551044.5327265,1.08, 0.88
1657551045.5730028,11.66, 1792.77
1657551046.6160364,7.92, 225.81
1657551047.6596313,0.97, 4.88
1657551048.7048957,0.72, 1.02
1657551049.7728865,3.89, 6.53
1657551050.837118,1.19, 0.87
1657551051.890242,1.99, 2.50
1657551052.936339,1.06, 3.38
1657551053.9834838,0.77, 0.73
1657551055.0341346,0.78, 1.24
1657551056.0952725,7.75, 42.09
1657551057.1396964,5.53, 501.33
1657551058.1757295,0.77, 2.03
1657551059.2206745,1.23, 0.93
1657551060.2653728,0.96, 0.91
1657551061.3244684,2.53, 2.47
1657551062.3770702,0.63, 2.12
1657551063.4317272,0.80, 0.69
1657551064.4890406,1.51, 5.26
1657551065.5437272,0.94, 2.78
1657551066.6026914,1.94, 7.33
1657551067.650948,0.85, 2.01
1657551068.71199,0.81, 4.12
1657551069.7634504,0.82, 1.00
1657551070.8146474,0.83, 0.89
1657551071.859193,2.05, 5.70
1657551072.9160728,0.60, 1.02
1657551073.9556928,3.73, 1.29
1657551075.01323,0.61, 4.00
1657551076.0779014,2.47, 3.75
1657551077.134614,0.96, 2.17
1657551078.1815453,20.95, 1796.40
1657551079.234639,1.77, 1.56
1657551080.3283873,9.87, 84.69
1657551081.3958597,1.71, 7.31
1657551082.446788,5.59, 9.84
1657551083.4911819,0.71, 6.64
1657551084.5453534,1.19, 6.14
1657551085.5907474,2.02, 2.53
1657551086.6546369,6.72, 12.08
1657551087.702019,4.25, 470.17
1657551088.750396,0.93, 1.92
1657551089.8013458,4.69, 2.65
1657551090.8289676,1.19, 6.38
1657551091.8672144,2.30, 9.71
1657551092.9018478,3.37, 8.23
1657551093.955429,0.86, 6.30
1657551094.9896896,1.15, 6.16
1657551096.0381393,0.90, 7.83
1657551097.07792,2.05, 4.50
1657551098.119813,0.66, 8.84
1657551099.1738272,12.96, 1815.11
1657551100.2240548,1.15, 6.71
1657551101.275548,2.22, 9.04
1657551102.3243954,0.70, 7.44
1657551103.3718634,0.77, 9.02
1657551104.412143,1.16, 1.60
1657551105.4565504,0.95, 5.80
1657551106.5094125,1.72, 6.08
1657551107.5477386,1.07, 7.92
1657551108.5886655,0.83, 7.34
1657551109.6228845,1.21, 5.90
1657551110.650138,0.96, 8.20
1657551111.6907892,2.11, 5.14
1657551112.7266862,0.63, 3.78
1657551113.7605872,0.69, 8.43
1657551114.8036888,1.08, 7.69
1657551115.8461058,1.28, 4.12
1657551116.8859038,13.38, 570.50
1657551117.9358861,0.61, 8.38
1657551118.9710574,0.96, 7.10
1657551120.0124907,0.99, 5.27
1657551121.0686436,0.85, 6.94
1657551122.118491,1.80, 5.41
1657551123.1684084,5.43, 9.09
1657551124.2103498,0.79, 1.90
1657551125.2748594,1.83, 1.56
1657551126.3185415,1.95, 6.84
1657551127.3615892,1.20, 7.29
1657551128.3899658,1.12, 7.52
1657551129.4209409,1.01, 5.00
1657551130.4517787,0.58, 7.57
1657551131.4945762,1.73, 5.46
1657551132.5318286,0.87, 3.24
1657551133.5801632,0.59, 4.93
1657551134.6260452,0.90, 5.03
1657551135.664947,0.93, 4.69
1657551136.7289429,1.67, 6.75
1657551137.7844152,0.96, 4.86
1657551138.827399,0.58, 8.46
1657551139.885921,1.13, 5.15
1657551140.930015,0.50, 2.48
1657551141.9705095,2.08, 4.62
1657551143.0149236,0.43, 7.41
1657551144.061174,2.07, 6.47
1657551145.1120503,0.91, 3.13
1657551146.1646807,7.96, 16.80
1657551147.2166255,14.04, 589.41
1657551148.263171,0.77, 4.94
1657551149.2981243,0.71, 6.18
1657551150.3568845,2.29, 6.67
1657551151.4207292,8.69, 49.03
1657551152.4895527,8.77, 82.10
1657551153.5647666,22.66, 1942.26
1657551154.6869328,9.81, 32.80
1657551155.764441,7.07, 17.96
1657551156.8236184,3.88, 10.33
1657551157.8641424,7.62, 24.94
1657551158.9107897,5.22, 10.18
1657551159.9546125,2.83, 25.30
1657551161.0058327,1.04, 5.66
1657551162.0445561,6.98, 16.29
1657551163.0887508,3.51, 4.75
1657551164.1436002,14.52, 77.53
1657551165.1928134,9.13, 6.42
1657551166.2360592,2.00, 26.13
1657551167.2981849,4.73, 202.15
1657551168.355779,0.84, 0.86
1657551169.4036653,6.45, 2.25
1657551170.4621315,0.84, 4.42
1657551171.5240972,1.58, 2.43
1657551172.5550663,22.34, 31.37
1657551173.6066468,13.81, 13.22
1657551174.6449068,17.44, 2008.83
1657551175.6911194,4.99, 2.57
1657551176.721652,13.79, 565.75
1657551177.7702563,1.01, 3.63
1657551178.817967,0.79, 3.70
1657551179.8690434,1.40, 1.08
1657551180.9138768,0.58, 5.33
1657551181.9635735,2.04, 6.32
1657551183.0057914,0.73, 7.97
1657551184.0551982,0.59, 8.61
1657551185.1125617,2.34, 12.56
1657551186.1657548,1.74, 11.26
1657551187.231012,2.03, 7.01
1657551188.3087368,7.13, 356.20
1657551189.3532274,31.79, 233.49
1657551190.3977058,38.99, 107.22
1657551191.4589694,11.12, 152.71
1657551192.562484,5.82, 15.15
1657551193.6163368,4.19, 416.10
1657551194.683423,14.12, 15.87
1657551195.760746,15.34, 1992.81
1657551196.8744626,10.61, 104.21
1657551197.954086,18.10, 97.48
1657551199.0346806,16.57, 83.35
1657551200.0950038,4.79, 87.36
1657551201.1538603,0.74, 20.32
1657551202.2154806,2.52, 2.98
1657551203.3402393,2.29, 1.67
1657551204.4140513,3.31, 11.08
1657551205.4738927,2.34, 12.46
1657551206.5303195,19.42, 725.87
1657551207.5760667,1.94, 14.36
1657551208.6329296,19.79, 110.96
1657551209.6776965,4.41, 5.23
1657551210.720761,0.74, 4.75
1657551211.7647073,3.10, 14.18
1657551212.8591166,0.99, 8.13
1657551213.9172947,0.72, 7.53
1657551214.9709892,1.04, 8.26
1657551216.01562,0.88, 8.07
1657551217.0645416,14.10, 1817.60
1657551218.1090267,1.25, 6.10
1657551219.1646209,0.71, 7.88
1657551220.2215836,1.27, 6.95
1657551221.2673917,0.90, 9.78
1657551222.3151288,3.72, 6.33
1657551223.3697429,0.56, 7.73
1657551224.4248266,0.99, 8.13
1657551225.478389,0.71, 8.43
1657551226.5345292,7.43, 7.68
1657551227.5893307,1.15, 8.13
1657551228.6429648,0.57, 5.64
1657551229.6952946,1.26, 23.66
1657551230.7443125,1.49, 13.62
1657551231.806746,7.69, 11.93
1657551232.859123,13.47, 86.04
1657551233.9045985,13.17, 208.19
1657551234.9517262,3.59, 340.72
1657551235.9915876,1.95, 7.30
1657551237.0407417,4.34, 8.37
1657551238.092786,11.52, 1580.17
1657551239.1641047,2.18, 6.93
1657551240.2416668,4.34, 6.35
1657551241.3233874,0.96, 9.57
1657551242.3736885,3.74, 7.80
1657551243.4181743,1.44, 3.52
1657551244.4571662,3.76, 14.00
1657551245.5134552,7.19, 14.85
1657551246.567779,8.27, 45.47
1657551247.658278,4.46, 453.06
1657551248.713496,2.66, 7.21
1657551249.755101,2.11, 6.68
1657551250.7869318,0.68, 7.11
1657551251.8237443,2.71, 7.29
1657551252.8639672,1.13, 1.65
1657551253.92209,2.94, 3.30
1657551254.9674473,4.95, 483.78
1657551256.0106432,3.03, 8.49
1657551257.0692508,10.26, 53.61
