ts,ul_kBps,dl_kBps
1657372767.4061005,18.93, 96.48
1657372768.5501888,33.81, 109.57
1657372769.5794017,186.13, 5499.20
1657372770.5893931,215.63, 9338.89
1657372771.602582,159.39, 9738.90
1657372772.6295757,166.34, 8899.23
1657372773.6587317,154.71, 8350.22
1657372774.6965318,143.17, 7197.14
1657372775.7225995,163.57, 6568.32
1657372776.746169,120.49, 8693.62
1657372777.7940545,109.95, 8587.74
1657372778.8240213,107.41, 9291.62
1657372779.8489413,125.05, 9161.74
1657372780.8710873,178.02, 9160.40
1657372781.8945465,216.31, 8964.25
1657372782.9187992,166.99, 9243.40
1657372783.9465125,150.45, 8882.51
1657372784.977193,149.63, 9653.57
1657372786.0049164,237.21, 9606.23
1657372787.0327547,132.47, 9508.38
1657372788.0589888,296.32, 9846.32
1657372789.0853686,325.40, 8296.90
1657372790.106153,376.73, 9414.04
1657372791.133745,347.32, 8339.83
1657372792.1614666,397.72, 10544.08
1657372793.1844072,408.62, 8511.72
1657372794.2015188,263.64, 5645.06
1657372795.2175522,165.68, 5574.74
1657372796.2347155,94.19, 5112.39
1657372797.253885,106.52, 4738.24
1657372798.275871,188.28, 4963.84
1657372799.29348,157.52, 4619.78
1657372800.3069317,178.29, 6213.00
1657372801.3300593,96.62, 5376.88
1657372802.3573925,148.87, 5333.90
1657372803.3752906,141.50, 4991.91
1657372804.3927464,126.64, 4993.55
1657372805.4143069,138.35, 4667.97
1657372806.4379735,131.17, 4636.47
1657372807.4544086,104.13, 4191.39
1657372808.4834235,104.84, 4246.07
1657372809.5052254,173.27, 4439.60
1657372810.525458,123.61, 4980.43
1657372811.5509908,231.63, 4303.86
1657372812.5638738,118.80, 4384.53
1657372813.577901,196.51, 4884.34
1657372814.5938864,184.99, 4796.63
1657372815.6133294,154.92, 4547.15
1657372816.642774,198.84, 4750.25
1657372817.6601582,195.08, 4686.46
1657372818.6797113,221.32, 5016.87
1657372819.693474,234.81, 5539.98
1657372820.714515,126.43, 5230.70
1657372821.736986,242.76, 5121.98
1657372822.754722,82.55, 4805.66
1657372823.7827506,88.76, 4214.46
1657372824.8031895,84.60, 4699.77
1657372825.8236415,91.93, 5223.22
1657372826.8559067,82.59, 5276.85
1657372827.8807106,92.64, 4591.86
1657372828.9084713,211.03, 7201.82
1657372829.9293947,165.78, 8449.35
1657372830.9538617,152.09, 10791.21
1657372831.9757154,118.77, 8507.36
1657372833.0083895,94.90, 9750.67
1657372834.0327382,149.03, 7876.99
1657372835.050545,172.39, 8493.18
1657372836.0781004,253.33, 9887.58
1657372837.1070118,173.36, 8064.41
1657372838.1329234,180.94, 10145.92
1657372839.1630933,172.13, 9531.03
1657372840.1929522,128.03, 9878.63
1657372841.2263424,154.88, 8445.05
1657372842.252697,161.04, 8060.18
1657372843.28536,111.13, 7491.61
1657372844.3099005,158.96, 9116.69
1657372845.338181,130.18, 7335.00
1657372846.3649006,123.41, 9478.36
1657372847.383877,98.54, 9998.59
1657372848.4103,123.69, 8541.52
1657372849.4419203,125.21, 6709.44
1657372850.4692914,104.51, 7540.41
1657372851.4959702,124.40, 9111.00
1657372852.522861,124.48, 7219.28
1657372853.550896,130.97, 8326.83
1657372854.5759912,123.87, 9035.59
1657372855.6039212,131.02, 9217.13
1657372856.6209435,114.11, 8128.99
1657372857.6501207,92.22, 5209.14
1657372858.6783955,91.69, 5645.85
1657372859.7069297,88.60, 5845.71
1657372860.73436,113.63, 4819.95
1657372861.75411,157.85, 7771.62
1657372862.7822337,136.83, 8175.84
1657372863.8131118,157.73, 9093.04
1657372864.8416846,202.69, 9545.67
1657372865.8670623,173.76, 9764.40
1657372866.8966885,222.51, 10093.72
1657372867.9234927,183.46, 8873.30
1657372868.9529161,172.70, 9182.59
1657372869.9841688,160.82, 8111.61
1657372871.00098,179.10, 7917.92
1657372872.029813,206.92, 10009.91
1657372873.050844,233.94, 10543.52
1657372874.0816042,231.28, 10494.34
1657372875.1165655,240.30, 10468.35
1657372876.1324227,220.64, 10724.82
1657372877.163743,162.21, 8855.59
1657372878.190488,143.98, 8920.89
1657372879.217231,197.51, 10758.19
1657372880.245332,201.59, 10693.33
1657372881.273369,197.78, 9783.50
1657372882.3346634,230.62, 10053.37
1657372883.365748,232.01, 10723.43
1657372884.4007757,233.20, 10688.78
1657372885.430087,234.75, 10514.96
1657372886.4587288,239.14, 10770.99
1657372887.562284,227.69, 10289.55
1657372888.7970254,189.39, 9037.00
1657372889.8232906,244.68, 9052.39
1657372890.8509235,189.32, 9282.45
1657372891.88362,220.24, 10539.78
1657372892.9119866,222.91, 11199.96
1657372893.944522,192.30, 10242.14
1657372894.9753077,208.36, 10530.50
1657372896.0004342,276.24, 10019.02
1657372897.0279527,219.22, 9128.74
1657372898.0588176,209.75, 6787.12
1657372899.0944984,138.94, 8136.96
1657372900.1209366,209.57, 8219.47
1657372901.1509843,213.43, 8913.42
1657372902.1823602,323.33, 9532.81
1657372903.20122,178.38, 9006.33
1657372904.2352214,215.81, 8030.65
1657372905.264357,242.41, 10461.46
1657372906.291,142.25, 8870.11
1657372907.319329,236.49, 8120.63
1657372908.3584855,178.51, 8164.74
1657372909.3843448,165.21, 8796.14
1657372910.4249115,251.07, 9702.80
1657372911.456406,234.33, 11078.58
1657372912.5071573,159.98, 7527.79
1657372913.541636,309.71, 11151.82
1657372914.5675125,215.61, 10201.97
1657372915.5978053,218.81, 10561.23
1657372916.6218972,221.28, 10270.46
1657372917.6560166,213.55, 10718.57
1657372918.6873024,232.36, 11276.09
1657372919.7224827,232.15, 12073.39
1657372920.7822547,214.71, 11643.63
1657372921.813595,198.26, 11003.09
1657372922.8398035,255.79, 9497.31
1657372923.866805,205.16, 8521.60
1657372924.8992357,211.02, 8375.12
1657372925.9127908,162.57, 7908.40
1657372926.9376726,227.63, 9497.70
1657372927.996553,227.91, 11077.84
1657372929.3282557,197.42, 9835.63
1657372930.4047823,200.64, 9811.57
1657372931.4243863,224.88, 10368.72
1657372932.4417968,228.41, 10193.07
1657372933.576027,229.55, 10349.68
1657372934.7978847,234.39, 10664.07
1657372935.920462,223.64, 10110.72
1657372936.9540105,227.04, 10534.01
1657372938.0802155,221.70, 10468.25
1657372939.1736383,228.28, 10340.59
1657372940.2795546,215.87, 9989.02
1657372941.2979722,241.79, 11102.77
1657372942.4290586,217.64, 10766.95
1657372943.6143882,229.30, 10850.06
1657372944.8321202,232.86, 10336.74
1657372945.8533084,195.75, 9267.41
1657372947.0167975,205.23, 9106.82
1657372948.2246995,220.84, 9847.24
1657372949.2451603,228.94, 10603.79
1657372950.3721423,168.35, 8302.95
1657372951.6528156,179.54, 8523.72
1657372952.9551926,178.66, 8657.96
1657372954.2826643,192.50, 8706.34
1657372955.4940648,208.28, 9383.15
1657372956.5135422,241.05, 10929.77
1657372957.530325,227.74, 10106.92
1657372958.877872,200.12, 9464.46
1657372960.110805,182.91, 8834.02
1657372961.4399302,221.39, 10898.29
1657372962.4534633,220.46, 11100.05
1657372963.5765553,207.57, 10287.01
1657372964.9279096,183.49, 8916.80
1657372965.953127,240.01, 11357.09
1657372967.023114,216.88, 10592.42
1657372968.041742,220.96, 10980.96
1657372969.2089314,185.05, 9392.85
1657372970.3613586,211.39, 9911.47
1657372971.4919195,213.27, 9597.43
1657372972.6168413,212.65, 9634.87
1657372973.6346862,236.91, 10914.11
1657372974.663811,227.81, 10856.83
1657372975.764743,237.18, 10642.17
1657372976.77652,210.26, 10444.41
1657372977.9287758,186.94, 8513.45
1657372979.2719696,232.32, 11302.83
1657372980.2901416,238.49, 10917.07
1657372981.3081408,250.15, 11370.08
1657372982.3196404,226.83, 11037.73
1657372983.3441439,248.30, 10989.54
1657372984.3703673,227.41, 11021.70
1657372985.3901086,257.22, 11550.33
1657372986.4396434,206.24, 9872.47
1657372987.4861555,194.42, 9293.84
1657372988.5747344,210.36, 10071.53
1657372989.5892482,219.35, 11128.97
1657372990.600349,210.26, 9756.94
1657372991.6209674,222.89, 10193.04
1657372992.6381688,240.04, 10855.51
1657372993.6574318,224.76, 10940.24
1657372994.676673,232.59, 10822.13
1657372995.7445016,228.29, 10513.52
1657372996.7674928,238.87, 11150.03
1657372997.7837183,232.61, 10699.03
1657372998.803458,225.41, 11050.62
1657372999.8235855,233.27, 11120.92
1657373000.8378592,212.41, 10246.73
1657373002.0851672,192.71, 9396.19
1657373003.2268054,186.72, 9459.29
1657373004.363631,220.67, 10296.00
1657373005.6449707,218.64, 10925.40
1657373006.6571143,231.73, 11656.62
1657373007.666131,215.30, 11081.79
1657373008.701241,228.05, 11132.42
1657373010.0388045,192.92, 9464.51
1657373011.059775,214.24, 10354.04
1657373012.0738244,201.25, 10602.13
1657373013.1988316,128.66, 8352.48
1657373014.219489,249.07, 11027.70
1657373015.2723427,217.99, 10917.62
1657373016.2886987,228.92, 11477.00
1657373017.4031243,220.53, 10407.44
1657373018.5215876,230.93, 11175.64
1657373019.656817,211.99, 10363.62
1657373020.6738312,224.79, 11042.80
1657373021.9045706,191.68, 9484.15
1657373022.92585,230.35, 11410.11
1657373023.93498,244.51, 11411.03
1657373025.1456344,234.08, 12011.29
1657373026.1593275,215.56, 10593.25
1657373027.175787,208.21, 10793.99
1657373028.1922383,219.73, 11089.67
1657373029.205917,214.73, 11020.50
1657373030.2264988,218.86, 11036.21
1657373031.2445545,215.16, 11175.67
1657373032.371541,219.03, 11206.26
1657373033.4362884,176.19, 9392.57
1657373034.4552019,216.48, 11678.42
1657373035.4734628,204.59, 11146.38
1657373036.6306584,196.85, 10158.03
1657373037.9238026,178.99, 11607.86
1657373038.9422648,181.78, 11693.84
1657373040.350271,165.41, 10207.31
1657373041.3782701,172.97, 11562.75
1657373042.6412024,145.63, 9273.60
1657373043.7300951,156.24, 9674.81
1657373044.7468956,200.08, 11566.16
1657373045.7671127,183.08, 10999.01
1657373046.7812698,191.50, 11538.77
1657373047.8005672,185.55, 11759.59
1657373048.92902,192.83, 11559.86
1657373050.1137543,161.99, 9975.97
1657373051.129202,186.27, 11668.25
1657373052.2859,186.73, 11571.75
1657373053.3042905,186.73, 11505.80
1657373054.3219059,179.17, 9879.88
1657373055.6631396,139.88, 8718.79
1657373056.6980228,145.07, 9453.39
1657373057.7211123,164.75, 10392.77
1657373058.7396681,138.54, 9792.46
1657373059.835046,153.85, 9928.84
1657373060.8586743,196.59, 11715.92
1657373061.984747,150.64, 9726.80
1657373063.0059698,195.70, 11503.85
1657373064.0188115,117.03, 9655.73
1657373065.036253,138.84, 9769.67
1657373066.1024952,159.82, 10443.08
1657373067.2802565,131.25, 9734.77
1657373068.2910993,165.99, 11518.38
1657373069.334876,148.98, 11427.22
1657373070.3557985,168.36, 11859.38
1657373071.3698423,142.70, 10605.12
1657373072.3894749,177.04, 10871.40
1657373073.4085171,172.86, 11619.10
1657373074.6605923,166.81, 11819.39
1657373075.8207757,168.61, 10431.46
1657373076.8425634,167.50, 11736.97
1657373077.8640692,134.96, 10464.13
1657373078.8854349,188.46, 12153.58
1657373079.9079645,170.32, 11682.22
1657373080.9328814,148.13, 11713.92
1657373081.945986,123.64, 11247.84
1657373083.0841334,120.35, 8809.64
1657373084.0990868,199.77, 11274.63
1657373085.1160517,200.33, 11420.86
1657373086.1496599,174.27, 9522.23
1657373087.2998857,144.62, 8262.14
1657373088.4266415,193.80, 9735.79
1657373089.5828927,163.63, 8722.57
1657373090.5983198,160.59, 8075.12
1657373092.1543322,140.31, 6359.96
1657373093.166979,211.66, 10232.07
1657373094.1888916,222.81, 11030.11
1657373095.3639848,210.90, 10645.17
1657373096.384811,199.79, 10995.22
1657373097.5537648,198.47, 10526.93
1657373098.5945227,185.46, 9992.09
1657373100.269554,200.49, 11171.40
1657373101.7630408,171.01, 9280.10
1657373102.7793016,202.37, 10973.84
1657373103.8053064,188.77, 11595.15
1657373104.8213673,187.39, 11285.83
1657373106.0123847,193.23, 11154.52
1657373107.0361648,185.77, 11474.40
1657373108.06769,198.42, 11365.79
1657373109.41296,124.02, 7936.09
1657373110.5410283,192.99, 10985.90
1657373111.7004757,128.36, 8152.88
1657373112.9784005,166.84, 10604.06
1657373114.1327724,121.23, 9799.17
1657373115.1566076,145.68, 10754.74
1657373116.249114,121.13, 10595.15
1657373117.6680305,60.94, 5446.03
1657373118.9131835,111.90, 9400.12
1657373120.3013194,88.20, 7001.83
1657373121.6597736,107.80, 9120.40
1657373123.0854726,81.68, 5032.44
1657373125.03832,45.22, 1451.96
1657373126.1220033,71.66, 874.12
1657373127.6590154,48.89, 598.09
1657373128.676163,83.05, 1194.23
1657373129.836782,62.01, 690.99
1657373130.9970248,57.54, 605.28
1657373132.213234,68.48, 718.50
1657373133.2273335,72.83, 946.07
1657373134.2448454,82.55, 2728.73
1657373135.4496303,75.24, 4519.53
1657373136.4677384,74.42, 1394.44
1657373137.4902816,85.08, 4036.68
1657373138.5459764,78.15, 2735.52
1657373139.5683544,81.35, 2656.53
1657373140.5888917,85.02, 4067.42
1657373141.7211008,69.22, 883.70
1657373143.1376662,73.82, 1072.46
1657373144.161165,75.50, 882.76
1657373145.170805,95.07, 2763.32
1657373146.2336907,80.02, 976.29
1657373147.8566308,90.85, 1041.48
1657373148.8725264,101.98, 1475.94
1657373150.2038536,71.20, 984.73
1657373151.491641,87.55, 1182.56
1657373152.6244986,75.16, 852.86
1657373153.6408281,80.91, 1128.09
1657373154.6585677,100.33, 1107.89
1657373155.6729054,115.57, 3499.52
1657373156.695897,94.01, 3158.00
1657373157.9050815,96.53, 1164.84
1657373159.1158528,83.33, 976.56
1657373160.5480545,93.46, 1122.94
1657373161.9986298,83.03, 906.30
1657373164.432828,61.38, 677.90
1657373165.4568925,91.01, 1151.28
1657373166.8670065,110.39, 1229.31
1657373169.1192627,87.85, 1035.76
1657373170.6144826,119.30, 1541.44
1657373171.630779,114.48, 1350.51
1657373172.7909825,99.78, 1153.92
1657373174.0224805,111.92, 1460.61
1657373175.4992378,66.02, 905.09
1657373176.5205877,91.12, 865.01
1657373177.5350826,121.64, 1436.00
1657373178.5597885,131.55, 1500.75
1657373180.100374,102.74, 2647.37
1657373181.2885222,212.36, 9667.75
1657373182.368096,215.95, 9519.84
1657373184.0215068,184.49, 8436.94
1657373185.947608,128.97, 5526.63
1657373188.9550362,50.68, 634.30
1657373190.6163893,86.15, 1095.38
1657373191.8790338,85.34, 884.20
1657373193.4940877,108.03, 1227.02
1657373195.3653355,87.27, 1020.84
1657373196.5787084,139.13, 1749.96
1657373197.600542,132.86, 1634.15
1657373199.2417378,135.53, 1645.27
1657373200.618197,90.50, 1201.21
1657373201.775329,113.13, 1464.50
1657373204.3860257,89.04, 1129.73
1657373205.4030056,127.34, 1598.41
1657373206.668651,84.15, 1149.09
1657373208.929786,63.44, 825.73
1657373211.6930497,101.82, 1370.37
1657373214.1831992,106.78, 1311.85
1657373215.3849502,94.50, 1251.30
1657373216.404349,122.81, 1507.00
1657373217.6209664,128.58, 1707.55
1657373220.6123462,39.15, 513.44
1657373221.7412047,94.54, 1307.62
1657373223.8791752,49.76, 683.28
1657373225.1677232,100.01, 1243.28
1657373227.2212422,76.35, 931.00
1657373228.532979,97.59, 1196.40
1657373229.911799,93.14, 1149.73
1657373231.5023692,90.63, 1057.09
1657373232.6811666,134.10, 1619.01
1657373234.1240222,96.27, 1080.15
1657373235.1481774,127.74, 1580.05
1657373236.1751199,133.55, 1665.60
1657373238.110768,137.71, 1655.37
1657373239.8819392,73.88, 928.61
1657373240.8931527,138.40, 1684.23
1657373241.9037776,130.81, 1633.54
1657373242.9280958,119.45, 1549.14
1657373243.9469638,121.37, 1500.11
1657373244.9971437,132.45, 1566.48
1657373246.019351,144.73, 1695.78
1657373248.2832804,109.65, 1321.25
1657373249.9949856,104.36, 1319.67
1657373252.4943025,93.21, 1185.58
1657373254.6179466,89.25, 1137.34
1657373256.1147308,127.83, 1587.45
1657373257.1860855,135.83, 1644.88
1657373258.2063246,138.89, 1676.08
1657373260.2740989,80.57, 951.59
1657373262.0850053,75.78, 853.53
1657373263.4711561,110.70, 1173.54
