ts,ul_kBps,dl_kBps
1656935237.5051043,5.70, 16.16
1656935238.5067675,126.61, 2121.57
1656935239.508555,108.55, 2903.40
1656935240.5094638,189.44, 6086.99
1656935241.5111413,26.51, 178.39
1656935242.5121775,82.52, 2533.99
1656935243.513464,253.17, 8026.89
1656935244.5150535,228.81, 7369.24
1656935245.5166774,160.30, 5136.34
1656935246.5177875,280.82, 8938.05
1656935248.5210438,137.64, 4395.39
1656935249.522759,134.59, 4403.95
1656935250.5245652,139.72, 3993.85
1656935251.5254748,111.95, 4207.73
1656935252.5270529,96.78, 4371.25
1656935253.5287704,91.83, 4490.70
1656935254.5294988,86.07, 4317.97
1656935255.5313115,89.09, 4573.48
1656935256.5324664,98.72, 5160.43
1656935257.5335104,89.21, 4731.64
1656935258.5353968,100.82, 4853.99
1656935259.537106,83.86, 3928.15
1656935260.5387428,90.77, 4036.51
1656935261.5405517,98.61, 4537.75
1656935262.5414941,90.30, 4257.00
1656935263.5433307,97.13, 4281.51
1656935264.545295,101.80, 4328.11
1656935265.546952,100.28, 4325.92
1656935266.5484226,84.51, 4058.26
1656935267.5495155,87.30, 4143.65
1656935268.5512507,93.77, 4928.51
1656935269.5530515,105.30, 5134.58
1656935270.554636,98.37, 4446.57
1656935271.55641,105.29, 4352.93
1656935272.557481,106.70, 4364.85
1656935273.559215,103.87, 4179.93
1656935274.5608568,96.87, 3809.13
1656935275.5624216,108.58, 4428.33
1656935276.5639594,115.98, 4592.92
1656935277.5655582,88.41, 3625.52
1656935278.5674598,5.77, 184.87
1656935279.5692267,6.03, 228.51
1656935280.5709553,8.27, 399.81
1656935281.5726619,4.61, 365.27
1656935282.573484,27.99, 1004.60
1656935283.5751314,126.35, 4464.10
1656935284.5768423,154.82, 6191.82
1656935285.5785584,102.97, 4337.86
1656935286.5802515,111.85, 4559.28
1656935287.581561,111.48, 4369.52
1656935288.5832558,114.75, 4590.99
1656935289.5846677,108.03, 4444.82
1656935290.5855114,120.53, 4686.48
1656935291.5868096,107.29, 4185.93
1656935293.589454,211.97, 8375.81
1656935294.5910988,234.08, 9413.20
1656935295.5927541,263.17, 9895.60
1656935296.5935118,256.74, 9964.64
1656935297.5950577,191.25, 7269.89
1656935298.596548,187.67, 5066.49
1656935299.597495,317.01, 9675.84
1656935300.5990286,277.50, 8573.25
1656935301.600514,270.95, 8696.40
1656935302.6014152,200.53, 6462.40
1656935303.6029778,226.09, 7724.15
1656935304.6045725,232.95, 8590.49
1656935305.6058528,239.68, 8790.73
1656935306.6076314,239.85, 9120.02
1656935307.6093395,244.12, 8800.62
1656935308.611042,265.27, 9221.57
1656935309.612768,269.24, 8909.55
1656935310.61369,272.25, 8794.56
1656935311.6153316,244.79, 8140.98
1656935312.6169472,189.29, 6258.13
1656935313.6184583,233.93, 8171.09
1656935314.6199393,277.62, 9035.57
1656935315.6215043,258.51, 8829.31
1656935316.6231153,201.47, 6575.78
1656935317.6247559,13.91, 334.65
1656935318.625558,6.00, 76.93
1656935319.627258,9.37, 120.66
1656935320.6279647,33.70, 922.77
1656935321.6293917,15.42, 95.31
1656935322.6309905,25.13, 207.63
1656935323.6326988,38.45, 340.05
1656935324.6334088,69.97, 1165.51
1656935325.6350272,155.36, 4570.59
1656935326.6368213,18.30, 75.65
1656935327.638447,37.13, 505.34
1656935328.639182,21.13, 94.03
1656935329.6407745,22.01, 94.78
1656935330.6414394,20.09, 91.37
1656935331.642437,32.83, 108.03
1656935332.6439717,26.74, 96.76
1656935333.6453626,31.49, 94.39
1656935334.6468368,31.45, 112.68
1656935335.6483696,36.45, 218.51
1656935336.6494143,29.80, 101.16
1656935337.6509533,31.73, 99.76
1656935339.6534677,32.69, 100.57
1656935340.6549377,39.38, 114.53
1656935341.6565993,30.27, 101.20
1656935342.6574392,33.93, 109.39
1656935343.6590385,39.43, 256.97
1656935344.660542,31.13, 103.35
1656935345.6613302,29.18, 103.76
1656935346.662897,30.18, 97.36
1656935347.6645424,34.70, 110.76
1656935348.6653674,30.76, 94.01
1656935349.6668458,36.22, 139.56
1656935350.6683395,32.98, 103.45
1656935351.6696312,33.27, 128.56
1656935352.6711588,30.63, 100.12
1656935353.6726108,29.63, 98.50
1656935354.6734037,30.90, 102.65
1656935355.6749222,30.99, 104.55
1656935356.6763897,31.77, 104.20
1656935357.6776881,31.00, 98.77
1656935358.6792922,29.84, 98.21
1656935359.6809022,83.81, 1909.93
1656935360.68255,54.03, 873.53
1656935361.6840806,28.34, 95.76
1656935362.6854606,30.85, 98.25
1656935363.6869743,37.30, 256.50
1656935364.6884794,33.01, 115.75
1656935365.6893775,27.69, 97.35
1656935366.6902246,30.83, 97.82
1656935367.6920006,29.38, 93.42
1656935368.6934006,31.16, 100.30
1656935369.6948216,31.14, 97.82
1656935370.696363,28.13, 91.50
1656935371.6973274,34.48, 111.32
1656935372.6988945,31.01, 99.18
1656935373.7004895,29.50, 100.64
1656935374.7013788,27.07, 95.77
1656935375.7025113,28.67, 92.37
1656935376.7039943,30.25, 99.14
1656935377.7054572,29.70, 82.33
1656935378.7070434,35.30, 139.38
1656935379.7084796,30.19, 90.80
1656935380.7094088,29.22, 104.47
1656935381.7108865,29.45, 108.80
1656935382.7124708,27.74, 98.49
1656935384.7149878,31.24, 96.79
1656935385.7166152,30.75, 100.69
1656935386.717501,27.53, 80.62
1656935387.7191317,33.40, 118.86
1656935388.720785,27.77, 92.48
1656935389.7213726,30.57, 98.85
1656935390.7228143,28.49, 96.06
1656935391.7242656,29.08, 95.04
1656935392.7257574,32.58, 101.04
1656935393.7272143,32.79, 102.83
1656935394.7287939,60.11, 942.56
1656935395.7294695,31.30, 98.95
1656935396.7310064,23.58, 92.17
1656935397.7325046,29.35, 93.25
1656935398.7334504,29.80, 99.84
1656935399.7350872,31.63, 101.61
1656935400.7366858,30.43, 99.62
1656935401.737444,30.69, 98.56
1656935402.7391038,40.60, 222.91
1656935403.740182,30.51, 100.00
1656935404.741361,30.23, 102.48
1656935405.7430131,30.99, 102.15
1656935406.7446206,29.71, 97.45
1656935407.7454991,30.39, 101.70
1656935408.74696,31.20, 99.83
1656935409.7484396,29.69, 96.59
1656935410.7494547,36.89, 243.42
1656935411.7510242,31.63, 98.69
1656935412.752582,27.93, 97.34
1656935413.75349,29.94, 99.32
1656935414.7550964,29.56, 101.04
1656935415.7566986,29.20, 97.96
1656935416.75738,31.25, 96.83
1656935417.758833,29.74, 99.32
1656935418.7598162,111.15, 2685.08
1656935419.7613916,31.87, 98.28
1656935420.7628896,24.72, 96.15
1656935421.7643683,27.62, 95.93
1656935422.7655334,24.11, 90.30
1656935423.766979,28.98, 100.18
1656935424.7685032,29.16, 98.98
1656935425.7693868,26.55, 89.66
1656935426.7707846,28.74, 95.60
1656935427.7723696,32.25, 94.29
1656935429.774683,29.45, 111.18
1656935430.7762394,28.89, 96.83
1656935431.7774453,29.05, 100.51
1656935432.7790046,29.77, 93.46
1656935433.7806242,29.17, 97.32
1656935434.781395,30.37, 97.18
1656935435.7829647,31.32, 95.08
1656935436.7845507,44.98, 508.43
1656935437.7854433,31.92, 100.53
1656935438.786968,33.04, 99.87
1656935439.7884455,30.50, 98.61
1656935440.789617,27.82, 94.91
1656935441.790991,30.22, 95.98
1656935442.7925067,29.91, 101.96
1656935443.793426,28.78, 93.84
1656935444.7950122,44.27, 104.34
1656935445.795866,28.58, 101.67
1656935446.7973988,26.51, 88.20
1656935447.798929,27.70, 96.49
1656935448.8005273,27.95, 99.12
1656935449.8017943,27.69, 99.30
1656935450.8034165,28.66, 96.71
1656935451.804894,28.82, 97.07
1656935452.8061163,30.07, 99.55
1656935453.8075643,30.38, 100.93
1656935454.8091426,30.32, 100.94
1656935455.810694,29.23, 97.54
1656935456.812135,32.76, 104.33
1656935457.8133304,29.61, 103.07
1656935458.8147862,27.65, 97.81
1656935459.8163576,29.92, 100.65
1656935460.8174593,30.66, 101.23
1656935461.8190424,30.48, 98.81
1656935462.8205726,29.46, 98.53
1656935463.8214848,27.27, 93.54
1656935464.823251,26.62, 97.67
1656935465.8245633,25.19, 94.36
1656935466.8253982,27.10, 93.77
1656935467.8269422,25.86, 95.51
1656935468.8284514,25.76, 96.55
1656935469.8294349,26.92, 100.53
1656935470.830985,28.46, 98.44
1656935471.8325894,30.15, 103.88
1656935472.833549,30.63, 102.05
1656935474.8368292,30.18, 103.37
1656935475.8384635,25.83, 102.65
1656935476.839985,28.51, 98.35
1656935477.8414676,29.17, 99.09
1656935478.8430781,31.49, 102.40
1656935479.8446925,35.86, 101.43
1656935480.8453681,31.43, 103.52
1656935481.8468387,31.26, 102.11
1656935482.847962,31.65, 102.58
1656935483.8494601,31.22, 101.65
1656935484.8510027,32.10, 101.59
1656935485.8524833,30.73, 104.08
1656935486.853452,32.59, 98.77
1656935487.8550978,34.42, 107.60
1656935488.8567173,30.75, 105.09
1656935489.8573854,31.65, 100.21
1656935490.8589942,30.32, 86.84
1656935491.8605826,33.06, 116.97
1656935492.8614585,33.25, 105.78
1656935493.863111,31.66, 100.38
1656935494.8646464,33.71, 103.84
1656935495.8654358,30.36, 102.54
1656935496.8669333,32.04, 99.98
1656935497.867726,32.29, 99.12
1656935498.869202,28.75, 99.19
1656935499.8706949,29.36, 101.53
1656935500.871546,29.23, 100.41
1656935501.873153,28.55, 100.64
1656935502.8740835,30.98, 105.89
1656935503.8756194,29.65, 101.57
1656935504.877162,28.10, 100.67
1656935505.878638,25.01, 99.92
1656935506.8801556,27.59, 101.44
1656935507.88135,28.60, 101.74
1656935508.8827603,29.34, 104.12
1656935509.884253,30.47, 105.86
1656935510.8854873,28.83, 105.29
1656935511.886992,28.17, 102.87
1656935512.8884015,27.07, 103.77
1656935513.889418,24.52, 97.96
1656935514.8910115,29.46, 105.04
1656935515.892713,28.55, 106.42
1656935516.8934512,29.72, 104.33
1656935517.895066,28.10, 103.62
1656935518.8967714,31.84, 105.13
1656935520.8988137,28.02, 99.02
1656935521.9002926,28.46, 101.42
1656935522.9013894,27.87, 103.53
1656935523.9021664,28.29, 98.44
1656935524.9037473,34.03, 105.82
1656935525.90532,29.39, 107.26
1656935526.906846,28.34, 97.17
1656935527.9076664,30.93, 104.64
1656935528.9091322,28.19, 99.70
1656935529.910687,30.86, 103.59
1656935530.912455,28.90, 103.17
1656935531.913408,27.97, 95.43
1656935532.9149373,31.68, 104.93
1656935533.9164321,28.73, 101.21
1656935534.917343,27.24, 106.55
1656935535.9188097,27.85, 104.69
1656935536.9203482,32.14, 94.81
1656935537.921451,30.75, 114.83
1656935538.9229615,31.22, 106.42
1656935539.924409,30.57, 105.08
1656935540.925473,31.79, 108.98
1656935541.9269583,30.39, 96.68
1656935542.9284604,32.03, 91.30
1656935543.929424,38.01, 142.51
1656935544.9309273,33.11, 109.30
1656935545.932477,30.02, 104.50
1656935546.9333363,30.23, 105.28
1656935547.9347758,32.85, 107.77
1656935548.9362128,31.92, 103.93
1656935549.9374564,31.54, 104.20
1656935550.9391627,30.92, 102.09
1656935551.9407544,32.22, 102.33
1656935552.9413161,31.51, 95.30
1656935553.9427943,31.93, 100.30
1656935554.9444778,33.04, 101.75
1656935555.945554,31.57, 103.35
1656935556.9470356,26.27, 96.52
1656935557.9485712,26.49, 94.56
1656935558.9494014,30.96, 102.91
1656935559.9509978,29.12, 106.44
1656935560.952392,24.85, 96.12
1656935561.9534056,26.87, 96.57
1656935562.9549358,30.46, 99.61
1656935563.9560392,31.40, 98.91
1656935565.9589274,33.32, 111.19
1656935566.9605033,31.82, 102.09
1656935567.9615011,33.22, 102.76
1656935568.9630425,31.75, 99.53
1656935569.9644797,31.98, 99.87
1656935570.9654617,30.32, 100.01
1656935571.9669468,29.79, 98.22
1656935572.9683752,33.89, 102.44
1656935573.9693773,32.13, 107.26
1656935574.9703462,34.35, 109.24
1656935575.9717302,32.90, 107.94
1656935576.9733033,31.82, 104.50
1656935577.974835,32.58, 109.87
1656935578.9755085,31.46, 107.83
1656935579.9760664,33.71, 109.89
1656935580.9773657,32.29, 107.52
1656935581.9789534,32.59, 108.37
1656935582.9804316,29.92, 98.58
1656935583.9815805,35.62, 114.58
1656935584.9830246,36.02, 110.10
1656935585.984631,30.96, 99.15
1656935586.9859347,30.12, 91.56
1656935587.9874952,39.24, 115.98
1656935588.9889593,29.94, 99.45
1656935589.990589,29.78, 99.44
1656935590.99224,32.78, 101.02
1656935591.9934497,32.90, 102.69
1656935592.995106,33.16, 101.59
1656935593.9963465,33.14, 100.15
1656935594.9976,34.37, 107.82
1656935595.9993026,32.52, 99.78
1656935597.0008934,34.45, 99.06
1656935598.0025206,34.05, 103.46
1656935599.0038893,35.19, 105.17
1656935600.0053678,34.99, 107.47
1656935601.0068536,28.97, 99.46
1656935602.0083566,32.27, 93.51
1656935603.0099,33.76, 120.28
1656935604.011505,33.45, 109.58
1656935605.012987,34.23, 104.14
1656935606.0144913,32.50, 97.75
1656935607.0159867,33.93, 103.73
1656935608.0173793,33.22, 101.88
1656935609.0188427,32.79, 108.29
1656935611.021447,30.58, 101.32
1656935612.0229461,31.23, 103.67
1656935613.0244467,33.04, 98.03
1656935614.0253737,31.66, 102.63
1656935615.0268908,34.30, 105.99
1656935616.0284357,38.72, 107.04
1656935617.0293698,32.73, 101.53
1656935618.030862,32.66, 99.08
1656935619.0316534,32.18, 103.79
1656935620.0333374,34.55, 104.57
1656935621.034882,32.21, 103.41
1656935622.0364435,32.43, 97.22
1656935623.0374699,32.85, 101.81
1656935624.0390532,32.03, 102.85
1656935625.0405447,33.78, 101.67
1656935626.041374,32.14, 102.80
1656935627.0429144,33.39, 98.43
1656935628.0445013,32.64, 101.35
1656935629.045508,34.66, 93.76
1656935630.0471442,36.50, 113.98
1656935631.04881,33.86, 93.85
1656935632.0503652,33.49, 94.19
1656935633.0518231,35.02, 119.01
1656935634.053362,32.88, 95.26
1656935635.0543044,33.15, 110.21
1656935636.0554447,31.76, 98.55
1656935637.0569644,30.76, 97.02
1656935638.0577056,31.78, 100.16
1656935639.0592322,33.56, 98.37
1656935640.060797,28.99, 106.96
1656935641.0620427,28.15, 97.12
1656935642.0637112,29.33, 96.68
1656935643.065254,31.31, 101.18
1656935644.066681,30.04, 100.09
1656935645.0680182,30.26, 100.70
1656935646.069477,29.85, 95.51
1656935647.0711005,33.10, 103.26
1656935648.072019,30.76, 96.70
1656935649.0733385,29.41, 99.31
1656935650.0748827,31.95, 101.60
1656935651.0754561,30.72, 99.70
1656935652.0771303,29.28, 94.18
1656935653.0785549,27.72, 94.80
1656935654.0802128,31.01, 100.84
1656935656.0819528,29.54, 105.47
1656935657.083505,26.36, 100.46
1656935658.0851045,31.61, 104.97
1656935659.0867898,29.67, 104.11
1656935660.0874805,31.86, 110.41
1656935661.0889907,31.79, 95.83
1656935662.0905788,33.39, 116.74
1656935663.091286,34.07, 108.36
1656935664.092773,33.13, 108.83
1656935665.093486,31.79, 108.71
1656935666.0953164,31.68, 108.73
1656935667.0971005,30.51, 105.01
1656935668.0987346,31.29, 105.05
1656935669.1003428,29.05, 102.45
1656935670.1017392,26.29, 102.42
1656935671.1032507,27.47, 102.23
1656935672.1047635,26.55, 98.49
1656935673.105443,26.10, 100.97
1656935674.106826,28.50, 100.94
1656935675.1082,28.44, 106.88
1656935676.1094043,23.98, 99.49
1656935677.1110246,25.98, 99.07
1656935678.112642,26.33, 98.59
1656935679.114365,26.12, 96.85
1656935680.1156697,29.05, 109.21
1656935681.1172612,27.04, 102.25
1656935682.1184103,24.82, 89.60
1656935683.1198049,30.57, 101.19
1656935684.1209636,29.32, 97.18
1656935685.1226826,32.60, 104.27
1656935686.1242821,28.95, 108.34
1656935687.125444,29.57, 86.48
1656935688.1269758,31.09, 90.09
1656935689.1285582,27.25, 52.04
1656935690.129421,28.42, 52.75
1656935691.130953,29.67, 133.59
1656935692.1315591,35.80, 201.96
1656935693.1331663,29.35, 101.53
1656935694.1348462,29.90, 98.22
1656935695.1364505,29.32, 103.53
1656935696.137376,29.46, 94.71
1656935697.1389136,30.11, 96.41
1656935698.1404731,29.94, 99.59
1656935699.1413612,27.70, 98.82
1656935700.1428452,30.56, 106.36
1656935702.1454263,29.15, 94.84
1656935703.1470191,31.26, 103.44
1656935704.1485057,29.07, 96.91
1656935705.1493688,30.40, 98.75
1656935706.1509676,26.68, 97.70
1656935707.1519127,26.94, 95.59
1656935708.1533353,31.95, 101.26
1656935709.1539118,26.23, 94.95
1656935710.1555483,26.90, 100.53
1656935711.1571014,25.80, 98.41
1656935712.1587062,25.95, 92.25
1656935713.1602395,28.39, 96.17
1656935714.161467,29.67, 100.56
1656935715.16248,31.42, 101.86
1656935716.1640258,30.52, 98.77
1656935717.1653948,30.42, 95.19
1656935718.166911,34.03, 101.40
