ts,ul_kBps,dl_kBps
1656936334.598388,7.84, 27.21
1656936335.599889,24.07, 100.86
1656936336.601327,214.53, 3961.91
1656936337.6027427,169.48, 4321.27
1656936338.6034021,151.07, 5033.53
1656936339.6044714,121.12, 5055.51
1656936340.6058855,104.49, 4970.71
1656936341.6071894,117.90, 5061.44
1656936342.6086402,114.29, 4630.87
1656936343.609998,120.60, 4692.48
1656936344.6108077,117.16, 4598.01
1656936345.6122437,112.58, 4845.35
1656936346.613727,127.49, 5183.07
1656936347.6148944,126.92, 4903.78
1656936348.616395,140.33, 5115.55
1656936349.617633,130.98, 4947.71
1656936350.6188242,124.00, 4632.57
1656936351.6202374,136.97, 5211.30
1656936352.6208768,120.80, 5157.16
1656936353.62233,108.12, 5217.74
1656936354.6228511,78.66, 4164.05
1656936355.624233,86.16, 4734.06
1656936356.6256666,94.03, 4308.36
1656936357.6268003,67.91, 3108.85
1656936358.6282282,94.17, 4406.27
1656936359.629684,108.67, 4649.07
1656936360.6308846,106.54, 4017.04
1656936361.632351,125.01, 4660.56
1656936362.6337981,94.79, 3397.82
1656936363.6348672,142.13, 5108.87
1656936364.6363287,105.97, 3938.20
1656936365.6376994,134.35, 5238.37
1656936366.6390376,129.39, 5013.32
1656936367.6404247,135.10, 5191.11
1656936368.6418083,128.71, 4955.90
1656936369.6429188,117.54, 4644.57
1656936370.6443584,120.82, 5004.11
1656936371.6458936,130.61, 5141.04
1656936372.6469958,102.54, 4131.91
1656936373.6484373,109.48, 3828.94
1656936374.6493397,106.13, 4033.25
1656936375.65078,132.46, 5002.67
1656936376.65221,118.64, 4588.17
1656936377.6526637,132.32, 5034.32
1656936378.6541264,87.67, 3373.57
1656936379.6548152,90.68, 3569.65
1656936380.6561837,96.60, 4428.41
1656936381.6575985,102.87, 4218.12
1656936382.6588743,111.85, 4613.86
1656936383.6603286,122.38, 5084.24
1656936384.6617398,34.95, 1306.29
1656936385.662857,42.39, 1721.37
1656936386.6643045,45.58, 1893.65
1656936387.6657698,60.93, 2186.17
1656936388.6668158,62.19, 2195.92
1656936389.6682608,56.03, 1983.74
1656936390.6697807,51.28, 1743.02
1656936391.6708825,99.36, 4756.57
1656936392.6723537,117.87, 4785.24
1656936393.6735342,107.41, 4415.16
1656936394.67481,108.39, 4365.07
1656936395.6765487,160.30, 4662.15
1656936396.6773207,142.38, 4336.82
1656936397.6788785,162.81, 4944.88
1656936398.6803982,153.95, 4954.15
1656936399.68194,126.92, 4736.76
1656936400.6828654,105.49, 3566.80
1656936401.6843193,128.20, 4202.94
1656936402.6857336,133.08, 4521.19
1656936403.6868155,141.74, 4807.72
1656936404.6874704,142.12, 5024.51
1656936405.688886,112.68, 3773.87
1656936406.6903076,141.00, 4815.53
1656936407.6908553,142.85, 5167.20
1656936408.6923509,114.39, 3880.61
1656936409.6934574,127.24, 4495.63
1656936410.6951046,129.50, 4705.52
1656936411.696612,119.17, 4818.01
1656936412.6978526,134.41, 5101.60
1656936413.698871,120.64, 4355.01
1656936414.6996639,141.49, 4453.97
1656936415.7011483,138.50, 4369.44
1656936416.702358,166.94, 4396.05
1656936417.702841,140.92, 4621.19
1656936418.7042654,136.77, 4536.50
1656936419.7056947,141.18, 4610.49
1656936420.7068264,140.17, 4564.63
1656936421.7079098,130.23, 4907.81
1656936422.7093077,132.16, 4896.91
1656936423.710773,117.41, 4529.24
1656936424.712156,123.44, 4877.89
1656936425.713631,112.24, 3883.04
1656936426.7148285,128.75, 4694.70
1656936427.715684,117.56, 4397.96
1656936428.7171996,114.34, 3875.29
1656936429.718455,113.70, 3642.02
1656936430.7198987,108.84, 3787.22
1656936431.7213206,105.47, 3915.23
1656936432.7225034,107.96, 3870.67
1656936433.7239258,108.89, 3804.81
1656936434.7253258,117.43, 4009.00
1656936435.7267034,118.53, 4110.09
1656936436.728176,121.46, 4356.29
1656936437.729694,117.03, 4346.51
1656936438.7310135,109.18, 3965.46
1656936439.7325056,119.95, 4347.12
1656936440.7339253,122.63, 4370.59
1656936441.7367408,125.83, 4384.90
1656936442.7381842,136.37, 4887.08
1656936443.7389016,131.77, 4742.07
1656936444.7403584,108.61, 3651.83
1656936445.7418373,128.63, 4445.30
1656936446.742797,138.84, 4828.70
1656936447.7446249,135.54, 4554.04
1656936448.7461765,113.85, 3616.72
1656936449.7467954,125.29, 4002.51
1656936450.747705,147.46, 4986.43
1656936451.7491617,144.50, 4911.39
1656936452.7506168,120.64, 4241.12
1656936453.7516437,142.63, 4953.93
1656936454.75301,127.77, 4355.86
1656936455.7544339,127.35, 4386.63
1656936456.755943,130.50, 4631.06
1656936457.7573342,129.85, 4666.35
1656936458.7587554,141.40, 4880.84
1656936459.7602408,145.22, 4940.78
1656936460.7617,159.58, 4718.34
1656936461.7628846,123.67, 4349.12
1656936462.7641876,114.22, 4303.42
1656936463.7656622,136.37, 4747.42
1656936464.7668755,149.41, 4769.47
1656936465.7683895,119.40, 4335.11
1656936466.7698355,138.31, 4949.61
1656936467.770821,137.56, 4945.77
1656936468.7722259,128.15, 4200.88
1656936469.7741234,134.59, 4510.21
1656936470.7749856,151.38, 4561.20
1656936471.7764535,133.11, 4164.29
1656936472.7779412,152.06, 4807.04
1656936473.779233,153.13, 4797.22
1656936474.7807617,137.40, 4745.07
1656936475.7817974,129.55, 4318.56
1656936476.783017,115.79, 3963.32
1656936477.7844782,132.18, 4643.95
1656936478.7859137,120.69, 4060.42
1656936479.7871182,116.20, 3590.55
1656936480.7885156,135.80, 4547.78
1656936481.7899628,132.65, 4378.63
1656936482.7910645,132.02, 4393.23
1656936483.7925205,127.10, 4182.91
1656936484.7939796,138.46, 4537.94
1656936485.794915,126.48, 3891.55
1656936486.7959952,107.05, 3683.14
1656936487.7975597,112.00, 4669.48
1656936488.7989233,83.32, 4436.99
1656936489.8004408,55.80, 1388.45
1656936490.802413,40.46, 580.97
1656936491.8045876,43.30, 500.05
1656936492.806057,69.90, 1363.60
1656936493.8068454,92.35, 3320.31
1656936494.8082097,93.84, 1634.74
1656936495.8096592,117.86, 3258.59
1656936496.8109143,130.23, 4045.47
1656936497.8123827,94.99, 2808.29
1656936498.8134584,66.02, 376.41
1656936499.8148956,68.46, 422.60
1656936500.8164897,63.58, 390.37
1656936501.8194191,69.33, 436.22
1656936502.8208504,65.43, 420.38
1656936503.824229,69.10, 417.13
1656936504.8257074,68.77, 417.71
1656936505.8268812,68.02, 418.21
1656936506.8283591,71.77, 430.45
1656936507.8298383,76.35, 443.50
1656936508.8309684,75.90, 439.04
1656936509.8324537,73.31, 437.60
1656936510.8339384,69.82, 403.30
1656936511.8368099,68.88, 433.51
1656936512.8374708,71.02, 427.77
1656936513.838844,72.27, 415.42
1656936514.8398724,82.21, 789.04
1656936515.8413491,80.59, 894.02
1656936516.842814,71.82, 407.62
1656936517.8442788,74.06, 421.55
1656936518.8457406,76.19, 430.00
1656936519.84689,74.61, 426.33
1656936520.8507404,69.15, 409.75
1656936521.8530664,67.80, 395.27
1656936522.854724,64.03, 402.29
1656936523.856154,66.43, 381.14
1656936524.8575914,70.89, 425.86
1656936525.8588398,64.61, 400.14
1656936526.8602889,71.30, 551.01
1656936527.861774,64.29, 412.25
1656936528.8631847,62.26, 389.85
1656936529.8646739,66.13, 410.73
1656936530.8666286,70.29, 401.65
1656936531.8674986,73.69, 421.31
1656936532.8697937,69.98, 427.54
1656936533.8708618,68.08, 402.01
1656936534.8723092,62.38, 415.00
1656936535.8747506,61.84, 394.54
1656936536.876223,66.28, 397.76
1656936537.8775842,78.66, 827.93
1656936538.8788931,67.59, 399.93
1656936539.8836756,67.78, 419.61
1656936540.885166,69.21, 407.40
1656936541.8887022,68.19, 419.20
1656936542.8901641,65.64, 399.07
1656936543.8908412,63.55, 399.46
1656936544.8922117,62.29, 398.88
1656936545.8936994,76.26, 550.86
1656936546.894866,71.93, 414.74
1656936547.89621,69.47, 416.50
1656936548.899254,72.88, 512.06
1656936549.900589,69.22, 412.49
1656936550.9020398,70.71, 394.76
1656936551.9033966,67.10, 395.13
1656936552.9047863,71.84, 443.79
1656936553.90627,68.40, 408.03
1656936554.90684,68.81, 410.99
1656936555.907528,66.74, 404.73
1656936556.9090116,73.07, 415.69
1656936557.9105117,68.41, 390.03
1656936558.9120338,75.67, 464.25
1656936559.9135208,92.18, 2036.52
1656936560.9148805,80.72, 1382.37
1656936561.9154506,66.47, 398.22
1656936562.9169056,66.12, 386.82
1656936563.9183853,65.78, 389.75
1656936564.9195979,63.76, 402.85
1656936565.9210336,62.66, 389.15
1656936566.9226217,73.32, 437.05
1656936567.9241176,64.28, 393.25
1656936568.92544,67.71, 397.29
1656936569.926891,74.68, 433.07
1656936570.9276307,67.11, 399.27
1656936571.9290905,68.18, 415.73
1656936572.9300084,72.78, 432.20
1656936573.930902,68.34, 420.57
1656936574.932384,67.21, 419.74
1656936575.934638,72.70, 407.84
1656936576.9354916,75.18, 428.05
1656936577.9369814,71.38, 435.40
1656936578.9384592,63.82, 384.26
1656936579.9399216,71.76, 431.22
1656936580.9414601,71.66, 403.39
1656936581.9432495,79.33, 420.72
1656936582.9443197,77.14, 434.59
1656936583.9452832,68.60, 401.63
1656936584.9460573,76.10, 433.97
1656936585.9468777,95.42, 1257.23
1656936586.9477565,67.12, 412.61
1656936587.9492528,75.13, 425.83
1656936588.9509952,73.23, 414.37
1656936589.9525344,71.84, 421.95
1656936590.95422,60.79, 370.96
1656936591.955957,70.97, 393.15
1656936592.9574268,70.47, 414.55
1656936593.9588907,72.23, 396.35
1656936594.9627354,71.71, 409.81
1656936595.964195,67.91, 385.09
1656936596.9656734,72.01, 404.81
1656936597.966886,70.44, 406.58
1656936598.9687963,69.38, 415.57
1656936599.9702551,73.89, 557.57
1656936600.971048,73.97, 419.53
1656936601.9726958,72.62, 428.30
1656936602.9741926,71.33, 440.00
1656936603.9769568,73.07, 426.97
1656936604.9784276,72.63, 433.98
1656936605.9799027,70.30, 422.93
1656936606.9813583,70.82, 425.17
1656936607.9828815,71.33, 421.79
1656936608.9843433,76.25, 420.75
1656936609.9858487,68.45, 431.32
1656936610.986843,77.04, 431.28
1656936611.9886365,73.48, 430.23
1656936612.9900975,70.38, 689.36
1656936613.9908485,66.89, 541.19
1656936614.9913661,66.28, 416.08
1656936615.9928555,69.23, 419.86
1656936616.9943678,74.46, 434.19
1656936617.9958909,73.49, 428.87
1656936618.9965215,67.12, 397.11
1656936619.9979641,76.38, 436.35
1656936621.0003006,73.22, 428.25
1656936622.0012128,73.78, 419.25
1656936623.0017238,73.01, 425.80
1656936624.0028849,64.35, 394.75
1656936625.004441,63.53, 415.04
1656936626.0059493,72.09, 420.73
1656936627.0074394,70.96, 506.60
1656936628.0082128,67.92, 444.10
1656936629.009694,68.05, 419.90
1656936630.0108824,69.89, 428.93
1656936631.0123825,72.79, 427.15
1656936632.0141127,76.66, 439.40
1656936633.0155709,75.52, 444.69
1656936634.0169346,69.78, 421.78
1656936635.0184038,73.33, 446.42
1656936636.0198936,73.09, 431.68
1656936637.0214958,71.69, 431.20
1656936638.0237963,69.90, 422.00
1656936639.0250902,69.33, 431.69
1656936640.0264876,75.35, 451.83
1656936641.0279372,73.05, 434.97
1656936642.0293977,121.66, 2901.74
1656936643.0308826,73.35, 574.34
1656936644.0323687,71.55, 437.36
1656936645.0333116,70.76, 441.61
1656936646.0353081,75.15, 460.59
1656936647.0368018,72.30, 438.64
1656936648.0383961,69.90, 439.14
1656936649.039076,70.11, 424.03
1656936650.04055,64.09, 432.00
1656936651.0419123,70.83, 431.32
1656936652.0428793,73.20, 434.46
1656936653.0434098,70.29, 428.40
1656936654.0448601,72.42, 422.09
1656936655.0458848,77.69, 595.72
1656936656.0468414,65.03, 408.44
1656936657.047726,64.44, 409.25
1656936658.0492086,67.49, 426.69
1656936659.0501385,65.14, 411.74
1656936660.0514238,64.69, 426.05
1656936661.0529134,69.46, 426.86
1656936662.0543702,70.78, 427.11
1656936663.0549607,69.12, 416.93
1656936664.0564406,67.33, 416.54
1656936665.057898,64.97, 429.63
1656936666.0593963,68.32, 421.44
1656936667.0608811,65.27, 397.46
1656936668.0621865,66.38, 419.45
1656936669.0628724,64.94, 403.92
1656936670.06435,65.13, 416.80
1656936671.0653877,70.73, 412.04
1656936672.0668645,65.55, 417.28
1656936673.068377,71.90, 419.40
1656936674.0691156,63.10, 407.95
1656936675.0705867,65.56, 429.30
1656936676.07215,66.15, 389.92
1656936677.073648,62.10, 433.32
1656936678.0748503,67.33, 420.07
1656936679.0762928,66.75, 417.70
1656936680.0779102,64.50, 434.30
1656936681.0791712,65.45, 415.17
1656936682.080646,65.96, 408.20
1656936683.081817,67.03, 414.33
1656936684.0832796,68.08, 443.02
1656936685.084791,69.07, 447.76
1656936686.0859783,68.96, 412.53
1656936687.0877373,69.66, 403.75
1656936688.0892458,65.97, 418.34
1656936689.0908,65.33, 396.63
1656936690.0924952,68.64, 429.79
1656936691.0939803,56.33, 290.96
1656936692.0954366,49.56, 360.44
1656936693.0969183,52.81, 396.66
1656936694.098618,57.30, 413.31
1656936695.1004686,61.21, 425.85
1656936696.1021624,63.61, 425.13
1656936697.1035352,53.00, 297.70
1656936698.105064,0.00, 53.03
1656936699.1065595,0.00, 150.69
1656936700.108056,62.23, 157.18
1656936701.1091654,199.07, 1464.65
1656936702.1108372,75.77, 432.02
1656936703.11195,64.07, 416.51
1656936704.112738,64.71, 391.76
1656936705.1141515,67.46, 409.04
1656936706.115341,65.87, 403.80
1656936707.117184,69.14, 404.81
1656936708.1215234,67.15, 419.36
1656936709.1229653,63.22, 401.15
1656936710.1245453,66.87, 428.52
1656936711.1259232,64.08, 399.28
1656936712.1268387,67.43, 404.63
1656936713.1283152,65.20, 406.01
1656936714.1290622,69.90, 431.44
1656936715.1300511,64.10, 422.45
1656936716.1315565,65.55, 407.77
1656936717.1332393,66.74, 424.73
1656936718.134763,65.86, 413.95
1656936719.1362317,64.38, 393.41
1656936720.1377037,68.58, 431.64
1656936721.1388445,65.12, 410.09
1656936722.140327,65.90, 418.40
1656936723.1414566,66.87, 410.97
1656936724.1430535,65.05, 406.00
1656936725.1443539,65.63, 424.62
1656936726.1457987,67.85, 397.97
1656936727.14685,66.55, 396.93
1656936728.1483798,67.89, 390.15
1656936729.149816,59.76, 371.86
1656936730.1519256,62.57, 376.64
1656936731.1533985,67.10, 387.26
1656936732.1548555,69.66, 389.64
1656936733.1565692,65.97, 388.88
1656936734.1577518,64.97, 375.46
1656936735.1588964,68.56, 403.81
1656936736.1604218,67.72, 393.47
1656936737.1619778,68.76, 404.90
1656936738.1628394,72.03, 402.15
1656936739.1654375,63.73, 400.66
1656936740.1677847,67.08, 417.50
1656936741.1693106,68.87, 409.75
1656936742.1708047,65.35, 378.55
1656936743.1718612,87.67, 1003.86
1656936744.1734128,74.71, 619.40
1656936745.1748524,74.57, 409.67
1656936746.176284,68.25, 415.72
1656936747.1778798,70.97, 407.63
1656936748.179426,69.14, 401.57
1656936749.181319,68.05, 399.29
1656936750.1827888,73.20, 430.30
1656936751.1842642,68.00, 407.52
1656936752.1857638,72.65, 420.55
1656936753.1868677,74.26, 420.43
1656936754.1883986,70.93, 413.65
1656936755.1899188,75.02, 418.52
1656936756.1908998,70.68, 412.90
1656936757.1923878,72.50, 418.95
1656936758.193228,74.64, 423.10
1656936759.1947877,71.23, 414.80
1656936760.1964688,69.08, 420.67
1656936761.1979156,69.30, 406.92
1656936762.198871,72.93, 420.26
1656936763.2018552,72.66, 410.28
1656936764.2028682,67.75, 396.15
1656936765.2046876,64.03, 363.04
1656936766.205909,72.48, 471.52
1656936767.2070155,65.30, 415.65
1656936768.2087154,66.67, 402.37
1656936769.2106442,62.85, 402.41
1656936770.2121096,68.47, 422.21
1656936771.2131848,68.25, 413.48
1656936772.2142544,65.92, 418.95
1656936773.2148614,74.12, 551.77
1656936774.2163868,66.60, 410.67
1656936775.217894,69.30, 423.62
1656936776.2193959,71.49, 431.80
1656936777.2209182,65.51, 417.33
1656936778.2242107,71.75, 424.70
1656936779.2256906,68.18, 413.53
1656936780.2268944,69.71, 423.90
1656936781.228369,70.35, 432.89
1656936782.2299845,70.86, 413.04
1656936783.230849,71.24, 448.79
1656936784.234786,69.80, 422.78
1656936785.236704,72.72, 434.90
1656936786.2382228,70.64, 433.29
1656936787.239633,69.34, 427.69
1656936788.2411187,70.81, 429.12
1656936789.2426035,66.07, 416.09
1656936790.2433052,69.39, 431.69
1656936791.2447646,70.91, 438.17
1656936792.2462032,70.50, 409.62
1656936793.2470565,65.77, 411.25
1656936794.2485359,66.44, 415.99
1656936795.2492318,68.09, 418.14
1656936796.25075,67.74, 407.91
1656936797.252251,69.43, 412.34
1656936798.2537298,72.08, 407.95
1656936799.255004,65.26, 389.21
1656936800.2564876,69.01, 406.49
1656936801.257987,66.68, 386.50
1656936802.258849,68.64, 396.39
1656936803.260325,86.34, 780.32
1656936804.2617838,71.33, 438.31
1656936805.2629972,73.07, 408.57
1656936806.264436,72.18, 452.52
1656936807.2668781,72.20, 412.66
1656936808.2681541,72.50, 432.21
1656936809.2696252,69.19, 378.64
1656936810.2713993,73.76, 461.09
1656936811.2728736,72.24, 420.02
1656936812.2747078,72.03, 411.63
1656936813.2766945,74.14, 409.53
1656936814.2785528,71.06, 414.80
1656936815.2802737,76.13, 413.92
1656936816.281829,73.76, 411.80
1656936817.2828972,76.83, 422.35
1656936818.2843819,69.56, 408.50
1656936819.2858796,70.51, 406.95
1656936820.2868621,73.66, 425.83
1656936821.287587,74.50, 435.65
1656936822.2910042,81.32, 427.94
1656936823.2925282,75.95, 446.74
1656936824.2933102,73.68, 429.80
1656936825.2945077,74.34, 440.95
1656936826.2960355,76.02, 433.40
1656936827.2974951,75.74, 380.11
1656936828.298905,65.79, 217.57
1656936829.300216,61.47, 203.80
