ts,ul_kBps,dl_kBps
1656937008.9204683,15.18, 53.99
1656937009.9219422,15.96, 42.01
1656937010.9230056,179.31, 2560.51
1656937011.9243221,232.68, 4603.21
1656937012.925844,178.64, 4236.66
1656937013.9268818,203.66, 4450.59
1656937014.9283483,177.60, 3704.47
1656937015.9298453,176.27, 3368.55
1656937016.9308095,162.24, 3644.74
1656937017.9322276,172.54, 3908.37
1656937018.9333136,171.08, 3336.83
1656937019.934778,114.35, 3840.56
1656937020.935821,139.06, 4173.19
1656937021.937079,131.22, 4014.07
1656937022.9376771,142.28, 3747.67
1656937023.9388785,131.97, 4877.96
1656937024.9402823,122.15, 4681.69
1656937025.9423542,111.10, 4608.91
1656937026.9428854,113.93, 4493.48
1656937027.944355,104.33, 4222.57
1656937028.9459553,109.72, 4625.46
1656937029.946874,128.56, 4646.86
1656937030.948345,120.35, 4580.24
1656937031.949878,96.98, 4106.35
1656937032.950863,92.57, 4287.37
1656937033.9523385,132.28, 4713.26
1656937034.9544585,127.97, 4485.52
1656937035.9553437,121.12, 4144.80
1656937036.956948,126.06, 4568.82
1656937037.958451,127.31, 4702.81
1656937038.9599407,121.34, 4413.39
1656937039.9614043,121.44, 4202.99
1656937040.9628658,123.61, 4698.82
1656937041.9638748,111.72, 4094.41
1656937042.964392,110.26, 3918.44
1656937043.9658508,127.41, 4601.95
1656937044.966839,124.65, 4432.84
1656937045.9680064,131.39, 4826.21
1656937046.9694846,124.15, 4135.67
1656937047.9709785,131.07, 5178.39
1656937048.9727404,122.31, 3663.22
1656937049.9740782,121.79, 4067.40
1656937050.9748905,134.48, 4473.02
1656937051.9763877,133.79, 4329.04
1656937052.9778516,146.37, 4729.57
1656937053.9789648,142.94, 4574.59
1656937054.980447,143.98, 4603.90
1656937055.9819021,143.33, 4655.77
1656937056.9828687,135.56, 4408.56
1656937057.9842143,146.81, 4693.01
1656937058.9856749,140.59, 4519.00
1656937059.9873667,150.45, 4847.97
1656937060.9891407,126.77, 3961.97
1656937061.9905307,105.46, 3309.53
1656937062.9922955,128.63, 4069.82
1656937063.9947674,143.95, 4605.44
1656937064.9959621,141.49, 4538.61
1656937065.997029,122.49, 4059.86
1656937066.9984896,140.27, 4422.95
1656937067.9999537,152.32, 4804.30
1656937069.0014396,142.24, 4585.56
1656937070.0033288,174.81, 4795.74
1656937071.0048144,192.87, 4724.97
1656937072.0062675,144.88, 4289.82
1656937073.0074213,156.84, 4842.23
1656937074.008221,163.46, 4584.70
1656937075.0097318,177.24, 4899.35
1656937076.0108728,195.75, 4563.76
1656937077.0123384,199.34, 4260.35
1656937078.0137968,158.26, 4292.21
1656937079.0148613,167.93, 4457.74
1656937080.0161898,165.37, 4622.04
1656937081.0168855,160.94, 4626.47
1656937082.0183682,169.14, 4890.11
1656937083.0197735,161.34, 4673.13
1656937084.0212448,146.04, 4127.43
1656937085.022694,152.62, 4279.00
1656937086.024191,169.10, 4696.73
1656937087.025389,166.41, 4511.38
1656937088.0268593,169.45, 4599.88
1656937089.0283296,135.93, 3912.99
1656937090.02976,156.93, 4684.73
1656937091.0308654,143.82, 4230.59
1656937092.0323179,147.82, 4358.88
1656937093.0336936,143.13, 4399.76
1656937094.0356727,137.89, 4149.50
1656937095.0372672,138.39, 4090.10
1656937096.038849,129.03, 3880.05
1656937097.0401638,154.20, 4651.29
1656937098.0416203,161.29, 4596.91
1656937099.0440638,164.07, 4932.45
1656937100.0448487,148.01, 4487.20
1656937101.0458667,137.46, 4209.89
1656937102.0474284,146.95, 4415.18
1656937103.0481706,156.29, 4668.44
1656937104.0496264,157.04, 4701.91
1656937105.0508866,132.48, 4032.38
1656937106.0523863,154.62, 4721.67
1656937107.0537121,159.02, 4848.53
1656937108.0552082,131.05, 3946.13
1656937109.056223,156.22, 4670.62
1656937110.0576744,160.51, 4881.68
1656937111.0588973,140.55, 4336.46
1656937112.0599837,141.12, 4341.29
1656937113.0614703,148.36, 4637.71
1656937114.0628793,153.04, 4884.24
1656937115.0636065,144.89, 4559.81
1656937116.0650768,137.81, 4624.72
1656937117.0665376,154.70, 4763.53
1656937118.0680184,147.68, 4665.53
1656937119.0695016,145.09, 4469.34
1656937120.0710385,135.19, 4121.32
1656937121.0726972,155.72, 4977.06
1656937122.074165,121.92, 4088.16
1656937123.0748582,130.62, 4744.12
1656937124.0758967,129.60, 4758.59
1656937125.0772502,143.48, 4590.66
1656937126.078558,139.20, 4356.69
1656937127.0793185,153.38, 4732.92
1656937128.080551,152.64, 4639.26
1656937129.0814164,155.75, 4767.35
1656937130.083044,145.17, 4751.01
1656937131.0850673,124.83, 4266.65
1656937132.086573,113.22, 3849.53
1656937133.0911043,128.58, 4613.38
1656937134.092726,120.99, 4276.75
1656937135.09425,124.30, 4683.50
1656937136.0956645,143.57, 4882.72
1656937137.0970938,144.80, 4587.94
1656937138.0976667,134.57, 4317.52
1656937139.099176,117.06, 3724.44
1656937140.1017787,131.10, 4003.63
1656937141.1038167,115.60, 3594.06
1656937142.1052523,130.03, 4101.28
1656937143.1066828,119.38, 3736.75
1656937144.108203,117.66, 3723.49
1656937145.1097257,115.91, 3837.04
1656937146.1108978,118.26, 3659.32
1656937147.1137488,109.58, 3118.24
1656937148.115714,112.20, 3305.45
1656937149.116908,111.45, 3305.73
1656937150.118401,119.74, 3440.13
1656937151.119883,114.77, 3422.94
1656937152.1203995,97.41, 2780.29
1656937153.121644,112.73, 3281.09
1656937154.1228726,117.97, 3493.51
1656937155.1243968,127.13, 3700.75
1656937156.1256604,98.09, 2872.48
1656937157.1269166,117.51, 3540.38
1656937158.1279526,126.95, 3848.23
1656937159.1293979,128.76, 3927.70
1656937160.1301005,117.60, 3615.92
1656937161.1315885,150.87, 4522.19
1656937162.133065,125.54, 3689.37
1656937163.134404,123.30, 3663.89
1656937164.1349468,135.55, 3868.71
1656937165.1364043,122.53, 3674.69
1656937166.13786,132.94, 4098.57
1656937167.1390002,138.30, 4158.59
1656937168.1405962,132.10, 3911.06
1656937169.1418226,153.41, 4690.79
1656937170.1428943,141.81, 4328.04
1656937171.1444569,144.74, 4426.54
1656937172.1459568,149.28, 4244.16
1656937173.1470673,139.70, 4198.88
1656937174.1485882,129.11, 3873.53
1656937175.1500483,156.88, 4696.44
1656937176.1514099,141.86, 4325.93
1656937177.152379,143.89, 4468.51
1656937178.1538322,139.54, 4520.53
1656937179.154864,153.33, 4786.58
1656937180.1562984,139.47, 4516.76
1656937181.1577542,135.19, 4519.21
1656937182.1588948,118.55, 3768.92
1656937183.1594677,124.58, 4178.55
1656937184.160937,109.03, 3793.15
1656937185.1616187,132.21, 4391.81
1656937186.163132,121.31, 3963.10
1656937187.164576,138.90, 4280.49
1656937188.1670108,140.73, 4400.01
1656937189.1684837,141.04, 4381.81
1656937190.1700554,148.18, 4601.45
1656937191.171519,142.99, 4263.24
1656937192.1729767,149.42, 4516.25
1656937193.1744225,149.64, 4544.73
1656937194.1752908,151.79, 4429.71
1656937195.1767697,140.26, 4195.21
1656937196.1783369,136.07, 4081.75
1656937197.17928,130.95, 3994.82
1656937198.1803062,128.30, 3740.09
1656937199.181749,146.64, 4450.27
1656937200.1828637,146.38, 4481.22
1656937201.1836705,137.02, 4224.87
1656937202.185236,147.84, 4503.31
1656937203.1868234,129.32, 3825.63
1656937204.1882865,146.17, 4539.67
1656937205.1893299,144.90, 4387.59
1656937206.190759,153.01, 4710.47
1656937207.1917026,131.74, 3987.91
1656937208.1931899,135.88, 4202.51
1656937209.194117,143.14, 4676.43
1656937210.194933,138.78, 4350.98
1656937211.1960077,153.13, 4611.71
1656937212.196857,134.35, 3974.13
1656937213.1983342,133.23, 3933.26
1656937214.1988723,146.33, 4412.03
1656937215.2008,130.13, 4084.33
1656937216.2028794,118.96, 3602.17
1656937217.204334,149.96, 4591.05
1656937218.2058754,162.96, 4106.20
1656937219.2071977,145.16, 4114.06
1656937220.2086594,148.83, 4369.53
1656937221.2102056,125.46, 3913.95
1656937222.2108881,141.74, 4379.04
1656937223.2125375,154.32, 4556.47
1656937224.2140496,137.76, 3910.91
1656937225.2155068,111.53, 3113.39
1656937226.2170186,142.02, 4015.49
1656937227.2185097,152.06, 4471.67
1656937228.2192872,147.16, 4364.64
1656937229.2208645,134.17, 4063.56
1656937230.222322,146.86, 4467.32
1656937231.222991,143.29, 4351.96
1656937232.2252855,145.07, 4268.90
1656937233.227513,151.56, 4451.89
1656937234.229487,140.84, 4191.56
1656937235.2308779,148.94, 4404.96
1656937236.2323408,142.26, 3953.58
1656937237.2338076,154.07, 4055.78
1656937238.234847,146.83, 4093.85
1656937239.2360904,162.89, 4393.34
1656937240.236805,146.22, 4091.10
1656937241.2393603,185.97, 4131.72
1656937242.2413125,129.60, 3192.37
1656937243.2427726,155.99, 3921.56
1656937244.2443902,145.36, 3433.55
1656937245.2459679,155.09, 3610.29
1656937246.2469203,150.78, 3579.10
1656937247.2503154,170.48, 4211.40
1656937248.2522254,171.66, 4314.49
1656937249.253056,150.59, 4175.65
1656937250.2544832,131.31, 3959.96
1656937251.2559497,127.06, 4121.32
1656937252.2574131,116.07, 3982.17
1656937253.258871,124.93, 3618.04
1656937254.2603528,149.01, 4174.85
1656937255.261753,160.85, 4207.73
1656937256.2630546,151.53, 3871.40
1656937257.2645392,158.68, 4072.36
1656937258.266046,146.41, 3661.03
1656937259.267352,138.97, 3232.45
1656937260.2688272,156.24, 3813.57
1656937261.2702985,155.06, 3732.23
1656937262.2717466,149.68, 3614.73
1656937263.2732131,147.89, 3650.91
1656937264.2747111,146.27, 3619.40
1656937265.2768579,161.38, 3883.39
1656937266.2783353,148.49, 3450.00
1656937267.279635,151.85, 3781.73
1656937268.2814763,176.62, 4169.09
1656937269.2828507,168.36, 4104.77
1656937270.2841823,146.33, 3417.46
1656937271.285648,149.78, 3560.85
1656937272.290846,143.90, 3360.38
1656937273.2925425,123.28, 2900.31
1656937274.2943017,180.40, 4115.16
1656937275.2948754,127.71, 3006.66
1656937276.2963636,153.28, 3654.37
1656937277.2978866,171.14, 4072.81
1656937278.2990103,131.58, 3399.53
1656937279.300614,164.52, 4222.10
1656937280.3011577,154.14, 3674.87
1656937281.3035018,135.89, 3546.50
1656937282.3049605,161.37, 3766.12
1656937283.3067987,163.69, 3908.95
1656937284.3083763,144.96, 3462.07
1656937285.31048,137.58, 3287.33
1656937286.3120115,164.98, 4084.41
1656937287.3137553,178.12, 4419.89
1656937288.314851,156.03, 3967.96
1656937289.3157804,179.71, 4281.48
1656937290.3167107,156.13, 3673.48
1656937291.3179233,170.05, 4096.14
1656937292.3188658,170.64, 4032.64
1656937293.320362,174.91, 4231.71
1656937294.3218398,169.10, 4035.11
1656937295.3230402,180.55, 4355.61
1656937296.3245237,171.16, 4107.14
1656937297.3267365,158.20, 3826.78
1656937298.3285272,156.38, 3723.19
1656937299.3300157,189.11, 4355.72
1656937300.331226,182.61, 4394.43
1656937301.332769,176.78, 4451.59
1656937302.3339925,149.37, 3395.59
1656937303.3348691,51.63, 849.13
1656937304.336197,72.92, 1437.58
1656937305.337666,64.20, 1329.15
1656937306.3402457,54.55, 1366.82
1656937307.3417382,63.45, 1464.73
1656937308.342864,77.06, 1634.13
1656937309.3443253,72.95, 1641.88
1656937310.345803,170.90, 4149.44
1656937311.347023,159.84, 4027.37
1656937312.3486392,164.94, 3861.45
1656937313.350233,160.90, 4103.31
1656937314.3517492,164.51, 3997.17
1656937315.3533745,144.01, 3621.79
1656937316.3548841,143.46, 3546.68
1656937317.3563464,152.71, 3869.27
1656937318.3572495,171.98, 4331.08
1656937319.358776,154.04, 4039.59
1656937320.3603659,166.08, 4061.87
1656937321.3626513,174.47, 3801.38
1656937322.3641746,152.43, 3386.75
1656937323.3660586,156.18, 3174.21
1656937324.3669267,188.71, 4130.05
1656937325.368377,161.93, 3573.00
1656937326.369852,79.64, 1224.98
1656937327.371546,84.91, 1360.40
1656937328.378864,70.89, 1052.17
1656937329.3803427,77.01, 1028.69
1656937330.3820677,66.64, 1231.89
1656937331.3828735,81.41, 1510.68
1656937332.384364,31.61, 247.58
1656937333.3858306,0.65, 195.07
1656937334.386854,0.00, 91.67
1656937335.3879728,13.39, 250.90
1656937336.3900175,160.28, 2460.38
1656937337.3912055,128.02, 3051.95
1656937338.3927014,137.49, 2587.60
1656937339.3942308,151.49, 3064.17
1656937340.3948612,173.74, 4041.02
1656937341.396178,168.95, 3989.00
1656937342.3977163,158.21, 3644.54
1656937343.3989046,144.90, 2933.11
1656937344.400218,169.50, 3546.30
1656937345.4021358,142.18, 2804.98
1656937346.402869,180.86, 3996.00
1656937347.4041061,175.20, 3788.31
1656937348.4057205,186.64, 3896.46
1656937349.4073954,154.36, 3293.22
1656937350.408846,183.36, 4081.83
1656937351.4103265,171.87, 3722.29
1656937352.411296,167.37, 3521.80
1656937353.4127674,168.17, 3690.93
1656937354.4143991,177.33, 4156.75
1656937355.4173038,191.74, 4338.25
1656937356.419189,169.46, 3678.07
1656937357.4206676,185.26, 4091.55
1656937358.4221418,160.14, 3327.62
1656937359.4231734,167.05, 3748.75
1656937360.425535,183.80, 4330.03
1656937361.4268548,156.35, 3055.62
1656937362.4283032,75.31, 1258.23
1656937363.4296317,91.41, 1552.69
1656937364.4309006,113.60, 2179.62
1656937365.4326303,77.33, 1383.94
1656937366.435818,72.67, 1226.83
1656937367.4372416,92.61, 1499.00
1656937368.4386117,74.36, 1221.77
1656937369.4401035,165.09, 3636.08
1656937370.4415472,181.50, 4260.77
1656937371.4428318,167.57, 3608.48
1656937372.4470484,183.07, 4068.26
1656937373.4489243,177.45, 3587.06
1656937374.4503899,179.59, 4114.56
1656937375.4522114,181.49, 4167.21
1656937376.4539487,166.95, 3790.57
1656937377.4552243,170.37, 3699.47
1656937378.4567134,180.16, 3952.70
1656937379.4583075,169.43, 3493.32
1656937380.4590123,152.18, 3057.02
1656937381.4603682,175.60, 3946.05
1656937382.4610033,172.06, 3987.04
1656937383.4624946,176.26, 4001.96
1656937384.4639976,164.44, 4211.53
1656937385.4655507,166.21, 4228.22
1656937386.4668539,178.14, 4121.27
1656937387.4683273,131.49, 2869.06
1656937388.4696136,156.11, 3750.10
1656937389.4708815,135.80, 3383.44
1656937390.472432,150.86, 4077.50
1656937391.4739466,162.29, 4286.07
1656937392.4750178,156.05, 3575.85
1656937393.4768062,170.70, 4100.18
1656937394.4786456,183.56, 4038.25
1656937395.4801233,170.63, 3880.88
1656937396.4809372,180.99, 4013.36
1656937397.482416,185.64, 3679.93
1656937398.483916,193.94, 4074.23
1656937399.4855938,189.23, 3621.58
1656937400.4868739,192.26, 4180.92
1656937401.4883668,197.46, 4136.22
1656937402.489146,192.88, 4161.94
1656937403.4912,188.85, 3985.23
1656937404.492152,193.17, 3906.30
1656937405.496671,181.56, 3604.57
1656937406.4974568,180.77, 4268.98
1656937407.4995055,165.89, 3996.28
1656937408.501057,147.03, 4034.32
1656937409.502724,151.34, 3893.79
1656937410.50391,89.56, 1085.73
1656937411.5046408,93.05, 1340.54
1656937412.5055857,130.30, 3319.79
1656937413.5069013,86.64, 1051.94
1656937414.5083876,97.67, 1187.74
1656937415.5097835,97.71, 1722.04
1656937416.5115373,83.70, 1126.86
1656937417.5130534,95.03, 1470.57
1656937418.514266,85.12, 1322.81
1656937419.514879,101.73, 1330.50
1656937420.516373,91.02, 1069.87
1656937421.5178792,106.46, 1199.31
1656937422.518873,101.22, 1134.33
1656937423.5204484,85.49, 1077.60
1656937424.521934,115.56, 2172.26
1656937425.5238008,155.32, 2745.09
1656937426.5254204,120.06, 1556.47
1656937427.5268908,119.99, 1554.91
1656937428.5284033,110.79, 1186.59
1656937429.5298958,105.25, 1196.76
1656937430.5309107,107.76, 1327.59
1656937431.5325077,118.23, 1332.30
1656937432.5340376,117.98, 1472.18
1656937433.534925,119.38, 1344.50
1656937434.5356042,109.77, 1213.78
1656937435.5377934,109.15, 1206.52
1656937436.5388668,123.18, 1270.78
1656937437.53976,127.95, 1294.22
1656937438.541293,136.13, 1286.30
1656937439.5423777,130.60, 1304.09
1656937440.5438633,122.58, 1313.95
1656937441.5453935,116.84, 1234.71
1656937442.5466683,132.73, 1575.64
1656937443.5481765,126.80, 1342.65
1656937444.5496447,129.44, 1401.50
1656937445.550869,156.48, 3300.16
1656937446.552406,149.63, 1778.36
1656937447.5543675,126.90, 1252.51
1656937448.5549614,130.04, 1292.51
1656937449.556856,136.37, 1266.57
1656937450.5594037,137.49, 1304.95
1656937451.5609663,116.85, 1257.70
1656937452.5623004,133.35, 1393.08
1656937453.562952,125.89, 1298.02
1656937454.5644813,129.86, 1292.75
1656937455.5656784,133.54, 1271.73
1656937456.5670793,135.88, 1331.25
1656937457.5685778,150.75, 2890.23
1656937458.5703835,153.44, 2363.82
1656937459.572953,125.29, 1301.39
1656937460.5744574,135.19, 1356.52
1656937461.5759864,133.37, 1331.22
1656937462.5774755,133.94, 1333.24
1656937463.5788767,141.60, 1321.69
1656937464.5805295,131.49, 1259.73
1656937465.582013,137.08, 1398.12
1656937466.5835667,135.66, 1339.18
1656937467.5844393,131.35, 1326.64
1656937468.5861132,137.03, 1315.24
1656937469.5875535,137.31, 1371.33
1656937470.5898178,135.12, 1336.01
1656937471.5911028,125.08, 1289.40
1656937472.592587,111.87, 1241.17
1656937473.594107,123.11, 1296.95
1656937474.5948608,118.80, 1329.28
1656937475.5962102,134.96, 1298.79
1656937476.597694,127.96, 1338.05
1656937477.5991073,140.28, 1323.64
1656937478.6006732,136.86, 1330.02
1656937479.6021113,137.02, 1329.31
1656937480.6031053,129.05, 1257.98
1656937481.6042545,129.75, 1297.03
1656937482.6057882,145.41, 1275.04
1656937483.608172,137.69, 1347.49
1656937484.6098664,131.05, 1342.18
1656937485.6111062,139.54, 1325.79
1656937486.6128438,135.19, 1291.24
1656937487.6142583,131.19, 1323.95
1656937488.61546,145.81, 1356.28
1656937489.6169307,134.22, 1316.43
1656937490.6181927,111.15, 742.88
1656937491.6188767,115.40, 643.62
1656937492.6203723,119.57, 671.94
1656937493.6218047,123.26, 680.59
1656937494.6234183,124.30, 669.70
1656937495.6245122,114.84, 721.53
