ts,ul_kBps,dl_kBps
1657292879.5439465,0.07, 0.34
1657292880.5827668,4.61, 13.69
1657292881.614613,18.61, 228.93
1657292882.6477702,4.09, 296.28
1657292883.6757846,27.27, 947.76
1657292884.6893852,22.80, 727.68
1657292885.7108953,20.30, 2781.41
1657292886.749894,8.39, 73.22
1657292887.776486,8.84, 3607.33
1657292888.8115823,26.43, 14586.46
1657292889.8409812,19.26, 8228.81
1657292890.8582652,34.66, 18453.10
1657292891.8759093,76.20, 14431.19
1657292892.8964958,26.33, 14234.63
1657292893.9137127,27.17, 14761.20
1657292894.9329138,30.48, 16611.53
1657292895.9471936,32.90, 17616.17
1657292896.962359,11.10, 5962.60
1657292897.9875274,1.36, 251.27
1657292899.0005546,0.68, 0.55
1657292900.0217915,25.33, 2050.24
1657292901.04838,43.00, 3136.27
1657292902.077462,39.69, 4178.41
1657292903.1093497,35.03, 2908.66
1657292904.1329548,34.42, 2949.08
1657292905.1659305,27.57, 2166.92
1657292906.1973646,33.80, 3045.67
1657292907.2729535,34.20, 2815.46
1657292908.3127809,37.32, 3032.96
1657292909.3642838,49.35, 6067.96
1657292910.3998117,30.35, 3005.29
1657292911.4214911,37.02, 2742.18
1657292912.4479063,35.89, 2537.53
1657292913.4721518,30.28, 2812.83
1657292914.5125854,30.31, 2875.36
1657292915.5397038,29.85, 2815.32
1657292916.5652285,29.68, 2407.41
1657292917.5974598,11.48, 10.27
1657292918.63055,8.22, 11.42
1657292919.6614716,11.01, 9.97
1657292920.7024925,11.00, 17.42
1657292921.7662578,15.45, 2632.13
1657292922.8287258,11.64, 23.49
1657292923.8615866,8.42, 20.89
1657292924.8978868,8.20, 19.41
1657292925.9310522,9.73, 21.46
1657292926.9551055,9.00, 29.08
1657292927.9834738,9.82, 35.27
1657292929.0123835,13.44, 31.94
1657292930.0383143,11.39, 180.69
1657292931.0703049,12.32, 844.42
1657292932.0936766,10.25, 942.31
1657292933.1205628,12.17, 166.69
1657292934.1429932,17.21, 3865.93
1657292935.1696572,13.24, 2788.33
1657292936.1999104,10.54, 55.35
1657292937.2256045,9.77, 56.11
1657292938.2664118,10.33, 61.99
1657292939.2953055,9.65, 61.64
1657292940.3202307,17.69, 88.75
1657292941.3585446,11.43, 78.00
1657292942.3924968,10.66, 85.24
1657292943.418726,10.53, 84.52
1657292944.4510326,12.02, 87.38
1657292945.4791589,15.81, 84.29
1657292946.5095963,17.46, 90.75
1657292947.5384958,15.72, 83.25
1657292948.5777879,15.37, 82.70
1657292949.59878,13.86, 79.47
1657292950.6345816,16.10, 87.91
1657292951.6760943,15.95, 88.63
1657292952.702701,14.74, 82.43
1657292953.7342894,16.34, 80.73
1657292954.7684557,15.49, 83.03
1657292955.7939725,16.27, 80.66
1657292956.8209558,15.13, 83.00
1657292957.8519998,13.27, 79.28
1657292958.8805492,14.50, 77.88
1657292959.9069786,18.05, 76.26
1657292960.9445357,14.94, 77.01
1657292961.9695323,14.30, 75.12
1657292962.9993784,12.91, 85.06
1657292964.0265775,12.97, 83.59
1657292965.0616257,14.49, 80.83
1657292966.0906818,15.14, 82.18
1657292967.1295137,14.59, 86.16
1657292968.157568,14.14, 80.86
1657292969.1889842,15.42, 82.35
1657292970.2127237,15.44, 88.58
1657292971.251111,16.67, 86.91
1657292972.2736995,18.57, 86.16
1657292973.3010514,15.75, 88.23
1657292974.328767,13.56, 85.71
1657292975.3613849,15.41, 83.34
1657292976.398335,15.51, 85.26
1657292977.4381888,15.99, 87.37
1657292978.4703097,16.17, 80.54
1657292979.510073,18.41, 85.19
1657292980.5395913,18.29, 83.46
1657292981.5810869,18.65, 83.20
1657292982.6073053,15.57, 83.97
1657292983.6372793,15.36, 80.61
1657292984.666027,15.89, 80.95
1657292985.6943,18.02, 75.42
1657292986.728368,25.07, 231.36
1657292987.7681942,20.78, 2570.02
1657292988.79082,16.91, 87.92
1657292989.8278437,16.55, 152.27
1657292990.8584409,17.05, 154.69
1657292991.898042,16.13, 78.72
1657292992.931019,17.79, 85.21
1657292993.9626062,16.02, 240.08
1657292994.9991696,15.95, 846.20
1657292996.040955,17.42, 1286.59
1657292997.0760436,20.86, 2513.52
1657292998.112175,16.06, 705.04
1657292999.1369946,15.23, 78.35
1657293000.178108,14.82, 74.67
1657293001.22544,16.16, 75.68
1657293002.2631598,16.39, 71.88
1657293003.2907321,15.01, 69.88
1657293004.3337948,14.99, 70.45
1657293005.3626642,14.74, 75.75
1657293006.4001994,20.06, 84.62
1657293007.4349754,16.27, 83.90
1657293008.463251,17.81, 80.61
1657293009.5017705,14.55, 83.26
1657293010.533756,15.87, 682.90
1657293011.575096,28.07, 4653.81
1657293012.5994215,15.20, 69.14
1657293013.6365545,16.52, 78.25
1657293014.6781683,15.18, 83.24
1657293015.7063854,16.58, 75.71
1657293016.7432518,16.96, 80.84
1657293017.7834675,14.82, 71.06
1657293018.8238065,15.30, 80.23
1657293019.8595915,15.58, 77.55
1657293020.9014947,16.31, 72.08
1657293021.9342341,15.47, 77.82
1657293022.970966,14.39, 78.15
1657293024.00942,14.86, 80.81
1657293025.052275,12.33, 77.05
1657293026.090199,13.50, 79.85
1657293027.1199775,14.07, 77.14
1657293028.1418107,15.09, 79.62
1657293029.179322,15.52, 86.37
1657293030.2061808,14.25, 83.04
1657293031.2326984,16.58, 79.26
1657293032.260636,16.14, 80.35
1657293033.2943964,16.73, 82.20
1657293034.326575,16.43, 82.54
1657293035.3569672,15.79, 84.65
1657293036.3874207,16.24, 79.17
1657293037.427625,15.37, 79.28
1657293038.4630551,15.10, 83.59
1657293039.4964843,12.54, 80.77
1657293040.5300465,13.71, 74.21
1657293041.57207,16.58, 76.33
1657293042.5988007,15.55, 74.37
1657293043.6241512,15.43, 80.90
1657293044.6483738,13.91, 78.23
1657293045.67479,14.64, 76.85
1657293046.7090955,13.63, 80.69
1657293047.7366223,12.93, 75.00
1657293048.7735295,13.03, 75.89
1657293049.8090765,12.53, 80.61
1657293050.8506272,13.37, 78.83
1657293051.8830395,13.91, 74.13
1657293052.912792,13.08, 73.58
1657293053.9505496,19.63, 101.04
1657293054.9912007,14.02, 72.10
1657293056.0148094,14.28, 71.90
1657293057.0489438,13.42, 78.86
1657293058.0768409,12.83, 77.25
1657293059.1018543,12.51, 68.11
1657293060.1424696,13.50, 78.73
1657293061.1846216,13.52, 74.07
1657293062.2040904,13.01, 72.80
1657293063.2335672,12.91, 78.28
1657293064.2680097,13.27, 74.07
1657293065.3040547,13.21, 72.65
1657293066.340568,16.98, 77.25
1657293067.370114,13.20, 76.41
1657293068.4102716,12.30, 75.07
1657293069.4491255,13.21, 79.30
1657293070.4744375,12.67, 74.90
1657293071.5075102,13.76, 76.59
1657293072.5427494,13.59, 77.31
1657293073.5682292,12.16, 75.19
1657293074.6100986,12.19, 82.44
1657293075.6377409,12.90, 77.46
1657293076.6636362,14.39, 74.67
1657293077.7053828,13.59, 106.10
1657293078.7446368,13.89, 79.21
1657293079.7789044,13.38, 82.55
1657293080.823938,12.51, 72.92
1657293081.857324,15.72, 82.54
1657293082.887142,12.72, 73.35
1657293083.9150653,11.64, 79.04
1657293084.9520242,12.91, 80.53
1657293085.9859982,13.52, 77.37
1657293087.0102198,13.65, 84.26
1657293088.0402992,12.45, 85.94
1657293089.064286,12.40, 85.69
1657293090.102153,13.18, 80.26
1657293091.1302514,14.04, 79.35
1657293092.1606476,13.26, 77.51
1657293093.1870353,13.43, 80.14
1657293094.223168,13.66, 83.11
1657293095.249244,15.38, 85.46
1657293096.2883255,13.97, 84.01
1657293097.3191564,14.08, 86.11
1657293098.3583815,12.88, 79.72
1657293099.4004662,13.22, 80.14
1657293100.443195,13.28, 78.73
1657293101.4788504,13.46, 76.93
1657293102.5021667,14.15, 83.25
1657293103.538396,16.32, 80.71
1657293104.5648665,12.81, 81.60
1657293105.6012983,13.03, 78.28
1657293106.6287057,14.60, 77.39
1657293107.6532805,13.39, 87.75
1657293108.6784983,15.95, 79.77
1657293109.7026014,13.36, 85.13
1657293110.7350917,13.21, 89.80
1657293111.769386,17.74, 86.54
1657293112.7986412,13.42, 80.72
1657293113.8350966,13.24, 83.62
1657293114.8603597,12.88, 77.45
1657293115.8918858,12.67, 81.90
1657293116.9221046,14.42, 78.53
1657293117.9606235,12.76, 83.77
1657293118.9988773,13.21, 84.46
1657293120.0412457,13.54, 82.60
1657293121.0805964,13.27, 80.72
1657293122.1035697,13.55, 82.59
1657293123.1432407,13.14, 76.20
1657293124.1734002,12.85, 78.03
1657293125.2074337,13.94, 84.79
1657293126.2439342,13.79, 82.75
1657293127.2761736,13.74, 81.00
1657293128.3180573,16.17, 83.56
1657293129.3557901,14.00, 78.12
1657293130.3810093,12.87, 79.40
1657293131.42297,13.25, 78.87
1657293132.4684086,13.19, 79.29
1657293133.5077896,13.14, 82.30
1657293134.5345583,13.25, 84.34
1657293135.5738924,12.43, 78.55
1657293136.6102855,12.51, 78.28
1657293137.652544,16.38, 82.69
1657293138.6799173,12.83, 83.33
1657293139.7127573,13.45, 83.87
1657293140.7537982,11.68, 80.16
1657293141.8013766,15.62, 82.15
1657293142.8322322,11.74, 81.30
1657293143.8714588,6.25, 83.82
1657293145.0113187,6.67, 83.43
1657293146.1531417,15.83, 74.69
1657293147.2362008,16.59, 87.11
1657293148.285056,11.91, 79.17
1657293149.3321037,12.50, 84.63
1657293150.362701,12.21, 76.93
1657293151.395501,14.91, 80.30
1657293152.4340947,12.01, 42.63
1657293153.47232,16.27, 66.17
1657293154.5124638,20.15, 74.30
1657293155.5522761,10.55, 43.58
1657293156.6002283,13.86, 34.68
1657293157.654749,14.05, 41.38
1657293158.7044435,16.21, 31.28
1657293159.761552,16.42, 18.79
1657293160.813571,14.19, 29.36
1657293161.867306,15.62, 50.28
1657293162.9190116,13.87, 46.72
1657293163.9742465,13.53, 25.20
1657293165.0341911,13.30, 37.40
1657293166.0797276,16.51, 32.49
1657293167.122403,15.07, 25.86
1657293168.1641552,13.92, 27.49
1657293169.2162714,16.70, 37.87
1657293170.2675345,13.53, 39.25
1657293171.3183806,14.74, 34.49
1657293172.3561163,14.06, 33.52
1657293173.411964,13.85, 60.76
1657293174.4642253,13.57, 17.62
1657293175.5133088,13.90, 36.46
1657293176.5615335,14.12, 28.60
1657293177.591801,7.78, 18.19
1657293178.6141677,7.91, 38.46
1657293179.6475866,13.77, 35.54
1657293180.6806562,13.51, 34.84
1657293181.7256417,14.44, 23.36
1657293182.7666225,13.44, 20.22
1657293183.8153713,12.37, 16.55
1657293184.8697681,13.71, 29.36
1657293185.9243834,26.87, 106.62
1657293186.9611607,14.64, 25.62
1657293188.0125265,14.27, 37.48
