ts,ul_kBps,dl_kBps
1656939839.8760772,4.08, 13.77
1656939840.8780143,19.93, 73.37
1656939841.879945,130.22, 3887.69
1656939842.8813405,74.42, 2562.70
1656939843.8819299,80.81, 3266.42
1656939844.8828864,46.59, 2652.62
1656939845.8843768,87.38, 3674.83
1656939846.8857734,93.35, 3782.58
1656939847.886907,72.36, 4279.30
1656939848.8883243,64.90, 4102.43
1656939849.889728,88.48, 4781.69
1656939850.8908582,79.43, 4436.07
1656939851.8916314,87.19, 5007.33
1656939852.8929758,87.43, 4645.74
1656939853.8943903,77.85, 4757.42
1656939854.8948405,77.85, 4727.53
1656939855.8962991,84.27, 4787.62
1656939856.8971508,84.86, 4748.60
1656939857.8976023,89.51, 4630.14
1656939858.8988278,88.19, 4787.52
1656939859.899799,87.92, 4004.98
1656939860.9007626,96.68, 4964.28
1656939861.901819,90.09, 4813.71
1656939862.9028835,98.70, 5138.06
1656939863.904308,84.31, 4630.14
1656939864.9056966,73.61, 4315.02
1656939865.9068303,82.99, 4756.20
1656939866.9082036,86.10, 4910.11
1656939867.909574,88.46, 5093.25
1656939868.9108245,80.14, 5294.89
1656939869.9122667,75.70, 4975.99
1656939870.9137075,76.97, 5070.02
1656939871.9148135,76.80, 5074.40
1656939872.9162135,77.07, 4939.25
1656939873.9175696,71.25, 4472.71
1656939874.9188356,72.27, 4838.58
1656939875.9202142,74.66, 4884.65
1656939876.9216616,80.75, 5216.24
1656939877.923045,74.83, 4974.92
1656939878.924429,72.62, 4752.46
1656939879.9258368,76.35, 5105.78
1656939880.9268546,72.88, 4864.91
1656939881.927421,79.05, 5228.45
1656939882.9289424,83.06, 5307.50
1656939883.9304137,82.37, 5280.94
1656939884.930898,77.67, 5188.14
1656939885.9323463,61.71, 4132.78
1656939886.9337735,73.75, 4835.42
1656939887.9348726,73.44, 4789.51
1656939888.9362903,83.17, 5346.38
1656939889.9376626,61.26, 3796.15
1656939890.938842,76.57, 3737.23
1656939891.9401567,88.15, 3410.95
1656939892.9415042,67.20, 4209.50
1656939893.9428222,64.99, 4452.54
1656939894.9446318,64.84, 4210.00
1656939895.9460938,54.19, 4936.99
1656939896.9469151,58.86, 4968.35
1656939897.9483325,85.16, 5009.16
1656939898.9497118,100.98, 3712.55
1656939899.950805,98.14, 3259.87
1656939900.952202,119.63, 3201.52
1656939901.9535985,103.13, 3161.59
1656939902.9547868,104.51, 3106.62
1656939903.9561887,99.38, 3073.97
1656939904.9571726,94.68, 2877.89
1656939905.958653,87.76, 3658.29
1656939906.9601831,102.90, 4550.75
1656939907.9616125,108.87, 5056.24
1656939908.9628758,94.88, 4773.75
1656939909.9644427,54.52, 2693.33
1656939910.9658196,11.36, 287.07
1656939911.9667811,8.39, 34.69
1656939912.968122,60.92, 4491.77
1656939913.969469,20.32, 1117.95
1656939914.970783,7.06, 27.95
1656939915.9721403,6.77, 27.47
1656939916.9735212,6.78, 28.24
1656939917.9747815,17.05, 221.70
1656939918.975741,71.64, 3892.49
1656939919.9771361,46.72, 2384.70
1656939920.978554,9.57, 53.51
1656939921.9799688,12.43, 70.26
1656939922.9806218,56.71, 2851.36
1656939923.9820576,25.04, 949.05
1656939924.9827886,10.85, 57.98
1656939925.9841602,9.68, 63.34
1656939926.985612,11.55, 72.99
1656939927.9868226,11.60, 69.81
1656939928.9881995,15.40, 121.09
1656939929.9895678,14.38, 84.68
1656939930.9908044,10.97, 73.26
1656939931.9921777,12.32, 79.27
1656939932.9929974,10.88, 80.46
1656939933.9943678,11.04, 77.67
1656939934.9948134,14.01, 104.05
1656939935.9962387,10.21, 76.86
1656939936.9975743,10.53, 78.75
1656939937.9988022,12.18, 81.48
1656939939.0001576,9.92, 67.97
1656939940.0015123,12.84, 76.82
1656939941.0027807,11.38, 78.95
1656939942.0041614,11.80, 78.68
1656939943.0055358,12.37, 80.74
1656939944.0068524,10.94, 77.53
1656939945.007479,11.37, 75.89
1656939946.0088928,13.28, 85.02
1656939947.0102723,10.48, 73.87
1656939948.0107994,12.86, 79.72
1656939949.0122223,11.41, 67.86
1656939950.0135863,11.10, 62.16
1656939951.014799,13.50, 96.79
1656939952.0161393,10.44, 68.10
1656939953.0165327,11.29, 71.88
1656939954.0178986,10.70, 67.68
1656939955.0188303,10.29, 66.37
1656939956.0202138,10.48, 70.06
1656939957.0216467,17.46, 236.25
1656939958.0227861,10.65, 71.15
1656939959.0241756,10.94, 70.20
1656939960.0255067,11.33, 67.47
1656939961.026791,10.81, 66.37
1656939962.0281487,14.02, 80.64
1656939963.0294917,11.06, 71.36
1656939964.030781,10.84, 70.27
1656939965.0321255,12.12, 68.89
1656939966.033529,11.30, 65.78
1656939967.03492,69.94, 4210.58
1656939968.0355225,49.96, 2525.89
1656939969.0368626,25.90, 924.19
1656939970.0382087,22.73, 491.14
1656939971.038789,14.90, 220.97
1656939972.040156,14.44, 99.42
1656939973.0416021,10.10, 84.08
1656939974.0428164,17.46, 229.20
1656939975.0441978,9.65, 72.82
1656939976.045625,17.44, 622.26
1656939977.0468004,67.50, 1699.43
1656939978.0481422,16.97, 438.69
1656939979.0495117,14.17, 153.07
1656939980.0507941,17.82, 477.73
1656939981.0521903,11.31, 76.34
1656939982.0535898,10.69, 77.41
1656939983.054804,16.03, 200.63
1656939984.0561724,10.29, 70.67
1656939985.0568066,11.74, 81.23
1656939986.0582232,10.41, 75.46
1656939987.0588427,15.43, 197.10
1656939988.0602593,13.05, 84.88
1656939989.0617025,11.31, 75.63
1656939990.0628097,11.09, 76.39
1656939991.0641901,10.84, 78.35
1656939992.0655699,8.87, 58.16
1656939993.0668242,30.61, 1665.59
1656939994.0683224,24.49, 1091.88
1656939995.0697396,12.17, 72.77
1656939996.0707812,10.66, 79.76
1656939997.0721438,10.67, 78.40
1656939998.0735369,11.21, 79.81
1656939999.0748475,9.72, 78.06
1656940000.0762908,10.58, 77.66
1656940001.0776286,12.66, 82.27
1656940002.0788126,10.52, 77.02
1656940003.0801828,9.92, 78.44
1656940004.0815244,10.36, 78.66
1656940005.0828981,10.83, 77.40
1656940006.0843334,9.89, 79.03
1656940007.0856931,10.32, 80.65
1656940008.0867996,13.74, 87.84
1656940009.0881836,10.73, 77.11
1656940010.0895436,11.39, 78.69
1656940011.090789,9.92, 76.92
1656940012.0921612,10.33, 79.09
1656940013.0935333,11.01, 80.74
1656940014.0948422,10.48, 75.37
1656940015.0962021,10.85, 74.57
1656940016.0976138,10.62, 75.58
1656940017.0988376,11.27, 74.50
1656940018.1002476,10.80, 75.80
1656940019.1016243,11.12, 75.08
1656940020.1028693,11.57, 76.15
1656940021.1040292,9.95, 73.08
1656940022.1054156,11.40, 77.93
1656940023.1068292,11.67, 80.68
1656940024.10824,11.33, 73.10
1656940025.1096075,11.00, 75.18
1656940026.1108396,10.92, 76.87
1656940027.1122952,11.61, 80.22
1656940028.1136885,11.84, 79.42
1656940029.114807,9.88, 80.21
1656940030.1161547,10.90, 77.15
1656940031.1172738,9.93, 66.71
1656940032.1186328,9.66, 66.31
1656940033.1199942,10.82, 75.62
1656940034.1213527,10.40, 69.56
1656940035.1227431,11.71, 76.19
1656940036.12416,10.07, 74.32
1656940037.1254907,10.62, 75.11
1656940038.126888,10.12, 81.59
1656940039.1282566,10.85, 75.43
1656940040.1295824,11.15, 69.92
1656940041.1307902,10.59, 64.64
1656940042.1318252,10.73, 79.06
1656940043.133271,15.51, 71.73
1656940044.1346729,17.78, 77.10
1656940045.1361575,17.51, 80.30
1656940046.1375735,17.52, 73.61
1656940047.1388109,18.38, 76.84
1656940048.140183,18.14, 78.33
1656940049.1415946,24.20, 104.35
1656940050.14284,42.05, 162.63
1656940051.1439066,40.70, 274.50
1656940052.1448846,38.30, 312.45
1656940053.146309,81.21, 2936.94
1656940054.146878,101.22, 4233.21
1656940055.1482775,32.82, 97.87
1656940056.148731,31.72, 101.08
1656940057.1501696,32.02, 102.12
1656940058.150864,34.07, 105.72
1656940059.1521492,31.84, 102.93
1656940060.1536021,31.74, 99.73
1656940061.1548226,31.75, 101.48
1656940062.1554475,32.13, 102.48
1656940063.156883,32.01, 101.18
1656940064.1583476,30.13, 101.03
1656940065.1588233,34.25, 99.85
1656940066.1602528,31.29, 101.84
1656940067.1614835,31.03, 108.22
1656940068.1628354,31.05, 107.54
1656940069.1648057,31.10, 108.62
1656940070.1662626,32.84, 105.55
1656940071.1675713,32.31, 103.45
1656940072.1690073,30.51, 108.59
1656940073.1703994,32.02, 109.87
1656940074.1708422,29.93, 105.97
1656940075.1722589,32.51, 105.50
1656940076.1729467,30.27, 101.64
1656940077.1739714,29.65, 105.61
1656940078.174843,30.10, 102.56
1656940079.1761248,27.70, 97.69
1656940080.177045,31.28, 99.66
1656940081.1784866,30.92, 99.55
1656940082.179934,29.88, 102.61
1656940083.1813648,32.93, 97.50
1656940084.1828048,29.71, 94.22
1656940085.184322,33.16, 100.02
1656940086.1857677,30.22, 96.58
1656940087.1868303,30.36, 99.94
1656940088.1882334,31.83, 100.30
1656940089.1896737,28.77, 91.83
1656940090.1908276,31.08, 99.49
1656940091.1922522,27.95, 100.86
1656940092.1936548,27.83, 100.25
1656940093.194819,28.00, 104.85
1656940094.1962557,27.41, 98.31
1656940095.1976895,30.99, 95.55
1656940096.1990538,29.82, 96.24
1656940097.2004957,25.96, 100.20
1656940098.2019494,30.26, 97.02
1656940099.2028255,30.17, 102.69
1656940100.204198,31.41, 102.43
1656940101.2049444,30.14, 102.35
1656940102.2063835,30.48, 103.28
1656940103.2068465,27.43, 99.48
1656940104.2082467,31.41, 105.16
1656940105.2089458,33.49, 100.20
1656940106.2104232,29.01, 102.07
1656940107.2118173,30.53, 104.98
1656940108.2132044,29.42, 102.79
1656940109.2145534,29.03, 97.32
1656940110.21595,31.84, 97.70
1656940111.2173872,29.77, 94.95
1656940112.2188535,27.98, 103.84
1656940113.2202551,29.25, 77.66
1656940114.2216415,32.23, 124.29
1656940115.222782,32.73, 103.01
1656940116.224166,31.46, 94.16
1656940117.2250597,30.91, 104.51
1656940118.226433,32.72, 102.64
1656940119.2278519,31.11, 101.49
1656940120.228925,33.30, 104.68
1656940121.230486,31.31, 99.47
1656940122.2319562,30.08, 104.90
1656940123.2333665,32.04, 105.59
1656940124.2348,31.64, 100.94
1656940125.2361758,32.27, 101.88
1656940126.237599,30.63, 85.09
1656940127.2390246,32.38, 122.07
1656940128.2401643,29.46, 101.30
1656940129.24154,31.54, 96.16
1656940130.2428048,34.11, 98.79
1656940131.2441723,28.75, 98.73
1656940132.2448592,29.69, 100.39
1656940133.2459762,32.21, 88.91
1656940134.2468786,30.08, 108.14
1656940135.248301,34.20, 98.85
1656940136.2497427,30.18, 99.57
1656940137.2510242,31.83, 103.23
1656940138.2524693,30.65, 104.47
1656940139.2538786,30.28, 101.24
1656940140.2548354,32.22, 101.16
1656940141.2562847,30.53, 95.35
1656940142.2572699,29.71, 101.03
1656940143.2586982,31.11, 100.06
1656940144.260074,29.43, 99.70
1656940145.2614768,32.63, 102.06
1656940146.262844,31.27, 102.44
1656940147.2643006,29.73, 102.30
1656940148.2657251,30.45, 101.98
1656940149.2668295,31.08, 97.85
1656940150.2682035,31.73, 100.56
1656940151.269312,29.75, 100.27
1656940152.2707283,30.26, 105.44
1656940153.2721777,31.88, 106.37
1656940154.2736454,29.94, 99.29
1656940155.2748513,31.86, 96.25
1656940156.2762988,30.84, 93.81
1656940157.277729,30.56, 100.50
1656940158.2788556,32.88, 93.10
1656940159.2802656,32.09, 97.61
1656940160.281652,32.14, 98.64
1656940161.282954,29.86, 91.57
1656940162.2844007,32.33, 106.14
1656940163.285813,31.94, 97.28
1656940164.28686,31.68, 96.33
1656940165.2879648,31.26, 96.58
1656940166.2893772,29.54, 94.64
1656940167.2907555,28.01, 92.27
1656940168.2918763,29.98, 93.23
1656940169.2933164,29.30, 98.27
1656940170.2940652,32.92, 90.66
1656940171.2948124,29.77, 99.78
1656940172.2961884,29.38, 98.81
1656940173.2975771,30.71, 97.53
1656940174.2988434,28.61, 93.58
1656940175.299574,30.19, 93.70
1656940176.3009498,29.59, 96.07
1656940177.3025954,28.42, 94.24
1656940178.3039832,28.46, 97.75
1656940179.3053312,28.92, 93.93
1656940180.306739,33.11, 97.54
1656940181.308126,28.04, 95.30
1656940182.3094847,29.16, 97.13
1656940183.310859,28.52, 98.15
1656940184.31225,27.40, 93.63
1656940185.3128984,30.32, 92.85
1656940186.3143134,28.90, 95.49
1656940187.3148057,29.32, 98.87
1656940188.3160136,29.39, 93.95
1656940189.3174033,29.06, 95.03
1656940190.3188372,28.80, 93.24
1656940191.3202312,29.08, 96.08
1656940192.3216372,27.02, 94.50
1656940193.322853,28.74, 94.66
1656940194.323674,28.04, 91.63
1656940195.3250978,32.97, 95.60
1656940196.3258119,29.66, 100.39
1656940197.326831,28.72, 99.75
1656940198.328232,31.01, 102.70
1656940199.3289998,30.81, 100.51
1656940200.3304682,26.54, 75.40
1656940201.3319762,29.20, 84.91
1656940202.3333838,29.51, 95.12
1656940203.334836,40.25, 130.59
1656940204.3352857,30.07, 99.22
1656940205.3368888,31.45, 100.13
1656940206.338265,30.50, 100.64
1656940207.3389018,30.80, 107.10
1656940208.340322,29.16, 107.98
1656940209.342069,27.91, 103.69
1656940210.3429058,32.30, 99.70
1656940211.344307,28.92, 100.56
1656940212.3456678,29.08, 103.03
1656940213.346827,32.28, 103.01
1656940214.3482916,31.42, 102.33
1656940215.3496997,32.80, 100.95
1656940216.3508291,31.21, 102.55
1656940217.3522546,32.67, 106.97
1656940218.353637,31.79, 107.30
1656940219.3548672,31.98, 107.17
1656940220.3561723,33.38, 107.61
1656940221.3575878,27.48, 98.53
1656940222.3588247,31.45, 106.86
1656940223.360285,32.22, 104.12
1656940224.361747,30.40, 99.12
1656940225.362869,32.93, 105.90
1656940226.363764,31.89, 105.87
1656940227.3644464,31.87, 102.53
1656940228.365894,32.50, 105.73
1656940229.3670347,30.68, 105.07
1656940230.3684385,33.76, 102.51
1656940231.3698437,27.10, 96.95
1656940232.3708441,30.41, 99.33
1656940233.3722398,32.60, 104.79
1656940234.3735704,31.77, 104.58
1656940235.374841,29.80, 100.38
1656940236.3761427,26.93, 78.76
1656940237.3769503,33.23, 89.64
1656940238.3783808,39.48, 138.77
1656940239.3788488,30.78, 95.90
1656940240.3803039,30.65, 101.12
1656940241.3817048,30.72, 98.26
1656940242.3828115,31.52, 94.20
1656940243.3841941,32.33, 118.56
1656940244.3855612,30.62, 101.11
1656940245.3868275,32.26, 96.03
1656940246.38823,31.83, 99.45
1656940247.3896246,32.04, 98.59
1656940248.3908198,32.74, 106.11
1656940249.3923373,32.25, 98.21
1656940250.3937428,33.44, 102.86
1656940251.3948495,31.37, 99.32
1656940252.396277,30.77, 95.88
1656940253.3976886,29.59, 101.25
1656940254.3988347,29.02, 93.22
1656940255.400243,28.84, 95.79
1656940256.4016578,28.90, 93.36
1656940257.4027972,28.30, 94.28
1656940258.4042046,28.66, 92.18
1656940259.4056394,27.97, 89.81
1656940260.406802,29.73, 94.58
1656940261.4074686,28.88, 91.97
1656940262.408909,30.43, 98.31
1656940263.410386,27.89, 96.87
1656940264.4108055,29.61, 89.02
1656940265.4122012,30.88, 87.45
1656940266.4136357,28.01, 107.70
1656940267.414823,29.15, 98.55
1656940268.4162483,28.57, 94.71
1656940269.4176328,26.90, 97.88
1656940270.4188733,30.17, 92.26
1656940271.4202409,27.67, 92.08
1656940272.4216614,28.97, 98.62
1656940273.4228225,28.13, 96.74
1656940274.4242039,28.06, 93.11
1656940275.4256065,28.73, 94.77
1656940276.4268713,28.24, 99.83
1656940277.4283235,29.67, 103.26
1656940278.4291806,28.44, 102.99
1656940279.4305553,27.47, 100.42
1656940280.4319587,29.79, 99.02
1656940281.433359,28.16, 98.26
1656940282.434279,28.11, 102.71
1656940283.4348526,29.48, 102.92
1656940284.4362268,27.80, 99.75
1656940285.43739,29.96, 104.06
1656940286.438712,28.90, 103.38
1656940287.4399989,28.38, 103.48
1656940288.4413817,29.48, 101.26
1656940289.4418828,27.68, 98.76
1656940290.4428291,29.71, 101.91
1656940291.44403,27.99, 99.64
1656940292.4448225,27.88, 103.01
1656940293.4462585,28.84, 101.63
1656940294.4469116,29.38, 100.35
1656940295.4474072,29.61, 100.65
1656940296.4483166,28.65, 96.20
1656940297.449725,28.01, 96.53
1656940298.4508343,30.50, 119.38
1656940299.4513814,28.38, 101.30
1656940300.4527647,29.38, 104.25
1656940301.4541404,28.63, 104.97
1656940302.4548495,27.73, 107.65
1656940303.4562716,29.06, 104.93
1656940304.4576998,30.86, 106.78
1656940305.458816,27.41, 101.24
1656940306.4602163,28.28, 104.66
1656940307.462255,30.09, 103.33
1656940308.4628716,28.03, 99.69
1656940309.463666,28.68, 97.23
1656940310.4644718,29.66, 101.91
1656940311.4658685,27.43, 101.32
1656940312.4668772,27.41, 106.02
1656940313.4682176,29.12, 107.74
1656940314.4695678,27.84, 102.59
1656940315.4707901,29.75, 104.32
1656940316.4721658,26.41, 102.18
1656940317.4735396,28.36, 104.30
1656940318.4747975,29.91, 108.10
1656940319.4754696,28.25, 100.04
1656940320.4769046,32.52, 112.75
1656940321.478382,31.92, 103.28
1656940322.478871,31.49, 109.35
1656940323.4803033,33.69, 109.18
1656940324.4817507,29.88, 90.56
1656940325.4828095,29.54, 50.96
1656940326.4841983,28.46, 50.21
